{"D:\\_dev\\!Projects\\_fux\\_FocusedUX\\packages\\project-butler\\core\\vitest.coverage.config.ts": {"path":"D:\\_dev\\!Projects\\_fux\\_FocusedUX\\packages\\project-butler\\core\\vitest.coverage.config.ts","all":true,"statementMap":{"0":{"start":{"line":1,"column":0},"end":{"line":1,"column":57}},"1":{"start":{"line":2,"column":0},"end":{"line":2,"column":46}},"2":{"start":{"line":3,"column":0},"end":{"line":3,"column":62}},"4":{"start":{"line":5,"column":0},"end":{"line":5,"column":27}},"5":{"start":{"line":6,"column":0},"end":{"line":6,"column":51}},"6":{"start":{"line":7,"column":0},"end":{"line":7,"column":15}},"8":{"start":{"line":9,"column":0},"end":{"line":9,"column":4}},"9":{"start":{"line":10,"column":0},"end":{"line":10,"column":1}}},"s":{"0":0,"1":0,"2":0,"4":0,"5":0,"6":0,"8":0,"9":0},"branchMap":{"0":{"type":"branch","line":1,"loc":{"start":{"line":1,"column":341},"end":{"line":10,"column":1}},"locations":[{"start":{"line":1,"column":341},"end":{"line":10,"column":1}}]}},"b":{"0":[0]},"fnMap":{"0":{"name":"(empty-report)","decl":{"start":{"line":1,"column":341},"end":{"line":10,"column":1}},"loc":{"start":{"line":1,"column":341},"end":{"line":10,"column":1}},"line":1}},"f":{"0":0}}
,"D:\\_dev\\!Projects\\_fux\\_FocusedUX\\packages\\project-butler\\core\\src\\index.ts": {"path":"D:\\_dev\\!Projects\\_fux\\_FocusedUX\\packages\\project-butler\\core\\src\\index.ts","all":true,"statementMap":{"1":{"start":{"line":2,"column":0},"end":{"line":2,"column":62}},"2":{"start":{"line":3,"column":0},"end":{"line":3,"column":59}},"3":{"start":{"line":4,"column":0},"end":{"line":4,"column":57}},"4":{"start":{"line":5,"column":0},"end":{"line":5,"column":52}},"5":{"start":{"line":6,"column":0},"end":{"line":6,"column":61}},"8":{"start":{"line":9,"column":0},"end":{"line":9,"column":59}},"9":{"start":{"line":10,"column":0},"end":{"line":10,"column":56}},"10":{"start":{"line":11,"column":0},"end":{"line":11,"column":54}},"11":{"start":{"line":12,"column":0},"end":{"line":12,"column":49}},"12":{"start":{"line":13,"column":0},"end":{"line":13,"column":58}}},"s":{"1":0,"2":0,"3":0,"4":0,"5":0,"8":0,"9":0,"10":0,"11":0,"12":0},"branchMap":{"0":{"type":"branch","line":1,"loc":{"start":{"line":1,"column":15},"end":{"line":15,"column":-305}},"locations":[{"start":{"line":1,"column":15},"end":{"line":15,"column":-305}}]}},"b":{"0":[1]},"fnMap":{"0":{"name":"(empty-report)","decl":{"start":{"line":1,"column":15},"end":{"line":15,"column":-305}},"loc":{"start":{"line":1,"column":15},"end":{"line":15,"column":-305}},"line":1}},"f":{"0":1}}
,"D:\\_dev\\!Projects\\_fux\\_FocusedUX\\packages\\project-butler\\core\\src\\_interfaces\\IBackupManagementService.ts": {"path":"D:\\_dev\\!Projects\\_fux\\_FocusedUX\\packages\\project-butler\\core\\src\\_interfaces\\IBackupManagementService.ts","all":true,"statementMap":{},"s":{},"branchMap":{"0":{"type":"branch","line":1,"loc":{"start":{"line":1,"column":364},"end":{"line":14,"column":1}},"locations":[{"start":{"line":1,"column":364},"end":{"line":14,"column":1}}]}},"b":{"0":[1]},"fnMap":{"0":{"name":"(empty-report)","decl":{"start":{"line":1,"column":364},"end":{"line":14,"column":1}},"loc":{"start":{"line":1,"column":364},"end":{"line":14,"column":1}},"line":1}},"f":{"0":1}}
,"D:\\_dev\\!Projects\\_fux\\_FocusedUX\\packages\\project-butler\\core\\src\\_interfaces\\IFileSystemAdapter.ts": {"path":"D:\\_dev\\!Projects\\_fux\\_FocusedUX\\packages\\project-butler\\core\\src\\_interfaces\\IFileSystemAdapter.ts","all":true,"statementMap":{},"s":{},"branchMap":{"0":{"type":"branch","line":1,"loc":{"start":{"line":1,"column":281},"end":{"line":6,"column":1}},"locations":[{"start":{"line":1,"column":281},"end":{"line":6,"column":1}}]}},"b":{"0":[1]},"fnMap":{"0":{"name":"(empty-report)","decl":{"start":{"line":1,"column":281},"end":{"line":6,"column":1}},"loc":{"start":{"line":1,"column":281},"end":{"line":6,"column":1}},"line":1}},"f":{"0":1}}
,"D:\\_dev\\!Projects\\_fux\\_FocusedUX\\packages\\project-butler\\core\\src\\_interfaces\\IPackageJsonFormattingService.ts": {"path":"D:\\_dev\\!Projects\\_fux\\_FocusedUX\\packages\\project-butler\\core\\src\\_interfaces\\IPackageJsonFormattingService.ts","all":true,"statementMap":{},"s":{},"branchMap":{"0":{"type":"branch","line":1,"loc":{"start":{"line":1,"column":586},"end":{"line":19,"column":1}},"locations":[{"start":{"line":1,"column":586},"end":{"line":19,"column":1}}]}},"b":{"0":[1]},"fnMap":{"0":{"name":"(empty-report)","decl":{"start":{"line":1,"column":586},"end":{"line":19,"column":1}},"loc":{"start":{"line":1,"column":586},"end":{"line":19,"column":1}},"line":1}},"f":{"0":1}}
,"D:\\_dev\\!Projects\\_fux\\_FocusedUX\\packages\\project-butler\\core\\src\\_interfaces\\IPathAdapter.ts": {"path":"D:\\_dev\\!Projects\\_fux\\_FocusedUX\\packages\\project-butler\\core\\src\\_interfaces\\IPathAdapter.ts","all":true,"statementMap":{},"s":{},"branchMap":{"0":{"type":"branch","line":1,"loc":{"start":{"line":1,"column":146},"end":{"line":5,"column":1}},"locations":[{"start":{"line":1,"column":146},"end":{"line":5,"column":1}}]}},"b":{"0":[1]},"fnMap":{"0":{"name":"(empty-report)","decl":{"start":{"line":1,"column":146},"end":{"line":5,"column":1}},"loc":{"start":{"line":1,"column":146},"end":{"line":5,"column":1}},"line":1}},"f":{"0":1}}
,"D:\\_dev\\!Projects\\_fux\\_FocusedUX\\packages\\project-butler\\core\\src\\_interfaces\\IPoetryShellService.ts": {"path":"D:\\_dev\\!Projects\\_fux\\_FocusedUX\\packages\\project-butler\\core\\src\\_interfaces\\IPoetryShellService.ts","all":true,"statementMap":{},"s":{},"branchMap":{"0":{"type":"branch","line":1,"loc":{"start":{"line":1,"column":431},"end":{"line":13,"column":1}},"locations":[{"start":{"line":1,"column":431},"end":{"line":13,"column":1}}]}},"b":{"0":[1]},"fnMap":{"0":{"name":"(empty-report)","decl":{"start":{"line":1,"column":431},"end":{"line":13,"column":1}},"loc":{"start":{"line":1,"column":431},"end":{"line":13,"column":1}},"line":1}},"f":{"0":1}}
,"D:\\_dev\\!Projects\\_fux\\_FocusedUX\\packages\\project-butler\\core\\src\\_interfaces\\IProjectButlerManagerService.ts": {"path":"D:\\_dev\\!Projects\\_fux\\_FocusedUX\\packages\\project-butler\\core\\src\\_interfaces\\IProjectButlerManagerService.ts","all":true,"statementMap":{},"s":{},"branchMap":{"0":{"type":"branch","line":1,"loc":{"start":{"line":1,"column":1404},"end":{"line":38,"column":1}},"locations":[{"start":{"line":1,"column":1404},"end":{"line":38,"column":1}}]}},"b":{"0":[1]},"fnMap":{"0":{"name":"(empty-report)","decl":{"start":{"line":1,"column":1404},"end":{"line":38,"column":1}},"loc":{"start":{"line":1,"column":1404},"end":{"line":38,"column":1}},"line":1}},"f":{"0":1}}
,"D:\\_dev\\!Projects\\_fux\\_FocusedUX\\packages\\project-butler\\core\\src\\_interfaces\\ITerminalManagementService.ts": {"path":"D:\\_dev\\!Projects\\_fux\\_FocusedUX\\packages\\project-butler\\core\\src\\_interfaces\\ITerminalManagementService.ts","all":true,"statementMap":{},"s":{},"branchMap":{"0":{"type":"branch","line":1,"loc":{"start":{"line":1,"column":401},"end":{"line":13,"column":1}},"locations":[{"start":{"line":1,"column":401},"end":{"line":13,"column":1}}]}},"b":{"0":[1]},"fnMap":{"0":{"name":"(empty-report)","decl":{"start":{"line":1,"column":401},"end":{"line":13,"column":1}},"loc":{"start":{"line":1,"column":401},"end":{"line":13,"column":1}},"line":1}},"f":{"0":1}}
,"D:\\_dev\\!Projects\\_fux\\_FocusedUX\\packages\\project-butler\\core\\src\\_interfaces\\IYamlAdapter.ts": {"path":"D:\\_dev\\!Projects\\_fux\\_FocusedUX\\packages\\project-butler\\core\\src\\_interfaces\\IYamlAdapter.ts","all":true,"statementMap":{},"s":{},"branchMap":{"0":{"type":"branch","line":1,"loc":{"start":{"line":1,"column":67},"end":{"line":3,"column":1}},"locations":[{"start":{"line":1,"column":67},"end":{"line":3,"column":1}}]}},"b":{"0":[1]},"fnMap":{"0":{"name":"(empty-report)","decl":{"start":{"line":1,"column":67},"end":{"line":3,"column":1}},"loc":{"start":{"line":1,"column":67},"end":{"line":3,"column":1}},"line":1}},"f":{"0":1}}
,"D:\\_dev\\!Projects\\_fux\\_FocusedUX\\packages\\project-butler\\core\\src\\services\\BackupManagement.service.ts": {"path":"D:\\_dev\\!Projects\\_fux\\_FocusedUX\\packages\\project-butler\\core\\src\\services\\BackupManagement.service.ts","all":false,"statementMap":{"6":{"start":{"line":7,"column":0},"end":{"line":7,"column":74}},"8":{"start":{"line":9,"column":0},"end":{"line":9,"column":13}},"9":{"start":{"line":10,"column":0},"end":{"line":10,"column":50}},"10":{"start":{"line":11,"column":0},"end":{"line":11,"column":38}},"11":{"start":{"line":12,"column":0},"end":{"line":12,"column":5}},"13":{"start":{"line":14,"column":0},"end":{"line":14,"column":87}},"14":{"start":{"line":15,"column":0},"end":{"line":15,"column":29}},"15":{"start":{"line":16,"column":0},"end":{"line":16,"column":49}},"16":{"start":{"line":17,"column":0},"end":{"line":17,"column":49}},"17":{"start":{"line":18,"column":0},"end":{"line":18,"column":22}},"18":{"start":{"line":19,"column":0},"end":{"line":19,"column":28}},"19":{"start":{"line":20,"column":0},"end":{"line":20,"column":29}},"20":{"start":{"line":21,"column":0},"end":{"line":21,"column":24}},"22":{"start":{"line":23,"column":0},"end":{"line":23,"column":6}},"23":{"start":{"line":24,"column":0},"end":{"line":24,"column":76}},"24":{"start":{"line":25,"column":0},"end":{"line":25,"column":62}},"25":{"start":{"line":26,"column":0},"end":{"line":26,"column":8}},"26":{"start":{"line":27,"column":0},"end":{"line":27,"column":47}},"27":{"start":{"line":28,"column":0},"end":{"line":28,"column":21}},"28":{"start":{"line":29,"column":0},"end":{"line":29,"column":18}},"29":{"start":{"line":30,"column":0},"end":{"line":30,"column":4}},"30":{"start":{"line":31,"column":0},"end":{"line":31,"column":24}},"31":{"start":{"line":32,"column":0},"end":{"line":32,"column":22}},"32":{"start":{"line":33,"column":0},"end":{"line":33,"column":4}},"33":{"start":{"line":34,"column":0},"end":{"line":34,"column":22}},"35":{"start":{"line":36,"column":0},"end":{"line":36,"column":61}},"37":{"start":{"line":38,"column":0},"end":{"line":38,"column":24}},"38":{"start":{"line":39,"column":0},"end":{"line":39,"column":2}},"40":{"start":{"line":41,"column":0},"end":{"line":41,"column":1}}},"s":{"6":1,"8":1,"9":8,"10":8,"11":8,"13":1,"14":5,"15":5,"16":5,"17":5,"18":5,"19":5,"20":5,"22":5,"23":6,"24":6,"25":6,"26":6,"27":1,"28":1,"29":1,"30":5,"31":5,"32":5,"33":5,"35":5,"37":4,"38":5,"40":1},"branchMap":{"0":{"type":"branch","line":9,"loc":{"start":{"line":9,"column":1},"end":{"line":12,"column":5}},"locations":[{"start":{"line":9,"column":1},"end":{"line":12,"column":5}}]},"1":{"type":"branch","line":14,"loc":{"start":{"line":14,"column":1},"end":{"line":39,"column":2}},"locations":[{"start":{"line":14,"column":1},"end":{"line":39,"column":2}}]},"2":{"type":"branch","line":23,"loc":{"start":{"line":23,"column":5},"end":{"line":34,"column":11}},"locations":[{"start":{"line":23,"column":5},"end":{"line":34,"column":11}}]},"3":{"type":"branch","line":24,"loc":{"start":{"line":24,"column":53},"end":{"line":24,"column":72}},"locations":[{"start":{"line":24,"column":53},"end":{"line":24,"column":72}}]},"4":{"type":"branch","line":24,"loc":{"start":{"line":24,"column":57},"end":{"line":24,"column":74}},"locations":[{"start":{"line":24,"column":57},"end":{"line":24,"column":74}}]},"5":{"type":"branch","line":27,"loc":{"start":{"line":27,"column":46},"end":{"line":30,"column":4}},"locations":[{"start":{"line":27,"column":46},"end":{"line":30,"column":4}}]},"6":{"type":"branch","line":30,"loc":{"start":{"line":30,"column":3},"end":{"line":33,"column":4}},"locations":[{"start":{"line":30,"column":3},"end":{"line":33,"column":4}}]},"7":{"type":"branch","line":36,"loc":{"start":{"line":36,"column":60},"end":{"line":38,"column":24}},"locations":[{"start":{"line":36,"column":60},"end":{"line":38,"column":24}}]}},"b":{"0":[8],"1":[5],"2":[6],"3":[1],"4":[5],"5":[1],"6":[5],"7":[4]},"fnMap":{"0":{"name":"BackupManagementService","decl":{"start":{"line":9,"column":1},"end":{"line":12,"column":5}},"loc":{"start":{"line":9,"column":1},"end":{"line":12,"column":5}},"line":9},"1":{"name":"createBackup","decl":{"start":{"line":14,"column":1},"end":{"line":39,"column":2}},"loc":{"start":{"line":14,"column":1},"end":{"line":39,"column":2}},"line":14}},"f":{"0":8,"1":5}}
,"D:\\_dev\\!Projects\\_fux\\_FocusedUX\\packages\\project-butler\\core\\src\\services\\PackageJsonFormatting.service.ts": {"path":"D:\\_dev\\!Projects\\_fux\\_FocusedUX\\packages\\project-butler\\core\\src\\services\\PackageJsonFormatting.service.ts","all":false,"statementMap":{"6":{"start":{"line":7,"column":0},"end":{"line":7,"column":84}},"8":{"start":{"line":9,"column":0},"end":{"line":9,"column":13}},"9":{"start":{"line":10,"column":0},"end":{"line":10,"column":50}},"10":{"start":{"line":11,"column":0},"end":{"line":11,"column":38}},"11":{"start":{"line":12,"column":0},"end":{"line":12,"column":5}},"13":{"start":{"line":14,"column":0},"end":{"line":14,"column":89}},"15":{"start":{"line":16,"column":0},"end":{"line":16,"column":50}},"16":{"start":{"line":17,"column":0},"end":{"line":17,"column":27}},"18":{"start":{"line":19,"column":0},"end":{"line":19,"column":7}},"19":{"start":{"line":20,"column":0},"end":{"line":20,"column":61}},"20":{"start":{"line":21,"column":0},"end":{"line":21,"column":3}},"21":{"start":{"line":22,"column":0},"end":{"line":22,"column":20}},"22":{"start":{"line":23,"column":0},"end":{"line":23,"column":70}},"23":{"start":{"line":24,"column":0},"end":{"line":24,"column":3}},"25":{"start":{"line":26,"column":0},"end":{"line":26,"column":32}},"27":{"start":{"line":28,"column":0},"end":{"line":28,"column":7}},"28":{"start":{"line":29,"column":0},"end":{"line":29,"column":41}},"29":{"start":{"line":30,"column":0},"end":{"line":30,"column":3}},"30":{"start":{"line":31,"column":0},"end":{"line":31,"column":20}},"31":{"start":{"line":32,"column":0},"end":{"line":32,"column":76}},"32":{"start":{"line":33,"column":0},"end":{"line":33,"column":3}},"35":{"start":{"line":36,"column":0},"end":{"line":36,"column":60}},"37":{"start":{"line":38,"column":0},"end":{"line":38,"column":40}},"38":{"start":{"line":39,"column":0},"end":{"line":39,"column":118}},"39":{"start":{"line":40,"column":0},"end":{"line":40,"column":3}},"42":{"start":{"line":43,"column":0},"end":{"line":43,"column":73}},"45":{"start":{"line":46,"column":0},"end":{"line":46,"column":28}},"47":{"start":{"line":48,"column":0},"end":{"line":48,"column":7}},"48":{"start":{"line":49,"column":0},"end":{"line":49,"column":67}},"49":{"start":{"line":50,"column":0},"end":{"line":50,"column":3}},"50":{"start":{"line":51,"column":0},"end":{"line":51,"column":20}},"51":{"start":{"line":52,"column":0},"end":{"line":52,"column":65}},"52":{"start":{"line":53,"column":0},"end":{"line":53,"column":3}},"54":{"start":{"line":55,"column":0},"end":{"line":55,"column":66}},"55":{"start":{"line":56,"column":0},"end":{"line":56,"column":47}},"58":{"start":{"line":59,"column":0},"end":{"line":59,"column":33}},"59":{"start":{"line":60,"column":0},"end":{"line":60,"column":34}},"61":{"start":{"line":62,"column":0},"end":{"line":62,"column":35}},"62":{"start":{"line":63,"column":0},"end":{"line":63,"column":35}},"63":{"start":{"line":64,"column":0},"end":{"line":64,"column":12}},"64":{"start":{"line":65,"column":0},"end":{"line":65,"column":4}},"66":{"start":{"line":67,"column":0},"end":{"line":67,"column":36}},"67":{"start":{"line":68,"column":0},"end":{"line":68,"column":25}},"68":{"start":{"line":69,"column":0},"end":{"line":69,"column":4}},"69":{"start":{"line":70,"column":0},"end":{"line":70,"column":3}},"72":{"start":{"line":73,"column":0},"end":{"line":73,"column":45}},"75":{"start":{"line":76,"column":0},"end":{"line":76,"column":34}},"76":{"start":{"line":77,"column":0},"end":{"line":77,"column":64}},"77":{"start":{"line":78,"column":0},"end":{"line":78,"column":42}},"78":{"start":{"line":79,"column":0},"end":{"line":79,"column":4}},"79":{"start":{"line":80,"column":0},"end":{"line":80,"column":3}},"82":{"start":{"line":83,"column":0},"end":{"line":83,"column":34}},"83":{"start":{"line":84,"column":0},"end":{"line":84,"column":41}},"84":{"start":{"line":85,"column":0},"end":{"line":85,"column":3}},"87":{"start":{"line":88,"column":0},"end":{"line":88,"column":35}},"88":{"start":{"line":89,"column":0},"end":{"line":89,"column":35}},"89":{"start":{"line":90,"column":0},"end":{"line":90,"column":42}},"90":{"start":{"line":91,"column":0},"end":{"line":91,"column":4}},"91":{"start":{"line":92,"column":0},"end":{"line":92,"column":3}},"94":{"start":{"line":95,"column":0},"end":{"line":95,"column":71}},"96":{"start":{"line":97,"column":0},"end":{"line":97,"column":7}},"97":{"start":{"line":98,"column":0},"end":{"line":98,"column":67}},"98":{"start":{"line":99,"column":0},"end":{"line":99,"column":3}},"99":{"start":{"line":100,"column":0},"end":{"line":100,"column":20}},"100":{"start":{"line":101,"column":0},"end":{"line":101,"column":74}},"101":{"start":{"line":102,"column":0},"end":{"line":102,"column":3}},"102":{"start":{"line":103,"column":0},"end":{"line":103,"column":2}},"104":{"start":{"line":105,"column":0},"end":{"line":105,"column":81}},"105":{"start":{"line":106,"column":0},"end":{"line":106,"column":33}},"106":{"start":{"line":107,"column":0},"end":{"line":107,"column":34}},"108":{"start":{"line":109,"column":0},"end":{"line":109,"column":47}},"109":{"start":{"line":110,"column":0},"end":{"line":110,"column":35}},"110":{"start":{"line":111,"column":0},"end":{"line":111,"column":12}},"111":{"start":{"line":112,"column":0},"end":{"line":112,"column":4}},"113":{"start":{"line":114,"column":0},"end":{"line":114,"column":36}},"114":{"start":{"line":115,"column":0},"end":{"line":115,"column":25}},"115":{"start":{"line":116,"column":0},"end":{"line":116,"column":4}},"116":{"start":{"line":117,"column":0},"end":{"line":117,"column":3}},"118":{"start":{"line":119,"column":0},"end":{"line":119,"column":20}},"119":{"start":{"line":120,"column":0},"end":{"line":120,"column":2}},"121":{"start":{"line":122,"column":0},"end":{"line":122,"column":1}}},"s":{"6":1,"8":1,"9":14,"10":14,"11":14,"13":1,"15":9,"16":9,"18":9,"19":9,"20":8,"21":1,"22":1,"23":1,"25":8,"27":8,"28":8,"29":8,"30":1,"31":1,"32":1,"35":7,"37":9,"38":1,"39":1,"42":9,"45":9,"47":9,"48":9,"49":5,"50":1,"51":1,"52":1,"54":5,"55":5,"58":5,"59":5,"61":9,"62":18,"63":1,"64":1,"66":18,"67":3,"68":3,"69":18,"72":5,"75":9,"76":14,"77":14,"78":14,"79":14,"82":9,"83":3,"84":3,"87":9,"88":18,"89":1,"90":1,"91":18,"94":5,"96":5,"97":5,"98":5,"99":0,"100":0,"101":0,"102":9,"104":1,"105":2,"106":2,"108":2,"109":7,"110":1,"111":1,"113":7,"114":2,"115":2,"116":7,"118":2,"119":2,"121":1},"branchMap":{"0":{"type":"branch","line":9,"loc":{"start":{"line":9,"column":1},"end":{"line":12,"column":5}},"locations":[{"start":{"line":9,"column":1},"end":{"line":12,"column":5}}]},"1":{"type":"branch","line":14,"loc":{"start":{"line":14,"column":1},"end":{"line":103,"column":2}},"locations":[{"start":{"line":14,"column":1},"end":{"line":103,"column":2}}]},"2":{"type":"branch","line":20,"loc":{"start":{"line":20,"column":60},"end":{"line":21,"column":3}},"locations":[{"start":{"line":20,"column":60},"end":{"line":21,"column":3}}]},"3":{"type":"branch","line":21,"loc":{"start":{"line":21,"column":2},"end":{"line":24,"column":3}},"locations":[{"start":{"line":21,"column":2},"end":{"line":24,"column":3}}]},"4":{"type":"branch","line":24,"loc":{"start":{"line":24,"column":2},"end":{"line":30,"column":3}},"locations":[{"start":{"line":24,"column":2},"end":{"line":30,"column":3}}]},"5":{"type":"branch","line":30,"loc":{"start":{"line":30,"column":2},"end":{"line":33,"column":3}},"locations":[{"start":{"line":30,"column":2},"end":{"line":33,"column":3}}]},"6":{"type":"branch","line":33,"loc":{"start":{"line":33,"column":2},"end":{"line":36,"column":60}},"locations":[{"start":{"line":33,"column":2},"end":{"line":36,"column":60}}]},"7":{"type":"branch","line":38,"loc":{"start":{"line":38,"column":7},"end":{"line":38,"column":39}},"locations":[{"start":{"line":38,"column":7},"end":{"line":38,"column":39}}]},"8":{"type":"branch","line":38,"loc":{"start":{"line":38,"column":39},"end":{"line":40,"column":3}},"locations":[{"start":{"line":38,"column":39},"end":{"line":40,"column":3}}]},"9":{"type":"branch","line":40,"loc":{"start":{"line":40,"column":2},"end":{"line":43,"column":47}},"locations":[{"start":{"line":40,"column":2},"end":{"line":43,"column":47}}]},"10":{"type":"branch","line":43,"loc":{"start":{"line":43,"column":43},"end":{"line":43,"column":55}},"locations":[{"start":{"line":43,"column":43},"end":{"line":43,"column":55}}]},"11":{"type":"branch","line":43,"loc":{"start":{"line":43,"column":47},"end":{"line":43,"column":73}},"locations":[{"start":{"line":43,"column":47},"end":{"line":43,"column":73}}]},"12":{"type":"branch","line":49,"loc":{"start":{"line":49,"column":66},"end":{"line":50,"column":3}},"locations":[{"start":{"line":49,"column":66},"end":{"line":50,"column":3}}]},"13":{"type":"branch","line":50,"loc":{"start":{"line":50,"column":2},"end":{"line":53,"column":3}},"locations":[{"start":{"line":50,"column":2},"end":{"line":53,"column":3}}]},"14":{"type":"branch","line":53,"loc":{"start":{"line":53,"column":2},"end":{"line":62,"column":34}},"locations":[{"start":{"line":53,"column":2},"end":{"line":62,"column":34}}]},"15":{"type":"branch","line":62,"loc":{"start":{"line":62,"column":34},"end":{"line":70,"column":3}},"locations":[{"start":{"line":62,"column":34},"end":{"line":70,"column":3}}]},"16":{"type":"branch","line":63,"loc":{"start":{"line":63,"column":34},"end":{"line":65,"column":4}},"locations":[{"start":{"line":63,"column":34},"end":{"line":65,"column":4}}]},"17":{"type":"branch","line":65,"loc":{"start":{"line":65,"column":3},"end":{"line":67,"column":35}},"locations":[{"start":{"line":65,"column":3},"end":{"line":67,"column":35}}]},"18":{"type":"branch","line":67,"loc":{"start":{"line":67,"column":35},"end":{"line":69,"column":4}},"locations":[{"start":{"line":67,"column":35},"end":{"line":69,"column":4}}]},"19":{"type":"branch","line":70,"loc":{"start":{"line":70,"column":2},"end":{"line":76,"column":33}},"locations":[{"start":{"line":70,"column":2},"end":{"line":76,"column":33}}]},"20":{"type":"branch","line":76,"loc":{"start":{"line":76,"column":33},"end":{"line":80,"column":3}},"locations":[{"start":{"line":76,"column":33},"end":{"line":80,"column":3}}]},"21":{"type":"branch","line":80,"loc":{"start":{"line":80,"column":2},"end":{"line":83,"column":33}},"locations":[{"start":{"line":80,"column":2},"end":{"line":83,"column":33}}]},"22":{"type":"branch","line":83,"loc":{"start":{"line":83,"column":33},"end":{"line":85,"column":3}},"locations":[{"start":{"line":83,"column":33},"end":{"line":85,"column":3}}]},"23":{"type":"branch","line":85,"loc":{"start":{"line":85,"column":2},"end":{"line":88,"column":34}},"locations":[{"start":{"line":85,"column":2},"end":{"line":88,"column":34}}]},"24":{"type":"branch","line":88,"loc":{"start":{"line":88,"column":34},"end":{"line":92,"column":3}},"locations":[{"start":{"line":88,"column":34},"end":{"line":92,"column":3}}]},"25":{"type":"branch","line":89,"loc":{"start":{"line":89,"column":34},"end":{"line":91,"column":4}},"locations":[{"start":{"line":89,"column":34},"end":{"line":91,"column":4}}]},"26":{"type":"branch","line":92,"loc":{"start":{"line":92,"column":2},"end":{"line":99,"column":3}},"locations":[{"start":{"line":92,"column":2},"end":{"line":99,"column":3}}]},"27":{"type":"branch","line":99,"loc":{"start":{"line":99,"column":2},"end":{"line":102,"column":3}},"locations":[{"start":{"line":99,"column":2},"end":{"line":102,"column":3}}]},"28":{"type":"branch","line":105,"loc":{"start":{"line":105,"column":1},"end":{"line":120,"column":2}},"locations":[{"start":{"line":105,"column":1},"end":{"line":120,"column":2}}]},"29":{"type":"branch","line":109,"loc":{"start":{"line":109,"column":46},"end":{"line":117,"column":3}},"locations":[{"start":{"line":109,"column":46},"end":{"line":117,"column":3}}]},"30":{"type":"branch","line":110,"loc":{"start":{"line":110,"column":34},"end":{"line":112,"column":4}},"locations":[{"start":{"line":110,"column":34},"end":{"line":112,"column":4}}]},"31":{"type":"branch","line":112,"loc":{"start":{"line":112,"column":3},"end":{"line":114,"column":35}},"locations":[{"start":{"line":112,"column":3},"end":{"line":114,"column":35}}]},"32":{"type":"branch","line":114,"loc":{"start":{"line":114,"column":35},"end":{"line":116,"column":4}},"locations":[{"start":{"line":114,"column":35},"end":{"line":116,"column":4}}]}},"b":{"0":[14],"1":[9],"2":[8],"3":[1],"4":[8],"5":[1],"6":[7],"7":[6],"8":[1],"9":[6],"10":[5],"11":[1],"12":[5],"13":[1],"14":[5],"15":[18],"16":[1],"17":[17],"18":[3],"19":[5],"20":[14],"21":[5],"22":[3],"23":[5],"24":[18],"25":[1],"26":[5],"27":[0],"28":[2],"29":[7],"30":[1],"31":[6],"32":[2]},"fnMap":{"0":{"name":"PackageJsonFormattingService","decl":{"start":{"line":9,"column":1},"end":{"line":12,"column":5}},"loc":{"start":{"line":9,"column":1},"end":{"line":12,"column":5}},"line":9},"1":{"name":"formatPackageJson","decl":{"start":{"line":14,"column":1},"end":{"line":103,"column":2}},"loc":{"start":{"line":14,"column":1},"end":{"line":103,"column":2}},"line":14},"2":{"name":"getUnknownKeys","decl":{"start":{"line":105,"column":1},"end":{"line":120,"column":2}},"loc":{"start":{"line":105,"column":1},"end":{"line":120,"column":2}},"line":105}},"f":{"0":14,"1":9,"2":2}}
,"D:\\_dev\\!Projects\\_fux\\_FocusedUX\\packages\\project-butler\\core\\src\\services\\PoetryShell.service.ts": {"path":"D:\\_dev\\!Projects\\_fux\\_FocusedUX\\packages\\project-butler\\core\\src\\services\\PoetryShell.service.ts","all":false,"statementMap":{"6":{"start":{"line":7,"column":0},"end":{"line":7,"column":64}},"8":{"start":{"line":9,"column":0},"end":{"line":9,"column":13}},"9":{"start":{"line":10,"column":0},"end":{"line":10,"column":50}},"10":{"start":{"line":11,"column":0},"end":{"line":11,"column":38}},"11":{"start":{"line":12,"column":0},"end":{"line":12,"column":5}},"13":{"start":{"line":14,"column":0},"end":{"line":14,"column":74}},"14":{"start":{"line":15,"column":0},"end":{"line":15,"column":21}},"16":{"start":{"line":17,"column":0},"end":{"line":17,"column":17}},"17":{"start":{"line":18,"column":0},"end":{"line":18,"column":53}},"18":{"start":{"line":19,"column":0},"end":{"line":19,"column":89}},"20":{"start":{"line":21,"column":0},"end":{"line":21,"column":49}},"21":{"start":{"line":22,"column":0},"end":{"line":22,"column":3}},"22":{"start":{"line":23,"column":0},"end":{"line":23,"column":8}},"23":{"start":{"line":24,"column":0},"end":{"line":24,"column":27}},"24":{"start":{"line":25,"column":0},"end":{"line":25,"column":3}},"26":{"start":{"line":27,"column":0},"end":{"line":27,"column":10}},"27":{"start":{"line":28,"column":0},"end":{"line":28,"column":11}},"28":{"start":{"line":29,"column":0},"end":{"line":29,"column":28}},"29":{"start":{"line":30,"column":0},"end":{"line":30,"column":3}},"30":{"start":{"line":31,"column":0},"end":{"line":31,"column":2}},"32":{"start":{"line":33,"column":0},"end":{"line":33,"column":1}}},"s":{"6":1,"8":1,"9":8,"10":8,"11":8,"13":1,"14":5,"16":5,"17":4,"18":4,"20":4,"21":4,"22":1,"23":1,"24":1,"26":4,"27":4,"28":4,"29":4,"30":5,"32":1},"branchMap":{"0":{"type":"branch","line":9,"loc":{"start":{"line":9,"column":1},"end":{"line":12,"column":5}},"locations":[{"start":{"line":9,"column":1},"end":{"line":12,"column":5}}]},"1":{"type":"branch","line":14,"loc":{"start":{"line":14,"column":1},"end":{"line":31,"column":2}},"locations":[{"start":{"line":14,"column":1},"end":{"line":31,"column":2}}]},"2":{"type":"branch","line":17,"loc":{"start":{"line":17,"column":16},"end":{"line":22,"column":3}},"locations":[{"start":{"line":17,"column":16},"end":{"line":22,"column":3}}]},"3":{"type":"branch","line":18,"loc":{"start":{"line":18,"column":52},"end":{"line":19,"column":51}},"locations":[{"start":{"line":18,"column":52},"end":{"line":19,"column":51}}]},"4":{"type":"branch","line":19,"loc":{"start":{"line":19,"column":37},"end":{"line":19,"column":62}},"locations":[{"start":{"line":19,"column":37},"end":{"line":19,"column":62}}]},"5":{"type":"branch","line":19,"loc":{"start":{"line":19,"column":51},"end":{"line":19,"column":89}},"locations":[{"start":{"line":19,"column":51},"end":{"line":19,"column":89}}]},"6":{"type":"branch","line":22,"loc":{"start":{"line":22,"column":2},"end":{"line":25,"column":3}},"locations":[{"start":{"line":22,"column":2},"end":{"line":25,"column":3}}]},"7":{"type":"branch","line":25,"loc":{"start":{"line":25,"column":2},"end":{"line":30,"column":3}},"locations":[{"start":{"line":25,"column":2},"end":{"line":30,"column":3}}]}},"b":{"0":[8],"1":[5],"2":[4],"3":[3],"4":[1],"5":[2],"6":[1],"7":[4]},"fnMap":{"0":{"name":"PoetryShellService","decl":{"start":{"line":9,"column":1},"end":{"line":12,"column":5}},"loc":{"start":{"line":9,"column":1},"end":{"line":12,"column":5}},"line":9},"1":{"name":"enterPoetryShell","decl":{"start":{"line":14,"column":1},"end":{"line":31,"column":2}},"loc":{"start":{"line":14,"column":1},"end":{"line":31,"column":2}},"line":14}},"f":{"0":8,"1":5}}
,"D:\\_dev\\!Projects\\_fux\\_FocusedUX\\packages\\project-butler\\core\\src\\services\\ProjectButlerManager.service.ts": {"path":"D:\\_dev\\!Projects\\_fux\\_FocusedUX\\packages\\project-butler\\core\\src\\services\\ProjectButlerManager.service.ts","all":false,"statementMap":{"2":{"start":{"line":3,"column":0},"end":{"line":3,"column":82}},"4":{"start":{"line":5,"column":0},"end":{"line":5,"column":74}},"6":{"start":{"line":7,"column":0},"end":{"line":7,"column":89}},"7":{"start":{"line":8,"column":0},"end":{"line":8,"column":97}},"8":{"start":{"line":9,"column":0},"end":{"line":9,"column":2}},"10":{"start":{"line":11,"column":0},"end":{"line":11,"column":60}},"11":{"start":{"line":12,"column":0},"end":{"line":12,"column":73}},"12":{"start":{"line":13,"column":0},"end":{"line":13,"column":2}},"14":{"start":{"line":15,"column":0},"end":{"line":15,"column":54}},"15":{"start":{"line":16,"column":0},"end":{"line":16,"column":65}},"16":{"start":{"line":17,"column":0},"end":{"line":17,"column":2}},"18":{"start":{"line":19,"column":0},"end":{"line":19,"column":59}},"19":{"start":{"line":20,"column":0},"end":{"line":20,"column":64}},"20":{"start":{"line":21,"column":0},"end":{"line":21,"column":2}},"22":{"start":{"line":23,"column":0},"end":{"line":23,"column":1}}},"s":{"2":1,"4":1,"6":1,"7":1,"8":1,"10":1,"11":1,"12":1,"14":1,"15":1,"16":1,"18":1,"19":1,"20":1,"22":1},"branchMap":{"0":{"type":"branch","line":5,"loc":{"start":{"line":5,"column":1},"end":{"line":5,"column":74}},"locations":[{"start":{"line":5,"column":1},"end":{"line":5,"column":74}}]},"1":{"type":"branch","line":7,"loc":{"start":{"line":7,"column":1},"end":{"line":9,"column":2}},"locations":[{"start":{"line":7,"column":1},"end":{"line":9,"column":2}}]},"2":{"type":"branch","line":11,"loc":{"start":{"line":11,"column":1},"end":{"line":13,"column":2}},"locations":[{"start":{"line":11,"column":1},"end":{"line":13,"column":2}}]},"3":{"type":"branch","line":15,"loc":{"start":{"line":15,"column":1},"end":{"line":17,"column":2}},"locations":[{"start":{"line":15,"column":1},"end":{"line":17,"column":2}}]},"4":{"type":"branch","line":19,"loc":{"start":{"line":19,"column":1},"end":{"line":21,"column":2}},"locations":[{"start":{"line":19,"column":1},"end":{"line":21,"column":2}}]}},"b":{"0":[4],"1":[1],"2":[1],"3":[1],"4":[1]},"fnMap":{"0":{"name":"ProjectButlerManagerService","decl":{"start":{"line":5,"column":1},"end":{"line":5,"column":74}},"loc":{"start":{"line":5,"column":1},"end":{"line":5,"column":74}},"line":5},"1":{"name":"formatPackageJson","decl":{"start":{"line":7,"column":1},"end":{"line":9,"column":2}},"loc":{"start":{"line":7,"column":1},"end":{"line":9,"column":2}},"line":7},"2":{"name":"updateTerminalPath","decl":{"start":{"line":11,"column":1},"end":{"line":13,"column":2}},"loc":{"start":{"line":11,"column":1},"end":{"line":13,"column":2}},"line":11},"3":{"name":"createBackup","decl":{"start":{"line":15,"column":1},"end":{"line":17,"column":2}},"loc":{"start":{"line":15,"column":1},"end":{"line":17,"column":2}},"line":15},"4":{"name":"enterPoetryShell","decl":{"start":{"line":19,"column":1},"end":{"line":21,"column":2}},"loc":{"start":{"line":19,"column":1},"end":{"line":21,"column":2}},"line":19}},"f":{"0":4,"1":1,"2":1,"3":1,"4":1}}
,"D:\\_dev\\!Projects\\_fux\\_FocusedUX\\packages\\project-butler\\core\\src\\services\\TerminalManagement.service.ts": {"path":"D:\\_dev\\!Projects\\_fux\\_FocusedUX\\packages\\project-butler\\core\\src\\services\\TerminalManagement.service.ts","all":false,"statementMap":{"6":{"start":{"line":7,"column":0},"end":{"line":7,"column":78}},"8":{"start":{"line":9,"column":0},"end":{"line":9,"column":13}},"9":{"start":{"line":10,"column":0},"end":{"line":10,"column":50}},"10":{"start":{"line":11,"column":0},"end":{"line":11,"column":38}},"11":{"start":{"line":12,"column":0},"end":{"line":12,"column":5}},"13":{"start":{"line":14,"column":0},"end":{"line":14,"column":72}},"14":{"start":{"line":15,"column":0},"end":{"line":15,"column":52}},"15":{"start":{"line":16,"column":0},"end":{"line":16,"column":88}},"16":{"start":{"line":17,"column":0},"end":{"line":17,"column":40}},"18":{"start":{"line":19,"column":0},"end":{"line":19,"column":10}},"19":{"start":{"line":20,"column":0},"end":{"line":20,"column":22}},"20":{"start":{"line":21,"column":0},"end":{"line":21,"column":28}},"21":{"start":{"line":22,"column":0},"end":{"line":22,"column":3}},"22":{"start":{"line":23,"column":0},"end":{"line":23,"column":2}},"24":{"start":{"line":25,"column":0},"end":{"line":25,"column":1}}},"s":{"6":1,"8":1,"9":7,"10":7,"11":7,"13":1,"14":4,"15":4,"16":4,"18":4,"19":4,"20":4,"21":4,"22":4,"24":1},"branchMap":{"0":{"type":"branch","line":9,"loc":{"start":{"line":9,"column":1},"end":{"line":12,"column":5}},"locations":[{"start":{"line":9,"column":1},"end":{"line":12,"column":5}}]},"1":{"type":"branch","line":14,"loc":{"start":{"line":14,"column":1},"end":{"line":23,"column":2}},"locations":[{"start":{"line":14,"column":1},"end":{"line":23,"column":2}}]},"2":{"type":"branch","line":15,"loc":{"start":{"line":15,"column":51},"end":{"line":16,"column":50}},"locations":[{"start":{"line":15,"column":51},"end":{"line":16,"column":50}}]},"3":{"type":"branch","line":16,"loc":{"start":{"line":16,"column":36},"end":{"line":16,"column":61}},"locations":[{"start":{"line":16,"column":36},"end":{"line":16,"column":61}}]},"4":{"type":"branch","line":16,"loc":{"start":{"line":16,"column":50},"end":{"line":16,"column":88}},"locations":[{"start":{"line":16,"column":50},"end":{"line":16,"column":88}}]}},"b":{"0":[7],"1":[4],"2":[3],"3":[1],"4":[2]},"fnMap":{"0":{"name":"TerminalManagementService","decl":{"start":{"line":9,"column":1},"end":{"line":12,"column":5}},"loc":{"start":{"line":9,"column":1},"end":{"line":12,"column":5}},"line":9},"1":{"name":"updateTerminalPath","decl":{"start":{"line":14,"column":1},"end":{"line":23,"column":2}},"loc":{"start":{"line":14,"column":1},"end":{"line":23,"column":2}},"line":14}},"f":{"0":7,"1":4}}
}
