{"D:\\_dev\\!Projects\\_fux\\_FocusedUX\\packages\\note-hub\\ext\\src\\NotesHub.module.ts": {"path":"D:\\_dev\\!Projects\\_fux\\_FocusedUX\\packages\\note-hub\\ext\\src\\NotesHub.module.ts","all":false,"statementMap":{"5":{"start":{"line":6,"column":0},"end":{"line":6,"column":32}},"11":{"start":{"line":12,"column":0},"end":{"line":12,"column":50}},"15":{"start":{"line":16,"column":0},"end":{"line":16,"column":29}},"17":{"start":{"line":18,"column":0},"end":{"line":18,"column":35}},"19":{"start":{"line":20,"column":0},"end":{"line":20,"column":13}},"20":{"start":{"line":21,"column":0},"end":{"line":21,"column":53}},"21":{"start":{"line":22,"column":0},"end":{"line":22,"column":48}},"22":{"start":{"line":23,"column":0},"end":{"line":23,"column":4}},"23":{"start":{"line":24,"column":0},"end":{"line":24,"column":32}},"24":{"start":{"line":25,"column":0},"end":{"line":25,"column":2}},"26":{"start":{"line":27,"column":0},"end":{"line":27,"column":25}},"27":{"start":{"line":28,"column":0},"end":{"line":28,"column":29}},"28":{"start":{"line":29,"column":0},"end":{"line":29,"column":18}},"29":{"start":{"line":30,"column":0},"end":{"line":30,"column":31}},"30":{"start":{"line":31,"column":0},"end":{"line":31,"column":66}},"31":{"start":{"line":32,"column":0},"end":{"line":32,"column":83}},"32":{"start":{"line":33,"column":0},"end":{"line":33,"column":81}},"33":{"start":{"line":34,"column":0},"end":{"line":34,"column":81}},"34":{"start":{"line":35,"column":0},"end":{"line":35,"column":79}},"35":{"start":{"line":36,"column":0},"end":{"line":36,"column":77}},"36":{"start":{"line":37,"column":0},"end":{"line":37,"column":77}},"37":{"start":{"line":38,"column":0},"end":{"line":38,"column":186}},"38":{"start":{"line":39,"column":0},"end":{"line":39,"column":192}},"39":{"start":{"line":40,"column":0},"end":{"line":40,"column":91}},"40":{"start":{"line":41,"column":0},"end":{"line":41,"column":105}},"41":{"start":{"line":42,"column":0},"end":{"line":42,"column":103}},"42":{"start":{"line":43,"column":0},"end":{"line":43,"column":91}},"43":{"start":{"line":44,"column":0},"end":{"line":44,"column":89}},"44":{"start":{"line":45,"column":0},"end":{"line":45,"column":93}},"45":{"start":{"line":46,"column":0},"end":{"line":46,"column":95}},"46":{"start":{"line":47,"column":0},"end":{"line":47,"column":3}},"48":{"start":{"line":49,"column":0},"end":{"line":49,"column":65}},"49":{"start":{"line":50,"column":0},"end":{"line":50,"column":8}},"51":{"start":{"line":52,"column":0},"end":{"line":52,"column":60}},"52":{"start":{"line":53,"column":0},"end":{"line":53,"column":4}},"53":{"start":{"line":54,"column":0},"end":{"line":54,"column":19}},"55":{"start":{"line":56,"column":0},"end":{"line":56,"column":101}},"56":{"start":{"line":57,"column":0},"end":{"line":57,"column":32}},"57":{"start":{"line":58,"column":0},"end":{"line":58,"column":4}},"58":{"start":{"line":59,"column":0},"end":{"line":59,"column":4}},"59":{"start":{"line":60,"column":0},"end":{"line":60,"column":2}},"61":{"start":{"line":62,"column":0},"end":{"line":62,"column":49}},"62":{"start":{"line":63,"column":0},"end":{"line":63,"column":95}},"63":{"start":{"line":64,"column":0},"end":{"line":64,"column":74}},"64":{"start":{"line":65,"column":0},"end":{"line":65,"column":2}},"66":{"start":{"line":67,"column":0},"end":{"line":67,"column":25}},"67":{"start":{"line":68,"column":0},"end":{"line":68,"column":25}},"68":{"start":{"line":69,"column":0},"end":{"line":69,"column":71}},"69":{"start":{"line":70,"column":0},"end":{"line":70,"column":2}},"71":{"start":{"line":72,"column":0},"end":{"line":72,"column":1}}},"s":{"5":1,"11":1,"15":1,"17":3,"19":3,"20":3,"21":3,"22":3,"23":3,"24":3,"26":3,"27":3,"28":3,"29":3,"30":3,"31":3,"32":3,"33":3,"34":3,"35":3,"36":3,"37":3,"38":3,"39":3,"40":3,"41":3,"42":3,"43":3,"44":3,"45":3,"46":3,"48":3,"49":45,"51":45,"52":45,"53":0,"55":0,"56":0,"57":0,"58":3,"59":3,"61":3,"62":3,"63":0,"64":3,"66":3,"67":0,"68":0,"69":0,"71":3},"branchMap":{"0":{"type":"branch","line":16,"loc":{"start":{"line":16,"column":28},"end":{"line":72,"column":1}},"locations":[{"start":{"line":16,"column":28},"end":{"line":72,"column":1}}]},"1":{"type":"branch","line":20,"loc":{"start":{"line":20,"column":1},"end":{"line":25,"column":2}},"locations":[{"start":{"line":20,"column":1},"end":{"line":25,"column":2}}]},"2":{"type":"branch","line":27,"loc":{"start":{"line":27,"column":8},"end":{"line":60,"column":2}},"locations":[{"start":{"line":27,"column":8},"end":{"line":60,"column":2}}]},"3":{"type":"branch","line":49,"loc":{"start":{"line":49,"column":40},"end":{"line":59,"column":3}},"locations":[{"start":{"line":49,"column":40},"end":{"line":59,"column":3}}]},"4":{"type":"branch","line":53,"loc":{"start":{"line":53,"column":3},"end":{"line":58,"column":4}},"locations":[{"start":{"line":53,"column":3},"end":{"line":58,"column":4}}]},"5":{"type":"branch","line":62,"loc":{"start":{"line":62,"column":1},"end":{"line":65,"column":2}},"locations":[{"start":{"line":62,"column":1},"end":{"line":65,"column":2}}]},"6":{"type":"branch","line":63,"loc":{"start":{"line":63,"column":94},"end":{"line":64,"column":74}},"locations":[{"start":{"line":63,"column":94},"end":{"line":64,"column":74}}]}},"b":{"0":[3],"1":[3],"2":[3],"3":[45],"4":[0],"5":[3],"6":[0]},"fnMap":{"0":{"name":"<instance_members_initializer>","decl":{"start":{"line":16,"column":28},"end":{"line":72,"column":1}},"loc":{"start":{"line":16,"column":28},"end":{"line":72,"column":1}},"line":16},"1":{"name":"NotesHubModule","decl":{"start":{"line":20,"column":1},"end":{"line":25,"column":2}},"loc":{"start":{"line":20,"column":1},"end":{"line":25,"column":2}},"line":20},"2":{"name":"registerCommands","decl":{"start":{"line":27,"column":8},"end":{"line":60,"column":2}},"loc":{"start":{"line":27,"column":8},"end":{"line":60,"column":2}},"line":27},"3":{"name":"commandMap","decl":{"start":{"line":32,"column":42},"end":{"line":32,"column":83}},"loc":{"start":{"line":32,"column":42},"end":{"line":32,"column":83}},"line":32},"4":{"name":"commandMap","decl":{"start":{"line":33,"column":41},"end":{"line":33,"column":81}},"loc":{"start":{"line":33,"column":41},"end":{"line":33,"column":81}},"line":33},"5":{"name":"commandMap","decl":{"start":{"line":34,"column":41},"end":{"line":34,"column":81}},"loc":{"start":{"line":34,"column":41},"end":{"line":34,"column":81}},"line":34},"6":{"name":"commandMap","decl":{"start":{"line":35,"column":40},"end":{"line":35,"column":79}},"loc":{"start":{"line":35,"column":40},"end":{"line":35,"column":79}},"line":35},"7":{"name":"commandMap","decl":{"start":{"line":36,"column":39},"end":{"line":36,"column":77}},"loc":{"start":{"line":36,"column":39},"end":{"line":36,"column":77}},"line":36},"8":{"name":"commandMap","decl":{"start":{"line":37,"column":39},"end":{"line":37,"column":77}},"loc":{"start":{"line":37,"column":39},"end":{"line":37,"column":77}},"line":37},"9":{"name":"commandMap","decl":{"start":{"line":38,"column":39},"end":{"line":38,"column":186}},"loc":{"start":{"line":38,"column":39},"end":{"line":38,"column":186}},"line":38},"10":{"name":"commandMap","decl":{"start":{"line":39,"column":41},"end":{"line":39,"column":192}},"loc":{"start":{"line":39,"column":41},"end":{"line":39,"column":192}},"line":39},"11":{"name":"commandMap","decl":{"start":{"line":40,"column":34},"end":{"line":40,"column":91}},"loc":{"start":{"line":40,"column":34},"end":{"line":40,"column":91}},"line":40},"12":{"name":"commandMap","decl":{"start":{"line":41,"column":41},"end":{"line":41,"column":105}},"loc":{"start":{"line":41,"column":41},"end":{"line":41,"column":105}},"line":41},"13":{"name":"commandMap","decl":{"start":{"line":42,"column":40},"end":{"line":42,"column":103}},"loc":{"start":{"line":42,"column":40},"end":{"line":42,"column":103}},"line":42},"14":{"name":"commandMap","decl":{"start":{"line":43,"column":34},"end":{"line":43,"column":91}},"loc":{"start":{"line":43,"column":34},"end":{"line":43,"column":91}},"line":43},"15":{"name":"commandMap","decl":{"start":{"line":44,"column":33},"end":{"line":44,"column":89}},"loc":{"start":{"line":44,"column":33},"end":{"line":44,"column":89}},"line":44},"16":{"name":"commandMap","decl":{"start":{"line":45,"column":35},"end":{"line":45,"column":93}},"loc":{"start":{"line":45,"column":35},"end":{"line":45,"column":93}},"line":45},"17":{"name":"commandMap","decl":{"start":{"line":46,"column":36},"end":{"line":46,"column":95}},"loc":{"start":{"line":46,"column":36},"end":{"line":46,"column":95}},"line":46},"18":{"name":"dispose","decl":{"start":{"line":57,"column":22},"end":{"line":57,"column":31}},"loc":{"start":{"line":57,"column":22},"end":{"line":57,"column":31}},"line":57},"19":{"name":"initializeModule","decl":{"start":{"line":62,"column":1},"end":{"line":65,"column":2}},"loc":{"start":{"line":62,"column":1},"end":{"line":65,"column":2}},"line":62},"20":{"name":"dispose","decl":{"start":{"line":67,"column":8},"end":{"line":70,"column":2}},"loc":{"start":{"line":67,"column":8},"end":{"line":70,"column":2}},"line":67}},"f":{"0":3,"1":3,"2":3,"3":0,"4":0,"5":0,"6":0,"7":0,"8":0,"9":0,"10":0,"11":0,"12":0,"13":0,"14":0,"15":0,"16":0,"17":0,"18":0,"19":3,"20":0}}
,"D:\\_dev\\!Projects\\_fux\\_FocusedUX\\packages\\note-hub\\ext\\src\\extension.ts": {"path":"D:\\_dev\\!Projects\\_fux\\_FocusedUX\\packages\\note-hub\\ext\\src\\extension.ts","all":false,"statementMap":{"6":{"start":{"line":7,"column":0},"end":{"line":7,"column":50}},"7":{"start":{"line":8,"column":0},"end":{"line":8,"column":50}},"11":{"start":{"line":12,"column":0},"end":{"line":12,"column":31}},"12":{"start":{"line":13,"column":0},"end":{"line":13,"column":23}},"14":{"start":{"line":15,"column":0},"end":{"line":15,"column":74}},"16":{"start":{"line":17,"column":0},"end":{"line":17,"column":19}},"17":{"start":{"line":18,"column":0},"end":{"line":18,"column":75}},"18":{"start":{"line":19,"column":0},"end":{"line":19,"column":8}},"19":{"start":{"line":20,"column":0},"end":{"line":20,"column":2}},"21":{"start":{"line":22,"column":0},"end":{"line":22,"column":59}},"23":{"start":{"line":24,"column":0},"end":{"line":24,"column":51}},"25":{"start":{"line":26,"column":0},"end":{"line":26,"column":61}},"27":{"start":{"line":28,"column":0},"end":{"line":28,"column":6}},"28":{"start":{"line":29,"column":0},"end":{"line":29,"column":81}},"29":{"start":{"line":30,"column":0},"end":{"line":30,"column":49}},"30":{"start":{"line":31,"column":0},"end":{"line":31,"column":82}},"31":{"start":{"line":32,"column":0},"end":{"line":32,"column":20}},"32":{"start":{"line":33,"column":0},"end":{"line":33,"column":2}},"33":{"start":{"line":34,"column":0},"end":{"line":34,"column":16}},"34":{"start":{"line":35,"column":0},"end":{"line":35,"column":99}},"35":{"start":{"line":36,"column":0},"end":{"line":36,"column":2}},"37":{"start":{"line":38,"column":0},"end":{"line":38,"column":56}},"38":{"start":{"line":39,"column":0},"end":{"line":39,"column":1}},"40":{"start":{"line":41,"column":0},"end":{"line":41,"column":36}},"41":{"start":{"line":42,"column":0},"end":{"line":42,"column":58}},"42":{"start":{"line":43,"column":0},"end":{"line":43,"column":20}},"43":{"start":{"line":44,"column":0},"end":{"line":44,"column":30}},"44":{"start":{"line":45,"column":0},"end":{"line":45,"column":1}}},"s":{"6":1,"7":1,"11":1,"12":1,"14":3,"16":3,"17":0,"18":0,"19":0,"21":3,"23":3,"25":3,"27":3,"28":3,"29":3,"30":0,"31":0,"32":0,"33":3,"34":3,"35":3,"37":3,"38":3,"40":1,"41":1,"42":1,"43":1,"44":1},"branchMap":{"0":{"type":"branch","line":15,"loc":{"start":{"line":15,"column":0},"end":{"line":39,"column":1}},"locations":[{"start":{"line":15,"column":0},"end":{"line":39,"column":1}}]},"1":{"type":"branch","line":17,"loc":{"start":{"line":17,"column":18},"end":{"line":20,"column":2}},"locations":[{"start":{"line":17,"column":18},"end":{"line":20,"column":2}}]},"2":{"type":"branch","line":30,"loc":{"start":{"line":30,"column":48},"end":{"line":33,"column":2}},"locations":[{"start":{"line":30,"column":48},"end":{"line":33,"column":2}}]},"3":{"type":"branch","line":41,"loc":{"start":{"line":41,"column":7},"end":{"line":45,"column":1}},"locations":[{"start":{"line":41,"column":7},"end":{"line":45,"column":1}}]}},"b":{"0":[3],"1":[0],"2":[0],"3":[1]},"fnMap":{"0":{"name":"activate","decl":{"start":{"line":15,"column":0},"end":{"line":39,"column":1}},"loc":{"start":{"line":15,"column":0},"end":{"line":39,"column":1}},"line":15},"1":{"name":"dispose","decl":{"start":{"line":31,"column":40},"end":{"line":31,"column":80}},"loc":{"start":{"line":31,"column":40},"end":{"line":31,"column":80}},"line":31},"2":{"name":"deactivate","decl":{"start":{"line":41,"column":7},"end":{"line":45,"column":1}},"loc":{"start":{"line":41,"column":7},"end":{"line":45,"column":1}},"line":41}},"f":{"0":3,"1":0,"2":1}}
,"D:\\_dev\\!Projects\\_fux\\_FocusedUX\\packages\\note-hub\\ext\\src\\index.ts": {"path":"D:\\_dev\\!Projects\\_fux\\_FocusedUX\\packages\\note-hub\\ext\\src\\index.ts","all":true,"statementMap":{"1":{"start":{"line":2,"column":0},"end":{"line":2,"column":53}},"2":{"start":{"line":3,"column":0},"end":{"line":3,"column":50}}},"s":{"1":0,"2":0},"branchMap":{"0":{"type":"branch","line":1,"loc":{"start":{"line":1,"column":150},"end":{"line":3,"column":50}},"locations":[{"start":{"line":1,"column":150},"end":{"line":3,"column":50}}]}},"b":{"0":[1]},"fnMap":{"0":{"name":"(empty-report)","decl":{"start":{"line":1,"column":150},"end":{"line":3,"column":50}},"loc":{"start":{"line":1,"column":150},"end":{"line":3,"column":50}},"line":1}},"f":{"0":1}}
,"D:\\_dev\\!Projects\\_fux\\_FocusedUX\\packages\\note-hub\\ext\\src\\injection.ts": {"path":"D:\\_dev\\!Projects\\_fux\\_FocusedUX\\packages\\note-hub\\ext\\src\\injection.ts","all":false,"statementMap":{"1":{"start":{"line":2,"column":0},"end":{"line":2,"column":85}},"4":{"start":{"line":5,"column":0},"end":{"line":5,"column":24}},"5":{"start":{"line":6,"column":0},"end":{"line":6,"column":28}},"6":{"start":{"line":7,"column":0},"end":{"line":7,"column":33}},"9":{"start":{"line":10,"column":0},"end":{"line":10,"column":8}},"23":{"start":{"line":24,"column":0},"end":{"line":24,"column":8}},"35":{"start":{"line":36,"column":0},"end":{"line":36,"column":53}},"38":{"start":{"line":39,"column":0},"end":{"line":39,"column":76}},"39":{"start":{"line":40,"column":0},"end":{"line":40,"column":80}},"41":{"start":{"line":42,"column":0},"end":{"line":42,"column":94}},"42":{"start":{"line":43,"column":0},"end":{"line":43,"column":36}},"43":{"start":{"line":44,"column":0},"end":{"line":44,"column":37}},"44":{"start":{"line":45,"column":0},"end":{"line":45,"column":3}},"47":{"start":{"line":48,"column":0},"end":{"line":48,"column":21}},"48":{"start":{"line":49,"column":0},"end":{"line":49,"column":37}},"49":{"start":{"line":50,"column":0},"end":{"line":50,"column":34}},"50":{"start":{"line":51,"column":0},"end":{"line":51,"column":32}},"51":{"start":{"line":52,"column":0},"end":{"line":52,"column":42}},"52":{"start":{"line":53,"column":0},"end":{"line":53,"column":38}},"53":{"start":{"line":54,"column":0},"end":{"line":54,"column":40}},"54":{"start":{"line":55,"column":0},"end":{"line":55,"column":34}},"55":{"start":{"line":56,"column":0},"end":{"line":56,"column":38}},"56":{"start":{"line":57,"column":0},"end":{"line":57,"column":33}},"57":{"start":{"line":58,"column":0},"end":{"line":58,"column":33}},"58":{"start":{"line":59,"column":0},"end":{"line":59,"column":48}},"59":{"start":{"line":60,"column":0},"end":{"line":60,"column":3}},"62":{"start":{"line":63,"column":0},"end":{"line":63,"column":21}},"63":{"start":{"line":64,"column":0},"end":{"line":64,"column":54}},"64":{"start":{"line":65,"column":0},"end":{"line":65,"column":48}},"65":{"start":{"line":66,"column":0},"end":{"line":66,"column":52}},"66":{"start":{"line":67,"column":0},"end":{"line":67,"column":52}},"67":{"start":{"line":68,"column":0},"end":{"line":68,"column":40}},"68":{"start":{"line":69,"column":0},"end":{"line":69,"column":50}},"69":{"start":{"line":70,"column":0},"end":{"line":70,"column":135}},"70":{"start":{"line":71,"column":0},"end":{"line":71,"column":128}},"71":{"start":{"line":72,"column":0},"end":{"line":72,"column":173}},"72":{"start":{"line":73,"column":0},"end":{"line":73,"column":145}},"73":{"start":{"line":74,"column":0},"end":{"line":74,"column":113}},"74":{"start":{"line":75,"column":0},"end":{"line":75,"column":3}},"77":{"start":{"line":78,"column":0},"end":{"line":78,"column":21}},"78":{"start":{"line":79,"column":0},"end":{"line":79,"column":41}},"87":{"start":{"line":88,"column":0},"end":{"line":88,"column":36}},"88":{"start":{"line":89,"column":0},"end":{"line":89,"column":27}},"89":{"start":{"line":90,"column":0},"end":{"line":90,"column":18}},"90":{"start":{"line":91,"column":0},"end":{"line":91,"column":21}},"91":{"start":{"line":92,"column":0},"end":{"line":92,"column":20}},"92":{"start":{"line":93,"column":0},"end":{"line":93,"column":23}},"93":{"start":{"line":94,"column":0},"end":{"line":94,"column":28}},"94":{"start":{"line":95,"column":0},"end":{"line":95,"column":21}},"95":{"start":{"line":96,"column":0},"end":{"line":96,"column":24}},"96":{"start":{"line":97,"column":0},"end":{"line":97,"column":17}},"98":{"start":{"line":99,"column":0},"end":{"line":99,"column":39}},"108":{"start":{"line":109,"column":0},"end":{"line":109,"column":34}},"109":{"start":{"line":110,"column":0},"end":{"line":110,"column":21}},"110":{"start":{"line":111,"column":0},"end":{"line":111,"column":21}},"111":{"start":{"line":112,"column":0},"end":{"line":112,"column":26}},"112":{"start":{"line":113,"column":0},"end":{"line":113,"column":23}},"113":{"start":{"line":114,"column":0},"end":{"line":114,"column":20}},"114":{"start":{"line":115,"column":0},"end":{"line":115,"column":22}},"115":{"start":{"line":116,"column":0},"end":{"line":116,"column":21}},"116":{"start":{"line":117,"column":0},"end":{"line":117,"column":20}},"117":{"start":{"line":118,"column":0},"end":{"line":118,"column":25}},"118":{"start":{"line":119,"column":0},"end":{"line":119,"column":17}},"120":{"start":{"line":121,"column":0},"end":{"line":121,"column":39}},"138":{"start":{"line":139,"column":0},"end":{"line":139,"column":34}},"139":{"start":{"line":140,"column":0},"end":{"line":140,"column":27}},"140":{"start":{"line":141,"column":0},"end":{"line":141,"column":18}},"141":{"start":{"line":142,"column":0},"end":{"line":142,"column":21}},"142":{"start":{"line":143,"column":0},"end":{"line":143,"column":15}},"143":{"start":{"line":144,"column":0},"end":{"line":144,"column":23}},"144":{"start":{"line":145,"column":0},"end":{"line":145,"column":28}},"145":{"start":{"line":146,"column":0},"end":{"line":146,"column":21}},"146":{"start":{"line":147,"column":0},"end":{"line":147,"column":27}},"147":{"start":{"line":148,"column":0},"end":{"line":148,"column":20}},"148":{"start":{"line":149,"column":0},"end":{"line":149,"column":20}},"149":{"start":{"line":150,"column":0},"end":{"line":150,"column":23}},"150":{"start":{"line":151,"column":0},"end":{"line":151,"column":24}},"151":{"start":{"line":152,"column":0},"end":{"line":152,"column":21}},"152":{"start":{"line":153,"column":0},"end":{"line":153,"column":23}},"153":{"start":{"line":154,"column":0},"end":{"line":154,"column":21}},"154":{"start":{"line":155,"column":0},"end":{"line":155,"column":21}},"155":{"start":{"line":156,"column":0},"end":{"line":156,"column":24}},"156":{"start":{"line":157,"column":0},"end":{"line":157,"column":17}},"158":{"start":{"line":159,"column":0},"end":{"line":159,"column":40}},"165":{"start":{"line":166,"column":0},"end":{"line":166,"column":28}},"166":{"start":{"line":167,"column":0},"end":{"line":167,"column":21}},"167":{"start":{"line":168,"column":0},"end":{"line":168,"column":18}},"168":{"start":{"line":169,"column":0},"end":{"line":169,"column":20}},"169":{"start":{"line":170,"column":0},"end":{"line":170,"column":25}},"170":{"start":{"line":171,"column":0},"end":{"line":171,"column":25}},"171":{"start":{"line":172,"column":0},"end":{"line":172,"column":27}},"172":{"start":{"line":173,"column":0},"end":{"line":173,"column":17}},"173":{"start":{"line":174,"column":0},"end":{"line":174,"column":145}},"174":{"start":{"line":175,"column":0},"end":{"line":175,"column":72}},"176":{"start":{"line":177,"column":0},"end":{"line":177,"column":67}},"177":{"start":{"line":178,"column":0},"end":{"line":178,"column":17}},"178":{"start":{"line":179,"column":0},"end":{"line":179,"column":3}},"180":{"start":{"line":181,"column":0},"end":{"line":181,"column":17}},"181":{"start":{"line":182,"column":0},"end":{"line":182,"column":1}}},"s":{"1":1,"4":1,"5":1,"6":1,"9":1,"23":1,"35":1,"38":1,"39":1,"41":4,"42":4,"43":4,"44":4,"47":4,"48":4,"49":4,"50":4,"51":4,"52":4,"53":4,"54":4,"55":4,"56":4,"57":4,"58":4,"59":4,"62":4,"63":4,"64":4,"65":4,"66":4,"67":4,"68":4,"69":4,"70":4,"71":4,"72":4,"73":4,"74":4,"77":4,"78":4,"87":3,"88":3,"89":3,"90":3,"91":3,"92":3,"93":3,"94":3,"95":3,"96":4,"98":4,"108":3,"109":3,"110":3,"111":3,"112":3,"113":3,"114":3,"115":3,"116":3,"117":3,"118":4,"120":4,"138":3,"139":3,"140":3,"141":3,"142":3,"143":3,"144":3,"145":3,"146":3,"147":3,"148":3,"149":3,"150":3,"151":3,"152":3,"153":3,"154":3,"155":3,"156":4,"158":4,"165":3,"166":3,"167":3,"168":3,"169":3,"170":3,"171":3,"172":4,"173":4,"174":3,"176":3,"177":4,"178":4,"180":4,"181":4},"branchMap":{"0":{"type":"branch","line":42,"loc":{"start":{"line":42,"column":0},"end":{"line":182,"column":1}},"locations":[{"start":{"line":42,"column":0},"end":{"line":182,"column":1}}]},"1":{"type":"branch","line":70,"loc":{"start":{"line":70,"column":32},"end":{"line":70,"column":121}},"locations":[{"start":{"line":70,"column":32},"end":{"line":70,"column":121}}]},"2":{"type":"branch","line":71,"loc":{"start":{"line":71,"column":30},"end":{"line":71,"column":114}},"locations":[{"start":{"line":71,"column":30},"end":{"line":71,"column":114}}]},"3":{"type":"branch","line":72,"loc":{"start":{"line":72,"column":36},"end":{"line":72,"column":159}},"locations":[{"start":{"line":72,"column":36},"end":{"line":72,"column":159}}]},"4":{"type":"branch","line":73,"loc":{"start":{"line":73,"column":22},"end":{"line":73,"column":131}},"locations":[{"start":{"line":73,"column":22},"end":{"line":73,"column":131}}]},"5":{"type":"branch","line":74,"loc":{"start":{"line":74,"column":27},"end":{"line":74,"column":99}},"locations":[{"start":{"line":74,"column":27},"end":{"line":74,"column":99}}]},"6":{"type":"branch","line":79,"loc":{"start":{"line":79,"column":31},"end":{"line":97,"column":3}},"locations":[{"start":{"line":79,"column":31},"end":{"line":97,"column":3}}]},"7":{"type":"branch","line":99,"loc":{"start":{"line":99,"column":29},"end":{"line":119,"column":3}},"locations":[{"start":{"line":99,"column":29},"end":{"line":119,"column":3}}]},"8":{"type":"branch","line":121,"loc":{"start":{"line":121,"column":29},"end":{"line":157,"column":3}},"locations":[{"start":{"line":121,"column":29},"end":{"line":157,"column":3}}]},"9":{"type":"branch","line":159,"loc":{"start":{"line":159,"column":30},"end":{"line":173,"column":3}},"locations":[{"start":{"line":159,"column":30},"end":{"line":173,"column":3}}]},"10":{"type":"branch","line":174,"loc":{"start":{"line":174,"column":29},"end":{"line":178,"column":3}},"locations":[{"start":{"line":174,"column":29},"end":{"line":178,"column":3}}]}},"b":{"0":[4],"1":[3],"2":[3],"3":[3],"4":[3],"5":[3],"6":[3],"7":[3],"8":[3],"9":[3],"10":[3]},"fnMap":{"0":{"name":"createDIContainer","decl":{"start":{"line":42,"column":0},"end":{"line":182,"column":1}},"loc":{"start":{"line":42,"column":0},"end":{"line":182,"column":1}},"line":42}},"f":{"0":4}}
,"D:\\_dev\\!Projects\\_fux\\_FocusedUX\\packages\\note-hub\\ext\\src\\_config\\constants.ts": {"path":"D:\\_dev\\!Projects\\_fux\\_FocusedUX\\packages\\note-hub\\ext\\src\\_config\\constants.ts","all":false,"statementMap":{"0":{"start":{"line":1,"column":0},"end":{"line":1,"column":26}},"2":{"start":{"line":3,"column":0},"end":{"line":3,"column":26}},"3":{"start":{"line":4,"column":0},"end":{"line":4,"column":13}},"4":{"start":{"line":5,"column":0},"end":{"line":5,"column":26}},"5":{"start":{"line":6,"column":0},"end":{"line":6,"column":17}},"6":{"start":{"line":7,"column":0},"end":{"line":7,"column":25}},"7":{"start":{"line":8,"column":0},"end":{"line":8,"column":32}},"8":{"start":{"line":9,"column":0},"end":{"line":9,"column":3}},"9":{"start":{"line":10,"column":0},"end":{"line":10,"column":12}},"10":{"start":{"line":11,"column":0},"end":{"line":11,"column":56}},"11":{"start":{"line":12,"column":0},"end":{"line":12,"column":54}},"12":{"start":{"line":13,"column":0},"end":{"line":13,"column":54}},"13":{"start":{"line":14,"column":0},"end":{"line":14,"column":52}},"14":{"start":{"line":15,"column":0},"end":{"line":15,"column":50}},"15":{"start":{"line":16,"column":0},"end":{"line":16,"column":50}},"16":{"start":{"line":17,"column":0},"end":{"line":17,"column":50}},"17":{"start":{"line":18,"column":0},"end":{"line":18,"column":54}},"18":{"start":{"line":19,"column":0},"end":{"line":19,"column":40}},"19":{"start":{"line":20,"column":0},"end":{"line":20,"column":54}},"20":{"start":{"line":21,"column":0},"end":{"line":21,"column":52}},"21":{"start":{"line":22,"column":0},"end":{"line":22,"column":40}},"22":{"start":{"line":23,"column":0},"end":{"line":23,"column":38}},"23":{"start":{"line":24,"column":0},"end":{"line":24,"column":42}},"24":{"start":{"line":25,"column":0},"end":{"line":25,"column":44}},"25":{"start":{"line":26,"column":0},"end":{"line":26,"column":44}},"26":{"start":{"line":27,"column":0},"end":{"line":27,"column":3}},"27":{"start":{"line":28,"column":0},"end":{"line":28,"column":9}},"28":{"start":{"line":29,"column":0},"end":{"line":29,"column":24}},"29":{"start":{"line":30,"column":0},"end":{"line":30,"column":47}},"30":{"start":{"line":31,"column":0},"end":{"line":31,"column":45}},"31":{"start":{"line":32,"column":0},"end":{"line":32,"column":45}},"32":{"start":{"line":33,"column":0},"end":{"line":33,"column":3}},"33":{"start":{"line":34,"column":0},"end":{"line":34,"column":10}}},"s":{"0":1,"2":1,"3":1,"4":1,"5":1,"6":1,"7":1,"8":1,"9":1,"10":1,"11":1,"12":1,"13":1,"14":1,"15":1,"16":1,"17":1,"18":1,"19":1,"20":1,"21":1,"22":1,"23":1,"24":1,"25":1,"26":1,"27":1,"28":1,"29":1,"30":1,"31":1,"32":1,"33":1},"branchMap":{},"b":{},"fnMap":{},"f":{}}
,"D:\\_dev\\!Projects\\_fux\\_FocusedUX\\packages\\note-hub\\ext\\src\\adapters\\FrontmatterUtils.adapter.ts": {"path":"D:\\_dev\\!Projects\\_fux\\_FocusedUX\\packages\\note-hub\\ext\\src\\adapters\\FrontmatterUtils.adapter.ts","all":false,"statementMap":{"1":{"start":{"line":2,"column":0},"end":{"line":2,"column":31}},"3":{"start":{"line":4,"column":0},"end":{"line":4,"column":74}},"5":{"start":{"line":6,"column":0},"end":{"line":6,"column":58}},"7":{"start":{"line":8,"column":0},"end":{"line":8,"column":70}},"8":{"start":{"line":9,"column":0},"end":{"line":9,"column":62}},"10":{"start":{"line":11,"column":0},"end":{"line":11,"column":16}},"11":{"start":{"line":12,"column":0},"end":{"line":12,"column":2}},"13":{"start":{"line":14,"column":0},"end":{"line":14,"column":96}},"14":{"start":{"line":15,"column":0},"end":{"line":15,"column":7}},"15":{"start":{"line":16,"column":0},"end":{"line":16,"column":60}},"16":{"start":{"line":17,"column":0},"end":{"line":17,"column":63}},"18":{"start":{"line":19,"column":0},"end":{"line":19,"column":27}},"19":{"start":{"line":20,"column":0},"end":{"line":20,"column":59}},"20":{"start":{"line":21,"column":0},"end":{"line":21,"column":4}},"21":{"start":{"line":22,"column":0},"end":{"line":22,"column":3}},"22":{"start":{"line":23,"column":0},"end":{"line":23,"column":18}},"24":{"start":{"line":25,"column":0},"end":{"line":25,"column":3}},"25":{"start":{"line":26,"column":0},"end":{"line":26,"column":18}},"26":{"start":{"line":27,"column":0},"end":{"line":27,"column":2}},"28":{"start":{"line":29,"column":0},"end":{"line":29,"column":1}}},"s":{"1":1,"3":1,"5":1,"7":1,"8":0,"10":0,"11":0,"13":1,"14":0,"15":0,"16":0,"18":0,"19":0,"20":0,"21":0,"22":0,"24":0,"25":0,"26":0,"28":1},"branchMap":{"0":{"type":"branch","line":6,"loc":{"start":{"line":6,"column":1},"end":{"line":6,"column":58}},"locations":[{"start":{"line":6,"column":1},"end":{"line":6,"column":58}}]}},"b":{"0":[3]},"fnMap":{"0":{"name":"FrontmatterUtilsAdapter","decl":{"start":{"line":6,"column":1},"end":{"line":6,"column":58}},"loc":{"start":{"line":6,"column":1},"end":{"line":6,"column":58}},"line":6},"1":{"name":"getFrontmatter_validateFrontmatter","decl":{"start":{"line":8,"column":8},"end":{"line":12,"column":2}},"loc":{"start":{"line":8,"column":8},"end":{"line":12,"column":2}},"line":8},"2":{"name":"getFrontmatter","decl":{"start":{"line":14,"column":1},"end":{"line":27,"column":2}},"loc":{"start":{"line":14,"column":1},"end":{"line":27,"column":2}},"line":14}},"f":{"0":3,"1":0,"2":0}}
,"D:\\_dev\\!Projects\\_fux\\_FocusedUX\\packages\\note-hub\\ext\\src\\adapters\\WorkspaceUtils.adapter.ts": {"path":"D:\\_dev\\!Projects\\_fux\\_FocusedUX\\packages\\note-hub\\ext\\src\\adapters\\WorkspaceUtils.adapter.ts","all":false,"statementMap":{"1":{"start":{"line":2,"column":0},"end":{"line":2,"column":33}},"3":{"start":{"line":4,"column":0},"end":{"line":4,"column":70}},"5":{"start":{"line":6,"column":0},"end":{"line":6,"column":56}},"7":{"start":{"line":8,"column":0},"end":{"line":8,"column":78}},"8":{"start":{"line":9,"column":0},"end":{"line":9,"column":59}},"10":{"start":{"line":11,"column":0},"end":{"line":11,"column":59}},"11":{"start":{"line":12,"column":0},"end":{"line":12,"column":12}},"12":{"start":{"line":13,"column":0},"end":{"line":13,"column":3}},"14":{"start":{"line":15,"column":0},"end":{"line":15,"column":43}},"15":{"start":{"line":16,"column":0},"end":{"line":16,"column":89}},"19":{"start":{"line":20,"column":0},"end":{"line":20,"column":35}},"21":{"start":{"line":22,"column":0},"end":{"line":22,"column":39}},"22":{"start":{"line":23,"column":0},"end":{"line":23,"column":2}},"24":{"start":{"line":25,"column":0},"end":{"line":25,"column":1}}},"s":{"1":1,"3":1,"5":1,"7":1,"8":3,"10":3,"11":0,"12":0,"14":3,"15":3,"19":3,"21":3,"22":3,"24":1},"branchMap":{"0":{"type":"branch","line":6,"loc":{"start":{"line":6,"column":1},"end":{"line":6,"column":56}},"locations":[{"start":{"line":6,"column":1},"end":{"line":6,"column":56}}]},"1":{"type":"branch","line":8,"loc":{"start":{"line":8,"column":8},"end":{"line":23,"column":2}},"locations":[{"start":{"line":8,"column":8},"end":{"line":23,"column":2}}]},"2":{"type":"branch","line":11,"loc":{"start":{"line":11,"column":58},"end":{"line":13,"column":3}},"locations":[{"start":{"line":11,"column":58},"end":{"line":13,"column":3}}]},"3":{"type":"branch","line":16,"loc":{"start":{"line":16,"column":76},"end":{"line":16,"column":89}},"locations":[{"start":{"line":16,"column":76},"end":{"line":16,"column":89}}]}},"b":{"0":[3],"1":[3],"2":[0],"3":[0]},"fnMap":{"0":{"name":"WorkspaceUtilsAdapter","decl":{"start":{"line":6,"column":1},"end":{"line":6,"column":56}},"loc":{"start":{"line":6,"column":1},"end":{"line":6,"column":56}},"line":6},"1":{"name":"getWorkspaceInfo","decl":{"start":{"line":8,"column":8},"end":{"line":23,"column":2}},"loc":{"start":{"line":8,"column":8},"end":{"line":23,"column":2}},"line":8}},"f":{"0":3,"1":3}}
}
