{"D:\\_dev\\!Projects\\_fux\\_FocusedUX\\libs\\shared\\src\\index.ts": {"path":"D:\\_dev\\!Projects\\_fux\\_FocusedUX\\libs\\shared\\src\\index.ts","all":false,"statementMap":{"52":{"start":{"line":53,"column":0},"end":{"line":53,"column":67}},"53":{"start":{"line":54,"column":0},"end":{"line":54,"column":73}},"54":{"start":{"line":55,"column":0},"end":{"line":55,"column":79}},"55":{"start":{"line":56,"column":0},"end":{"line":56,"column":71}},"56":{"start":{"line":57,"column":0},"end":{"line":57,"column":71}},"57":{"start":{"line":58,"column":0},"end":{"line":58,"column":69}},"58":{"start":{"line":59,"column":0},"end":{"line":59,"column":73}},"59":{"start":{"line":60,"column":0},"end":{"line":60,"column":75}},"60":{"start":{"line":61,"column":0},"end":{"line":61,"column":77}},"61":{"start":{"line":62,"column":0},"end":{"line":62,"column":71}},"62":{"start":{"line":63,"column":0},"end":{"line":63,"column":101}},"63":{"start":{"line":64,"column":0},"end":{"line":64,"column":97}},"64":{"start":{"line":65,"column":0},"end":{"line":65,"column":79}},"65":{"start":{"line":66,"column":0},"end":{"line":66,"column":75}},"66":{"start":{"line":67,"column":0},"end":{"line":67,"column":71}},"67":{"start":{"line":68,"column":0},"end":{"line":68,"column":61}},"68":{"start":{"line":69,"column":0},"end":{"line":69,"column":72}},"69":{"start":{"line":70,"column":0},"end":{"line":70,"column":65}},"70":{"start":{"line":71,"column":0},"end":{"line":71,"column":83}},"71":{"start":{"line":72,"column":0},"end":{"line":72,"column":79}},"72":{"start":{"line":73,"column":0},"end":{"line":73,"column":95}},"73":{"start":{"line":74,"column":0},"end":{"line":74,"column":75}},"74":{"start":{"line":75,"column":0},"end":{"line":75,"column":108}},"75":{"start":{"line":76,"column":0},"end":{"line":76,"column":103}},"76":{"start":{"line":77,"column":0},"end":{"line":77,"column":79}},"77":{"start":{"line":78,"column":0},"end":{"line":78,"column":71}},"78":{"start":{"line":79,"column":0},"end":{"line":79,"column":85}},"79":{"start":{"line":80,"column":0},"end":{"line":80,"column":73}},"80":{"start":{"line":81,"column":0},"end":{"line":81,"column":63}},"81":{"start":{"line":82,"column":0},"end":{"line":82,"column":69}},"85":{"start":{"line":86,"column":0},"end":{"line":86,"column":74}},"88":{"start":{"line":89,"column":0},"end":{"line":89,"column":84}}},"s":{"52":1,"53":1,"54":1,"55":1,"56":1,"57":1,"58":1,"59":1,"60":1,"61":1,"62":1,"63":1,"64":1,"65":1,"66":1,"67":1,"68":1,"69":1,"70":1,"71":1,"72":1,"73":1,"74":1,"75":1,"76":1,"77":1,"78":1,"79":1,"80":1,"81":1,"85":1,"88":1},"branchMap":{},"b":{},"fnMap":{},"f":{}}
,"D:\\_dev\\!Projects\\_fux\\_FocusedUX\\libs\\shared\\src\\services\\Configuration.service.ts": {"path":"D:\\_dev\\!Projects\\_fux\\_FocusedUX\\libs\\shared\\src\\services\\Configuration.service.ts","all":false,"statementMap":{"3":{"start":{"line":4,"column":0},"end":{"line":4,"column":33}},"4":{"start":{"line":5,"column":0},"end":{"line":5,"column":31}},"6":{"start":{"line":7,"column":0},"end":{"line":7,"column":68}},"8":{"start":{"line":9,"column":0},"end":{"line":9,"column":13}},"9":{"start":{"line":10,"column":0},"end":{"line":10,"column":43}},"10":{"start":{"line":11,"column":0},"end":{"line":11,"column":37}},"11":{"start":{"line":12,"column":0},"end":{"line":12,"column":5}},"13":{"start":{"line":14,"column":0},"end":{"line":14,"column":68}},"14":{"start":{"line":15,"column":0},"end":{"line":15,"column":55}},"16":{"start":{"line":17,"column":0},"end":{"line":17,"column":23}},"17":{"start":{"line":18,"column":0},"end":{"line":18,"column":22}},"18":{"start":{"line":19,"column":0},"end":{"line":19,"column":3}},"20":{"start":{"line":21,"column":0},"end":{"line":21,"column":59}},"22":{"start":{"line":23,"column":0},"end":{"line":23,"column":7}},"23":{"start":{"line":24,"column":0},"end":{"line":24,"column":65}},"24":{"start":{"line":25,"column":0},"end":{"line":25,"column":47}},"27":{"start":{"line":28,"column":0},"end":{"line":28,"column":120}},"29":{"start":{"line":30,"column":0},"end":{"line":30,"column":59}},"30":{"start":{"line":31,"column":0},"end":{"line":31,"column":3}},"31":{"start":{"line":32,"column":0},"end":{"line":32,"column":14}},"33":{"start":{"line":34,"column":0},"end":{"line":34,"column":22}},"34":{"start":{"line":35,"column":0},"end":{"line":35,"column":3}},"35":{"start":{"line":36,"column":0},"end":{"line":36,"column":2}},"37":{"start":{"line":38,"column":0},"end":{"line":38,"column":1}}},"s":{"3":1,"4":1,"6":1,"8":1,"9":3,"10":3,"11":3,"13":1,"14":4,"16":4,"17":1,"18":1,"20":3,"22":3,"23":3,"24":2,"27":2,"29":4,"30":4,"31":1,"33":1,"34":1,"35":4,"37":1},"branchMap":{"0":{"type":"branch","line":9,"loc":{"start":{"line":9,"column":1},"end":{"line":12,"column":5}},"locations":[{"start":{"line":9,"column":1},"end":{"line":12,"column":5}}]},"1":{"type":"branch","line":14,"loc":{"start":{"line":14,"column":1},"end":{"line":36,"column":2}},"locations":[{"start":{"line":14,"column":1},"end":{"line":36,"column":2}}]},"2":{"type":"branch","line":17,"loc":{"start":{"line":17,"column":22},"end":{"line":19,"column":3}},"locations":[{"start":{"line":17,"column":22},"end":{"line":19,"column":3}}]},"3":{"type":"branch","line":19,"loc":{"start":{"line":19,"column":2},"end":{"line":24,"column":65}},"locations":[{"start":{"line":19,"column":2},"end":{"line":24,"column":65}}]},"4":{"type":"branch","line":24,"loc":{"start":{"line":24,"column":64},"end":{"line":30,"column":32}},"locations":[{"start":{"line":24,"column":64},"end":{"line":30,"column":32}}]},"5":{"type":"branch","line":30,"loc":{"start":{"line":30,"column":20},"end":{"line":30,"column":48}},"locations":[{"start":{"line":30,"column":20},"end":{"line":30,"column":48}}]},"6":{"type":"branch","line":30,"loc":{"start":{"line":30,"column":32},"end":{"line":30,"column":59}},"locations":[{"start":{"line":30,"column":32},"end":{"line":30,"column":59}}]},"7":{"type":"branch","line":31,"loc":{"start":{"line":31,"column":2},"end":{"line":35,"column":3}},"locations":[{"start":{"line":31,"column":2},"end":{"line":35,"column":3}}]},"8":{"type":"branch","line":28,"loc":{"start":{"line":28,"column":43},"end":{"line":28,"column":113}},"locations":[{"start":{"line":28,"column":43},"end":{"line":28,"column":113}}]},"9":{"type":"branch","line":28,"loc":{"start":{"line":28,"column":78},"end":{"line":28,"column":102}},"locations":[{"start":{"line":28,"column":78},"end":{"line":28,"column":102}}]},"10":{"type":"branch","line":28,"loc":{"start":{"line":28,"column":98},"end":{"line":28,"column":113}},"locations":[{"start":{"line":28,"column":98},"end":{"line":28,"column":113}}]}},"b":{"0":[3],"1":[4],"2":[1],"3":[3],"4":[2],"5":[1],"6":[1],"7":[1],"8":[4],"9":[3],"10":[1]},"fnMap":{"0":{"name":"ConfigurationService","decl":{"start":{"line":9,"column":1},"end":{"line":12,"column":5}},"loc":{"start":{"line":9,"column":1},"end":{"line":12,"column":5}},"line":9},"1":{"name":"get","decl":{"start":{"line":14,"column":1},"end":{"line":36,"column":2}},"loc":{"start":{"line":14,"column":1},"end":{"line":36,"column":2}},"line":14}},"f":{"0":3,"1":4}}
,"D:\\_dev\\!Projects\\_fux\\_FocusedUX\\libs\\shared\\src\\utils\\showTimedInformationMessage.ts": {"path":"D:\\_dev\\!Projects\\_fux\\_FocusedUX\\libs\\shared\\src\\utils\\showTimedInformationMessage.ts","all":false,"statementMap":{"7":{"start":{"line":8,"column":0},"end":{"line":8,"column":50}},"8":{"start":{"line":9,"column":0},"end":{"line":9,"column":25}},"9":{"start":{"line":10,"column":0},"end":{"line":10,"column":17}},"10":{"start":{"line":11,"column":0},"end":{"line":11,"column":20}},"11":{"start":{"line":12,"column":0},"end":{"line":12,"column":18}},"12":{"start":{"line":13,"column":0},"end":{"line":13,"column":27}},"13":{"start":{"line":14,"column":0},"end":{"line":14,"column":3}},"14":{"start":{"line":15,"column":0},"end":{"line":15,"column":18}},"15":{"start":{"line":16,"column":0},"end":{"line":16,"column":22}},"16":{"start":{"line":17,"column":0},"end":{"line":17,"column":4}},"17":{"start":{"line":18,"column":0},"end":{"line":18,"column":15}},"18":{"start":{"line":19,"column":0},"end":{"line":19,"column":64}},"19":{"start":{"line":20,"column":0},"end":{"line":20,"column":4}},"20":{"start":{"line":21,"column":0},"end":{"line":21,"column":2}},"21":{"start":{"line":22,"column":0},"end":{"line":22,"column":1}}},"s":{"7":2,"8":2,"9":2,"10":2,"11":2,"12":2,"13":2,"14":2,"15":2,"16":2,"17":2,"18":2,"19":2,"20":2,"21":2},"branchMap":{"0":{"type":"branch","line":8,"loc":{"start":{"line":8,"column":0},"end":{"line":22,"column":1}},"locations":[{"start":{"line":8,"column":0},"end":{"line":22,"column":1}}]},"1":{"type":"branch","line":18,"loc":{"start":{"line":18,"column":2},"end":{"line":20,"column":4}},"locations":[{"start":{"line":18,"column":2},"end":{"line":20,"column":4}}]},"2":{"type":"branch","line":19,"loc":{"start":{"line":19,"column":21},"end":{"line":19,"column":63}},"locations":[{"start":{"line":19,"column":21},"end":{"line":19,"column":63}}]}},"b":{"0":[2],"1":[2],"2":[2]},"fnMap":{"0":{"name":"showTimedInformationMessage","decl":{"start":{"line":8,"column":0},"end":{"line":22,"column":1}},"loc":{"start":{"line":8,"column":0},"end":{"line":22,"column":1}},"line":8}},"f":{"0":2}}
,"D:\\_dev\\!Projects\\_fux\\_FocusedUX\\libs\\shared\\src\\vscode\\adapters\\Commands.adapter.ts": {"path":"D:\\_dev\\!Projects\\_fux\\_FocusedUX\\libs\\shared\\src\\vscode\\adapters\\Commands.adapter.ts","all":false,"statementMap":{"0":{"start":{"line":1,"column":0},"end":{"line":1,"column":32}},"3":{"start":{"line":4,"column":0},"end":{"line":4,"column":51}},"5":{"start":{"line":6,"column":0},"end":{"line":6,"column":70}},"6":{"start":{"line":7,"column":0},"end":{"line":7,"column":59}},"7":{"start":{"line":8,"column":0},"end":{"line":8,"column":2}},"9":{"start":{"line":10,"column":0},"end":{"line":10,"column":71}},"10":{"start":{"line":11,"column":0},"end":{"line":11,"column":66}},"11":{"start":{"line":12,"column":0},"end":{"line":12,"column":2}},"13":{"start":{"line":14,"column":0},"end":{"line":14,"column":1}}},"s":{"0":1,"3":1,"5":1,"6":1,"7":1,"9":1,"10":1,"11":1,"13":1},"branchMap":{"0":{"type":"branch","line":6,"loc":{"start":{"line":6,"column":1},"end":{"line":8,"column":2}},"locations":[{"start":{"line":6,"column":1},"end":{"line":8,"column":2}}]},"1":{"type":"branch","line":10,"loc":{"start":{"line":10,"column":1},"end":{"line":12,"column":2}},"locations":[{"start":{"line":10,"column":1},"end":{"line":12,"column":2}}]}},"b":{"0":[1],"1":[1]},"fnMap":{"0":{"name":"registerCommand","decl":{"start":{"line":6,"column":1},"end":{"line":8,"column":2}},"loc":{"start":{"line":6,"column":1},"end":{"line":8,"column":2}},"line":6},"1":{"name":"executeCommand","decl":{"start":{"line":10,"column":1},"end":{"line":12,"column":2}},"loc":{"start":{"line":10,"column":1},"end":{"line":12,"column":2}},"line":10}},"f":{"0":1,"1":1}}
,"D:\\_dev\\!Projects\\_fux\\_FocusedUX\\libs\\shared\\src\\vscode\\adapters\\CommonUtils.adapter.ts": {"path":"D:\\_dev\\!Projects\\_fux\\_FocusedUX\\libs\\shared\\src\\vscode\\adapters\\CommonUtils.adapter.ts","all":false,"statementMap":{"2":{"start":{"line":3,"column":0},"end":{"line":3,"column":64}},"4":{"start":{"line":5,"column":0},"end":{"line":5,"column":45}},"6":{"start":{"line":7,"column":0},"end":{"line":7,"column":53}},"7":{"start":{"line":8,"column":0},"end":{"line":8,"column":59}},"9":{"start":{"line":10,"column":0},"end":{"line":10,"column":43}},"10":{"start":{"line":11,"column":0},"end":{"line":11,"column":2}},"12":{"start":{"line":13,"column":0},"end":{"line":13,"column":48}},"13":{"start":{"line":14,"column":0},"end":{"line":14,"column":56}},"14":{"start":{"line":15,"column":0},"end":{"line":15,"column":2}},"16":{"start":{"line":17,"column":0},"end":{"line":17,"column":58}},"18":{"start":{"line":19,"column":0},"end":{"line":19,"column":34}},"22":{"start":{"line":23,"column":0},"end":{"line":23,"column":54}},"25":{"start":{"line":26,"column":0},"end":{"line":26,"column":48}},"26":{"start":{"line":27,"column":0},"end":{"line":27,"column":38}},"28":{"start":{"line":29,"column":0},"end":{"line":29,"column":24}},"30":{"start":{"line":31,"column":0},"end":{"line":31,"column":53}},"31":{"start":{"line":32,"column":0},"end":{"line":32,"column":6}},"33":{"start":{"line":34,"column":0},"end":{"line":34,"column":1}}},"s":{"2":1,"4":1,"6":1,"7":1,"9":1,"10":1,"12":1,"13":1,"14":1,"16":1,"18":1,"22":1,"25":1,"26":1,"28":1,"30":1,"31":1,"33":1},"branchMap":{"0":{"type":"branch","line":5,"loc":{"start":{"line":5,"column":1},"end":{"line":5,"column":45}},"locations":[{"start":{"line":5,"column":1},"end":{"line":5,"column":45}}]},"1":{"type":"branch","line":7,"loc":{"start":{"line":7,"column":8},"end":{"line":11,"column":2}},"locations":[{"start":{"line":7,"column":8},"end":{"line":11,"column":2}}]},"2":{"type":"branch","line":13,"loc":{"start":{"line":13,"column":1},"end":{"line":15,"column":2}},"locations":[{"start":{"line":13,"column":1},"end":{"line":15,"column":2}}]},"3":{"type":"branch","line":14,"loc":{"start":{"line":14,"column":21},"end":{"line":14,"column":55}},"locations":[{"start":{"line":14,"column":21},"end":{"line":14,"column":55}}]},"4":{"type":"branch","line":17,"loc":{"start":{"line":17,"column":9},"end":{"line":32,"column":6}},"locations":[{"start":{"line":17,"column":9},"end":{"line":32,"column":6}}]},"5":{"type":"branch","line":19,"loc":{"start":{"line":19,"column":22},"end":{"line":19,"column":33}},"locations":[{"start":{"line":19,"column":22},"end":{"line":19,"column":33}}]},"6":{"type":"branch","line":31,"loc":{"start":{"line":31,"column":29},"end":{"line":31,"column":53}},"locations":[{"start":{"line":31,"column":29},"end":{"line":31,"column":53}}]}},"b":{"0":[2],"1":[1],"2":[1],"3":[1],"4":[1],"5":[0],"6":[0]},"fnMap":{"0":{"name":"CommonUtilsAdapter","decl":{"start":{"line":5,"column":1},"end":{"line":5,"column":45}},"loc":{"start":{"line":5,"column":1},"end":{"line":5,"column":45}},"line":5},"1":{"name":"errMsg","decl":{"start":{"line":7,"column":8},"end":{"line":11,"column":2}},"loc":{"start":{"line":7,"column":8},"end":{"line":11,"column":2}},"line":7},"2":{"name":"delay","decl":{"start":{"line":13,"column":1},"end":{"line":15,"column":2}},"loc":{"start":{"line":13,"column":1},"end":{"line":15,"column":2}},"line":13},"3":{"name":"ensureStringAndSanitize","decl":{"start":{"line":17,"column":9},"end":{"line":32,"column":6}},"loc":{"start":{"line":17,"column":9},"end":{"line":32,"column":6}},"line":17}},"f":{"0":2,"1":1,"2":1,"3":1}}
,"D:\\_dev\\!Projects\\_fux\\_FocusedUX\\libs\\shared\\src\\vscode\\adapters\\Context.adapter.ts": {"path":"D:\\_dev\\!Projects\\_fux\\_FocusedUX\\libs\\shared\\src\\vscode\\adapters\\Context.adapter.ts","all":false,"statementMap":{"3":{"start":{"line":4,"column":0},"end":{"line":4,"column":49}},"5":{"start":{"line":6,"column":0},"end":{"line":6,"column":57}},"7":{"start":{"line":8,"column":0},"end":{"line":8,"column":30}},"8":{"start":{"line":9,"column":0},"end":{"line":9,"column":41}},"9":{"start":{"line":10,"column":0},"end":{"line":10,"column":2}},"11":{"start":{"line":12,"column":0},"end":{"line":12,"column":1}}},"s":{"3":1,"5":1,"7":1,"8":1,"9":1,"11":1},"branchMap":{"0":{"type":"branch","line":6,"loc":{"start":{"line":6,"column":1},"end":{"line":6,"column":57}},"locations":[{"start":{"line":6,"column":1},"end":{"line":6,"column":57}}]},"1":{"type":"branch","line":8,"loc":{"start":{"line":8,"column":1},"end":{"line":10,"column":2}},"locations":[{"start":{"line":8,"column":1},"end":{"line":10,"column":2}}]}},"b":{"0":[1],"1":[1]},"fnMap":{"0":{"name":"ContextAdapter","decl":{"start":{"line":6,"column":1},"end":{"line":6,"column":57}},"loc":{"start":{"line":6,"column":1},"end":{"line":6,"column":57}},"line":6},"1":{"name":"get extensionPath","decl":{"start":{"line":8,"column":1},"end":{"line":10,"column":2}},"loc":{"start":{"line":8,"column":1},"end":{"line":10,"column":2}},"line":8}},"f":{"0":1,"1":1}}
,"D:\\_dev\\!Projects\\_fux\\_FocusedUX\\libs\\shared\\src\\vscode\\adapters\\DocumentSymbol.adapter.ts": {"path":"D:\\_dev\\!Projects\\_fux\\_FocusedUX\\libs\\shared\\src\\vscode\\adapters\\DocumentSymbol.adapter.ts","all":false,"statementMap":{"2":{"start":{"line":3,"column":0},"end":{"line":3,"column":49}},"4":{"start":{"line":5,"column":0},"end":{"line":5,"column":63}},"6":{"start":{"line":7,"column":0},"end":{"line":7,"column":54}},"8":{"start":{"line":9,"column":0},"end":{"line":9,"column":21}},"9":{"start":{"line":10,"column":0},"end":{"line":10,"column":25}},"10":{"start":{"line":11,"column":0},"end":{"line":11,"column":2}},"12":{"start":{"line":13,"column":0},"end":{"line":13,"column":22}},"13":{"start":{"line":14,"column":0},"end":{"line":14,"column":44}},"14":{"start":{"line":15,"column":0},"end":{"line":15,"column":2}},"16":{"start":{"line":17,"column":0},"end":{"line":17,"column":48}},"17":{"start":{"line":18,"column":0},"end":{"line":18,"column":77}},"18":{"start":{"line":19,"column":0},"end":{"line":19,"column":2}},"20":{"start":{"line":21,"column":0},"end":{"line":21,"column":104}},"21":{"start":{"line":22,"column":0},"end":{"line":22,"column":66}},"22":{"start":{"line":23,"column":0},"end":{"line":23,"column":2}},"24":{"start":{"line":25,"column":0},"end":{"line":25,"column":1}}},"s":{"2":1,"4":1,"6":1,"8":1,"9":3,"10":3,"12":1,"13":2,"14":2,"16":1,"17":1,"18":1,"20":1,"21":1,"22":1,"24":1},"branchMap":{"0":{"type":"branch","line":7,"loc":{"start":{"line":7,"column":1},"end":{"line":7,"column":54}},"locations":[{"start":{"line":7,"column":1},"end":{"line":7,"column":54}}]},"1":{"type":"branch","line":9,"loc":{"start":{"line":9,"column":1},"end":{"line":11,"column":2}},"locations":[{"start":{"line":9,"column":1},"end":{"line":11,"column":2}}]},"2":{"type":"branch","line":13,"loc":{"start":{"line":13,"column":1},"end":{"line":15,"column":2}},"locations":[{"start":{"line":13,"column":1},"end":{"line":15,"column":2}}]},"3":{"type":"branch","line":17,"loc":{"start":{"line":17,"column":1},"end":{"line":19,"column":2}},"locations":[{"start":{"line":17,"column":1},"end":{"line":19,"column":2}}]},"4":{"type":"branch","line":18,"loc":{"start":{"line":18,"column":35},"end":{"line":18,"column":76}},"locations":[{"start":{"line":18,"column":35},"end":{"line":18,"column":76}}]},"5":{"type":"branch","line":21,"loc":{"start":{"line":21,"column":8},"end":{"line":23,"column":2}},"locations":[{"start":{"line":21,"column":8},"end":{"line":23,"column":2}}]},"6":{"type":"branch","line":22,"loc":{"start":{"line":22,"column":22},"end":{"line":22,"column":65}},"locations":[{"start":{"line":22,"column":22},"end":{"line":22,"column":65}}]}},"b":{"0":[3],"1":[3],"2":[2],"3":[1],"4":[1],"5":[1],"6":[1]},"fnMap":{"0":{"name":"DocumentSymbolAdapter","decl":{"start":{"line":7,"column":1},"end":{"line":7,"column":54}},"loc":{"start":{"line":7,"column":1},"end":{"line":7,"column":54}},"line":7},"1":{"name":"get name","decl":{"start":{"line":9,"column":1},"end":{"line":11,"column":2}},"loc":{"start":{"line":9,"column":1},"end":{"line":11,"column":2}},"line":9},"2":{"name":"get range","decl":{"start":{"line":13,"column":1},"end":{"line":15,"column":2}},"loc":{"start":{"line":13,"column":1},"end":{"line":15,"column":2}},"line":13},"3":{"name":"get children","decl":{"start":{"line":17,"column":1},"end":{"line":19,"column":2}},"loc":{"start":{"line":17,"column":1},"end":{"line":19,"column":2}},"line":17},"4":{"name":"fromVSCodeSymbols","decl":{"start":{"line":21,"column":8},"end":{"line":23,"column":2}},"loc":{"start":{"line":21,"column":8},"end":{"line":23,"column":2}},"line":21}},"f":{"0":3,"1":3,"2":2,"3":1,"4":1}}
,"D:\\_dev\\!Projects\\_fux\\_FocusedUX\\libs\\shared\\src\\vscode\\adapters\\Env.adapter.ts": {"path":"D:\\_dev\\!Projects\\_fux\\_FocusedUX\\libs\\shared\\src\\vscode\\adapters\\Env.adapter.ts","all":false,"statementMap":{"0":{"start":{"line":1,"column":0},"end":{"line":1,"column":32}},"3":{"start":{"line":4,"column":0},"end":{"line":4,"column":41}},"5":{"start":{"line":6,"column":0},"end":{"line":6,"column":30}},"6":{"start":{"line":7,"column":0},"end":{"line":7,"column":31}},"7":{"start":{"line":8,"column":0},"end":{"line":8,"column":2}},"9":{"start":{"line":10,"column":0},"end":{"line":10,"column":1}},"11":{"start":{"line":12,"column":0},"end":{"line":12,"column":53}},"13":{"start":{"line":14,"column":0},"end":{"line":14,"column":36}},"14":{"start":{"line":15,"column":0},"end":{"line":15,"column":46}},"15":{"start":{"line":16,"column":0},"end":{"line":16,"column":2}},"17":{"start":{"line":18,"column":0},"end":{"line":18,"column":47}},"18":{"start":{"line":19,"column":0},"end":{"line":19,"column":51}},"19":{"start":{"line":20,"column":0},"end":{"line":20,"column":2}},"21":{"start":{"line":22,"column":0},"end":{"line":22,"column":1}}},"s":{"0":1,"3":1,"5":1,"6":1,"7":1,"9":1,"11":1,"13":1,"14":1,"15":1,"17":1,"18":1,"19":1,"21":1},"branchMap":{"0":{"type":"branch","line":6,"loc":{"start":{"line":6,"column":1},"end":{"line":8,"column":2}},"locations":[{"start":{"line":6,"column":1},"end":{"line":8,"column":2}}]},"1":{"type":"branch","line":14,"loc":{"start":{"line":14,"column":1},"end":{"line":16,"column":2}},"locations":[{"start":{"line":14,"column":1},"end":{"line":16,"column":2}}]},"2":{"type":"branch","line":18,"loc":{"start":{"line":18,"column":1},"end":{"line":20,"column":2}},"locations":[{"start":{"line":18,"column":1},"end":{"line":20,"column":2}}]}},"b":{"0":[1],"1":[1],"2":[1]},"fnMap":{"0":{"name":"get clipboard","decl":{"start":{"line":6,"column":1},"end":{"line":8,"column":2}},"loc":{"start":{"line":6,"column":1},"end":{"line":8,"column":2}},"line":6},"1":{"name":"readText","decl":{"start":{"line":14,"column":1},"end":{"line":16,"column":2}},"loc":{"start":{"line":14,"column":1},"end":{"line":16,"column":2}},"line":14},"2":{"name":"writeText","decl":{"start":{"line":18,"column":1},"end":{"line":20,"column":2}},"loc":{"start":{"line":18,"column":1},"end":{"line":20,"column":2}},"line":18}},"f":{"0":1,"1":1,"2":1}}
,"D:\\_dev\\!Projects\\_fux\\_FocusedUX\\libs\\shared\\src\\vscode\\adapters\\EventEmitter.adapter.ts": {"path":"D:\\_dev\\!Projects\\_fux\\_FocusedUX\\libs\\shared\\src\\vscode\\adapters\\EventEmitter.adapter.ts","all":false,"statementMap":{"0":{"start":{"line":1,"column":0},"end":{"line":1,"column":32}},"3":{"start":{"line":4,"column":0},"end":{"line":4,"column":71}},"5":{"start":{"line":6,"column":0},"end":{"line":6,"column":40}},"7":{"start":{"line":8,"column":0},"end":{"line":8,"column":16}},"8":{"start":{"line":9,"column":0},"end":{"line":9,"column":45}},"9":{"start":{"line":10,"column":0},"end":{"line":10,"column":2}},"11":{"start":{"line":12,"column":0},"end":{"line":12,"column":31}},"12":{"start":{"line":13,"column":0},"end":{"line":13,"column":27}},"13":{"start":{"line":14,"column":0},"end":{"line":14,"column":2}},"15":{"start":{"line":16,"column":0},"end":{"line":16,"column":22}},"16":{"start":{"line":17,"column":0},"end":{"line":17,"column":25}},"17":{"start":{"line":18,"column":0},"end":{"line":18,"column":2}},"19":{"start":{"line":20,"column":0},"end":{"line":20,"column":18}},"20":{"start":{"line":21,"column":0},"end":{"line":21,"column":24}},"21":{"start":{"line":22,"column":0},"end":{"line":22,"column":2}},"23":{"start":{"line":24,"column":0},"end":{"line":24,"column":1}}},"s":{"0":1,"3":1,"5":1,"7":1,"8":1,"9":1,"11":1,"12":1,"13":1,"15":1,"16":1,"17":1,"19":1,"20":1,"21":1,"23":1},"branchMap":{"0":{"type":"branch","line":4,"loc":{"start":{"line":4,"column":70},"end":{"line":24,"column":1}},"locations":[{"start":{"line":4,"column":70},"end":{"line":24,"column":1}}]},"1":{"type":"branch","line":8,"loc":{"start":{"line":8,"column":1},"end":{"line":10,"column":2}},"locations":[{"start":{"line":8,"column":1},"end":{"line":10,"column":2}}]},"2":{"type":"branch","line":12,"loc":{"start":{"line":12,"column":1},"end":{"line":14,"column":2}},"locations":[{"start":{"line":12,"column":1},"end":{"line":14,"column":2}}]},"3":{"type":"branch","line":16,"loc":{"start":{"line":16,"column":1},"end":{"line":18,"column":2}},"locations":[{"start":{"line":16,"column":1},"end":{"line":18,"column":2}}]},"4":{"type":"branch","line":20,"loc":{"start":{"line":20,"column":1},"end":{"line":22,"column":2}},"locations":[{"start":{"line":20,"column":1},"end":{"line":22,"column":2}}]}},"b":{"0":[1],"1":[1],"2":[1],"3":[1],"4":[1]},"fnMap":{"0":{"name":"<instance_members_initializer>","decl":{"start":{"line":4,"column":70},"end":{"line":24,"column":1}},"loc":{"start":{"line":4,"column":70},"end":{"line":24,"column":1}},"line":4},"1":{"name":"EventEmitterAdapter","decl":{"start":{"line":8,"column":1},"end":{"line":10,"column":2}},"loc":{"start":{"line":8,"column":1},"end":{"line":10,"column":2}},"line":8},"2":{"name":"get event","decl":{"start":{"line":12,"column":1},"end":{"line":14,"column":2}},"loc":{"start":{"line":12,"column":1},"end":{"line":14,"column":2}},"line":12},"3":{"name":"fire","decl":{"start":{"line":16,"column":1},"end":{"line":18,"column":2}},"loc":{"start":{"line":16,"column":1},"end":{"line":18,"column":2}},"line":16},"4":{"name":"dispose","decl":{"start":{"line":20,"column":1},"end":{"line":22,"column":2}},"loc":{"start":{"line":20,"column":1},"end":{"line":22,"column":2}},"line":20}},"f":{"0":1,"1":1,"2":1,"3":1,"4":1}}
,"D:\\_dev\\!Projects\\_fux\\_FocusedUX\\libs\\shared\\src\\vscode\\adapters\\Extension.adapter.ts": {"path":"D:\\_dev\\!Projects\\_fux\\_FocusedUX\\libs\\shared\\src\\vscode\\adapters\\Extension.adapter.ts","all":false,"statementMap":{"0":{"start":{"line":1,"column":0},"end":{"line":1,"column":32}},"3":{"start":{"line":4,"column":0},"end":{"line":4,"column":67}},"5":{"start":{"line":6,"column":0},"end":{"line":6,"column":57}},"7":{"start":{"line":8,"column":0},"end":{"line":8,"column":22}},"8":{"start":{"line":9,"column":0},"end":{"line":9,"column":35}},"9":{"start":{"line":10,"column":0},"end":{"line":10,"column":2}},"11":{"start":{"line":12,"column":0},"end":{"line":12,"column":1}},"13":{"start":{"line":14,"column":0},"end":{"line":14,"column":59}},"15":{"start":{"line":16,"column":0},"end":{"line":16,"column":47}},"16":{"start":{"line":17,"column":0},"end":{"line":17,"column":80}},"17":{"start":{"line":18,"column":0},"end":{"line":18,"column":2}},"19":{"start":{"line":20,"column":0},"end":{"line":20,"column":62}},"20":{"start":{"line":21,"column":0},"end":{"line":21,"column":64}},"21":{"start":{"line":22,"column":0},"end":{"line":22,"column":2}},"23":{"start":{"line":24,"column":0},"end":{"line":24,"column":75}},"24":{"start":{"line":25,"column":0},"end":{"line":25,"column":59}},"25":{"start":{"line":26,"column":0},"end":{"line":26,"column":2}},"27":{"start":{"line":28,"column":0},"end":{"line":28,"column":48}},"28":{"start":{"line":29,"column":0},"end":{"line":29,"column":50}},"29":{"start":{"line":30,"column":0},"end":{"line":30,"column":2}},"31":{"start":{"line":32,"column":0},"end":{"line":32,"column":70}},"32":{"start":{"line":33,"column":0},"end":{"line":33,"column":63}},"33":{"start":{"line":34,"column":0},"end":{"line":34,"column":2}},"35":{"start":{"line":36,"column":0},"end":{"line":36,"column":1}}},"s":{"0":1,"3":1,"5":1,"7":1,"8":0,"9":0,"11":1,"13":1,"15":1,"16":0,"17":0,"19":1,"20":0,"21":0,"23":1,"24":0,"25":0,"27":1,"28":0,"29":0,"31":1,"32":0,"33":0,"35":1},"branchMap":{},"b":{},"fnMap":{"0":{"name":"ExtensionContextAdapter","decl":{"start":{"line":6,"column":1},"end":{"line":6,"column":57}},"loc":{"start":{"line":6,"column":1},"end":{"line":6,"column":57}},"line":6},"1":{"name":"get subscriptions","decl":{"start":{"line":8,"column":1},"end":{"line":10,"column":2}},"loc":{"start":{"line":8,"column":1},"end":{"line":10,"column":2}},"line":8},"2":{"name":"registerTreeDataProvider","decl":{"start":{"line":16,"column":1},"end":{"line":18,"column":2}},"loc":{"start":{"line":16,"column":1},"end":{"line":18,"column":2}},"line":16},"3":{"name":"registerWebviewViewProvider","decl":{"start":{"line":20,"column":1},"end":{"line":22,"column":2}},"loc":{"start":{"line":20,"column":1},"end":{"line":22,"column":2}},"line":20},"4":{"name":"registerCommand","decl":{"start":{"line":24,"column":1},"end":{"line":26,"column":2}},"loc":{"start":{"line":24,"column":1},"end":{"line":26,"column":2}},"line":24},"5":{"name":"createTreeView","decl":{"start":{"line":28,"column":1},"end":{"line":30,"column":2}},"loc":{"start":{"line":28,"column":1},"end":{"line":30,"column":2}},"line":28},"6":{"name":"executeCommand","decl":{"start":{"line":32,"column":1},"end":{"line":34,"column":2}},"loc":{"start":{"line":32,"column":1},"end":{"line":34,"column":2}},"line":32}},"f":{"0":0,"1":0,"2":0,"3":0,"4":0,"5":0,"6":0}}
,"D:\\_dev\\!Projects\\_fux\\_FocusedUX\\libs\\shared\\src\\vscode\\adapters\\Extensions.adapter.ts": {"path":"D:\\_dev\\!Projects\\_fux\\_FocusedUX\\libs\\shared\\src\\vscode\\adapters\\Extensions.adapter.ts","all":false,"statementMap":{"0":{"start":{"line":1,"column":0},"end":{"line":1,"column":32}},"3":{"start":{"line":4,"column":0},"end":{"line":4,"column":55}},"5":{"start":{"line":6,"column":0},"end":{"line":6,"column":12}},"6":{"start":{"line":7,"column":0},"end":{"line":7,"column":30}},"7":{"start":{"line":8,"column":0},"end":{"line":8,"column":2}},"9":{"start":{"line":10,"column":0},"end":{"line":10,"column":1}}},"s":{"0":1,"3":1,"5":1,"6":1,"7":1,"9":1},"branchMap":{"0":{"type":"branch","line":6,"loc":{"start":{"line":6,"column":1},"end":{"line":8,"column":2}},"locations":[{"start":{"line":6,"column":1},"end":{"line":8,"column":2}}]}},"b":{"0":[1]},"fnMap":{"0":{"name":"get all","decl":{"start":{"line":6,"column":1},"end":{"line":8,"column":2}},"loc":{"start":{"line":6,"column":1},"end":{"line":8,"column":2}},"line":6}},"f":{"0":1}}
,"D:\\_dev\\!Projects\\_fux\\_FocusedUX\\libs\\shared\\src\\vscode\\adapters\\FileSystem.adapter.ts": {"path":"D:\\_dev\\!Projects\\_fux\\_FocusedUX\\libs\\shared\\src\\vscode\\adapters\\FileSystem.adapter.ts","all":false,"statementMap":{"1":{"start":{"line":2,"column":0},"end":{"line":2,"column":38}},"3":{"start":{"line":4,"column":0},"end":{"line":4,"column":55}},"5":{"start":{"line":6,"column":0},"end":{"line":6,"column":54}},"6":{"start":{"line":7,"column":0},"end":{"line":7,"column":35}},"8":{"start":{"line":9,"column":0},"end":{"line":9,"column":10}},"9":{"start":{"line":10,"column":0},"end":{"line":10,"column":52}},"10":{"start":{"line":11,"column":0},"end":{"line":11,"column":20}},"11":{"start":{"line":12,"column":0},"end":{"line":12,"column":3}},"12":{"start":{"line":13,"column":0},"end":{"line":13,"column":2}},"14":{"start":{"line":15,"column":0},"end":{"line":15,"column":45}},"15":{"start":{"line":16,"column":0},"end":{"line":16,"column":24}},"16":{"start":{"line":17,"column":0},"end":{"line":17,"column":2}},"18":{"start":{"line":19,"column":0},"end":{"line":19,"column":60}},"19":{"start":{"line":20,"column":0},"end":{"line":20,"column":31}},"20":{"start":{"line":21,"column":0},"end":{"line":21,"column":2}},"22":{"start":{"line":23,"column":0},"end":{"line":23,"column":49}},"23":{"start":{"line":24,"column":0},"end":{"line":24,"column":35}},"24":{"start":{"line":25,"column":0},"end":{"line":25,"column":2}},"26":{"start":{"line":27,"column":0},"end":{"line":27,"column":65}},"27":{"start":{"line":28,"column":0},"end":{"line":28,"column":44}},"28":{"start":{"line":29,"column":0},"end":{"line":29,"column":2}},"30":{"start":{"line":31,"column":0},"end":{"line":31,"column":69}},"31":{"start":{"line":32,"column":0},"end":{"line":32,"column":36}},"32":{"start":{"line":33,"column":0},"end":{"line":33,"column":2}},"34":{"start":{"line":35,"column":0},"end":{"line":35,"column":60}},"35":{"start":{"line":36,"column":0},"end":{"line":36,"column":79}},"36":{"start":{"line":37,"column":0},"end":{"line":37,"column":7}},"37":{"start":{"line":38,"column":0},"end":{"line":38,"column":44}},"38":{"start":{"line":39,"column":0},"end":{"line":39,"column":78}},"39":{"start":{"line":40,"column":0},"end":{"line":40,"column":3}},"40":{"start":{"line":41,"column":0},"end":{"line":41,"column":17}},"41":{"start":{"line":42,"column":0},"end":{"line":42,"column":81}},"42":{"start":{"line":43,"column":0},"end":{"line":43,"column":14}},"43":{"start":{"line":44,"column":0},"end":{"line":44,"column":3}},"44":{"start":{"line":45,"column":0},"end":{"line":45,"column":2}},"46":{"start":{"line":47,"column":0},"end":{"line":47,"column":1}}},"s":{"1":1,"3":1,"5":1,"6":1,"8":1,"9":1,"10":1,"11":1,"12":1,"14":1,"15":1,"16":1,"18":1,"19":1,"20":1,"22":1,"23":1,"24":1,"26":1,"27":1,"28":1,"30":1,"31":1,"32":1,"34":1,"35":2,"36":2,"37":2,"38":1,"39":1,"40":1,"41":1,"42":1,"43":1,"44":2,"46":1},"branchMap":{"0":{"type":"branch","line":6,"loc":{"start":{"line":6,"column":1},"end":{"line":13,"column":2}},"locations":[{"start":{"line":6,"column":1},"end":{"line":13,"column":2}}]},"1":{"type":"branch","line":10,"loc":{"start":{"line":10,"column":27},"end":{"line":10,"column":45}},"locations":[{"start":{"line":10,"column":27},"end":{"line":10,"column":45}}]},"2":{"type":"branch","line":15,"loc":{"start":{"line":15,"column":8},"end":{"line":17,"column":2}},"locations":[{"start":{"line":15,"column":8},"end":{"line":17,"column":2}}]},"3":{"type":"branch","line":19,"loc":{"start":{"line":19,"column":8},"end":{"line":21,"column":2}},"locations":[{"start":{"line":19,"column":8},"end":{"line":21,"column":2}}]},"4":{"type":"branch","line":23,"loc":{"start":{"line":23,"column":8},"end":{"line":25,"column":2}},"locations":[{"start":{"line":23,"column":8},"end":{"line":25,"column":2}}]},"5":{"type":"branch","line":27,"loc":{"start":{"line":27,"column":8},"end":{"line":29,"column":2}},"locations":[{"start":{"line":27,"column":8},"end":{"line":29,"column":2}}]},"6":{"type":"branch","line":31,"loc":{"start":{"line":31,"column":8},"end":{"line":33,"column":2}},"locations":[{"start":{"line":31,"column":8},"end":{"line":33,"column":2}}]},"7":{"type":"branch","line":35,"loc":{"start":{"line":35,"column":1},"end":{"line":45,"column":2}},"locations":[{"start":{"line":35,"column":1},"end":{"line":45,"column":2}}]},"8":{"type":"branch","line":38,"loc":{"start":{"line":38,"column":43},"end":{"line":44,"column":3}},"locations":[{"start":{"line":38,"column":43},"end":{"line":44,"column":3}}]}},"b":{"0":[1],"1":[0],"2":[1],"3":[1],"4":[1],"5":[1],"6":[1],"7":[2],"8":[1]},"fnMap":{"0":{"name":"stat","decl":{"start":{"line":6,"column":1},"end":{"line":13,"column":2}},"loc":{"start":{"line":6,"column":1},"end":{"line":13,"column":2}},"line":6},"1":{"name":"access","decl":{"start":{"line":15,"column":8},"end":{"line":17,"column":2}},"loc":{"start":{"line":15,"column":8},"end":{"line":17,"column":2}},"line":15},"2":{"name":"copyFile","decl":{"start":{"line":19,"column":8},"end":{"line":21,"column":2}},"loc":{"start":{"line":19,"column":8},"end":{"line":21,"column":2}},"line":19},"3":{"name":"readFile","decl":{"start":{"line":23,"column":8},"end":{"line":25,"column":2}},"loc":{"start":{"line":23,"column":8},"end":{"line":25,"column":2}},"line":23},"4":{"name":"readDirectory","decl":{"start":{"line":27,"column":8},"end":{"line":29,"column":2}},"loc":{"start":{"line":27,"column":8},"end":{"line":29,"column":2}},"line":27},"5":{"name":"writeFile","decl":{"start":{"line":31,"column":8},"end":{"line":33,"column":2}},"loc":{"start":{"line":31,"column":8},"end":{"line":33,"column":2}},"line":31},"6":{"name":"createDirectory","decl":{"start":{"line":35,"column":1},"end":{"line":45,"column":2}},"loc":{"start":{"line":35,"column":1},"end":{"line":45,"column":2}},"line":35}},"f":{"0":1,"1":1,"2":1,"3":1,"4":1,"5":1,"6":2}}
,"D:\\_dev\\!Projects\\_fux\\_FocusedUX\\libs\\shared\\src\\vscode\\adapters\\FileType.adapter.ts": {"path":"D:\\_dev\\!Projects\\_fux\\_FocusedUX\\libs\\shared\\src\\vscode\\adapters\\FileType.adapter.ts","all":false,"statementMap":{"0":{"start":{"line":1,"column":0},"end":{"line":1,"column":32}},"3":{"start":{"line":4,"column":0},"end":{"line":4,"column":51}},"5":{"start":{"line":6,"column":0},"end":{"line":6,"column":57}},"6":{"start":{"line":7,"column":0},"end":{"line":7,"column":51}},"7":{"start":{"line":8,"column":0},"end":{"line":8,"column":61}},"8":{"start":{"line":9,"column":0},"end":{"line":9,"column":67}},"10":{"start":{"line":11,"column":0},"end":{"line":11,"column":1}}},"s":{"0":1,"3":1,"5":1,"6":1,"7":1,"8":1,"10":1},"branchMap":{"0":{"type":"branch","line":6,"loc":{"start":{"line":6,"column":1},"end":{"line":6,"column":57}},"locations":[{"start":{"line":6,"column":1},"end":{"line":6,"column":57}}]},"1":{"type":"branch","line":7,"loc":{"start":{"line":7,"column":1},"end":{"line":7,"column":51}},"locations":[{"start":{"line":7,"column":1},"end":{"line":7,"column":51}}]},"2":{"type":"branch","line":8,"loc":{"start":{"line":8,"column":1},"end":{"line":8,"column":61}},"locations":[{"start":{"line":8,"column":1},"end":{"line":8,"column":61}}]},"3":{"type":"branch","line":9,"loc":{"start":{"line":9,"column":1},"end":{"line":9,"column":67}},"locations":[{"start":{"line":9,"column":1},"end":{"line":9,"column":67}}]}},"b":{"0":[1],"1":[1],"2":[1],"3":[1]},"fnMap":{"0":{"name":"get Unknown","decl":{"start":{"line":6,"column":1},"end":{"line":6,"column":57}},"loc":{"start":{"line":6,"column":1},"end":{"line":6,"column":57}},"line":6},"1":{"name":"get File","decl":{"start":{"line":7,"column":1},"end":{"line":7,"column":51}},"loc":{"start":{"line":7,"column":1},"end":{"line":7,"column":51}},"line":7},"2":{"name":"get Directory","decl":{"start":{"line":8,"column":1},"end":{"line":8,"column":61}},"loc":{"start":{"line":8,"column":1},"end":{"line":8,"column":61}},"line":8},"3":{"name":"get SymbolicLink","decl":{"start":{"line":9,"column":1},"end":{"line":9,"column":67}},"loc":{"start":{"line":9,"column":1},"end":{"line":9,"column":67}},"line":9}},"f":{"0":1,"1":1,"2":1,"3":1}}
,"D:\\_dev\\!Projects\\_fux\\_FocusedUX\\libs\\shared\\src\\vscode\\adapters\\Path.adapter.ts": {"path":"D:\\_dev\\!Projects\\_fux\\_FocusedUX\\libs\\shared\\src\\vscode\\adapters\\Path.adapter.ts","all":false,"statementMap":{"0":{"start":{"line":1,"column":0},"end":{"line":1,"column":68}},"3":{"start":{"line":4,"column":0},"end":{"line":4,"column":43}},"5":{"start":{"line":6,"column":0},"end":{"line":6,"column":35}},"6":{"start":{"line":7,"column":0},"end":{"line":7,"column":23}},"7":{"start":{"line":8,"column":0},"end":{"line":8,"column":2}},"9":{"start":{"line":10,"column":0},"end":{"line":10,"column":33}},"10":{"start":{"line":11,"column":0},"end":{"line":11,"column":23}},"11":{"start":{"line":12,"column":0},"end":{"line":12,"column":2}},"13":{"start":{"line":14,"column":0},"end":{"line":14,"column":53}},"14":{"start":{"line":15,"column":0},"end":{"line":15,"column":20}},"15":{"start":{"line":16,"column":0},"end":{"line":16,"column":2}},"17":{"start":{"line":18,"column":0},"end":{"line":18,"column":32}},"18":{"start":{"line":19,"column":0},"end":{"line":19,"column":22}},"19":{"start":{"line":20,"column":0},"end":{"line":20,"column":2}},"21":{"start":{"line":22,"column":0},"end":{"line":22,"column":45}},"22":{"start":{"line":23,"column":0},"end":{"line":23,"column":27}},"23":{"start":{"line":24,"column":0},"end":{"line":24,"column":2}},"25":{"start":{"line":26,"column":0},"end":{"line":26,"column":1}}},"s":{"0":1,"3":1,"5":1,"6":1,"7":1,"9":1,"10":1,"11":1,"13":1,"14":1,"15":1,"17":1,"18":1,"19":1,"21":1,"22":1,"23":1,"25":1},"branchMap":{"0":{"type":"branch","line":6,"loc":{"start":{"line":6,"column":1},"end":{"line":8,"column":2}},"locations":[{"start":{"line":6,"column":1},"end":{"line":8,"column":2}}]},"1":{"type":"branch","line":10,"loc":{"start":{"line":10,"column":1},"end":{"line":12,"column":2}},"locations":[{"start":{"line":10,"column":1},"end":{"line":12,"column":2}}]},"2":{"type":"branch","line":14,"loc":{"start":{"line":14,"column":1},"end":{"line":16,"column":2}},"locations":[{"start":{"line":14,"column":1},"end":{"line":16,"column":2}}]},"3":{"type":"branch","line":18,"loc":{"start":{"line":18,"column":1},"end":{"line":20,"column":2}},"locations":[{"start":{"line":18,"column":1},"end":{"line":20,"column":2}}]},"4":{"type":"branch","line":22,"loc":{"start":{"line":22,"column":1},"end":{"line":24,"column":2}},"locations":[{"start":{"line":22,"column":1},"end":{"line":24,"column":2}}]}},"b":{"0":[1],"1":[1],"2":[1],"3":[1],"4":[1]},"fnMap":{"0":{"name":"join","decl":{"start":{"line":6,"column":1},"end":{"line":8,"column":2}},"loc":{"start":{"line":6,"column":1},"end":{"line":8,"column":2}},"line":6},"1":{"name":"basename","decl":{"start":{"line":10,"column":1},"end":{"line":12,"column":2}},"loc":{"start":{"line":10,"column":1},"end":{"line":12,"column":2}},"line":10},"2":{"name":"parse","decl":{"start":{"line":14,"column":1},"end":{"line":16,"column":2}},"loc":{"start":{"line":14,"column":1},"end":{"line":16,"column":2}},"line":14},"3":{"name":"dirname","decl":{"start":{"line":18,"column":1},"end":{"line":20,"column":2}},"loc":{"start":{"line":18,"column":1},"end":{"line":20,"column":2}},"line":18},"4":{"name":"relative","decl":{"start":{"line":22,"column":1},"end":{"line":24,"column":2}},"loc":{"start":{"line":22,"column":1},"end":{"line":24,"column":2}},"line":22}},"f":{"0":1,"1":1,"2":1,"3":1,"4":1}}
,"D:\\_dev\\!Projects\\_fux\\_FocusedUX\\libs\\shared\\src\\vscode\\adapters\\PathUtils.adapter.ts": {"path":"D:\\_dev\\!Projects\\_fux\\_FocusedUX\\libs\\shared\\src\\vscode\\adapters\\PathUtils.adapter.ts","all":false,"statementMap":{"1":{"start":{"line":2,"column":0},"end":{"line":2,"column":33}},"3":{"start":{"line":4,"column":0},"end":{"line":4,"column":60}},"5":{"start":{"line":6,"column":0},"end":{"line":6,"column":69}},"6":{"start":{"line":7,"column":0},"end":{"line":7,"column":75}},"7":{"start":{"line":8,"column":0},"end":{"line":8,"column":87}},"8":{"start":{"line":9,"column":0},"end":{"line":9,"column":19}},"9":{"start":{"line":10,"column":0},"end":{"line":10,"column":3}},"11":{"start":{"line":12,"column":0},"end":{"line":12,"column":47}},"12":{"start":{"line":13,"column":0},"end":{"line":13,"column":87}},"13":{"start":{"line":14,"column":0},"end":{"line":14,"column":19}},"14":{"start":{"line":15,"column":0},"end":{"line":15,"column":3}},"16":{"start":{"line":17,"column":0},"end":{"line":17,"column":7}},"17":{"start":{"line":18,"column":0},"end":{"line":18,"column":33}},"19":{"start":{"line":20,"column":0},"end":{"line":20,"column":50}},"21":{"start":{"line":22,"column":0},"end":{"line":22,"column":23}},"22":{"start":{"line":23,"column":0},"end":{"line":23,"column":20}},"23":{"start":{"line":24,"column":0},"end":{"line":24,"column":4}},"26":{"start":{"line":27,"column":0},"end":{"line":27,"column":61}},"28":{"start":{"line":29,"column":0},"end":{"line":29,"column":66}},"29":{"start":{"line":30,"column":0},"end":{"line":30,"column":3}},"30":{"start":{"line":31,"column":0},"end":{"line":31,"column":17}},"31":{"start":{"line":32,"column":0},"end":{"line":32,"column":84}},"32":{"start":{"line":33,"column":0},"end":{"line":33,"column":19}},"33":{"start":{"line":34,"column":0},"end":{"line":34,"column":3}},"34":{"start":{"line":35,"column":0},"end":{"line":35,"column":2}},"36":{"start":{"line":37,"column":0},"end":{"line":37,"column":47}},"39":{"start":{"line":40,"column":0},"end":{"line":40,"column":48}},"40":{"start":{"line":41,"column":0},"end":{"line":41,"column":80}},"41":{"start":{"line":42,"column":0},"end":{"line":42,"column":12}},"42":{"start":{"line":43,"column":0},"end":{"line":43,"column":3}},"44":{"start":{"line":45,"column":0},"end":{"line":45,"column":61}},"47":{"start":{"line":48,"column":0},"end":{"line":48,"column":46}},"48":{"start":{"line":49,"column":0},"end":{"line":49,"column":82}},"49":{"start":{"line":50,"column":0},"end":{"line":50,"column":13}},"50":{"start":{"line":51,"column":0},"end":{"line":51,"column":3}},"52":{"start":{"line":53,"column":0},"end":{"line":53,"column":18}},"53":{"start":{"line":54,"column":0},"end":{"line":54,"column":2}},"55":{"start":{"line":56,"column":0},"end":{"line":56,"column":1}}},"s":{"1":1,"3":1,"5":1,"6":6,"7":4,"8":4,"9":4,"11":6,"12":0,"13":0,"14":0,"16":2,"17":2,"19":2,"21":6,"22":0,"23":0,"26":2,"28":6,"29":6,"30":0,"31":0,"32":0,"33":0,"34":6,"36":1,"39":3,"40":1,"41":1,"42":1,"44":2,"47":3,"48":1,"49":1,"50":1,"52":1,"53":3,"55":1},"branchMap":{"0":{"type":"branch","line":6,"loc":{"start":{"line":6,"column":8},"end":{"line":35,"column":2}},"locations":[{"start":{"line":6,"column":8},"end":{"line":35,"column":2}}]},"1":{"type":"branch","line":7,"loc":{"start":{"line":7,"column":7},"end":{"line":7,"column":22}},"locations":[{"start":{"line":7,"column":7},"end":{"line":7,"column":22}}]},"2":{"type":"branch","line":7,"loc":{"start":{"line":7,"column":16},"end":{"line":7,"column":50}},"locations":[{"start":{"line":7,"column":16},"end":{"line":7,"column":50}}]},"3":{"type":"branch","line":7,"loc":{"start":{"line":7,"column":38},"end":{"line":7,"column":74}},"locations":[{"start":{"line":7,"column":38},"end":{"line":7,"column":74}}]},"4":{"type":"branch","line":7,"loc":{"start":{"line":7,"column":74},"end":{"line":10,"column":3}},"locations":[{"start":{"line":7,"column":74},"end":{"line":10,"column":3}}]},"5":{"type":"branch","line":10,"loc":{"start":{"line":10,"column":2},"end":{"line":12,"column":46}},"locations":[{"start":{"line":10,"column":2},"end":{"line":12,"column":46}}]},"6":{"type":"branch","line":12,"loc":{"start":{"line":12,"column":46},"end":{"line":15,"column":3}},"locations":[{"start":{"line":12,"column":46},"end":{"line":15,"column":3}}]},"7":{"type":"branch","line":15,"loc":{"start":{"line":15,"column":2},"end":{"line":22,"column":22}},"locations":[{"start":{"line":15,"column":2},"end":{"line":22,"column":22}}]},"8":{"type":"branch","line":22,"loc":{"start":{"line":22,"column":22},"end":{"line":24,"column":4}},"locations":[{"start":{"line":22,"column":22},"end":{"line":24,"column":4}}]},"9":{"type":"branch","line":24,"loc":{"start":{"line":24,"column":3},"end":{"line":29,"column":38}},"locations":[{"start":{"line":24,"column":3},"end":{"line":29,"column":38}}]},"10":{"type":"branch","line":29,"loc":{"start":{"line":29,"column":34},"end":{"line":29,"column":50}},"locations":[{"start":{"line":29,"column":34},"end":{"line":29,"column":50}}]},"11":{"type":"branch","line":29,"loc":{"start":{"line":29,"column":38},"end":{"line":29,"column":66}},"locations":[{"start":{"line":29,"column":38},"end":{"line":29,"column":66}}]},"12":{"type":"branch","line":30,"loc":{"start":{"line":30,"column":2},"end":{"line":34,"column":3}},"locations":[{"start":{"line":30,"column":2},"end":{"line":34,"column":3}}]},"13":{"type":"branch","line":37,"loc":{"start":{"line":37,"column":8},"end":{"line":54,"column":2}},"locations":[{"start":{"line":37,"column":8},"end":{"line":54,"column":2}}]},"14":{"type":"branch","line":40,"loc":{"start":{"line":40,"column":7},"end":{"line":40,"column":47}},"locations":[{"start":{"line":40,"column":7},"end":{"line":40,"column":47}}]},"15":{"type":"branch","line":40,"loc":{"start":{"line":40,"column":47},"end":{"line":43,"column":3}},"locations":[{"start":{"line":40,"column":47},"end":{"line":43,"column":3}}]},"16":{"type":"branch","line":43,"loc":{"start":{"line":43,"column":2},"end":{"line":48,"column":45}},"locations":[{"start":{"line":43,"column":2},"end":{"line":48,"column":45}}]},"17":{"type":"branch","line":48,"loc":{"start":{"line":48,"column":45},"end":{"line":53,"column":18}},"locations":[{"start":{"line":48,"column":45},"end":{"line":53,"column":18}}]}},"b":{"0":[6],"1":[4],"2":[2],"3":[2],"4":[4],"5":[2],"6":[0],"7":[2],"8":[0],"9":[2],"10":[1],"11":[1],"12":[0],"13":[3],"14":[2],"15":[1],"16":[2],"17":[1]},"fnMap":{"0":{"name":"getDottedPath","decl":{"start":{"line":6,"column":8},"end":{"line":35,"column":2}},"loc":{"start":{"line":6,"column":8},"end":{"line":35,"column":2}},"line":6},"1":{"name":"sanitizePath","decl":{"start":{"line":37,"column":8},"end":{"line":54,"column":2}},"loc":{"start":{"line":37,"column":8},"end":{"line":54,"column":2}},"line":37}},"f":{"0":6,"1":3}}
,"D:\\_dev\\!Projects\\_fux\\_FocusedUX\\libs\\shared\\src\\vscode\\adapters\\Position.adapter.ts": {"path":"D:\\_dev\\!Projects\\_fux\\_FocusedUX\\libs\\shared\\src\\vscode\\adapters\\Position.adapter.ts","all":false,"statementMap":{"0":{"start":{"line":1,"column":0},"end":{"line":1,"column":33}},"3":{"start":{"line":4,"column":0},"end":{"line":4,"column":51}},"5":{"start":{"line":6,"column":0},"end":{"line":6,"column":42}},"6":{"start":{"line":7,"column":0},"end":{"line":7,"column":38}},"7":{"start":{"line":8,"column":0},"end":{"line":8,"column":2}},"9":{"start":{"line":10,"column":0},"end":{"line":10,"column":1}}},"s":{"0":1,"3":1,"5":1,"6":1,"7":1,"9":1},"branchMap":{"0":{"type":"branch","line":6,"loc":{"start":{"line":6,"column":1},"end":{"line":8,"column":2}},"locations":[{"start":{"line":6,"column":1},"end":{"line":8,"column":2}}]}},"b":{"0":[1]},"fnMap":{"0":{"name":"create","decl":{"start":{"line":6,"column":1},"end":{"line":8,"column":2}},"loc":{"start":{"line":6,"column":1},"end":{"line":8,"column":2}},"line":6}},"f":{"0":1}}
,"D:\\_dev\\!Projects\\_fux\\_FocusedUX\\libs\\shared\\src\\vscode\\adapters\\Process.adapter.ts": {"path":"D:\\_dev\\!Projects\\_fux\\_FocusedUX\\libs\\shared\\src\\vscode\\adapters\\Process.adapter.ts","all":false,"statementMap":{"0":{"start":{"line":1,"column":0},"end":{"line":1,"column":41}},"4":{"start":{"line":5,"column":0},"end":{"line":5,"column":49}},"6":{"start":{"line":7,"column":0},"end":{"line":7,"column":46}},"8":{"start":{"line":9,"column":0},"end":{"line":9,"column":13}},"9":{"start":{"line":10,"column":0},"end":{"line":10,"column":18}},"10":{"start":{"line":11,"column":0},"end":{"line":11,"column":27}},"11":{"start":{"line":12,"column":0},"end":{"line":12,"column":74}},"12":{"start":{"line":13,"column":0},"end":{"line":13,"column":10}},"13":{"start":{"line":14,"column":0},"end":{"line":14,"column":34}},"14":{"start":{"line":15,"column":0},"end":{"line":15,"column":2}},"16":{"start":{"line":17,"column":0},"end":{"line":17,"column":48}},"17":{"start":{"line":18,"column":0},"end":{"line":18,"column":57}},"18":{"start":{"line":19,"column":0},"end":{"line":19,"column":2}},"20":{"start":{"line":21,"column":0},"end":{"line":21,"column":1}}},"s":{"0":1,"4":1,"6":1,"8":1,"9":1,"10":1,"11":1,"12":1,"13":1,"14":1,"16":1,"17":1,"18":1,"20":1},"branchMap":{"0":{"type":"branch","line":7,"loc":{"start":{"line":7,"column":1},"end":{"line":7,"column":46}},"locations":[{"start":{"line":7,"column":1},"end":{"line":7,"column":46}}]},"1":{"type":"branch","line":9,"loc":{"start":{"line":9,"column":8},"end":{"line":15,"column":2}},"locations":[{"start":{"line":9,"column":8},"end":{"line":15,"column":2}}]},"2":{"type":"branch","line":17,"loc":{"start":{"line":17,"column":8},"end":{"line":19,"column":2}},"locations":[{"start":{"line":17,"column":8},"end":{"line":19,"column":2}}]}},"b":{"0":[1],"1":[1],"2":[1]},"fnMap":{"0":{"name":"ProcessAdapter","decl":{"start":{"line":7,"column":1},"end":{"line":7,"column":46}},"loc":{"start":{"line":7,"column":1},"end":{"line":7,"column":46}},"line":7},"1":{"name":"exec","decl":{"start":{"line":9,"column":8},"end":{"line":15,"column":2}},"loc":{"start":{"line":9,"column":8},"end":{"line":15,"column":2}},"line":9},"2":{"name":"getWorkspaceRoot","decl":{"start":{"line":17,"column":8},"end":{"line":19,"column":2}},"loc":{"start":{"line":17,"column":8},"end":{"line":19,"column":2}},"line":17}},"f":{"0":1,"1":1,"2":1}}
,"D:\\_dev\\!Projects\\_fux\\_FocusedUX\\libs\\shared\\src\\vscode\\adapters\\Progress.adapter.ts": {"path":"D:\\_dev\\!Projects\\_fux\\_FocusedUX\\libs\\shared\\src\\vscode\\adapters\\Progress.adapter.ts","all":false,"statementMap":{"0":{"start":{"line":1,"column":0},"end":{"line":1,"column":32}},"3":{"start":{"line":4,"column":0},"end":{"line":4,"column":30}},"5":{"start":{"line":6,"column":0},"end":{"line":6,"column":30}},"6":{"start":{"line":7,"column":0},"end":{"line":7,"column":28}},"7":{"start":{"line":8,"column":0},"end":{"line":8,"column":44}},"8":{"start":{"line":9,"column":0},"end":{"line":9,"column":16}},"9":{"start":{"line":10,"column":0},"end":{"line":10,"column":56}},"10":{"start":{"line":11,"column":0},"end":{"line":11,"column":2}},"12":{"start":{"line":13,"column":0},"end":{"line":13,"column":1}}},"s":{"0":1,"3":1,"5":1,"6":1,"7":1,"8":1,"9":1,"10":1,"12":1},"branchMap":{"0":{"type":"branch","line":6,"loc":{"start":{"line":6,"column":1},"end":{"line":11,"column":2}},"locations":[{"start":{"line":6,"column":1},"end":{"line":11,"column":2}}]}},"b":{"0":[1]},"fnMap":{"0":{"name":"withProgress","decl":{"start":{"line":6,"column":1},"end":{"line":11,"column":2}},"loc":{"start":{"line":6,"column":1},"end":{"line":11,"column":2}},"line":6}},"f":{"0":1}}
,"D:\\_dev\\!Projects\\_fux\\_FocusedUX\\libs\\shared\\src\\vscode\\adapters\\QuickPick.adapter.ts": {"path":"D:\\_dev\\!Projects\\_fux\\_FocusedUX\\libs\\shared\\src\\vscode\\adapters\\QuickPick.adapter.ts","all":false,"statementMap":{"0":{"start":{"line":1,"column":0},"end":{"line":1,"column":32}},"3":{"start":{"line":4,"column":0},"end":{"line":4,"column":53}},"5":{"start":{"line":6,"column":0},"end":{"line":6,"column":77}},"6":{"start":{"line":7,"column":0},"end":{"line":7,"column":13}},"7":{"start":{"line":8,"column":0},"end":{"line":8,"column":12}},"12":{"start":{"line":13,"column":0},"end":{"line":13,"column":17}},"13":{"start":{"line":14,"column":0},"end":{"line":14,"column":31}},"14":{"start":{"line":15,"column":0},"end":{"line":15,"column":42}},"15":{"start":{"line":16,"column":0},"end":{"line":16,"column":21}},"16":{"start":{"line":17,"column":0},"end":{"line":17,"column":33}},"17":{"start":{"line":18,"column":0},"end":{"line":18,"column":27}},"18":{"start":{"line":19,"column":0},"end":{"line":19,"column":27}},"19":{"start":{"line":20,"column":0},"end":{"line":20,"column":5}},"21":{"start":{"line":22,"column":0},"end":{"line":22,"column":67}},"22":{"start":{"line":23,"column":0},"end":{"line":23,"column":36}},"23":{"start":{"line":24,"column":0},"end":{"line":24,"column":50}},"24":{"start":{"line":25,"column":0},"end":{"line":25,"column":40}},"25":{"start":{"line":26,"column":0},"end":{"line":26,"column":4}},"27":{"start":{"line":28,"column":0},"end":{"line":28,"column":23}},"28":{"start":{"line":29,"column":0},"end":{"line":29,"column":2}},"30":{"start":{"line":31,"column":0},"end":{"line":31,"column":1}}},"s":{"0":1,"3":1,"5":1,"6":1,"7":1,"12":1,"13":1,"14":1,"15":2,"16":2,"17":2,"18":2,"19":1,"21":1,"22":1,"23":1,"24":1,"25":1,"27":1,"28":1,"30":1},"branchMap":{"0":{"type":"branch","line":6,"loc":{"start":{"line":6,"column":1},"end":{"line":29,"column":2}},"locations":[{"start":{"line":6,"column":1},"end":{"line":29,"column":2}}]},"1":{"type":"branch","line":15,"loc":{"start":{"line":15,"column":32},"end":{"line":20,"column":4}},"locations":[{"start":{"line":15,"column":32},"end":{"line":20,"column":4}}]}},"b":{"0":[1],"1":[2]},"fnMap":{"0":{"name":"showQuickPickSingle","decl":{"start":{"line":6,"column":1},"end":{"line":29,"column":2}},"loc":{"start":{"line":6,"column":1},"end":{"line":29,"column":2}},"line":6}},"f":{"0":1}}
,"D:\\_dev\\!Projects\\_fux\\_FocusedUX\\libs\\shared\\src\\vscode\\adapters\\Range.adapter.ts": {"path":"D:\\_dev\\!Projects\\_fux\\_FocusedUX\\libs\\shared\\src\\vscode\\adapters\\Range.adapter.ts","all":false,"statementMap":{"0":{"start":{"line":1,"column":0},"end":{"line":1,"column":32}},"3":{"start":{"line":4,"column":0},"end":{"line":4,"column":45}},"5":{"start":{"line":6,"column":0},"end":{"line":6,"column":44}},"7":{"start":{"line":8,"column":0},"end":{"line":8,"column":25}},"8":{"start":{"line":9,"column":0},"end":{"line":9,"column":10}},"9":{"start":{"line":10,"column":0},"end":{"line":10,"column":67}},"10":{"start":{"line":11,"column":0},"end":{"line":11,"column":3}},"11":{"start":{"line":12,"column":0},"end":{"line":12,"column":2}},"13":{"start":{"line":14,"column":0},"end":{"line":14,"column":23}},"14":{"start":{"line":15,"column":0},"end":{"line":15,"column":10}},"15":{"start":{"line":16,"column":0},"end":{"line":16,"column":65}},"16":{"start":{"line":17,"column":0},"end":{"line":17,"column":3}},"17":{"start":{"line":18,"column":0},"end":{"line":18,"column":2}},"19":{"start":{"line":20,"column":0},"end":{"line":20,"column":70}},"20":{"start":{"line":21,"column":0},"end":{"line":21,"column":55}},"21":{"start":{"line":22,"column":0},"end":{"line":22,"column":2}},"23":{"start":{"line":24,"column":0},"end":{"line":24,"column":1}}},"s":{"0":1,"3":1,"5":1,"7":1,"8":2,"9":2,"10":2,"11":2,"13":1,"14":2,"15":2,"16":2,"17":2,"19":1,"20":1,"21":1,"23":1},"branchMap":{"0":{"type":"branch","line":6,"loc":{"start":{"line":6,"column":1},"end":{"line":6,"column":44}},"locations":[{"start":{"line":6,"column":1},"end":{"line":6,"column":44}}]},"1":{"type":"branch","line":8,"loc":{"start":{"line":8,"column":1},"end":{"line":12,"column":2}},"locations":[{"start":{"line":8,"column":1},"end":{"line":12,"column":2}}]},"2":{"type":"branch","line":10,"loc":{"start":{"line":10,"column":11},"end":{"line":10,"column":67}},"locations":[{"start":{"line":10,"column":11},"end":{"line":10,"column":67}}]},"3":{"type":"branch","line":14,"loc":{"start":{"line":14,"column":1},"end":{"line":18,"column":2}},"locations":[{"start":{"line":14,"column":1},"end":{"line":18,"column":2}}]},"4":{"type":"branch","line":16,"loc":{"start":{"line":16,"column":11},"end":{"line":16,"column":65}},"locations":[{"start":{"line":16,"column":11},"end":{"line":16,"column":65}}]},"5":{"type":"branch","line":20,"loc":{"start":{"line":20,"column":8},"end":{"line":22,"column":2}},"locations":[{"start":{"line":20,"column":8},"end":{"line":22,"column":2}}]}},"b":{"0":[3],"1":[2],"2":[2],"3":[2],"4":[2],"5":[1]},"fnMap":{"0":{"name":"RangeAdapter","decl":{"start":{"line":6,"column":1},"end":{"line":6,"column":44}},"loc":{"start":{"line":6,"column":1},"end":{"line":6,"column":44}},"line":6},"1":{"name":"get start","decl":{"start":{"line":8,"column":1},"end":{"line":12,"column":2}},"loc":{"start":{"line":8,"column":1},"end":{"line":12,"column":2}},"line":8},"2":{"name":"create","decl":{"start":{"line":10,"column":11},"end":{"line":10,"column":67}},"loc":{"start":{"line":10,"column":11},"end":{"line":10,"column":67}},"line":10},"3":{"name":"get end","decl":{"start":{"line":14,"column":1},"end":{"line":18,"column":2}},"loc":{"start":{"line":14,"column":1},"end":{"line":18,"column":2}},"line":14},"4":{"name":"create","decl":{"start":{"line":16,"column":11},"end":{"line":16,"column":65}},"loc":{"start":{"line":16,"column":11},"end":{"line":16,"column":65}},"line":16},"5":{"name":"create","decl":{"start":{"line":20,"column":8},"end":{"line":22,"column":2}},"loc":{"start":{"line":20,"column":8},"end":{"line":22,"column":2}},"line":20}},"f":{"0":3,"1":2,"2":2,"3":2,"4":2,"5":1}}
,"D:\\_dev\\!Projects\\_fux\\_FocusedUX\\libs\\shared\\src\\vscode\\adapters\\RelativePattern.adapter.ts": {"path":"D:\\_dev\\!Projects\\_fux\\_FocusedUX\\libs\\shared\\src\\vscode\\adapters\\RelativePattern.adapter.ts","all":false,"statementMap":{"0":{"start":{"line":1,"column":0},"end":{"line":1,"column":32}},"3":{"start":{"line":4,"column":0},"end":{"line":4,"column":65}},"5":{"start":{"line":6,"column":0},"end":{"line":6,"column":72}},"7":{"start":{"line":8,"column":0},"end":{"line":8,"column":62}},"8":{"start":{"line":9,"column":0},"end":{"line":9,"column":56}},"10":{"start":{"line":11,"column":0},"end":{"line":11,"column":65}},"11":{"start":{"line":12,"column":0},"end":{"line":12,"column":67}},"13":{"start":{"line":14,"column":0},"end":{"line":14,"column":52}},"14":{"start":{"line":15,"column":0},"end":{"line":15,"column":2}},"16":{"start":{"line":17,"column":0},"end":{"line":17,"column":1}}},"s":{"0":1,"3":1,"5":1,"7":1,"8":1,"10":1,"11":1,"13":1,"14":1,"16":1},"branchMap":{"0":{"type":"branch","line":6,"loc":{"start":{"line":6,"column":1},"end":{"line":6,"column":72}},"locations":[{"start":{"line":6,"column":1},"end":{"line":6,"column":72}}]},"1":{"type":"branch","line":8,"loc":{"start":{"line":8,"column":1},"end":{"line":8,"column":62}},"locations":[{"start":{"line":8,"column":1},"end":{"line":8,"column":62}}]},"2":{"type":"branch","line":9,"loc":{"start":{"line":9,"column":1},"end":{"line":9,"column":56}},"locations":[{"start":{"line":9,"column":1},"end":{"line":9,"column":56}}]},"3":{"type":"branch","line":11,"loc":{"start":{"line":11,"column":8},"end":{"line":15,"column":2}},"locations":[{"start":{"line":11,"column":8},"end":{"line":15,"column":2}}]}},"b":{"0":[2],"1":[1],"2":[1],"3":[1]},"fnMap":{"0":{"name":"RelativePatternAdapter","decl":{"start":{"line":6,"column":1},"end":{"line":6,"column":72}},"loc":{"start":{"line":6,"column":1},"end":{"line":6,"column":72}},"line":6},"1":{"name":"get pattern","decl":{"start":{"line":8,"column":1},"end":{"line":8,"column":62}},"loc":{"start":{"line":8,"column":1},"end":{"line":8,"column":62}},"line":8},"2":{"name":"get base","decl":{"start":{"line":9,"column":1},"end":{"line":9,"column":56}},"loc":{"start":{"line":9,"column":1},"end":{"line":9,"column":56}},"line":9},"3":{"name":"create","decl":{"start":{"line":11,"column":8},"end":{"line":15,"column":2}},"loc":{"start":{"line":11,"column":8},"end":{"line":15,"column":2}},"line":11}},"f":{"0":2,"1":1,"2":1,"3":1}}
,"D:\\_dev\\!Projects\\_fux\\_FocusedUX\\libs\\shared\\src\\vscode\\adapters\\Terminal.adapter.ts": {"path":"D:\\_dev\\!Projects\\_fux\\_FocusedUX\\libs\\shared\\src\\vscode\\adapters\\Terminal.adapter.ts","all":false,"statementMap":{"0":{"start":{"line":1,"column":0},"end":{"line":1,"column":32}},"3":{"start":{"line":4,"column":0},"end":{"line":4,"column":59}},"5":{"start":{"line":6,"column":0},"end":{"line":6,"column":53}},"6":{"start":{"line":7,"column":0},"end":{"line":7,"column":37}},"7":{"start":{"line":8,"column":0},"end":{"line":8,"column":2}},"9":{"start":{"line":10,"column":0},"end":{"line":10,"column":49}},"10":{"start":{"line":11,"column":0},"end":{"line":11,"column":43}},"11":{"start":{"line":12,"column":0},"end":{"line":12,"column":2}},"13":{"start":{"line":14,"column":0},"end":{"line":14,"column":1}}},"s":{"0":1,"3":1,"5":1,"6":1,"7":1,"9":1,"10":1,"11":1,"13":1},"branchMap":{"0":{"type":"branch","line":6,"loc":{"start":{"line":6,"column":1},"end":{"line":8,"column":2}},"locations":[{"start":{"line":6,"column":1},"end":{"line":8,"column":2}}]},"1":{"type":"branch","line":10,"loc":{"start":{"line":10,"column":8},"end":{"line":12,"column":2}},"locations":[{"start":{"line":10,"column":8},"end":{"line":12,"column":2}}]}},"b":{"0":[1],"1":[1]},"fnMap":{"0":{"name":"get activeTerminal","decl":{"start":{"line":6,"column":1},"end":{"line":8,"column":2}},"loc":{"start":{"line":6,"column":1},"end":{"line":8,"column":2}},"line":6},"1":{"name":"createTerminal","decl":{"start":{"line":10,"column":8},"end":{"line":12,"column":2}},"loc":{"start":{"line":10,"column":8},"end":{"line":12,"column":2}},"line":10}},"f":{"0":1,"1":1}}
,"D:\\_dev\\!Projects\\_fux\\_FocusedUX\\libs\\shared\\src\\vscode\\adapters\\TextDocument.adapter.ts": {"path":"D:\\_dev\\!Projects\\_fux\\_FocusedUX\\libs\\shared\\src\\vscode\\adapters\\TextDocument.adapter.ts","all":false,"statementMap":{"2":{"start":{"line":3,"column":0},"end":{"line":3,"column":45}},"4":{"start":{"line":5,"column":0},"end":{"line":5,"column":59}},"6":{"start":{"line":7,"column":0},"end":{"line":7,"column":54}},"8":{"start":{"line":9,"column":0},"end":{"line":9,"column":18}},"9":{"start":{"line":10,"column":0},"end":{"line":10,"column":42}},"10":{"start":{"line":11,"column":0},"end":{"line":11,"column":2}},"12":{"start":{"line":13,"column":0},"end":{"line":13,"column":20}},"13":{"start":{"line":14,"column":0},"end":{"line":14,"column":32}},"14":{"start":{"line":15,"column":0},"end":{"line":15,"column":2}},"16":{"start":{"line":17,"column":0},"end":{"line":17,"column":40}},"17":{"start":{"line":18,"column":0},"end":{"line":18,"column":51}},"19":{"start":{"line":20,"column":0},"end":{"line":20,"column":10}},"20":{"start":{"line":21,"column":0},"end":{"line":21,"column":59}},"21":{"start":{"line":22,"column":0},"end":{"line":22,"column":3}},"22":{"start":{"line":23,"column":0},"end":{"line":23,"column":2}},"24":{"start":{"line":25,"column":0},"end":{"line":25,"column":30}},"25":{"start":{"line":26,"column":0},"end":{"line":26,"column":28}},"26":{"start":{"line":27,"column":0},"end":{"line":27,"column":2}},"28":{"start":{"line":29,"column":0},"end":{"line":29,"column":1}}},"s":{"2":1,"4":1,"6":1,"8":1,"9":1,"10":1,"12":1,"13":1,"14":1,"16":1,"17":1,"19":1,"20":1,"21":1,"22":1,"24":1,"25":1,"26":1,"28":1},"branchMap":{"0":{"type":"branch","line":7,"loc":{"start":{"line":7,"column":1},"end":{"line":7,"column":54}},"locations":[{"start":{"line":7,"column":1},"end":{"line":7,"column":54}}]},"1":{"type":"branch","line":9,"loc":{"start":{"line":9,"column":1},"end":{"line":11,"column":2}},"locations":[{"start":{"line":9,"column":1},"end":{"line":11,"column":2}}]},"2":{"type":"branch","line":13,"loc":{"start":{"line":13,"column":1},"end":{"line":15,"column":2}},"locations":[{"start":{"line":13,"column":1},"end":{"line":15,"column":2}}]},"3":{"type":"branch","line":17,"loc":{"start":{"line":17,"column":1},"end":{"line":23,"column":2}},"locations":[{"start":{"line":17,"column":1},"end":{"line":23,"column":2}}]},"4":{"type":"branch","line":21,"loc":{"start":{"line":21,"column":11},"end":{"line":21,"column":59}},"locations":[{"start":{"line":21,"column":11},"end":{"line":21,"column":59}}]},"5":{"type":"branch","line":25,"loc":{"start":{"line":25,"column":1},"end":{"line":27,"column":2}},"locations":[{"start":{"line":25,"column":1},"end":{"line":27,"column":2}}]}},"b":{"0":[2],"1":[1],"2":[1],"3":[1],"4":[1],"5":[1]},"fnMap":{"0":{"name":"TextDocumentAdapter","decl":{"start":{"line":7,"column":1},"end":{"line":7,"column":54}},"loc":{"start":{"line":7,"column":1},"end":{"line":7,"column":54}},"line":7},"1":{"name":"get uri","decl":{"start":{"line":9,"column":1},"end":{"line":11,"column":2}},"loc":{"start":{"line":9,"column":1},"end":{"line":11,"column":2}},"line":9},"2":{"name":"getText","decl":{"start":{"line":13,"column":1},"end":{"line":15,"column":2}},"loc":{"start":{"line":13,"column":1},"end":{"line":15,"column":2}},"line":13},"3":{"name":"positionAt","decl":{"start":{"line":17,"column":1},"end":{"line":23,"column":2}},"loc":{"start":{"line":17,"column":1},"end":{"line":23,"column":2}},"line":17},"4":{"name":"create","decl":{"start":{"line":21,"column":11},"end":{"line":21,"column":59}},"loc":{"start":{"line":21,"column":11},"end":{"line":21,"column":59}},"line":21},"5":{"name":"save","decl":{"start":{"line":25,"column":1},"end":{"line":27,"column":2}},"loc":{"start":{"line":25,"column":1},"end":{"line":27,"column":2}},"line":25}},"f":{"0":2,"1":1,"2":1,"3":1,"4":1,"5":1}}
,"D:\\_dev\\!Projects\\_fux\\_FocusedUX\\libs\\shared\\src\\vscode\\adapters\\TextEditor.adapter.ts": {"path":"D:\\_dev\\!Projects\\_fux\\_FocusedUX\\libs\\shared\\src\\vscode\\adapters\\TextEditor.adapter.ts","all":false,"statementMap":{"0":{"start":{"line":1,"column":0},"end":{"line":1,"column":32}},"3":{"start":{"line":4,"column":0},"end":{"line":4,"column":55}},"5":{"start":{"line":6,"column":0},"end":{"line":6,"column":50}},"7":{"start":{"line":8,"column":0},"end":{"line":8,"column":82}},"8":{"start":{"line":9,"column":0},"end":{"line":9,"column":50}},"9":{"start":{"line":10,"column":0},"end":{"line":10,"column":54}},"11":{"start":{"line":12,"column":0},"end":{"line":12,"column":24}},"12":{"start":{"line":13,"column":0},"end":{"line":13,"column":4}},"13":{"start":{"line":14,"column":0},"end":{"line":14,"column":2}},"15":{"start":{"line":16,"column":0},"end":{"line":16,"column":1}},"17":{"start":{"line":18,"column":0},"end":{"line":18,"column":57}},"19":{"start":{"line":20,"column":0},"end":{"line":20,"column":59}},"21":{"start":{"line":22,"column":0},"end":{"line":22,"column":45}},"23":{"start":{"line":24,"column":0},"end":{"line":24,"column":39}},"24":{"start":{"line":25,"column":0},"end":{"line":25,"column":37}},"25":{"start":{"line":26,"column":0},"end":{"line":26,"column":35}},"26":{"start":{"line":27,"column":0},"end":{"line":27,"column":3}},"28":{"start":{"line":29,"column":0},"end":{"line":29,"column":45}},"29":{"start":{"line":30,"column":0},"end":{"line":30,"column":2}},"31":{"start":{"line":32,"column":0},"end":{"line":32,"column":1}}},"s":{"0":1,"3":1,"5":1,"7":1,"8":1,"9":1,"11":1,"12":1,"13":1,"15":1,"17":1,"19":1,"21":1,"23":1,"24":1,"25":1,"26":1,"28":1,"29":1,"31":1},"branchMap":{"0":{"type":"branch","line":6,"loc":{"start":{"line":6,"column":1},"end":{"line":6,"column":50}},"locations":[{"start":{"line":6,"column":1},"end":{"line":6,"column":50}}]},"1":{"type":"branch","line":8,"loc":{"start":{"line":8,"column":1},"end":{"line":14,"column":2}},"locations":[{"start":{"line":8,"column":1},"end":{"line":14,"column":2}}]},"2":{"type":"branch","line":9,"loc":{"start":{"line":9,"column":32},"end":{"line":13,"column":3}},"locations":[{"start":{"line":9,"column":32},"end":{"line":13,"column":3}}]},"3":{"type":"branch","line":20,"loc":{"start":{"line":20,"column":1},"end":{"line":20,"column":59}},"locations":[{"start":{"line":20,"column":1},"end":{"line":20,"column":59}}]},"4":{"type":"branch","line":22,"loc":{"start":{"line":22,"column":1},"end":{"line":30,"column":2}},"locations":[{"start":{"line":22,"column":1},"end":{"line":30,"column":2}}]}},"b":{"0":[1],"1":[1],"2":[1],"3":[1],"4":[1]},"fnMap":{"0":{"name":"TextEditorAdapter","decl":{"start":{"line":6,"column":1},"end":{"line":6,"column":50}},"loc":{"start":{"line":6,"column":1},"end":{"line":6,"column":50}},"line":6},"1":{"name":"edit","decl":{"start":{"line":8,"column":1},"end":{"line":14,"column":2}},"loc":{"start":{"line":8,"column":1},"end":{"line":14,"column":2}},"line":8},"2":{"name":"EditBuilderAdapter","decl":{"start":{"line":20,"column":1},"end":{"line":20,"column":59}},"loc":{"start":{"line":20,"column":1},"end":{"line":20,"column":59}},"line":20},"3":{"name":"replace","decl":{"start":{"line":22,"column":1},"end":{"line":30,"column":2}},"loc":{"start":{"line":22,"column":1},"end":{"line":30,"column":2}},"line":22}},"f":{"0":1,"1":1,"2":1,"3":1}}
,"D:\\_dev\\!Projects\\_fux\\_FocusedUX\\libs\\shared\\src\\vscode\\adapters\\TreeDataProvider.adapter.ts": {"path":"D:\\_dev\\!Projects\\_fux\\_FocusedUX\\libs\\shared\\src\\vscode\\adapters\\TreeDataProvider.adapter.ts","all":false,"statementMap":{"0":{"start":{"line":1,"column":0},"end":{"line":1,"column":32}},"10":{"start":{"line":11,"column":0},"end":{"line":11,"column":84}},"12":{"start":{"line":13,"column":0},"end":{"line":13,"column":107}},"13":{"start":{"line":14,"column":0},"end":{"line":14,"column":99}},"14":{"start":{"line":15,"column":0},"end":{"line":15,"column":36}},"16":{"start":{"line":17,"column":0},"end":{"line":17,"column":13}},"17":{"start":{"line":18,"column":0},"end":{"line":18,"column":29}},"21":{"start":{"line":22,"column":0},"end":{"line":22,"column":68}},"22":{"start":{"line":23,"column":0},"end":{"line":23,"column":4}},"23":{"start":{"line":24,"column":0},"end":{"line":24,"column":69}},"24":{"start":{"line":25,"column":0},"end":{"line":25,"column":39}},"25":{"start":{"line":26,"column":0},"end":{"line":26,"column":4}},"26":{"start":{"line":27,"column":0},"end":{"line":27,"column":2}},"28":{"start":{"line":29,"column":0},"end":{"line":29,"column":12}},"29":{"start":{"line":30,"column":0},"end":{"line":30,"column":32}},"30":{"start":{"line":31,"column":0},"end":{"line":31,"column":37}},"31":{"start":{"line":32,"column":0},"end":{"line":32,"column":2}},"33":{"start":{"line":34,"column":0},"end":{"line":34,"column":43}},"34":{"start":{"line":35,"column":0},"end":{"line":35,"column":38}},"35":{"start":{"line":36,"column":0},"end":{"line":36,"column":2}},"37":{"start":{"line":38,"column":0},"end":{"line":38,"column":41}},"38":{"start":{"line":39,"column":0},"end":{"line":39,"column":42}},"39":{"start":{"line":40,"column":0},"end":{"line":40,"column":2}},"41":{"start":{"line":42,"column":0},"end":{"line":42,"column":1}}},"s":{"0":1,"10":1,"12":1,"13":1,"14":1,"16":1,"17":1,"21":1,"22":1,"23":1,"24":1,"25":1,"26":1,"28":1,"29":1,"30":1,"31":1,"33":1,"34":1,"35":1,"37":1,"38":1,"39":1,"41":1},"branchMap":{"0":{"type":"branch","line":11,"loc":{"start":{"line":11,"column":83},"end":{"line":42,"column":1}},"locations":[{"start":{"line":11,"column":83},"end":{"line":42,"column":1}}]},"1":{"type":"branch","line":17,"loc":{"start":{"line":17,"column":1},"end":{"line":27,"column":2}},"locations":[{"start":{"line":17,"column":1},"end":{"line":27,"column":2}}]},"2":{"type":"branch","line":24,"loc":{"start":{"line":24,"column":58},"end":{"line":26,"column":3}},"locations":[{"start":{"line":24,"column":58},"end":{"line":26,"column":3}}]},"3":{"type":"branch","line":29,"loc":{"start":{"line":29,"column":1},"end":{"line":32,"column":2}},"locations":[{"start":{"line":29,"column":1},"end":{"line":32,"column":2}}]},"4":{"type":"branch","line":34,"loc":{"start":{"line":34,"column":1},"end":{"line":36,"column":2}},"locations":[{"start":{"line":34,"column":1},"end":{"line":36,"column":2}}]},"5":{"type":"branch","line":38,"loc":{"start":{"line":38,"column":1},"end":{"line":40,"column":2}},"locations":[{"start":{"line":38,"column":1},"end":{"line":40,"column":2}}]}},"b":{"0":[1],"1":[1],"2":[1],"3":[1],"4":[1],"5":[1]},"fnMap":{"0":{"name":"<instance_members_initializer>","decl":{"start":{"line":11,"column":83},"end":{"line":42,"column":1}},"loc":{"start":{"line":11,"column":83},"end":{"line":42,"column":1}},"line":11},"1":{"name":"TreeDataProviderAdapter","decl":{"start":{"line":17,"column":1},"end":{"line":27,"column":2}},"loc":{"start":{"line":17,"column":1},"end":{"line":27,"column":2}},"line":17},"2":{"name":"dispose","decl":{"start":{"line":29,"column":1},"end":{"line":32,"column":2}},"loc":{"start":{"line":29,"column":1},"end":{"line":32,"column":2}},"line":29},"3":{"name":"getTreeItem","decl":{"start":{"line":34,"column":1},"end":{"line":36,"column":2}},"loc":{"start":{"line":34,"column":1},"end":{"line":36,"column":2}},"line":34},"4":{"name":"getChildren","decl":{"start":{"line":38,"column":1},"end":{"line":40,"column":2}},"loc":{"start":{"line":38,"column":1},"end":{"line":40,"column":2}},"line":38}},"f":{"0":1,"1":1,"2":1,"3":1,"4":1}}
,"D:\\_dev\\!Projects\\_fux\\_FocusedUX\\libs\\shared\\src\\vscode\\adapters\\TreeItem.adapter.ts": {"path":"D:\\_dev\\!Projects\\_fux\\_FocusedUX\\libs\\shared\\src\\vscode\\adapters\\TreeItem.adapter.ts","all":false,"statementMap":{"0":{"start":{"line":1,"column":0},"end":{"line":1,"column":32}},"2":{"start":{"line":3,"column":0},"end":{"line":3,"column":45}},"4":{"start":{"line":5,"column":0},"end":{"line":5,"column":51}},"6":{"start":{"line":7,"column":0},"end":{"line":7,"column":50}},"8":{"start":{"line":9,"column":0},"end":{"line":9,"column":86}},"9":{"start":{"line":10,"column":0},"end":{"line":10,"column":92}},"11":{"start":{"line":12,"column":0},"end":{"line":12,"column":38}},"12":{"start":{"line":13,"column":0},"end":{"line":13,"column":90}},"13":{"start":{"line":14,"column":0},"end":{"line":14,"column":2}},"15":{"start":{"line":16,"column":0},"end":{"line":16,"column":43}},"16":{"start":{"line":17,"column":0},"end":{"line":17,"column":75}},"17":{"start":{"line":18,"column":0},"end":{"line":18,"column":2}},"19":{"start":{"line":20,"column":0},"end":{"line":20,"column":85}},"20":{"start":{"line":21,"column":0},"end":{"line":21,"column":91}},"22":{"start":{"line":23,"column":0},"end":{"line":23,"column":91}},"23":{"start":{"line":24,"column":0},"end":{"line":24,"column":97}},"25":{"start":{"line":26,"column":0},"end":{"line":26,"column":77}},"26":{"start":{"line":27,"column":0},"end":{"line":27,"column":83}},"28":{"start":{"line":29,"column":0},"end":{"line":29,"column":41}},"29":{"start":{"line":30,"column":0},"end":{"line":30,"column":110}},"30":{"start":{"line":31,"column":0},"end":{"line":31,"column":2}},"32":{"start":{"line":33,"column":0},"end":{"line":33,"column":46}},"33":{"start":{"line":34,"column":0},"end":{"line":34,"column":84}},"34":{"start":{"line":35,"column":0},"end":{"line":35,"column":2}},"36":{"start":{"line":37,"column":0},"end":{"line":37,"column":110}},"37":{"start":{"line":38,"column":0},"end":{"line":38,"column":116}},"39":{"start":{"line":40,"column":0},"end":{"line":40,"column":15}},"40":{"start":{"line":41,"column":0},"end":{"line":41,"column":39}},"41":{"start":{"line":42,"column":0},"end":{"line":42,"column":52}},"42":{"start":{"line":43,"column":0},"end":{"line":43,"column":27}},"43":{"start":{"line":44,"column":0},"end":{"line":44,"column":15}},"44":{"start":{"line":45,"column":0},"end":{"line":45,"column":63}},"46":{"start":{"line":47,"column":0},"end":{"line":47,"column":20}},"47":{"start":{"line":48,"column":0},"end":{"line":48,"column":37}},"48":{"start":{"line":49,"column":0},"end":{"line":49,"column":3}},"49":{"start":{"line":50,"column":0},"end":{"line":50,"column":38}},"50":{"start":{"line":51,"column":0},"end":{"line":51,"column":2}},"53":{"start":{"line":54,"column":0},"end":{"line":54,"column":37}},"54":{"start":{"line":55,"column":0},"end":{"line":55,"column":22}},"55":{"start":{"line":56,"column":0},"end":{"line":56,"column":2}},"57":{"start":{"line":58,"column":0},"end":{"line":58,"column":1}},"59":{"start":{"line":60,"column":0},"end":{"line":60,"column":53}},"61":{"start":{"line":62,"column":0},"end":{"line":62,"column":60}},"63":{"start":{"line":64,"column":0},"end":{"line":64,"column":46}},"64":{"start":{"line":65,"column":0},"end":{"line":65,"column":39}},"65":{"start":{"line":66,"column":0},"end":{"line":66,"column":87}},"66":{"start":{"line":67,"column":0},"end":{"line":67,"column":2}},"68":{"start":{"line":69,"column":0},"end":{"line":69,"column":67}},"69":{"start":{"line":70,"column":0},"end":{"line":70,"column":51}},"71":{"start":{"line":72,"column":0},"end":{"line":72,"column":40}},"72":{"start":{"line":73,"column":0},"end":{"line":73,"column":2}},"74":{"start":{"line":75,"column":0},"end":{"line":75,"column":1}},"76":{"start":{"line":77,"column":0},"end":{"line":77,"column":55}},"78":{"start":{"line":79,"column":0},"end":{"line":79,"column":62}},"80":{"start":{"line":81,"column":0},"end":{"line":81,"column":47}},"82":{"start":{"line":83,"column":0},"end":{"line":83,"column":41}},"83":{"start":{"line":84,"column":0},"end":{"line":84,"column":46}},"85":{"start":{"line":86,"column":0},"end":{"line":86,"column":42}},"86":{"start":{"line":87,"column":0},"end":{"line":87,"column":2}},"88":{"start":{"line":89,"column":0},"end":{"line":89,"column":1}}},"s":{"0":1,"2":1,"4":1,"6":1,"8":1,"9":1,"11":1,"12":0,"13":0,"15":1,"16":0,"17":0,"19":1,"20":1,"22":1,"23":1,"25":1,"26":1,"28":1,"29":1,"30":1,"32":1,"33":1,"34":1,"36":1,"37":1,"39":1,"40":0,"41":0,"42":0,"43":0,"44":0,"46":0,"47":0,"48":0,"49":0,"50":0,"53":1,"54":1,"55":1,"57":1,"59":1,"61":1,"63":1,"64":1,"65":0,"66":0,"68":1,"69":1,"71":1,"72":1,"74":1,"76":1,"78":1,"80":1,"82":1,"83":0,"85":0,"86":0,"88":1},"branchMap":{"0":{"type":"branch","line":7,"loc":{"start":{"line":7,"column":1},"end":{"line":7,"column":50}},"locations":[{"start":{"line":7,"column":1},"end":{"line":7,"column":50}}]},"1":{"type":"branch","line":9,"loc":{"start":{"line":9,"column":1},"end":{"line":9,"column":86}},"locations":[{"start":{"line":9,"column":1},"end":{"line":9,"column":86}}]},"2":{"type":"branch","line":10,"loc":{"start":{"line":10,"column":1},"end":{"line":10,"column":92}},"locations":[{"start":{"line":10,"column":1},"end":{"line":10,"column":92}}]},"3":{"type":"branch","line":20,"loc":{"start":{"line":20,"column":1},"end":{"line":20,"column":85}},"locations":[{"start":{"line":20,"column":1},"end":{"line":20,"column":85}}]},"4":{"type":"branch","line":21,"loc":{"start":{"line":21,"column":1},"end":{"line":21,"column":91}},"locations":[{"start":{"line":21,"column":1},"end":{"line":21,"column":91}}]},"5":{"type":"branch","line":23,"loc":{"start":{"line":23,"column":1},"end":{"line":23,"column":91}},"locations":[{"start":{"line":23,"column":1},"end":{"line":23,"column":91}}]},"6":{"type":"branch","line":2
[...]
tart":{"line":127,"column":0},"end":{"line":127,"column":74}},"127":{"start":{"line":128,"column":0},"end":{"line":128,"column":39}},"128":{"start":{"line":129,"column":0},"end":{"line":129,"column":4}},"129":{"start":{"line":130,"column":0},"end":{"line":130,"column":21}},"130":{"start":{"line":131,"column":0},"end":{"line":131,"column":2}},"133":{"start":{"line":134,"column":0},"end":{"line":134,"column":94}},"134":{"start":{"line":135,"column":0},"end":{"line":135,"column":67}},"135":{"start":{"line":136,"column":0},"end":{"line":136,"column":48}},"136":{"start":{"line":137,"column":0},"end":{"line":137,"column":32}},"138":{"start":{"line":139,"column":0},"end":{"line":139,"column":38}},"139":{"start":{"line":140,"column":0},"end":{"line":140,"column":114}},"141":{"start":{"line":142,"column":0},"end":{"line":142,"column":43}},"142":{"start":{"line":143,"column":0},"end":{"line":143,"column":3}},"144":{"start":{"line":145,"column":0},"end":{"line":145,"column":75}},"145":{"start":{"line":146,"column":0},"end":{"line":146,"column":2}},"147":{"start":{"line":148,"column":0},"end":{"line":148,"column":85}},"148":{"start":{"line":149,"column":0},"end":{"line":149,"column":31}},"149":{"start":{"line":150,"column":0},"end":{"line":150,"column":18}},"150":{"start":{"line":151,"column":0},"end":{"line":151,"column":3}},"152":{"start":{"line":153,"column":0},"end":{"line":153,"column":75}},"153":{"start":{"line":154,"column":0},"end":{"line":154,"column":90}},"155":{"start":{"line":156,"column":0},"end":{"line":156,"column":31}},"156":{"start":{"line":157,"column":0},"end":{"line":157,"column":2}},"158":{"start":{"line":159,"column":0},"end":{"line":159,"column":1}}},"s":{"1":1,"4":1,"6":1,"8":1,"10":1,"12":1,"13":0,"14":0,"17":1,"18":0,"19":0,"21":1,"22":1,"23":1,"25":1,"26":0,"28":0,"29":0,"32":1,"33":2,"34":2,"36":2,"38":1,"39":1,"40":1,"42":1,"44":1,"45":1,"46":2,"48":1,"49":1,"50":1,"52":1,"53":1,"55":1,"56":1,"57":1,"59":1,"61":1,"62":1,"63":1,"64":0,"65":1,"67":1,"68":1,"69":1,"71":1,"72":1,"73":1,"75":1,"76":2,"77":2,"78":2,"79":2,"80":2,"81":2,"82":2,"83":2,"86":1,"87":2,"88":1,"89":1,"90":1,"91":1,"92":1,"93":2,"95":1,"96":1,"97":1,"100":1,"101":1,"102":1,"104":1,"105":0,"106":0,"108":0,"110":0,"111":0,"112":0,"113":0,"114":0,"115":0,"116":0,"118":1,"119":0,"120":0,"122":0,"124":0,"125":0,"126":0,"127":0,"128":0,"129":0,"130":0,"133":1,"134":1,"135":1,"136":1,"138":1,"139":1,"141":1,"142":1,"144":1,"145":1,"147":1,"148":0,"149":0,"150":0,"152":0,"153":0,"155":0,"156":0,"158":1},"branchMap":{"0":{"type":"branch","line":7,"loc":{"start":{"line":7,"column":69},"end":{"line":159,"column":1}},"locations":[{"start":{"line":7,"column":69},"end":{"line":159,"column":1}}]},"1":{"type":"branch","line":11,"loc":{"start":{"line":11,"column":1},"end":{"line":11,"column":77}},"locations":[{"start":{"line":11,"column":1},"end":{"line":11,"column":77}}]},"2":{"type":"branch","line":22,"loc":{"start":{"line":22,"column":1},"end":{"line":24,"column":2}},"locations":[{"start":{"line":22,"column":1},"end":{"line":24,"column":2}}]},"3":{"type":"branch","line":33,"loc":{"start":{"line":33,"column":1},"end":{"line":47,"column":2}},"locations":[{"start":{"line":33,"column":1},"end":{"line":47,"column":2}}]},"4":{"type":"branch","line":34,"loc":{"start":{"line":34,"column":55},"end":{"line":34,"column":67}},"locations":[{"start":{"line":34,"column":55},"end":{"line":34,"column":67}}]},"5":{"type":"branch","line":35,"loc":{"start":{"line":35,"column":39},"end":{"line":35,"column":48}},"locations":[{"start":{"line":35,"column":39},"end":{"line":35,"column":48}}]},"6":{"type":"branch","line":37,"loc":{"start":{"line":37,"column":41},"end":{"line":46,"column":3}},"locations":[{"start":{"line":37,"column":41},"end":{"line":46,"column":3}}]},"7":{"type":"branch","line":43,"loc":{"start":{"line":43,"column":58},"end":{"line":43,"column":67}},"locations":[{"start":{"line":43,"column":58},"end":{"line":43,"column":67}}]},"8":{"type":"branch","line":49,"loc":{"start":{"line":49,"column":1},"end":{"line":54,"column":2}},"locations":[{"start":{"line":49,"column":1},"end":{"line":54,"column":2}}]},"9":{"type":"branch","line":50,"loc":{"start":{"line":50,"column":55},"end":{"line":50,"column":67}},"locations":[{"start":{"line":50,"column":55},"end":{"line":50,"column":67}}]},"10":{"type":"branch","line":51,"loc":{"start":{"line":51,"column":39},"end":{"line":51,"column":48}},"locations":[{"start":{"line":51,"column":39},"end":{"line":51,"column":48}}]},"11":{"type":"branch","line":56,"loc":{"start":{"line":56,"column":1},"end":{"line":58,"column":2}},"locations":[{"start":{"line":56,"column":1},"end":{"line":58,"column":2}}]},"12":{"type":"branch","line":60,"loc":{"start":{"line":60,"column":1},"end":{"line":66,"column":2}},"locations":[{"start":{"line":60,"column":1},"end":{"line":66,"column":2}}]},"13":{"type":"branch","line":64,"loc":{"start":{"line":64,"column":2},"end":{"line":65,"column":50}},"locations":[{"start":{"line":64,"column":2},"end":{"line":65,"column":50}}]},"14":{"type":"branch","line":68,"loc":{"start":{"line":68,"column":8},"end":{"line":70,"column":2}},"locations":[{"start":{"line":68,"column":8},"end":{"line":70,"column":2}}]},"15":{"type":"branch","line":72,"loc":{"start":{"line":72,"column":8},"end":{"line":74,"column":2}},"locations":[{"start":{"line":72,"column":8},"end":{"line":74,"column":2}}]},"16":{"type":"branch","line":76,"loc":{"start":{"line":76,"column":1},"end":{"line":84,"column":2}},"locations":[{"start":{"line":76,"column":1},"end":{"line":84,"column":2}}]},"17":{"type":"branch","line":87,"loc":{"start":{"line":87,"column":8},"end":{"line":94,"column":2}},"locations":[{"start":{"line":87,"column":8},"end":{"line":94,"column":2}}]},"18":{"type":"branch","line":88,"loc":{"start":{"line":88,"column":29},"end":{"line":93,"column":3}},"locations":[{"start":{"line":88,"column":29},"end":{"line":93,"column":3}}]},"19":{"type":"branch","line":96,"loc":{"start":{"line":96,"column":8},"end":{"line":98,"column":2}},"locations":[{"start":{"line":96,"column":8},"end":{"line":98,"column":2}}]},"20":{"type":"branch","line":101,"loc":{"start":{"line":101,"column":8},"end":{"line":103,"column":2}},"locations":[{"start":{"line":101,"column":8},"end":{"line":103,"column":2}}]},"21":{"type":"branch","line":134,"loc":{"start":{"line":134,"column":1},"end":{"line":146,"column":2}},"locations":[{"start":{"line":134,"column":1},"end":{"line":146,"column":2}}]},"22":{"type":"branch","line":135,"loc":{"start":{"line":135,"column":55},"end":{"line":135,"column":67}},"locations":[{"start":{"line":135,"column":55},"end":{"line":135,"column":67}}]},"23":{"type":"branch","line":136,"loc":{"start":{"line":136,"column":39},"end":{"line":136,"column":48}},"locations":[{"start":{"line":136,"column":39},"end":{"line":136,"column":48}}]}},"b":{"0":[1],"1":[1],"2":[1],"3":[2],"4":[0],"5":[0],"6":[1],"7":[0],"8":[1],"9":[0],"10":[0],"11":[1],"12":[1],"13":[0],"14":[1],"15":[1],"16":[2],"17":[2],"18":[1],"19":[1],"20":[1],"21":[1],"22":[0],"23":[0]},"fnMap":{"0":{"name":"<instance_members_initializer>","decl":{"start":{"line":7,"column":69},"end":{"line":159,"column":1}},"loc":{"start":{"line":7,"column":69},"end":{"line":159,"column":1}},"line":7},"1":{"name":"WindowAdapter","decl":{"start":{"line":11,"column":1},"end":{"line":11,"column":77}},"loc":{"start":{"line":11,"column":1},"end":{"line":11,"column":77}},"line":11},"2":{"name":"setExplorerView","decl":{"start":{"line":13,"column":8},"end":{"line":15,"column":2}},"loc":{"start":{"line":13,"column":8},"end":{"line":15,"column":2}},"line":13},"3":{"name":"get activeTextEditor","decl":{"start":{"line":18,"column":1},"end":{"line":20,"column":2}},"loc":{"start":{"line":18,"column":1},"end":{"line":20,"column":2}},"line":18},"4":{"name":"get activeTextEditorUri","decl":{"start":{"line":22,"column":1},"end":{"line":24,"column":2}},"loc":{"start":{"line":22,"column":1},"end":{"line":24,"column":2}},"line":22},"5":{"name":"showErrorMessage","decl":{"start":{"line":26,"column":8},"end":{"line":30,"column":2}},"loc":{"start":{"line":26,"column":8},"end":{"line":30,"column":2}},"line":26},"6":{"name":"showInformationMessage","decl":{"start":{"line":33,"column":1},"end":{"line":47,"column":2}},"loc":{"start":{"line":33,"column":1},"end":{"line":47,"column":2}},"line":33},"7":{"name":"showWarningMessage","decl":{"start":{"line":49,"column":1},"end":{"line":54,"column":2}},"loc":{"start":{"line":49,"column":1},"end":{"line":54,"column":2}},"line":49},"8":{"name":"showInputBox","decl":{"start":{"line":56,"column":1},"end":{"line":58,"column":2}},"loc":{"start":{"line":56,"column":1},"end":{"line":58,"column":2}},"line":56},"9":{"name":"showTextDocument","decl":{"start":{"line":60,"column":1},"end":{"line":66,"column":2}},"loc":{"start":{"line":60,"column":1},"end":{"line":66,"column":2}},"line":60},"10":{"name":"createTreeView","decl":{"start":{"line":68,"column":8},"end":{"line":70,"column":2}},"loc":{"start":{"line":68,"column":8},"end":{"line":70,"column":2}},"line":68},"11":{"name":"registerTreeDataProvider","decl":{"start":{"line":72,"column":8},"end":{"line":74,"column":2}},"loc":{"start":{"line":72,"column":8},"end":{"line":74,"column":2}},"line":72},"12":{"name":"withProgress","decl":{"start":{"line":76,"column":1},"end":{"line":84,"column":2}},"loc":{"start":{"line":76,"column":1},"end":{"line":84,"column":2}},"line":76},"13":{"name":"setStatusBarMessage","decl":{"start":{"line":87,"column":8},"end":{"line":94,"column":2}},"loc":{"start":{"line":87,"column":8},"end":{"line":94,"column":2}},"line":87},"14":{"name":"registerUriHandler","decl":{"start":{"line":96,"column":8},"end":{"line":98,"column":2}},"loc":{"start":{"line":96,"column":8},"end":{"line":98,"column":2}},"line":96},"15":{"name":"setClipboard","decl":{"start":{"line":101,"column":8},"end":{"line":103,"column":2}},"loc":{"start":{"line":101,"column":8},"end":{"line":103,"column":2}},"line":101},"16":{"name":"showDropdownMessage","decl":{"start":{"line":105,"column":1},"end":{"line":117,"column":2}},"loc":{"start":{"line":105,"column":1},"end":{"line":117,"column":2}},"line":105},"17":{"name":"showDescriptionMessage","decl":{"start":{"line":119,"column":1},"end":{"line":131,"column":2}},"loc":{"start":{"line":119,"column":1},"end":{"line":131,"column":2}},"line":119},"18":{"name":"showTimedInformationMessage","decl":{"start":{"line":134,"column":1},"end":{"line":146,"column":2}},"loc":{"start":{"line":134,"column":1},"end":{"line":146,"column":2}},"line":134},"19":{"name":"_getDuration","decl":{"start":{"line":148,"column":1},"end":{"line":157,"column":2}},"loc":{"start":{"line":148,"column":1},"end":{"line":157,"column":2}},"line":148}},"f":{"0":1,"1":1,"2":0,"3":0,"4":1,"5":0,"6":2,"7":1,"8":1,"9":1,"10":1,"11":1,"12":2,"13":2,"14":1,"15":1,"16":0,"17":0,"18":1,"19":0}}
,"D:\\_dev\\!Projects\\_fux\\_FocusedUX\\libs\\shared\\src\\vscode\\adapters\\Workspace.adapter.ts": {"path":"D:\\_dev\\!Projects\\_fux\\_FocusedUX\\libs\\shared\\src\\vscode\\adapters\\Workspace.adapter.ts","all":false,"statementMap":{"1":{"start":{"line":2,"column":0},"end":{"line":2,"column":32}},"3":{"start":{"line":4,"column":0},"end":{"line":4,"column":63}},"5":{"start":{"line":6,"column":0},"end":{"line":6,"column":53}},"7":{"start":{"line":8,"column":0},"end":{"line":8,"column":68}},"8":{"start":{"line":9,"column":0},"end":{"line":9,"column":51}},"9":{"start":{"line":10,"column":0},"end":{"line":10,"column":2}},"11":{"start":{"line":12,"column":0},"end":{"line":12,"column":18}},"12":{"start":{"line":13,"column":0},"end":{"line":13,"column":28}},"13":{"start":{"line":14,"column":0},"end":{"line":14,"column":2}},"15":{"start":{"line":16,"column":0},"end":{"line":16,"column":32}},"16":{"start":{"line":17,"column":0},"end":{"line":17,"column":42}},"17":{"start":{"line":18,"column":0},"end":{"line":18,"column":2}},"19":{"start":{"line":20,"column":0},"end":{"line":20,"column":62}},"20":{"start":{"line":21,"column":0},"end":{"line":21,"column":60}},"21":{"start":{"line":22,"column":0},"end":{"line":22,"column":2}},"23":{"start":{"line":24,"column":0},"end":{"line":24,"column":74}},"24":{"start":{"line":25,"column":0},"end":{"line":25,"column":36}},"25":{"start":{"line":26,"column":0},"end":{"line":26,"column":59}},"26":{"start":{"line":27,"column":0},"end":{"line":27,"column":3}},"27":{"start":{"line":28,"column":0},"end":{"line":28,"column":8}},"29":{"start":{"line":30,"column":0},"end":{"line":30,"column":82}},"31":{"start":{"line":32,"column":0},"end":{"line":32,"column":65}},"32":{"start":{"line":33,"column":0},"end":{"line":33,"column":3}},"33":{"start":{"line":34,"column":0},"end":{"line":34,"column":2}},"35":{"start":{"line":36,"column":0},"end":{"line":36,"column":66}},"36":{"start":{"line":37,"column":0},"end":{"line":37,"column":63}},"38":{"start":{"line":39,"column":0},"end":{"line":39,"column":42}},"39":{"start":{"line":40,"column":0},"end":{"line":40,"column":2}},"41":{"start":{"line":42,"column":0},"end":{"line":42,"column":1}}},"s":{"1":1,"3":1,"5":1,"7":1,"8":1,"9":1,"11":1,"12":1,"13":1,"15":1,"16":1,"17":1,"19":1,"20":1,"21":1,"23":1,"24":2,"25":1,"26":1,"27":1,"29":1,"31":1,"32":1,"33":2,"35":1,"36":1,"38":1,"39":1,"41":1},"branchMap":{"0":{"type":"branch","line":8,"loc":{"start":{"line":8,"column":8},"end":{"line":10,"column":2}},"locations":[{"start":{"line":8,"column":8},"end":{"line":10,"column":2}}]},"1":{"type":"branch","line":12,"loc":{"start":{"line":12,"column":1},"end":{"line":14,"column":2}},"locations":[{"start":{"line":12,"column":1},"end":{"line":14,"column":2}}]},"2":{"type":"branch","line":16,"loc":{"start":{"line":16,"column":1},"end":{"line":18,"column":2}},"locations":[{"start":{"line":16,"column":1},"end":{"line":18,"column":2}}]},"3":{"type":"branch","line":20,"loc":{"start":{"line":20,"column":8},"end":{"line":22,"column":2}},"locations":[{"start":{"line":20,"column":8},"end":{"line":22,"column":2}}]},"4":{"type":"branch","line":24,"loc":{"start":{"line":24,"column":8},"end":{"line":34,"column":2}},"locations":[{"start":{"line":24,"column":8},"end":{"line":34,"column":2}}]},"5":{"type":"branch","line":25,"loc":{"start":{"line":25,"column":35},"end":{"line":33,"column":3}},"locations":[{"start":{"line":25,"column":35},"end":{"line":33,"column":3}}]},"6":{"type":"branch","line":36,"loc":{"start":{"line":36,"column":1},"end":{"line":40,"column":2}},"locations":[{"start":{"line":36,"column":1},"end":{"line":40,"column":2}}]}},"b":{"0":[1],"1":[1],"2":[1],"3":[1],"4":[2],"5":[1],"6":[1]},"fnMap":{"0":{"name":"getConfiguration","decl":{"start":{"line":8,"column":8},"end":{"line":10,"column":2}},"loc":{"start":{"line":8,"column":8},"end":{"line":10,"column":2}},"line":8},"1":{"name":"get fs","decl":{"start":{"line":12,"column":1},"end":{"line":14,"column":2}},"loc":{"start":{"line":12,"column":1},"end":{"line":14,"column":2}},"line":12},"2":{"name":"get workspaceFolders","decl":{"start":{"line":16,"column":1},"end":{"line":18,"column":2}},"loc":{"start":{"line":16,"column":1},"end":{"line":18,"column":2}},"line":16},"3":{"name":"onDidChangeConfiguration","decl":{"start":{"line":20,"column":8},"end":{"line":22,"column":2}},"loc":{"start":{"line":20,"column":8},"end":{"line":22,"column":2}},"line":20},"4":{"name":"createFileSystemWatcher","decl":{"start":{"line":24,"column":8},"end":{"line":34,"column":2}},"loc":{"start":{"line":24,"column":8},"end":{"line":34,"column":2}},"line":24},"5":{"name":"openTextDocument","decl":{"start":{"line":36,"column":1},"end":{"line":40,"column":2}},"loc":{"start":{"line":36,"column":1},"end":{"line":40,"column":2}},"line":36}},"f":{"0":1,"1":1,"2":1,"3":1,"4":2,"5":1}}
,"D:\\_dev\\!Projects\\_fux\\_FocusedUX\\libs\\shared\\src\\vscode\\adapters\\WorkspaceCCP.adapter.ts": {"path":"D:\\_dev\\!Projects\\_fux\\_FocusedUX\\libs\\shared\\src\\vscode\\adapters\\WorkspaceCCP.adapter.ts","all":false,"statementMap":{"2":{"start":{"line":3,"column":0},"end":{"line":3,"column":71}},"4":{"start":{"line":5,"column":0},"end":{"line":5,"column":53}},"6":{"start":{"line":7,"column":0},"end":{"line":7,"column":70}},"7":{"start":{"line":8,"column":0},"end":{"line":8,"column":56}},"9":{"start":{"line":10,"column":0},"end":{"line":10,"column":72}},"10":{"start":{"line":11,"column":0},"end":{"line":11,"column":2}},"12":{"start":{"line":13,"column":0},"end":{"line":13,"column":79}},"15":{"start":{"line":16,"column":0},"end":{"line":16,"column":18}},"16":{"start":{"line":17,"column":0},"end":{"line":17,"column":2}},"18":{"start":{"line":19,"column":0},"end":{"line":19,"column":41}},"19":{"start":{"line":20,"column":0},"end":{"line":20,"column":65}},"20":{"start":{"line":21,"column":0},"end":{"line":21,"column":2}},"22":{"start":{"line":23,"column":0},"end":{"line":23,"column":74}},"23":{"start":{"line":24,"column":0},"end":{"line":24,"column":69}},"25":{"start":{"line":26,"column":0},"end":{"line":26,"column":65}},"26":{"start":{"line":27,"column":0},"end":{"line":27,"column":14}},"27":{"start":{"line":28,"column":0},"end":{"line":28,"column":4}},"28":{"start":{"line":29,"column":0},"end":{"line":29,"column":4}},"29":{"start":{"line":30,"column":0},"end":{"line":30,"column":2}},"31":{"start":{"line":32,"column":0},"end":{"line":32,"column":67}},"32":{"start":{"line":33,"column":0},"end":{"line":33,"column":63}},"33":{"start":{"line":34,"column":0},"end":{"line":34,"column":2}},"35":{"start":{"line":36,"column":0},"end":{"line":36,"column":41}},"36":{"start":{"line":37,"column":0},"end":{"line":37,"column":56}},"37":{"start":{"line":38,"column":0},"end":{"line":38,"column":2}},"39":{"start":{"line":40,"column":0},"end":{"line":40,"column":11}},"40":{"start":{"line":41,"column":0},"end":{"line":41,"column":33}},"41":{"start":{"line":42,"column":0},"end":{"line":42,"column":2}},"43":{"start":{"line":44,"column":0},"end":{"line":44,"column":59}},"44":{"start":{"line":45,"column":0},"end":{"line":45,"column":52}},"45":{"start":{"line":46,"column":0},"end":{"line":46,"column":2}},"47":{"start":{"line":48,"column":0},"end":{"line":48,"column":1}}},"s":{"2":1,"4":1,"6":1,"7":0,"9":0,"10":0,"12":1,"15":0,"16":0,"18":1,"19":0,"20":0,"22":1,"23":0,"25":0,"26":0,"27":0,"28":0,"29":0,"31":1,"32":0,"33":0,"35":1,"36":0,"37":0,"39":1,"40":0,"41":0,"43":1,"44":0,"45":0,"47":1},"branchMap":{},"b":{},"fnMap":{"0":{"name":"WorkspaceCCPAdapter","decl":{"start":{"line":5,"column":1},"end":{"line":5,"column":53}},"loc":{"start":{"line":5,"column":1},"end":{"line":5,"column":53}},"line":5},"1":{"name":"get workspaceFolders","decl":{"start":{"line":7,"column":1},"end":{"line":11,"column":2}},"loc":{"start":{"line":7,"column":1},"end":{"line":11,"column":2}},"line":7},"2":{"name":"asRelativePath","decl":{"start":{"line":13,"column":1},"end":{"line":17,"column":2}},"loc":{"start":{"line":13,"column":1},"end":{"line":17,"column":2}},"line":13},"3":{"name":"get","decl":{"start":{"line":19,"column":1},"end":{"line":21,"column":2}},"loc":{"start":{"line":19,"column":1},"end":{"line":21,"column":2}},"line":19},"4":{"name":"onDidChangeConfiguration","decl":{"start":{"line":23,"column":1},"end":{"line":30,"column":2}},"loc":{"start":{"line":23,"column":1},"end":{"line":30,"column":2}},"line":23},"5":{"name":"createFileSystemWatcher","decl":{"start":{"line":32,"column":1},"end":{"line":34,"column":2}},"loc":{"start":{"line":32,"column":1},"end":{"line":34,"column":2}},"line":32},"6":{"name":"getConfiguration","decl":{"start":{"line":36,"column":1},"end":{"line":38,"column":2}},"loc":{"start":{"line":36,"column":1},"end":{"line":38,"column":2}},"line":36},"7":{"name":"get fs","decl":{"start":{"line":40,"column":1},"end":{"line":42,"column":2}},"loc":{"start":{"line":40,"column":1},"end":{"line":42,"column":2}},"line":40},"8":{"name":"openTextDocument","decl":{"start":{"line":44,"column":1},"end":{"line":46,"column":2}},"loc":{"start":{"line":44,"column":1},"end":{"line":46,"column":2}},"line":44}},"f":{"0":0,"1":0,"2":0,"3":0,"4":0,"5":0,"6":0,"7":0,"8":0}}
}
