{"D:\\_dev\\!Projects\\_fux\\_FocusedUX\\packages\\dynamicons\\core\\vitest.coverage.config.ts": {"path":"D:\\_dev\\!Projects\\_fux\\_FocusedUX\\packages\\dynamicons\\core\\vitest.coverage.config.ts","all":true,"statementMap":{"0":{"start":{"line":1,"column":0},"end":{"line":1,"column":57}},"1":{"start":{"line":2,"column":0},"end":{"line":2,"column":46}},"2":{"start":{"line":3,"column":0},"end":{"line":3,"column":62}},"4":{"start":{"line":5,"column":0},"end":{"line":5,"column":27}},"5":{"start":{"line":6,"column":0},"end":{"line":6,"column":51}},"6":{"start":{"line":7,"column":0},"end":{"line":7,"column":15}},"8":{"start":{"line":9,"column":0},"end":{"line":9,"column":4}},"9":{"start":{"line":10,"column":0},"end":{"line":10,"column":1}}},"s":{"0":0,"1":0,"2":0,"4":0,"5":0,"6":0,"8":0,"9":0},"branchMap":{"0":{"type":"branch","line":1,"loc":{"start":{"line":1,"column":341},"end":{"line":10,"column":1}},"locations":[{"start":{"line":1,"column":341},"end":{"line":10,"column":1}}]}},"b":{"0":[0]},"fnMap":{"0":{"name":"(empty-report)","decl":{"start":{"line":1,"column":341},"end":{"line":10,"column":1}},"loc":{"start":{"line":1,"column":341},"end":{"line":10,"column":1}},"line":1}},"f":{"0":0}}
,"D:\\_dev\\!Projects\\_fux\\_FocusedUX\\packages\\dynamicons\\core\\src\\index.ts": {"path":"D:\\_dev\\!Projects\\_fux\\_FocusedUX\\packages\\dynamicons\\core\\src\\index.ts","all":true,"statementMap":{"15":{"start":{"line":16,"column":0},"end":{"line":16,"column":69}},"16":{"start":{"line":17,"column":0},"end":{"line":17,"column":83}},"17":{"start":{"line":18,"column":0},"end":{"line":18,"column":101}},"18":{"start":{"line":19,"column":0},"end":{"line":19,"column":101}},"19":{"start":{"line":20,"column":0},"end":{"line":20,"column":92}},"20":{"start":{"line":21,"column":0},"end":{"line":21,"column":126}},"23":{"start":{"line":24,"column":0},"end":{"line":24,"column":71}}},"s":{"15":0,"16":0,"17":0,"18":0,"19":0,"20":0,"23":0},"branchMap":{"0":{"type":"branch","line":1,"loc":{"start":{"line":1,"column":1535},"end":{"line":24,"column":71}},"locations":[{"start":{"line":1,"column":1535},"end":{"line":24,"column":71}}]}},"b":{"0":[1]},"fnMap":{"0":{"name":"(empty-report)","decl":{"start":{"line":1,"column":1535},"end":{"line":24,"column":71}},"loc":{"start":{"line":1,"column":1535},"end":{"line":24,"column":71}},"line":1}},"f":{"0":1}}
,"D:\\_dev\\!Projects\\_fux\\_FocusedUX\\packages\\dynamicons\\core\\src\\_config\\dynamicons.constants.ts": {"path":"D:\\_dev\\!Projects\\_fux\\_FocusedUX\\packages\\dynamicons\\core\\src\\_config\\dynamicons.constants.ts","all":false,"statementMap":{"0":{"start":{"line":1,"column":0},"end":{"line":1,"column":40}},"1":{"start":{"line":2,"column":0},"end":{"line":2,"column":27}},"2":{"start":{"line":3,"column":0},"end":{"line":3,"column":48}},"3":{"start":{"line":4,"column":0},"end":{"line":4,"column":34}},"4":{"start":{"line":5,"column":0},"end":{"line":5,"column":28}},"5":{"start":{"line":6,"column":0},"end":{"line":6,"column":33}},"6":{"start":{"line":7,"column":0},"end":{"line":7,"column":12}},"7":{"start":{"line":8,"column":0},"end":{"line":8,"column":52}},"8":{"start":{"line":9,"column":0},"end":{"line":9,"column":38}},"9":{"start":{"line":10,"column":0},"end":{"line":10,"column":38}},"10":{"start":{"line":11,"column":0},"end":{"line":11,"column":58}},"11":{"start":{"line":12,"column":0},"end":{"line":12,"column":72}},"12":{"start":{"line":13,"column":0},"end":{"line":13,"column":76}},"13":{"start":{"line":14,"column":0},"end":{"line":14,"column":50}},"14":{"start":{"line":15,"column":0},"end":{"line":15,"column":3}},"15":{"start":{"line":16,"column":0},"end":{"line":16,"column":14}},"16":{"start":{"line":17,"column":0},"end":{"line":17,"column":43}},"17":{"start":{"line":18,"column":0},"end":{"line":18,"column":43}},"18":{"start":{"line":19,"column":0},"end":{"line":19,"column":43}},"19":{"start":{"line":20,"column":0},"end":{"line":20,"column":41}},"20":{"start":{"line":21,"column":0},"end":{"line":21,"column":51}},"21":{"start":{"line":22,"column":0},"end":{"line":22,"column":3}},"22":{"start":{"line":23,"column":0},"end":{"line":23,"column":26}},"23":{"start":{"line":24,"column":0},"end":{"line":24,"column":16}},"24":{"start":{"line":25,"column":0},"end":{"line":25,"column":20}},"25":{"start":{"line":26,"column":0},"end":{"line":26,"column":24}},"26":{"start":{"line":27,"column":0},"end":{"line":27,"column":3}},"27":{"start":{"line":28,"column":0},"end":{"line":28,"column":12}},"28":{"start":{"line":29,"column":0},"end":{"line":29,"column":37}},"29":{"start":{"line":30,"column":0},"end":{"line":30,"column":43}},"30":{"start":{"line":31,"column":0},"end":{"line":31,"column":32}},"32":{"start":{"line":33,"column":0},"end":{"line":33,"column":46}},"33":{"start":{"line":34,"column":0},"end":{"line":34,"column":57}},"34":{"start":{"line":35,"column":0},"end":{"line":35,"column":3}},"35":{"start":{"line":36,"column":0},"end":{"line":36,"column":10}},"36":{"start":{"line":37,"column":0},"end":{"line":37,"column":30}},"37":{"start":{"line":38,"column":0},"end":{"line":38,"column":3}},"38":{"start":{"line":39,"column":0},"end":{"line":39,"column":10}}},"s":{"0":1,"1":1,"2":1,"3":1,"4":1,"5":1,"6":1,"7":1,"8":1,"9":1,"10":1,"11":1,"12":1,"13":1,"14":1,"15":1,"16":1,"17":1,"18":1,"19":1,"20":1,"21":1,"22":1,"23":1,"24":1,"25":1,"26":1,"27":1,"28":1,"29":1,"30":1,"32":1,"33":1,"34":1,"35":1,"36":1,"37":1,"38":1},"branchMap":{},"b":{},"fnMap":{},"f":{}}
,"D:\\_dev\\!Projects\\_fux\\_FocusedUX\\packages\\dynamicons\\core\\src\\_interfaces\\ICommands.ts": {"path":"D:\\_dev\\!Projects\\_fux\\_FocusedUX\\packages\\dynamicons\\core\\src\\_interfaces\\ICommands.ts","all":true,"statementMap":{},"s":{},"branchMap":{"0":{"type":"branch","line":1,"loc":{"start":{"line":1,"column":178},"end":{"line":4,"column":1}},"locations":[{"start":{"line":1,"column":178},"end":{"line":4,"column":1}}]}},"b":{"0":[1]},"fnMap":{"0":{"name":"(empty-report)","decl":{"start":{"line":1,"column":178},"end":{"line":4,"column":1}},"loc":{"start":{"line":1,"column":178},"end":{"line":4,"column":1}},"line":1}},"f":{"0":1}}
,"D:\\_dev\\!Projects\\_fux\\_FocusedUX\\packages\\dynamicons\\core\\src\\_interfaces\\ICommonUtils.ts": {"path":"D:\\_dev\\!Projects\\_fux\\_FocusedUX\\packages\\dynamicons\\core\\src\\_interfaces\\ICommonUtils.ts","all":true,"statementMap":{},"s":{},"branchMap":{"0":{"type":"branch","line":1,"loc":{"start":{"line":1,"column":116},"end":{"line":4,"column":1}},"locations":[{"start":{"line":1,"column":116},"end":{"line":4,"column":1}}]}},"b":{"0":[1]},"fnMap":{"0":{"name":"(empty-report)","decl":{"start":{"line":1,"column":116},"end":{"line":4,"column":1}},"loc":{"start":{"line":1,"column":116},"end":{"line":4,"column":1}},"line":1}},"f":{"0":1}}
,"D:\\_dev\\!Projects\\_fux\\_FocusedUX\\packages\\dynamicons\\core\\src\\_interfaces\\IContext.ts": {"path":"D:\\_dev\\!Projects\\_fux\\_FocusedUX\\packages\\dynamicons\\core\\src\\_interfaces\\IContext.ts","all":true,"statementMap":{},"s":{},"branchMap":{"0":{"type":"branch","line":1,"loc":{"start":{"line":1,"column":77},"end":{"line":4,"column":1}},"locations":[{"start":{"line":1,"column":77},"end":{"line":4,"column":1}}]}},"b":{"0":[1]},"fnMap":{"0":{"name":"(empty-report)","decl":{"start":{"line":1,"column":77},"end":{"line":4,"column":1}},"loc":{"start":{"line":1,"column":77},"end":{"line":4,"column":1}},"line":1}},"f":{"0":1}}
,"D:\\_dev\\!Projects\\_fux\\_FocusedUX\\packages\\dynamicons\\core\\src\\_interfaces\\ICoreQuickPickItem.ts": {"path":"D:\\_dev\\!Projects\\_fux\\_FocusedUX\\packages\\dynamicons\\core\\src\\_interfaces\\ICoreQuickPickItem.ts","all":true,"statementMap":{},"s":{},"branchMap":{"0":{"type":"branch","line":1,"loc":{"start":{"line":1,"column":130},"end":{"line":6,"column":1}},"locations":[{"start":{"line":1,"column":130},"end":{"line":6,"column":1}}]}},"b":{"0":[1]},"fnMap":{"0":{"name":"(empty-report)","decl":{"start":{"line":1,"column":130},"end":{"line":6,"column":1}},"loc":{"start":{"line":1,"column":130},"end":{"line":6,"column":1}},"line":1}},"f":{"0":1}}
,"D:\\_dev\\!Projects\\_fux\\_FocusedUX\\packages\\dynamicons\\core\\src\\_interfaces\\IFileSystem.ts": {"path":"D:\\_dev\\!Projects\\_fux\\_FocusedUX\\packages\\dynamicons\\core\\src\\_interfaces\\IFileSystem.ts","all":true,"statementMap":{},"s":{},"branchMap":{"0":{"type":"branch","line":1,"loc":{"start":{"line":1,"column":954},"end":{"line":14,"column":1}},"locations":[{"start":{"line":1,"column":954},"end":{"line":14,"column":1}}]}},"b":{"0":[1]},"fnMap":{"0":{"name":"(empty-report)","decl":{"start":{"line":1,"column":954},"end":{"line":14,"column":1}},"loc":{"start":{"line":1,"column":954},"end":{"line":14,"column":1}},"line":1}},"f":{"0":1}}
,"D:\\_dev\\!Projects\\_fux\\_FocusedUX\\packages\\dynamicons\\core\\src\\_interfaces\\IIconActionsService.ts": {"path":"D:\\_dev\\!Projects\\_fux\\_FocusedUX\\packages\\dynamicons\\core\\src\\_interfaces\\IIconActionsService.ts","all":true,"statementMap":{},"s":{},"branchMap":{"0":{"type":"branch","line":1,"loc":{"start":{"line":1,"column":1357},"end":{"line":36,"column":6}},"locations":[{"start":{"line":1,"column":1357},"end":{"line":36,"column":6}}]}},"b":{"0":[1]},"fnMap":{"0":{"name":"(empty-report)","decl":{"start":{"line":1,"column":1357},"end":{"line":36,"column":6}},"loc":{"start":{"line":1,"column":1357},"end":{"line":36,"column":6}},"line":1}},"f":{"0":1}}
,"D:\\_dev\\!Projects\\_fux\\_FocusedUX\\packages\\dynamicons\\core\\src\\_interfaces\\IIconThemeGeneratorService.ts": {"path":"D:\\_dev\\!Projects\\_fux\\_FocusedUX\\packages\\dynamicons\\core\\src\\_interfaces\\IIconThemeGeneratorService.ts","all":true,"statementMap":{},"s":{},"branchMap":{"0":{"type":"branch","line":1,"loc":{"start":{"line":1,"column":435},"end":{"line":13,"column":1}},"locations":[{"start":{"line":1,"column":435},"end":{"line":13,"column":1}}]}},"b":{"0":[1]},"fnMap":{"0":{"name":"(empty-report)","decl":{"start":{"line":1,"column":435},"end":{"line":13,"column":1}},"loc":{"start":{"line":1,"column":435},"end":{"line":13,"column":1}},"line":1}},"f":{"0":1}}
,"D:\\_dev\\!Projects\\_fux\\_FocusedUX\\packages\\dynamicons\\core\\src\\_interfaces\\IPath.ts": {"path":"D:\\_dev\\!Projects\\_fux\\_FocusedUX\\packages\\dynamicons\\core\\src\\_interfaces\\IPath.ts","all":true,"statementMap":{},"s":{},"branchMap":{"0":{"type":"branch","line":1,"loc":{"start":{"line":1,"column":278},"end":{"line":9,"column":1}},"locations":[{"start":{"line":1,"column":278},"end":{"line":9,"column":1}}]}},"b":{"0":[1]},"fnMap":{"0":{"name":"(empty-report)","decl":{"start":{"line":1,"column":278},"end":{"line":9,"column":1}},"loc":{"start":{"line":1,"column":278},"end":{"line":9,"column":1}},"line":1}},"f":{"0":1}}
,"D:\\_dev\\!Projects\\_fux\\_FocusedUX\\packages\\dynamicons\\core\\src\\_interfaces\\IQuickPick.ts": {"path":"D:\\_dev\\!Projects\\_fux\\_FocusedUX\\packages\\dynamicons\\core\\src\\_interfaces\\IQuickPick.ts","all":true,"statementMap":{},"s":{},"branchMap":{"0":{"type":"branch","line":1,"loc":{"start":{"line":1,"column":426},"end":{"line":20,"column":1}},"locations":[{"start":{"line":1,"column":426},"end":{"line":20,"column":1}}]}},"b":{"0":[1]},"fnMap":{"0":{"name":"(empty-report)","decl":{"start":{"line":1,"column":426},"end":{"line":20,"column":1}},"loc":{"start":{"line":1,"column":426},"end":{"line":20,"column":1}},"line":1}},"f":{"0":1}}
,"D:\\_dev\\!Projects\\_fux\\_FocusedUX\\packages\\dynamicons\\core\\src\\_interfaces\\IUri.ts": {"path":"D:\\_dev\\!Projects\\_fux\\_FocusedUX\\packages\\dynamicons\\core\\src\\_interfaces\\IUri.ts","all":true,"statementMap":{},"s":{},"branchMap":{"0":{"type":"branch","line":1,"loc":{"start":{"line":1,"column":467},"end":{"line":23,"column":1}},"locations":[{"start":{"line":1,"column":467},"end":{"line":23,"column":1}}]}},"b":{"0":[1]},"fnMap":{"0":{"name":"(empty-report)","decl":{"start":{"line":1,"column":467},"end":{"line":23,"column":1}},"loc":{"start":{"line":1,"column":467},"end":{"line":23,"column":1}},"line":1}},"f":{"0":1}}
,"D:\\_dev\\!Projects\\_fux\\_FocusedUX\\packages\\dynamicons\\core\\src\\_interfaces\\IWindow.ts": {"path":"D:\\_dev\\!Projects\\_fux\\_FocusedUX\\packages\\dynamicons\\core\\src\\_interfaces\\IWindow.ts","all":true,"statementMap":{},"s":{},"branchMap":{"0":{"type":"branch","line":1,"loc":{"start":{"line":1,"column":310},"end":{"line":6,"column":1}},"locations":[{"start":{"line":1,"column":310},"end":{"line":6,"column":1}}]}},"b":{"0":[1]},"fnMap":{"0":{"name":"(empty-report)","decl":{"start":{"line":1,"column":310},"end":{"line":6,"column":1}},"loc":{"start":{"line":1,"column":310},"end":{"line":6,"column":1}},"line":1}},"f":{"0":1}}
,"D:\\_dev\\!Projects\\_fux\\_FocusedUX\\packages\\dynamicons\\core\\src\\_interfaces\\IWorkspace.ts": {"path":"D:\\_dev\\!Projects\\_fux\\_FocusedUX\\packages\\dynamicons\\core\\src\\_interfaces\\IWorkspace.ts","all":true,"statementMap":{},"s":{},"branchMap":{"0":{"type":"branch","line":1,"loc":{"start":{"line":1,"column":345},"end":{"line":9,"column":1}},"locations":[{"start":{"line":1,"column":345},"end":{"line":9,"column":1}}]}},"b":{"0":[1]},"fnMap":{"0":{"name":"(empty-report)","decl":{"start":{"line":1,"column":345},"end":{"line":9,"column":1}},"loc":{"start":{"line":1,"column":345},"end":{"line":9,"column":1}},"line":1}},"f":{"0":1}}
,"D:\\_dev\\!Projects\\_fux\\_FocusedUX\\packages\\dynamicons\\core\\src\\scripts\\build_dynamicon_assets.ts": {"path":"D:\\_dev\\!Projects\\_fux\\_FocusedUX\\packages\\dynamicons\\core\\src\\scripts\\build_dynamicon_assets.ts","all":true,"statementMap":{"3":{"start":{"line":4,"column":0},"end":{"line":4,"column":34}},"4":{"start":{"line":5,"column":0},"end":{"line":5,"column":33}},"5":{"start":{"line":6,"column":0},"end":{"line":6,"column":28}},"6":{"start":{"line":7,"column":0},"end":{"line":7,"column":40}},"10":{"start":{"line":11,"column":0},"end":{"line":11,"column":73}},"11":{"start":{"line":12,"column":0},"end":{"line":12,"column":76}},"12":{"start":{"line":13,"column":0},"end":{"line":13,"column":74}},"13":{"start":{"line":14,"column":0},"end":{"line":14,"column":75}},"18":{"start":{"line":19,"column":0},"end":{"line":19,"column":49}},"19":{"start":{"line":20,"column":0},"end":{"line":20,"column":42}},"22":{"start":{"line":23,"column":0},"end":{"line":23,"column":64}},"24":{"start":{"line":25,"column":0},"end":{"line":25,"column":74}},"26":{"start":{"line":27,"column":0},"end":{"line":27,"column":19}},"27":{"start":{"line":28,"column":0},"end":{"line":28,"column":17}},"28":{"start":{"line":29,"column":0},"end":{"line":29,"column":17}},"29":{"start":{"line":30,"column":0},"end":{"line":30,"column":18}},"30":{"start":{"line":31,"column":0},"end":{"line":31,"column":29}},"31":{"start":{"line":32,"column":0},"end":{"line":32,"column":24}},"32":{"start":{"line":33,"column":0},"end":{"line":33,"column":19}},"33":{"start":{"line":34,"column":0},"end":{"line":34,"column":17}},"34":{"start":{"line":35,"column":0},"end":{"line":35,"column":16}},"35":{"start":{"line":36,"column":0},"end":{"line":36,"column":20}},"36":{"start":{"line":37,"column":0},"end":{"line":37,"column":26}},"37":{"start":{"line":38,"column":0},"end":{"line":38,"column":5}},"39":{"start":{"line":40,"column":0},"end":{"line":40,"column":57}},"40":{"start":{"line":41,"column":0},"end":{"line":41,"column":84}},"42":{"start":{"line":43,"column":0},"end":{"line":43,"column":16}},"44":{"start":{"line":45,"column":0},"end":{"line":45,"column":6}},"45":{"start":{"line":46,"column":0},"end":{"line":46,"column":59}},"46":{"start":{"line":47,"column":0},"end":{"line":47,"column":2}},"47":{"start":{"line":48,"column":0},"end":{"line":48,"column":21}},"48":{"start":{"line":49,"column":0},"end":{"line":49,"column":32}},"49":{"start":{"line":50,"column":0},"end":{"line":50,"column":137}},"50":{"start":{"line":51,"column":0},"end":{"line":51,"column":97}},"51":{"start":{"line":52,"column":0},"end":{"line":52,"column":3}},"52":{"start":{"line":53,"column":0},"end":{"line":53,"column":107}},"53":{"start":{"line":54,"column":0},"end":{"line":54,"column":56}},"54":{"start":{"line":55,"column":0},"end":{"line":55,"column":2}},"56":{"start":{"line":57,"column":0},"end":{"line":57,"column":87}},"58":{"start":{"line":59,"column":0},"end":{"line":59,"column":35}},"59":{"start":{"line":60,"column":0},"end":{"line":60,"column":92}},"60":{"start":{"line":61,"column":0},"end":{"line":61,"column":75}},"61":{"start":{"line":62,"column":0},"end":{"line":62,"column":2}},"63":{"start":{"line":64,"column":0},"end":{"line":64,"column":126}},"64":{"start":{"line":65,"column":0},"end":{"line":65,"column":61}},"66":{"start":{"line":67,"column":0},"end":{"line":67,"column":19}},"68":{"start":{"line":69,"column":0},"end":{"line":69,"column":37}},"69":{"start":{"line":70,"column":0},"end":{"line":70,"column":63}},"70":{"start":{"line":71,"column":0},"end":{"line":71,"column":59}},"72":{"start":{"line":73,"column":0},"end":{"line":73,"column":7}},"73":{"start":{"line":74,"column":0},"end":{"line":74,"column":40}},"74":{"start":{"line":75,"column":0},"end":{"line":75,"column":15}},"75":{"start":{"line":76,"column":0},"end":{"line":76,"column":3}},"76":{"start":{"line":77,"column":0},"end":{"line":77,"column":15}},"77":{"start":{"line":78,"column":0},"end":{"line":78,"column":100}},"78":{"start":{"line":79,"column":0},"end":{"line":79,"column":3}},"79":{"start":{"line":80,"column":0},"end":{"line":80,"column":2}},"81":{"start":{"line":82,"column":0},"end":{"line":82,"column":116}},"82":{"start":{"line":83,"column":0},"end":{"line":83,"column":12}},"83":{"start":{"line":84,"column":0},"end":{"line":84,"column":5}},"85":{"start":{"line":86,"column":0},"end":{"line":86,"column":114}},"86":{"start":{"line":87,"column":0},"end":{"line":87,"column":70}},"87":{"start":{"line":88,"column":0},"end":{"line":88,"column":41}},"89":{"start":{"line":90,"column":0},"end":{"line":90,"column":103}},"90":{"start":{"line":91,"column":0},"end":{"line":91,"column":193}},"92":{"start":{"line":93,"column":0},"end":{"line":93,"column":10}},"93":{"start":{"line":94,"column":0},"end":{"line":94,"column":40}},"94":{"start":{"line":95,"column":0},"end":{"line":95,"column":22}},"95":{"start":{"line":96,"column":0},"end":{"line":96,"column":3}},"96":{"start":{"line":97,"column":0},"end":{"line":97,"column":2}},"98":{"start":{"line":99,"column":0},"end":{"line":99,"column":29}},"99":{"start":{"line":100,"column":0},"end":{"line":100,"column":98}},"101":{"start":{"line":102,"column":0},"end":{"line":102,"column":29}},"102":{"start":{"line":103,"column":0},"end":{"line":103,"column":76}},"103":{"start":{"line":104,"column":0},"end":{"line":104,"column":3}},"104":{"start":{"line":105,"column":0},"end":{"line":105,"column":2}},"106":{"start":{"line":107,"column":0},"end":{"line":107,"column":31}},"107":{"start":{"line":108,"column":0},"end":{"line":108,"column":104}},"109":{"start":{"line":110,"column":0},"end":{"line":110,"column":31}},"110":{"start":{"line":111,"column":0},"end":{"line":111,"column":80}},"111":{"start":{"line":112,"column":0},"end":{"line":112,"column":3}},"112":{"start":{"line":113,"column":0},"end":{"line":113,"column":2}},"114":{"start":{"line":115,"column":0},"end":{"line":115,"column":29}},"116":{"start":{"line":117,"column":0},"end":{"line":117,"column":27}},"117":{"start":{"line":118,"column":0},"end":{"line":118,"column":43}},"118":{"start":{"line":119,"column":0},"end":{"line":119,"column":2}},"120":{"start":{"line":121,"column":0},"end":{"line":121,"column":10}},"121":{"start":{"line":122,"column":0},"end":{"line":122,"column":5}},"123":{"start":{"line":124,"column":0},"end":{"line":124,"column":41}},"124":{"start":{"line":125,"column":0},"end":{"line":125,"column":80}},"125":{"start":{"line":126,"column":0},"end":{"line":126,"column":49}},"126":{"start":{"line":127,"column":0},"end":{"line":127,"column":26}},"127":{"start":{"line":128,"column":0},"end":{"line":128,"column":20}},"129":{"start":{"line":130,"column":0},"end":{"line":130,"column":44}},"131":{"start":{"line":132,"column":0},"end":{"line":132,"column":19}},"132":{"start":{"line":133,"column":0},"end":{"line":133,"column":62}},"133":{"start":{"line":134,"column":0},"end":{"line":134,"column":2}},"134":{"start":{"line":135,"column":0},"end":{"line":135,"column":14}},"137":{"start":{"line":138,"column":0},"end":{"line":138,"column":30}},"139":{"start":{"line":140,"column":0},"end":{"line":140,"column":6}},"140":{"start":{"line":141,"column":0},"end":{"line":141,"column":71}},"141":{"start":{"line":142,"column":0},"end":{"line":142,"column":75}},"143":{"start":{"line":144,"column":0},"end":{"line":144,"column":62}},"144":{"start":{"line":145,"column":0},"end":{"line":145,"column":66}},"146":{"start":{"line":147,"column":0},"end":{"line":147,"column":118}},"147":{"start":{"line":148,"column":0},"end":{"line":148,"column":2}},"148":{"start":{"line":149,"column":0},"end":{"line":149,"column":13}},"149":{"start":{"line":150,"column":0},"end":{"line":150,"column":27}},"150":{"start":{"line":151,"column":0},"end":{"line":151,"column":2}},"153":{"start":{"line":154,"column":0},"end":{"line":154,"column":25}},"154":{"start":{"line":155,"column":0},"end":{"line":155,"column":117}},"156":{"start":{"line":157,"column":0},"end":{"line":157,"column":54}},"158":{"start":{"line":159,"column":0},"end":{"line":159,"column":76}},"159":{"start":{"line":160,"column":0},"end":{"line":160,"column":42}},"160":{"start":{"line":161,"column":0},"end":{"line":161,"column":123}},"161":{"start":{"line":162,"column":0},"end":{"line":162,"column":37}},"162":{"start":{"line":163,"column":0},"end":{"line":163,"column":109}},"163":{"start":{"line":164,"column":0},"end":{"line":164,"column":3}},"164":{"start":{"line":165,"column":0},"end":{"line":165,"column":8}},"165":{"start":{"line":166,"column":0},"end":{"line":166,"column":109}},"166":{"start":{"line":167,"column":0},"end":{"line":167,"column":3}},"168":{"start":{"line":169,"column":0},"end":{"line":169,"column":78}},"170":{"start":{"line":171,"column":0},"end":{"line":171,"column":25}},"171":{"start":{"line":172,"column":0},"end":{"line":172,"column":32}},"172":{"start":{"line":173,"column":0},"end":{"line":173,"column":80}},"173":{"start":{"line":174,"column":0},"end":{"line":174,"column":3}},"174":{"start":{"line":175,"column":0},"end":{"line":175,"column":8}},"175":{"start":{"line":176,"column":0},"end":{"line":176,"column":118}},"176":{"start":{"line":177,"column":0},"end":{"line":177,"column":3}},"179":{"start":{"line":180,"column":0},"end":{"line":180,"column":67}},"181":{"start":{"line":182,"column":0},"end":{"line":182,"column":112}},"182":{"start":{"line":183,"column":0},"end":{"line":183,"column":27}},"183":{"start":{"line":184,"column":0},"end":{"line":184,"column":3}},"184":{"start":{"line":185,"column":0},"end":{"line":185,"column":71}},"185":{"start":{"line":186,"column":0},"end":{"line":186,"column":28}},"186":{"start":{"line":187,"column":0},"end":{"line":187,"column":3}},"187":{"start":{"line":188,"column":0},"end":{"line":188,"column":75}},"188":{"start":{"line":189,"column":0},"end":{"line":189,"column":30}},"189":{"start":{"line":190,"column":0},"end":{"line":190,"column":3}},"191":{"start":{"line":192,"column":0},"end":{"line":192,"column":36}},"192":{"start":{"line":193,"column":0},"end":{"line":193,"column":139}},"194":{"start":{"line":195,"column":0},"end":{"line":195,"column":77}},"196":{"start":{"line":197,"column":0},"end":{"line":197,"column":25}},"197":{"start":{"line":198,"column":0},"end":{"line":198,"column":87}},"198":{"start":{"line":199,"column":0},"end":{"line":199,"column":4}},"199":{"start":{"line":200,"column":0},"end":{"line":200,"column":9}},"200":{"start":{"line":201,"column":0},"end":{"line":201,"column":81}},"201":{"start":{"line":202,"column":0},"end":{"line":202,"column":26}},"202":{"start":{"line":203,"column":0},"end":{"line":203,"column":4}},"203":{"start":{"line":204,"column":0},"end":{"line":204,"column":3}},"204":{"start":{"line":205,"column":0},"end":{"line":205,"column":2}},"207":{"start":{"line":208,"column":0},"end":{"line":208,"column":102}},"209":{"start":{"line":210,"column":0},"end":{"line":210,"column":60}},"211":{"start":{"line":212,"column":0},"end":{"line":212,"column":24}},"212":{"start":{"line":213,"column":0},"end":{"line":213,"column":86}},"213":{"start":{"line":214,"column":0},"end":{"line":214,"column":2}},"214":{"start":{"line":215,"column":0},"end":{"line":215,"column":7}},"215":{"start":{"line":216,"column":0},"end":{"line":216,"column":80}},"216":{"start":{"line":217,"column":0},"end":{"line":217,"column":24}},"217":{"start":{"line":218,"column":0},"end":{"line":218,"column":2}},"220":{"start":{"line":221,"column":0},"end":{"line":221,"column":23}},"221":{"start":{"line":222,"column":0},"end":{"line":222,"column":117}},"222":{"start":{"line":223,"column":0},"end":{"line":223,"column":17}},"223":{"start":{"line":224,"column":0},"end":{"line":224,"column":2}},"224":{"start":{"line":225,"column":0},"end":{"line":225,"column":7}},"225":{"start":{"line":226,"column":0},"end":{"line":226,"column":107}},"226":{"start":{"line":227,"column":0},"end":{"line":227,"column":2}},"227":{"start":{"line":228,"column":0},"end":{"line":228,"column":5}},"229":{"start":{"line":230,"column":0},"end":{"line":230,"column":24}},"230":{"start":{"line":231,"column":0},"end":{"line":231,"column":95}},"231":{"start":{"line":232,"column":0},"end":{"line":232,"column":16}},"232":{"start":{"line":233,"column":0},"end":{"line":233,"column":2}}},"s":{"3":0,"4":0,"5":0,"6":0,"10":0,"11":0,"12":0,"13":0,"18":0,"19":0,"22":0,"24":0,"26":0,"27":0,"28":0,"29":0,"30":0,"31":0,"32":0,"33":0,"34":0,"35":0,"36":0,"37":0,"39":0,"40":0,"42":0,"44":0,"45":0,"46":0,"47":0,"48":0,"49":0,"50":0,"51":0,"52":0,"53":0,"54":0,"56":0,"58":0,"59":0,"60":0,"61":0,"63":0,"64":0,"66":0,"68":0,"69":0,"70":0,"72":0,"73":0,"74":0,"75":0,"76":0,"77":0,"78":0,"79":0,"81":0,"82":0,"83":0,"85":0,"86":0,"87":0,"89":0,"90":0,"92":0,"93":0,"94":0,"95":0,"96":0,"98":0,"99":0,"101":0,"102":0,"103":0,"104":0,"106":0,"107":0,"109":0,"110":0,"111":0,"112":0,"114":0,"116":0,"117":0,"118":0,"120":0,"121":0,"123":0,"124":0,"125":0,"126":0,"127":0,"129":0,"131":0,"132":0,"133":0,"134":0,"137":0,"139":0,"140":0,"141":0,"143":0,"144":0,"146":0,"147":0,"148":0,"149":0,"150":0,"153":0,"154":0,"156":0,"158":0,"159":0,"160":0,"161":0,"162":0,"163":0,"164":0,"165":0,"166":0,"168":0,"170":0,"171":0,"172":0,"173":0,"174":0,"175":0,"176":0,"179":0,"181":0,"182":0,"183":0,"184":0,"185":0,"186":0,"187":0,"188":0,"189":0,"191":0,"192":0,"194":0,"196":0,"197":0,"198":0,"199":0,"200":0,"201":0,"202":0,"203":0,"204":0,"207":0,"209":0,"211":0,"212":0,"213":0,"214":0,"215":0,"216":0,"217":0,"220":0,"221":0,"222":0,"223":0,"224":0,"225":0,"226":0,"227":0,"229":0,"230":0,"231":0,"232":0},"branchMap":{"0":{"type":"branch","line":1,"loc":{"start":{"line":1,"column":8679},"end":{"line":233,"column":2}},"locations":[{"start":{"line":1,"column":8679},"end":{"line":233,"column":2}}]}},"b":{"0":[1]},"fnMap":{"0":{"name":"(empty-report)","decl":{"start":{"line":1,"column":8679},"end":{"line":233,"column":2}},"loc":{"start":{"line":1,"column":8679},"end":{"line":233,"column":2}},"line":1}},"f":{"0":1}}
,"D:\\_dev\\!Projects\\_fux\\_FocusedUX\\packages\\dynamicons\\core\\src\\scripts\\generate_icon_manifests.ts": {"path":"D:\\_dev\\!Projects\\_fux\\_FocusedUX\\packages\\dynamicons\\core\\src\\scripts\\generate_icon_manifests.ts","all":true,"statementMap":{"3":{"start":{"line":4,"column":0},"end":{"line":4,"column":24}},"4":{"start":{"line":5,"column":0},"end":{"line":5,"column":28}},"5":{"start":{"line":6,"column":0},"end":{"line":6,"column":40}},"6":{"start":{"line":7,"column":0},"end":{"line":7,"column":34}},"9":{"start":{"line":10,"column":0},"end":{"line":10,"column":57}},"12":{"start":{"line":13,"column":0},"end":{"line":13,"column":72}},"15":{"start":{"line":16,"column":0},"end":{"line":16,"column":93}},"49":{"start":{"line":50,"column":0},"end":{"line":50,"column":19}},"50":{"start":{"line":51,"column":0},"end":{"line":51,"column":17}},"51":{"start":{"line":52,"column":0},"end":{"line":52,"column":17}},"52":{"start":{"line":53,"column":0},"end":{"line":53,"column":29}},"53":{"start":{"line":54,"column":0},"end":{"line":54,"column":24}},"54":{"start":{"line":55,"column":0},"end":{"line":55,"column":21}},"55":{"start":{"line":56,"column":0},"end":{"line":56,"column":26}},"56":{"start":{"line":57,"column":0},"end":{"line":57,"column":24}},"57":{"start":{"line":58,"column":0},"end":{"line":58,"column":5}},"59":{"start":{"line":60,"column":0},"end":{"line":60,"column":49}},"60":{"start":{"line":61,"column":0},"end":{"line":61,"column":42}},"62":{"start":{"line":63,"column":0},"end":{"line":63,"column":64}},"63":{"start":{"line":64,"column":0},"end":{"line":64,"column":88}},"64":{"start":{"line":65,"column":0},"end":{"line":65,"column":92}},"65":{"start":{"line":66,"column":0},"end":{"line":66,"column":87}},"66":{"start":{"line":67,"column":0},"end":{"line":67,"column":102}},"67":{"start":{"line":68,"column":0},"end":{"line":68,"column":122}},"68":{"start":{"line":69,"column":0},"end":{"line":69,"column":126}},"69":{"start":{"line":70,"column":0},"end":{"line":70,"column":96}},"71":{"start":{"line":72,"column":0},"end":{"line":72,"column":81}},"72":{"start":{"line":73,"column":0},"end":{"line":73,"column":88}},"73":{"start":{"line":74,"column":0},"end":{"line":74,"column":87}},"74":{"start":{"line":75,"column":0},"end":{"line":75,"column":91}},"76":{"start":{"line":77,"column":0},"end":{"line":77,"column":111}},"77":{"start":{"line":78,"column":0},"end":{"line":78,"column":115}},"115":{"start":{"line":116,"column":0},"end":{"line":116,"column":97}},"116":{"start":{"line":117,"column":0},"end":{"line":117,"column":44}},"117":{"start":{"line":118,"column":0},"end":{"line":118,"column":60}},"118":{"start":{"line":119,"column":0},"end":{"line":119,"column":73}},"120":{"start":{"line":121,"column":0},"end":{"line":121,"column":47}},"121":{"start":{"line":122,"column":0},"end":{"line":122,"column":5}},"123":{"start":{"line":124,"column":0},"end":{"line":124,"column":30}},"124":{"start":{"line":125,"column":0},"end":{"line":125,"column":26}},"125":{"start":{"line":126,"column":0},"end":{"line":126,"column":27}},"126":{"start":{"line":127,"column":0},"end":{"line":127,"column":25}},"127":{"start":{"line":128,"column":0},"end":{"line":128,"column":35}},"128":{"start":{"line":129,"column":0},"end":{"line":129,"column":53}},"130":{"start":{"line":131,"column":0},"end":{"line":131,"column":6}},"131":{"start":{"line":132,"column":0},"end":{"line":132,"column":66}},"132":{"start":{"line":133,"column":0},"end":{"line":133,"column":17}},"133":{"start":{"line":134,"column":0},"end":{"line":134,"column":17}},"134":{"start":{"line":135,"column":0},"end":{"line":135,"column":101}},"135":{"start":{"line":136,"column":0},"end":{"line":136,"column":20}},"136":{"start":{"line":137,"column":0},"end":{"line":137,"column":23}},"137":{"start":{"line":138,"column":0},"end":{"line":138,"column":29}},"138":{"start":{"line":139,"column":0},"end":{"line":139,"column":5}},"139":{"start":{"line":140,"column":0},"end":{"line":140,"column":4}},"140":{"start":{"line":141,"column":0},"end":{"line":141,"column":19}},"141":{"start":{"line":142,"column":0},"end":{"line":142,"column":3}},"143":{"start":{"line":144,"column":0},"end":{"line":144,"column":73}},"144":{"start":{"line":145,"column":0},"end":{"line":145,"column":126}},"146":{"start":{"line":147,"column":0},"end":{"line":147,"column":29}},"147":{"start":{"line":148,"column":0},"end":{"line":148,"column":53}},"148":{"start":{"line":149,"column":0},"end":{"line":149,"column":44}},"149":{"start":{"line":150,"column":0},"end":{"line":150,"column":118}},"151":{"start":{"line":152,"column":0},"end":{"line":152,"column":34}},"152":{"start":{"line":153,"column":0},"end":{"line":153,"column":4}},"153":{"start":{"line":154,"column":0},"end":{"line":154,"column":3}},"154":{"start":{"line":155,"column":0},"end":{"line":155,"column":2}},"155":{"start":{"line":156,"column":0},"end":{"line":156,"column":16}},"156":{"start":{"line":157,"column":0},"end":{"line":157,"column":16}},"157":{"start":{"line":158,"column":0},"end":{"line":158,"column":16}},"158":{"start":{"line":159,"column":0},"end":{"line":159,"column":86}},"159":{"start":{"line":160,"column":0},"end":{"line":160,"column":19}},"160":{"start":{"line":161,"column":0},"end":{"line":161,"column":22}},"161":{"start":{"line":162,"column":0},"end":{"line":162,"column":44}},"162":{"start":{"line":163,"column":0},"end":{"line":163,"column":4}},"163":{"start":{"line":164,"column":0},"end":{"line":164,"column":3}},"164":{"start":{"line":165,"column":0},"end":{"line":165,"column":2}},"165":{"start":{"line":166,"column":0},"end":{"line":166,"column":17}},"166":{"start":{"line":167,"column":0},"end":{"line":167,"column":5}},"168":{"start":{"line":169,"column":0},"end":{"line":169,"column":39}},"169":{"start":{"line":170,"column":0},"end":{"line":170,"column":23}},"170":{"start":{"line":171,"column":0},"end":{"line":171,"column":23}},"171":{"start":{"line":172,"column":0},"end":{"line":172,"column":25}},"172":{"start":{"line":173,"column":0},"end":{"line":173,"column":32}},"173":{"start":{"line":174,"column":0},"end":{"line":174,"column":25}},"174":{"start":{"line":175,"column":0},"end":{"line":175,"column":9}},"175":{"start":{"line":176,"column":0},"end":{"line":176,"column":41}},"177":{"start":{"line":178,"column":0},"end":{"line":178,"column":23}},"178":{"start":{"line":179,"column":0},"end":{"line":179,"column":50}},"179":{"start":{"line":180,"column":0},"end":{"line":180,"column":19}},"180":{"start":{"line":181,"column":0},"end":{"line":181,"column":75}},"182":{"start":{"line":183,"column":0},"end":{"line":183,"column":45}},"184":{"start":{"line":185,"column":0},"end":{"line":185,"column":25}},"185":{"start":{"line":186,"column":0},"end":{"line":186,"column":54}},"186":{"start":{"line":187,"column":0},"end":{"line":187,"column":2}},"188":{"start":{"line":189,"column":0},"end":{"line":189,"column":152}},"190":{"start":{"line":191,"column":0},"end":{"line":191,"column":83}},"192":{"start":{"line":193,"column":0},"end":{"line":193,"column":45}},"193":{"start":{"line":194,"column":0},"end":{"line":194,"column":127}},"194":{"start":{"line":195,"column":0},"end":{"line":195,"column":112}},"196":{"start":{"line":197,"column":0},"end":{"line":197,"column":77}},"197":{"start":{"line":198,"column":0},"end":{"line":198,"column":43}},"198":{"start":{"line":199,"column":0},"end":{"line":199,"column":77}},"199":{"start":{"line":200,"column":0},"end":{"line":200,"column":4}},"200":{"start":{"line":201,"column":0},"end":{"line":201,"column":3}},"201":{"start":{"line":202,"column":0},"end":{"line":202,"column":21}},"202":{"start":{"line":203,"column":0},"end":{"line":203,"column":106}},"204":{"start":{"line":205,"column":0},"end":{"line":205,"column":16}},"205":{"start":{"line":206,"column":0},"end":{"line":206,"column":114}},"206":{"start":{"line":207,"column":0},"end":{"line":207,"column":4}},"207":{"start":{"line":208,"column":0},"end":{"line":208,"column":3}},"208":{"start":{"line":209,"column":0},"end":{"line":209,"column":2}},"209":{"start":{"line":210,"column":0},"end":{"line":210,"column":5}},"211":{"start":{"line":212,"column":0},"end":{"line":212,"column":37}},"212":{"start":{"line":213,"column":0},"end":{"line":213,"column":23}},"213":{"start":{"line":214,"column":0},"end":{"line":214,"column":22}},"214":{"start":{"line":215,"column":0},"end":{"line":215,"column":25}},"215":{"start":{"line":216,"column":0},"end":{"line":216,"column":25}},"216":{"start":{"line":217,"column":0},"end":{"line":217,"column":9}},"217":{"start":{"line":218,"column":0},"end":{"line":218,"column":37}},"219":{"start":{"line":220,"column":0},"end":{"line":220,"column":20}},"220":{"start":{"line":221,"column":0},"end":{"line":221,"column":8}},"222":{"start":{"line":223,"column":0},"end":{"line":223,"column":114}},"224":{"start":{"line":225,"column":0},"end":{"line":225,"column":48}},"225":{"start":{"line":226,"column":0},"end":{"line":226,"column":59}},"226":{"start":{"line":227,"column":0},"end":{"line":227,"column":17}},"227":{"start":{"line":228,"column":0},"end":{"line":228,"column":12}},"229":{"start":{"line":230,"column":0},"end":{"line":230,"column":42}},"231":{"start":{"line":232,"column":0},"end":{"line":232,"column":27}},"232":{"start":{"line":233,"column":0},"end":{"line":233,"column":60}},"233":{"start":{"line":234,"column":0},"end":{"line":234,"column":4}},"234":{"start":{"line":235,"column":0},"end":{"line":235,"column":9}},"235":{"start":{"line":236,"column":0},"end":{"line":236,"column":53}},"236":{"start":{"line":237,"column":0},"end":{"line":237,"column":4}},"238":{"start":{"line":239,"column":0},"end":{"line":239,"column":65}},"239":{"start":{"line":240,"column":0},"end":{"line":240,"column":72}},"241":{"start":{"line":242,"column":0},"end":{"line":242,"column":76}},"242":{"start":{"line":243,"column":0},"end":{"line":243,"column":132}},"244":{"start":{"line":245,"column":0},"end":{"line":245,"column":78}},"245":{"start":{"line":246,"column":0},"end":{"line":246,"column":72}},"246":{"start":{"line":247,"column":0},"end":{"line":247,"column":4}},"247":{"start":{"line":248,"column":0},"end":{"line":248,"column":3}},"248":{"start":{"line":249,"column":0},"end":{"line":249,"column":2}},"249":{"start":{"line":250,"column":0},"end":{"line":250,"column":5}},"251":{"start":{"line":252,"column":0},"end":{"line":252,"column":28}},"252":{"start":{"line":253,"column":0},"end":{"line":253,"column":32}},"253":{"start":{"line":254,"column":0},"end":{"line":254,"column":36}},"254":{"start":{"line":255,"column":0},"end":{"line":255,"column":25}},"255":{"start":{"line":256,"column":0},"end":{"line":256,"column":18}},"256":{"start":{"line":257,"column":0},"end":{"line":257,"column":32}},"257":{"start":{"line":258,"column":0},"end":{"line":258,"column":22}},"258":{"start":{"line":259,"column":0},"end":{"line":259,"column":18}},"259":{"start":{"line":260,"column":0},"end":{"line":260,"column":26}},"260":{"start":{"line":261,"column":0},"end":{"line":261,"column":21}},"261":{"start":{"line":262,"column":0},"end":{"line":262,"column":16}},"262":{"start":{"line":263,"column":0},"end":{"line":263,"column":39}},"263":{"start":{"line":264,"column":0},"end":{"line":264,"column":52}},"264":{"start":{"line":265,"column":0},"end":{"line":265,"column":112}},"265":{"start":{"line":266,"column":0},"end":{"line":266,"column":60}},"266":{"start":{"line":267,"column":0},"end":{"line":267,"column":120}},"267":{"start":{"line":268,"column":0},"end":{"line":268,"column":18}},"268":{"start":{"line":269,"column":0},"end":{"line":269,"column":28}},"269":{"start":{"line":270,"column":0},"end":{"line":270,"column":54}},"270":{"start":{"line":271,"column":0},"end":{"line":271,"column":2}},"272":{"start":{"line":273,"column":0},"end":{"line":273,"column":83}},"273":{"start":{"line":274,"column":0},"end":{"line":274,"column":89}},"274":{"start":{"line":275,"column":0},"end":{"line":275,"column":88}},"275":{"start":{"line":276,"column":0},"end":{"line":276,"column":93}},"276":{"start":{"line":277,"column":0},"end":{"line":277,"column":92}},"278":{"start":{"line":279,"column":0},"end":{"line":279,"column":129}},"279":{"start":{"line":280,"column":0},"end":{"line":280,"column":131}},"281":{"start":{"line":282,"column":0},"end":{"line":282,"column":49}},"282":{"start":{"line":283,"column":0},"end":{"line":283,"column":49}},"283":{"start":{"line":284,"column":0},"end":{"line":284,"column":51}},"284":{"start":{"line":285,"column":0},"end":{"line":285,"column":51}},"286":{"start":{"line":287,"column":0},"end":{"line":287,"column":48}},"287":{"start":{"line":288,"column":0},"end":{"line":288,"column":22}},"288":{"start":{"line":289,"column":0},"end":{"line":289,"column":11}},"289":{"start":{"line":290,"column":0},"end":{"line":290,"column":51}},"290":{"start":{"line":291,"column":0},"end":{"line":291,"column":45}},"291":{"start":{"line":292,"column":0},"end":{"line":292,"column":11}},"292":{"start":{"line":293,"column":0},"end":{"line":293,"column":3}},"293":{"start":{"line":294,"column":0},"end":{"line":294,"column":44}},"294":{"start":{"line":295,"column":0},"end":{"line":295,"column":60}},"295":{"start":{"line":296,"column":0},"end":{"line":296,"column":2}},"297":{"start":{"line":298,"column":0},"end":{"line":298,"column":50}},"298":{"start":{"line":299,"column":0},"end":{"line":299,"column":22}},"299":{"start":{"line":300,"column":0},"end":{"line":300,"column":11}},"300":{"start":{"line":301,"column":0},"end":{"line":301,"column":53}},"301":{"start":{"line":302,"column":0},"end":{"line":302,"column":47}},"302":{"start":{"line":303,"column":0},"end":{"line":303,"column":11}},"303":{"start":{"line":304,"column":0},"end":{"line":304,"column":3}},"304":{"start":{"line":305,"column":0},"end":{"line":305,"column":46}},"305":{"start":{"line":306,"column":0},"end":{"line":306,"column":62}},"306":{"start":{"line":307,"column":0},"end":{"line":307,"column":2}},"308":{"start":{"line":309,"column":0},"end":{"line":309,"column":15}},"309":{"start":{"line":310,"column":0},"end":{"line":310,"column":40}},"310":{"start":{"line":311,"column":0},"end":{"line":311,"column":113}},"311":{"start":{"line":312,"column":0},"end":{"line":312,"column":71}},"312":{"start":{"line":313,"column":0},"end":{"line":313,"column":79}},"313":{"start":{"line":314,"column":0},"end":{"line":314,"column":5}},"314":{"start":{"line":315,"column":0},"end":{"line":315,"column":3}},"315":{"start":{"line":316,"column":0},"end":{"line":316,"column":42}},"316":{"start":{"line":317,"column":0},"end":{"line":317,"column":115}},"317":{"start":{"line":318,"column":0},"end":{"line":318,"column":73}},"318":{"start":{"line":319,"column":0},"end":{"line":319,"column":79}},"319":{"start":{"line":320,"column":0},"end":{"line":320,"column":5}},"320":{"start":{"line":321,"column":0},"end":{"line":321,"column":3}},"321":{"start":{"line":322,"column":0},"end":{"line":322,"column":2}},"323":{"start":{"line":324,"column":0},"end":{"line":324,"column":14}},"324":{"start":{"line":325,"column":0},"end":{"line":325,"column":5}},"326":{"start":{"line":327,"column":0},"end":{"line":327,"column":36}},"327":{"start":{"line":328,"column":0},"end":{"line":328,"column":29}},"328":{"start":{"line":329,"column":0},"end":{"line":329,"column":28}},"329":{"start":{"line":330,"column":0},"end":{"line":330,"column":22}},"330":{"start":{"line":331,"column":0},"end":{"line":331,"column":13}},"331":{"start":{"line":332,"column":0},"end":{"line":332,"column":35}},"333":{"start":{"line":334,"column":0},"end":{"line":334,"column":61}},"334":{"start":{"line":335,"column":0},"end":{"line":335,"column":22}},"335":{"start":{"line":336,"column":0},"end":{"line":336,"column":2}},"337":{"start":{"line":338,"column":0},"end":{"line":338,"column":73}},"339":{"start":{"line":340,"column":0},"end":{"line":340,"column":38}},"340":{"start":{"line":341,"column":0},"end":{"line":341,"column":34}},"341":{"start":{"line":342,"column":0},"end":{"line":342,"column":11}},"342":{"start":{"line":343,"column":0},"end":{"line":343,"column":37}},"343":{"start":{"line":344,"column":0},"end":{"line":344,"column":37}},"345":{"start":{"line":346,"column":0},"end":{"line":346,"column":50}},"348":{"start":{"line":349,"column":0},"end":{"line":349,"column":33}},"349":{"start":{"line":350,"column":0},"end":{"line":350,"column":153}},"350":{"start":{"line":351,"column":0},"end":{"line":351,"column":3}},"353":{"start":{"line":354,"column":0},"end":{"line":354,"column":78}},"354":{"start":{"line":355,"column":0},"end":{"line":355,"column":71}},"356":{"start":{"line":357,"column":0},"end":{"line":357,"column":33}},"357":{"start":{"line":358,"column":0},"end":{"line":358,"column":3}},"358":{"start":{"line":359,"column":0},"end":{"line":359,"column":2}},"360":{"start":{"line":361,"column":0},"end":{"line":361,"column":21}},"361":{"start":{"line":362,"column":0},"end":{"line":362,"column":5}},"363":{"start":{"line":364,"column":0},"end":{"line":364,"column":38}},"364":{"start":{"line":365,"column":0},"end":{"line":365,"column":29}},"365":{"start":{"line":366,"column":0},"end":{"line":366,"column":28}},"366":{"start":{"line":367,"column":0},"end":{"line":367,"column":22}},"367":{"start":{"line":368,"column":0},"end":{"line":368,"column":13}},"368":{"start":{"line":369,"column":0},"end":{"line":369,"column":35}},"370":{"start":{"line":371,"column":0},"end":{"line":371,"column":61}},"371":{"start":{"line":372,"column":0},"end":{"line":372,"column":22}},"372":{"start":{"line":373,"column":0},"end":{"line":373,"column":2}},"374":{"start":{"line":375,"column":0},"end":{"line":375,"column":73}},"376":{"start":{"line":377,"column":0},"end":{"line":377,"column":38}},"377":{"start":{"line":378,"column":0},"end":{"line":378,"column":34}},"378":{"start":{"line":379,"column":0},"end":{"line":379,"column":11}},"379":{"start":{"line":380,"column":0},"end":{"line":380,"column":37}},"380":{"start":{"line":381,"column":0},"end":{"line":381,"column":37}},"382":{"start":{"line":383,"column":0},"end":{"line":383,"column":48}},"384":{"start":{"line":385,"column":0},"end":{"line":385,"column":67}},"387":{"start":{"line":388,"column":0},"end":{"line":388,"column":78}},"388":{"start":{"line":389,"column":0},"end":{"line":389,"column":71}},"390":{"start":{"line":391,"column":0},"end":{"line":391,"column":33}},"391":{"start":{"line":392,"column":0},"end":{"line":392,"column":3}},"392":{"start":{"line":393,"column":0},"end":{"line":393,"column":2}},"394":{"start":{"line":395,"column":0},"end":{"line":395,"column":21}},"395":{"start":{"line":396,"column":0},"end":{"line":396,"column":5}},"397":{"start":{"line":398,"column":0},"end":{"line":398,"column":35}},"398":{"start":{"line":399,"column":0},"end":{"line":399,"column":32}},"399":{"start":{"line":400,"column":0},"end":{"line":400,"column":36}},"400":{"start":{"line":401,"column":0},"end":{"line":401,"column":17}},"401":{"start":{"line":402,"column":0},"end":{"line":402,"column":3}},"403":{"start":{"line":404,"column":0},"end":{"line":404,"column":41}},"405":{"start":{"line":406,"column":0},"end":{"line":406,"column":41}},"406":{"start":{"line":407,"column":0},"end":{"line":407,"column":16}},"407":{"start":{"line":408,"column":0},"end":{"line":408,"column":32}},"408":{"start":{"line":409,"column":0},"end":{"line":409,"column":3}},"409":{"start":{"line":410,"column":0},"end":{"line":410,"column":43}},"410":{"start":{"line":411,"column":0},"end":{"line":411,"column":16}},"411":{"start":{"line":412,"column":0},"end":{"line":412,"column":32}},"412":{"start":{"line":413,"column":0},"end":{"line":413,"column":3}},"414":{"start":{"line":415,"column":0},"end":{"line":415,"column":30}},"415":{"start":{"line":416,"column":0},"end":{"line":416,"column":46}},"416":{"start":{"line":417,"column":0},"end":{"line":417,"column":34}},"417":{"start":{"line":418,"column":0},"end":{"line":418,"column":50}},"418":{"start":{"line":419,"column":0},"end":{"line":419,"column":38}},"419":{"start":{"line":420,"column":0},"end":{"line":420,"column":54}},"422":{"start":{"line":423,"column":0},"end":{"line":423,"column":131}},"423":{"start":{"line":424,"column":0},"end":{"line":424,"column":139}},"426":{"start":{"line":427,"column":0},"end":{"line":427,"column":47}},"427":{"start":{"line":428,"column":0},"end":{"line":428,"column":148}},"428":{"start":{"line":429,"column":0},"end":{"line":429,"column":55}},"429":{"start":{"line":430,"column":0},"end":{"line":430,"column":80}},"430":{"start":{"line":431,"column":0},"end":{"line":431,"column":4}},"431":{"start":{"line":432,"column":0},"end":{"line":432,"column":2}},"434":{"start":{"line":435,"column":0},"end":{"line":435,"column":49}},"435":{"start":{"line":436,"column":0},"end":{"line":436,"column":152}},"436":{"start":{"line":437,"column":0},"end":{"line":437,"column":57}},"437":{"start":{"line":438,"column":0},"end":{"line":438,"column":80}},"438":{"start":{"line":439,"column":0},"end":{"line":439,"column":4}},"439":{"start":{"line":440,"column":0},"end":{"line":440,"column":2}},"440":{"start":{"line":441,"column":0},"end":{"line":441,"column":5}},"442":{"start":{"line":443,"column":0},"end":{"line":443,"column":75}},"443":{"start":{"line":444,"column":0},"end":{"line":444,"column":15}},"444":{"start":{"line":445,"column":0},"end":{"line":445,"column":14}},"445":{"start":{"line":446,"column":0},"end":{"line":446,"column":130}},"446":{"start":{"line":447,"column":0},"end":{"line":447,"column":3}},"447":{"start":{"line":448,"column":0},"end":{"line":448,"column":2}},"449":{"start":{"line":450,"column":0},"end":{"line":450,"column":76}},"450":{"start":{"line":451,"column":0},"end":{"line":451,"column":16}},"451":{"start":{"line":452,"column":0},"end":{"line":452,"column":15}},"452":{"start":{"line":453,"column":0},"end":{"line":453,"column":86}},"453":{"start":{"line":454,"column":0},"end":{"line":454,"column":19}},"454":{"start":{"line":455,"column":0},"end":{"line":455,"column":33}},"455":{"start":{"line":456,"column":0},"end":{"line":456,"column":38}},"456":{"start":{"line":457,"column":0},"end":{"line":457,"column":4}},"457":{"start":{"line":458,"column":0},"end":{"line":458,"column":3}},"458":{"start":{"line":459,"column":0},"end":{"line":459,"column":7}},"459":{"start":{"line":460,"column":0},"end":{"line":460,"column":90}},"460":{"start":{"line":461,"column":0},"end":{"line":461,"column":3}},"461":{"start":{"line":462,"column":0},"end":{"line":462,"column":13}},"462":{"start":{"line":463,"column":0},"end":{"line":463,"column":17}},"463":{"start":{"line":464,"column":0},"end":{"line":464,"column":117}},"464":{"start":{"line":465,"column":0},"end":{"line":465,"column":4}},"465":{"start":{"line":466,"column":0},"end":{"line":466,"column":15}},"466":{"start":{"line":467,"column":0},"end":{"line":467,"column":3}},"467":{"start":{"line":468,"column":0},"end":{"line":468,"column":2}},"470":{"start":{"line":471,"column":0},"end":{"line":471,"column":15}},"471":{"start":{"line":472,"column":0},"end":{"line":472,"column":81}},"472":{"start":{"line":473,"column":0},"end":{"line":473,"column":2}},"474":{"start":{"line":475,"column":0},"end":{"line":475,"column":27}},"475":{"start":{"line":476,"column":0},"end":{"line":476,"column":67}},"477":{"start":{"line":478,"column":0},"end":{"line":478,"column":36}},"478":{"start":{"line":479,"column":0},"end":{"line":479,"column":60}},"480":{"start":{"line":481,"column":0},"end":{"line":481,"column":44}},"481":{"start":{"line":482,"column":0},"end":{"line":482,"column":8}},"482":{"start":{"line":483,"column":0},"end":{"line":483,"column":39}},"483":{"start":{"line":484,"column":0},"end":{"line":484,"column":4}},"484":{"start":{"line":485,"column":0},"end":{"line":485,"column":14}},"485":{"start":{"line":486,"column":0},"end":{"line":486,"column":27}},"486":{"start":{"line":487,"column":0},"end":{"line":487,"column":18}},"487":{"start":{"line":488,"column":0},"end":{"line":488,"column":19}},"488":{"start":{"line":489,"column":0},"end":{"line":489,"column":96}},"489":{"start":{"line":490,"column":0},"end":{"line":490,"column":28}},"490":{"start":{"line":491,"column":0},"end":{"line":491,"column":43}},"491":{"start":{"line":492,"column":0},"end":{"line":492,"column":6}},"492":{"start":{"line":493,"column":0},"end":{"line":493,"column":5}},"493":{"start":{"line":494,"column":0},"end":{"line":494,"column":4}},"494":{"start":{"line":495,"column":0},"end":{"line":495,"column":3}},"495":{"start":{"line":496,"column":0},"end":{"line":496,"column":2}},"498":{"start":{"line":499,"column":0},"end":{"line":499,"column":36}},"499":{"start":{"line":500,"column":0},"end":{"line":500,"column":60}},"501":{"start":{"line":502,"column":0},"end":{"line":502,"column":44}},"502":{"start":{"line":503,"column":0},"end":{"line":503,"column":26}},"503":{"start":{"line":504,"column":0},"end":{"line":504,"column":17}},"504":{"start":{"line":505,"column":0},"end":{"line":505,"column":18}},"505":{"start":{"line":506,"column":0},"end":{"line":506,"column":105}},"506":{"start":{"line":507,"column":0},"end":{"line":507,"column":27}},"507":{"start":{"line":508,"column":0},"end":{"line":508,"column":9}},"508":{"start":{"line":509,"column":0},"end":{"line":509,"column":5}},"509":{"start":{"line":510,"column":0},"end":{"line":510,"column":4}},"510":{"start":{"line":511,"column":0},"end":{"line":511,"column":3}},"511":{"start":{"line":512,"column":0},"end":{"line":512,"column":2}},"513":{"start":{"line":514,"column":0},"end":{"line":514,"column":24}},"514":{"start":{"line":515,"column":0},"end":{"line":515,"column":16}},"515":{"start":{"line":516,"column":0},"end":{"line":516,"column":101}},"516":{"start":{"line":517,"column":0},"end":{"line":517,"column":3}},"517":{"start":{"line":518,"column":0},"end":{"line":518,"column":14}},"518":{"start":{"line":519,"column":0},"end":{"line":519,"column":2}},"520":{"start":{"line":521,"column":0},"end":{"line":521,"column":15}},"521":{"start":{"line":522,"column":0},"end":{"line":522,"column":102}},"522":{"start":{"line":523,"column":0},"end":{"line":523,"column":2}},"524":{"start":{"line":525,"column":0},"end":{"line":525,"column":34}},"525":{"start":{"line":526,"column":0},"end":{"line":526,"column":38}},"527":{"start":{"line":528,"column":0},"end":{"line":528,"column":6}},"528":{"start":{"line":529,"column":0},"end":{"line":529,"column":73}},"529":{"start":{"line":530,"column":0},"end":{"line":530,"column":79}},"530":{"start":{"line":531,"column":0},"end":{"line":531,"column":2}},"531":{"start":{"line":532,"column":0},"end":{"line":532,"column":12}},"532":{"start":{"line":533,"column":0},"end":{"line":533,"column":16}},"533":{"start":{"line":534,"column":0},"end":{"line":534,"column":109}},"534":{"start":{"line":535,"column":0},"end":{"line":535,"column":3}},"535":{"start":{"line":536,"column":0},"end":{"line":536,"column":14}},"536":{"start":{"line":537,"column":0},"end":{"line":537,"column":2}},"538":{"start":{"line":539,"column":0},"end":{"line":539,"column":62}},"540":{"start":{"line":541,"column":0},"end":{"line":541,"column":81}},"543":{"start":{"line":544,"column":0},"end":{"line":544,"column":15}},"544":{"start":{"line":545,"column":0},"end":{"line":545,"column":74}},"545":{"start":{"line":546,"column":0},"end":{"line":546,"column":2}},"547":{"start":{"line":548,"column":0},"end":{"line":548,"column":29}},"549":{"start":{"line":550,"column":0},"end":{"line":550,"column":6}},"550":{"start":{"line":551,"column":0},"end":{"line":551,"column":115}},"551":{"start":{"line":552,"column":0},"end":{"line":552,"column":2}},"552":{"start":{"line":553,"column":0},"end":{"line":553,"column":12}},"553":{"start":{"line":554,"column":0},"end":{"line":554,"column":27}},"554":{"start":{"line":555,"column":0},"end":{"line":555,"column":16}},"555":{"start":{"line":556,"column":0},"end":{"line":556,"column":139}},"556":{"start":{"line":557,"column":0},"end":{"line":557,"column":3}},"557":{"start":{"line":558,"column":0},"end":{"line":558,"column":2}},"559":{"start":{"line":560,"column":0},"end":{"line":560,"column":6}},"560":{"start":{"line":561,"column":0},"end":{"line":561,"column":117}},"561":{"start":{"line":562,"column":0},"end":{"line":562,"column":2}},"562":{"start":{"line":563,"column":0},"end":{"line":563,"column":12}},"563":{"start":{"line":564,"column":0},"end":{"line":564,"column":27}},"564":{"start":{"line":565,"column":0},"end":{"line":565,"column":16}},"565":{"start":{"line":566,"column":0},"end":{"line":566,"column":141}},"566":{"start":{"line":567,"column":0},"end":{"line":567,"column":3}},"567":{"start":{"line":568,"column":0},"end":{"line":568,"column":2}},"570":{"start":{"line":571,"column":0},"end":{"line":571,"column":67}},"572":{"start":{"line":573,"column":0},"end":{"line":573,"column":36}},"573":{"start":{"line":574,"column":0},"end":{"line":574,"column":60}},"575":{"start":{"line":576,"column":0},"end":{"line":576,"column":45}},"576":{"start":{"line":577,"column":0},"end":{"line":577,"column":28}},"577":{"start":{"line":578,"column":0},"end":{"line":578,"column":17}},"578":{"start":{"line":579,"column":0},"end":{"line":579,"column":18}},"579":{"start":{"line":580,"column":0},"end":{"line":580,"column":89}},"580":{"start":{"line":581,"column":0},"end":{"line":581,"column":27}},"581":{"start":{"line":582,"column":0},"end":{"line":582,"column":9}},"582":{"start":{"line":583,"column":0},"end":{"line":583,"column":5}},"583":{"start":{"line":584,"column":0},"end":{"line":584,"column":4}},"584":{"start":{"line":585,"column":0},"end":{"line":585,"column":3}},"585":{"start":{"line":586,"column":0},"end":{"line":586,"column":2}},"587":{"start":{"line":588,"column":0},"end":{"line":588,"column":26}},"588":{"start":{"line":589,"column":0},"end":{"line":589,"column":16}},"589":{"start":{"line":590,"column":0},"end":{"line":590,"column":103}},"590":{"start":{"line":591,"column":0},"end":{"line":591,"column":3}},"591":{"start":{"line":592,"column":0},"end":{"line":592,"column":14}},"592":{"start":{"line":593,"column":0},"end":{"line":593,"column":2}},"594":{"start":{"line":595,"column":0},"end":{"line":595,"column":15}},"595":{"start":{"line":596,"column":0},"end":{"line":596,"column":95}},"596":{"start":{"line":597,"column":0},"end":{"line":597,"column":79}},"597":{"start":{"line":598,"column":0},"end":{"line":598,"column":81}},"598":{"start":{"line":599,"column":0},"end":{"line":599,"column":2}},"600":{"start":{"line":601,"column":0},"end":{"line":601,"column":15}},"601":{"start":{"line":602,"column":0},"end":{"line":602,"column":19}},"602":{"start":{"line":603,"column":0},"end":{"line":603,"column":2}},"603":{"start":{"line":604,"column":0},"end":{"line":604,"column":12}},"604":{"start":{"line":605,"column":0},"end":{"line":605,"column":5}},"607":{"start":{"line":608,"column":0},"end":{"line":608,"column":78}},"608":{"start":{"line":609,"column":0},"end":{"line":609,"column":31}},"609":{"start":{"line":610,"column":0},"end":{"line":610,"column":98}},"610":{"start":{"line":611,"column":0},"end":{"line":611,"column":17}},"611":{"start":{"line":612,"column":0},"end":{"line":612,"column":3}},"612":{"start":{"line":613,"column":0},"end":{"line":613,"column":5}}},"s":{"3":0,"4":0,"5":0,"6":0,"9":0,"12":0,"15":0,"49":0,"50":0,"51":0,"52":0,"53":0,"54":0,"55":0,"56":0,"57":0,"59":0,"60":0,"62":0,"63":0,"64":0,"65":0,"66":0,"67":0,"68":0,"69":0,"71":0,"72":0,"73":0,"74":0,"76":0,"77":0,"115":0,"116":0,"117":0,"118":0,"120":0,"121":0,"123":0,"124":0,"125":0,"126":0,"127":0,"128":0,"130":0,"131":0,"132":0,"133":0,"134":0,"135":0,"136":0,"137":0,"138":0,"139":0,"140":0,"141":0,"143":0,"144":0,"146":0,"147":0,"148":0,"149":0,"151":0,"152":0,"153":0,"154":0,"155":0,"156":0,"157":0,"158":0,"159":0,"160":0,"161":0,"162":0,"163":0,"164":0,"165":0,"166":0,"168":0,"169":0,"170":0,"171":0,"172":0,"173":0,"174":0,"175":0,"177":0,"178":0,"179":0,"180":0,"182":0,"184":0,"185":0,"186":0,"188":0,"190":0,"192":0,"193":0,"194":0,"196":0,"197":0,"198":0,"199":0,"200":0,"201":0,"202":0,"204":0,"205":0,"206":0,"207":0,"208":0,"209":0,"211":0,"212":0,"213":0,"214":0,"215":0,"216":0,"217":0,"219":0,"220":0,"222":0,"224":0,"225":0,"226":0,"227":0,"229":0,"231":0,"232":0,"233":0,"234":0,"235":0,"236":0,"238":0,"239":0,"241":0,"242":0,"244":0,"245":0,"246":0,"247":0,"248":0,"249":0,"251":0,"252":0,"253":0,"254":0,"255":0,"256":0,"257":0,"258":0,"259":0,"260":0,"261":0,"262":0,"263":0,"264":0,"265":0,"266":0,"267":0,"268":0,"269":0,"270":0,"272":0,"273":0,"274":0,"275":0,"276":0,"278":0,"279":0,"281":0,"282":0,"283":0,"284":0,"286":0,"287":0,"288":0,"289":0,"290":0,"291":0,"292":0,"293":0,"294":0,"295":0,"297":0,"298":0,"299":0,"300":0,"301":0,"302":0,"303":0,"304":0,"305":0,"306":0,"308":0,"309":0,"310":0,"311":0,"312":0,"313":0,"314":0,"315":0,"316":0,"317":0,"318":0,"319":0,"320":0,"321":0,"323":0,"324":0,"326":0,"327":0,"328":0,"329":0,"330":0,"331":0,"333":0,"334":0,"335":0,"337":0,"339":0,"340":0,"341":0,"342":0,"343":0,"345":0,"348":0,"349":0,"350":0,"353":0,"354":0,"356":0,"357":0,"358":0,"360":0,"361":0,"363":0,"364":0,"365":0,"366":0,"367":0,"368":0,"370":0,"371":0,"372":0,"374":0,"376":0,"377":0,"378":0,"379":0,"380":0,"382":0,"384":0,"387":0,"388":0,"390":0,"391":0,"392":0,"394":0,"395":0,"397":0,"398":0,"399":0,"400":0,"401":0,"403":0,"405":0,"406":0,"407":0,"408":0,"409":0,"410":0,"411":0,"412":0,"414":0,"415":0,"416":0,"417":0,"418":0,"419":0,"422":0,"423":0,"426":0,"427":0,"428":0,"429":0,"430":0,"431":0,"434":0,"435":0,"436":0,"437":0,"438":0,"439":0,"440":0,"442":0,"443":0,"444":0,"445":0,"446":0,"447":0,"449":0,"450":0,"451":0,"452":0,"453":0,"454":0,"455":0,"456":0,"457":0,"458":0,"459":0,"460":0,"461":0,"462":0,"463":0,"464":0,"465":0,"466":0,"467":0,"470":0,"471":0,"472":0,"474":0,"475":0,"477":0,"478":0,"480":0,"481":0,"482":0,"483":0,"484":0,"485":0,"486":0,"487":0,"488":0,"489":0,"490":0,"491":0,"492":0,"493":0,"494":0,"495":0,"498":0,"499":0,"501":0,"502":0,"503":0,"504":0,"505":0,"506":0,"507":0,"508":0,"509":0,"510":0,"511":0,"513":0,"514":0,"515":0,"516":0,"517":0,"518":0,"520":0,"521":0,"522":0,"524":0,"525":0,"527":0,"528":0,"529":0,"530":0,"531":0,"532":0,"533":0,"534":0,"535":0,"536":0,"538":0,"540":0,"543":0,"544":0,"545":0,"547":0,"549":0,"550":0,"551":0,"552":0,"553":0,"554":0,"555":0,"556":0,"557":0,"559":0,"560":0,"561":0,"562":0,"563":0,"564":0,"565":0,"566":0,"567":0,"570":0,"572":0,"573":0,"575":0,"576":0,"577":0,"578":0,"579":0,"580":0,"581":0,"582":0,"583":0,"584":0,"585":0,"587":0,"588":0,"589":0,"590":0,"591":0,"592":0,"594":0,"595":0,"596":0,"597":0,"598":0,"600":0,"601":0,"602":0,"603":0,"604":0,"607":0,"608":0,"609":0,"610":0,"611":0,"612":0},"branchMap":{"0":{"type":"branch","line":1,"loc":{"start":{"line":1,"column":21542},"end":{"line":613,"column":5}},"locations":[{"start":{"line":1,"column":21542},"end":{"line":613,"column":5}}]}},"b":{"0":[1]},"fnMap":{"0":{"name":"(empty-report)","decl":{"start":{"line":1,"column":21542},"end":{"line":613,"column":5}},"loc":{"start":{"line":1,"column":21542},"end":{"line":613,"column":5}},"line":1}},"f":{"0":1}}
,"D:\\_dev\\!Projects\\_fux\\_FocusedUX\\packages\\dynamicons\\core\\src\\scripts\\generate_icon_previews.ts": {"path":"D:\\_dev\\!Projects\\_fux\\_FocusedUX\\packages\\dynamicons\\core\\src\\scripts\\generate_icon_previews.ts","all":true,"statementMap":{"38":{"start":{"line":39,"column":0},"end":{"line":39,"column":52}},"39":{"start":{"line":40,"column":0},"end":{"line":40,"column":28}},"40":{"start":{"line":41,"column":0},"end":{"line":41,"column":40}},"41":{"start":{"line":42,"column":0},"end":{"line":42,"column":34}},"43":{"start":{"line":44,"column":0},"end":{"line":44,"column":33}},"45":{"start":{"line":46,"column":0},"end":{"line":46,"column":25}},"49":{"start":{"line":50,"column":0},"end":{"line":50,"column":49}},"50":{"start":{"line":51,"column":0},"end":{"line":51,"column":42}},"52":{"start":{"line":53,"column":0},"end":{"line":53,"column":64}},"53":{"start":{"line":54,"column":0},"end":{"line":54,"column":82}},"54":{"start":{"line":55,"column":0},"end":{"line":55,"column":70}},"55":{"start":{"line":56,"column":0},"end":{"line":56,"column":81}},"56":{"start":{"line":57,"column":0},"end":{"line":57,"column":85}},"57":{"start":{"line":58,"column":0},"end":{"line":58,"column":118}},"58":{"start":{"line":59,"column":0},"end":{"line":59,"column":81}},"59":{"start":{"line":60,"column":0},"end":{"line":60,"column":85}},"60":{"start":{"line":61,"column":0},"end":{"line":61,"column":95}},"61":{"start":{"line":62,"column":0},"end":{"line":62,"column":49}},"62":{"start":{"line":63,"column":0},"end":{"line":63,"column":75}},"64":{"start":{"line":65,"column":0},"end":{"line":65,"column":39}},"65":{"start":{"line":66,"column":0},"end":{"line":66,"column":22}},"66":{"start":{"line":67,"column":0},"end":{"line":67,"column":85}},"68":{"start":{"line":69,"column":0},"end":{"line":69,"column":19}},"69":{"start":{"line":70,"column":0},"end":{"line":70,"column":17}},"70":{"start":{"line":71,"column":0},"end":{"line":71,"column":17}},"71":{"start":{"line":72,"column":0},"end":{"line":72,"column":29}},"72":{"start":{"line":73,"column":0},"end":{"line":73,"column":24}},"73":{"start":{"line":74,"column":0},"end":{"line":74,"column":21}},"74":{"start":{"line":75,"column":0},"end":{"line":75,"column":26}},"75":{"start":{"line":76,"column":0},"end":{"line":76,"column":24}},"76":{"start":{"line":77,"column":0},"end":{"line":77,"column":5}},"80":{"start":{"line":81,"column":0},"end":{"line":81,"column":99}},"81":{"start":{"line":82,"column":0},"end":{"line":82,"column":6}},"82":{"start":{"line":83,"column":0},"end":{"line":83,"column":60}},"83":{"start":{"line":84,"column":0},"end":{"line":84,"column":2}},"84":{"start":{"line":85,"column":0},"end":{"line":85,"column":19}},"85":{"start":{"line":86,"column":0},"end":{"line":86,"column":30}},"86":{"start":{"line":87,"column":0},"end":{"line":87,"column":15}},"87":{"start":{"line":88,"column":0},"end":{"line":88,"column":130}},"88":{"start":{"line":89,"column":0},"end":{"line":89,"column":12}},"89":{"start":{"line":90,"column":0},"end":{"line":90,"column":3}},"90":{"start":{"line":91,"column":0},"end":{"line":91,"column":2}},"91":{"start":{"line":92,"column":0},"end":{"line":92,"column":5}},"93":{"start":{"line":94,"column":0},"end":{"line":94,"column":35}},"94":{"start":{"line":95,"column":0},"end":{"line":95,"column":14}},"95":{"start":{"line":96,"column":0},"end":{"line":96,"column":21}},"96":{"start":{"line":97,"column":0},"end":{"line":97,"column":23}},"97":{"start":{"line":98,"column":0},"end":{"line":98,"column":25}},"98":{"start":{"line":99,"column":0},"end":{"line":99,"column":18}},"99":{"start":{"line":100,"column":0},"end":{"line":100,"column":6}},"100":{"start":{"line":101,"column":0},"end":{"line":101,"column":26}},"101":{"start":{"line":102,"column":0},"end":{"line":102,"column":22}},"102":{"start":{"line":103,"column":0},"end":{"line":103,"column":9}},"103":{"start":{"line":104,"column":0},"end":{"line":104,"column":25}},"104":{"start":{"line":105,"column":0},"end":{"line":105,"column":2}},"105":{"start":{"line":106,"column":0},"end":{"line":106,"column":16}},"106":{"start":{"line":107,"column":0},"end":{"line":107,"column":14}},"107":{"start":{"line":108,"column":0},"end":{"line":108,"column":166}},"108":{"start":{"line":109,"column":0},"end":{"line":109,"column":13}},"109":{"start":{"line":110,"column":0},"end":{"line":110,"column":2}},"110":{"start":{"line":111,"column":0},"end":{"line":111,"column":5}},"112":{"start":{"line":113,"column":0},"end":{"line":113,"column":37}},"113":{"start":{"line":114,"column":0},"end":{"line":114,"column":14}},"114":{"start":{"line":115,"column":0},"end":{"line":115,"column":24}},"115":{"start":{"line":116,"column":0},"end":{"line":116,"column":25}},"116":{"start":{"line":117,"column":0},"end":{"line":117,"column":52}},"117":{"start":{"line":118,"column":0},"end":{"line":118,"column":34}},"118":{"start":{"line":119,"column":0},"end":{"line":119,"column":29}},"119":{"start":{"line":120,"column":0},"end":{"line":120,"column":25}},"120":{"start":{"line":121,"column":0},"end":{"line":121,"column":21}},"121":{"start":{"line":122,"column":0},"end":{"line":122,"column":85}},"123":{"start":{"line":124,"column":0},"end":{"line":124,"column":15}},"124":{"start":{"line":125,"column":0},"end":{"line":125,"column":14}},"125":{"start":{"line":126,"column":0},"end":{"line":126,"column":159}},"126":{"start":{"line":127,"column":0},"end":{"line":127,"column":3}},"127":{"start":{"line":128,"column":0},"end":{"line":128,"column":2}},"129":{"start":{"line":130,"column":0},"end":{"line":130,"column":38}},"130":{"start":{"line":131,"column":0},"end":{"line":131,"column":16}},"131":{"start":{"line":132,"column":0},"end":{"line":132,"column":15}},"132":{"start":{"line":133,"column":0},"end":{"line":133,"column":140}},"133":{"start":{"line":134,"column":0},"end":{"line":134,"column":4}},"134":{"start":{"line":135,"column":0},"end":{"line":135,"column":3}},"135":{"start":{"line":136,"column":0},"end":{"line":136,"column":14}},"136":{"start":{"line":137,"column":0},"end":{"line":137,"column":2}},"138":{"start":{"line":139,"column":0},"end":{"line":139,"column":6}},"139":{"start":{"line":140,"column":0},"end":{"line":140,"column":58}},"140":{"start":{"line":141,"column":0},"end":{"line":141,"column":49}},"141":{"start":{"line":142,"column":0},"end":{"line":142,"column":3}},"143":{"start":{"line":144,"column":0},"end":{"line":144,"column":31}},"144":{"start":{"line":145,"column":0},"end":{"line":145,"column":17}},"145":{"start":{"line":146,"column":0},"end":{"line":146,"column":16}},"146":{"start":{"line":147,"column":0},"end":{"line":147,"column":124}},"147":{"start":{"line":148,"column":0},"end":{"line":148,"column":5}},"148":{"start":{"line":149,"column":0},"end":{"line":149,"column":4}},"149":{"start":{"line":150,"column":0},"end":{"line":150,"column":15}},"150":{"start":{"line":151,"column":0},"end":{"line":151,"column":3}},"151":{"start":{"line":152,"column":0},"end":{"line":152,"column":48}},"153":{"start":{"line":154,"column":0},"end":{"line":154,"column":57}},"154":{"start":{"line":155,"column":0},"end":{"line":155,"column":54}},"155":{"start":{"line":156,"column":0},"end":{"line":156,"column":53}},"156":{"start":{"line":157,"column":0},"end":{"line":157,"column":64}},"158":{"start":{"line":159,"column":0},"end":{"line":159,"column":66}},"159":{"start":{"line":160,"column":0},"end":{"line":160,"column":4}},"161":{"start":{"line":162,"column":0},"end":{"line":162,"column":36}},"162":{"start":{"line":163,"column":0},"end":{"line":163,"column":16}},"163":{"start":{"line":164,"column":0},"end":{"line":164,"column":15}},"164":{"start":{"line":165,"column":0},"end":{"line":165,"column":98}},"165":{"start":{"line":166,"column":0},"end":{"line":166,"column":4}},"166":{"start":{"line":167,"column":0},"end":{"line":167,"column":3}},"167":{"start":{"line":168,"column":0},"end":{"line":168,"column":13}},"168":{"start":{"line":169,"column":0},"end":{"line":169,"column":2}},"169":{"start":{"line":170,"column":0},"end":{"line":170,"column":16}},"170":{"start":{"line":171,"column":0},"end":{"line":171,"column":16}},"171":{"start":{"line":172,"column":0},"end":{"line":172,"column":17}},"172":{"start":{"line":173,"column":0},"end":{"line":173,"column":129}},"173":{"start":{"line":174,"column":0},"end":{"line":174,"column":10}},"174":{"start":{"line":175,"column":0},"end":{"line":175,"column":4}},"175":{"start":{"line":176,"column":0},"end":{"line":176,"column":3}},"176":{"start":{"line":177,"column":0},"end":{"line":177,"column":14}},"177":{"start":{"line":178,"column":0},"end":{"line":178,"column":2}},"178":{"start":{"line":179,"column":0},"end":{"line":179,"column":5}},"180":{"start":{"line":181,"column":0},"end":{"line":181,"column":34}},"181":{"start":{"line":182,"column":0},"end":{"line":182,"column":24}},"182":{"start":{"line":183,"column":0},"end":{"line":183,"column":31}},"183":{"start":{"line":184,"column":0},"end":{"line":184,"column":14}},"184":{"start":{"line":185,"column":0},"end":{"line":185,"column":11}},"185":{"start":{"line":186,"column":0},"end":{"line":186,"column":37}},"187":{"start":{"line":188,"column":0},"end":{"line":188,"column":66}},"189":{"start":{"line":190,"column":0},"end":{"line":190,"column":63}},"190":{"start":{"line":191,"column":0},"end":{"line":191,"column":63}},"192":{"start":{"line":193,"column":0},"end":{"line":193,"column":9}},"194":{"start":{"line":195,"column":0},"end":{"line":195,"column":67}},"196":{"start":{"line":197,"column":0},"end":{"line":197,"column":90}},"198":{"start":{"line":199,"column":0},"end":{"line":199,"column":5}},"200":{"start":{"line":201,"column":0},"end":{"line":201,"column":33}},"201":{"start":{"line":202,"column":0},"end":{"line":202,"column":23}},"202":{"start":{"line":203,"column":0},"end":{"line":203,"column":24}},"203":{"start":{"line":204,"column":0},"end":{"line":204,"column":25}},"204":{"start":{"line":205,"column":0},"end":{"line":205,"column":11}},"205":{"start":{"line":206,"column":0},"end":{"line":206,"column":25}},"207":{"start":{"line":208,"column":0},"end":{"line":208,"column":6}},"208":{"start":{"line":209,"column":0},"end":{"line":209,"column":38}},"209":{"start":{"line":210,"column":0},"end":{"line":210,"column":73}},"210":{"start":{"line":211,"column":0},"end":{"line":211,"column":3}},"211":{"start":{"line":212,"column":0},"end":{"line":212,"column":21}},"212":{"start":{"line":213,"column":0},"end":{"line":213,"column":16}},"213":{"start":{"line":214,"column":0},"end":{"line":214,"column":142}},"214":{"start":{"line":215,"column":0},"end":{"line":215,"column":4}},"215":{"start":{"line":216,"column":0},"end":{"line":216,"column":3}},"216":{"start":{"line":217,"column":0},"end":{"line":217,"column":2}},"217":{"start":{"line":218,"column":0},"end":{"line":218,"column":16}},"218":{"start":{"line":219,"column":0},"end":{"line":219,"column":16}},"219":{"start":{"line":220,"column":0},"end":{"line":220,"column":17}},"220":{"start":{"line":221,"column":0},"end":{"line":221,"column":118}},"221":{"start":{"line":222,"column":0},"end":{"line":222,"column":10}},"222":{"start":{"line":223,"column":0},"end":{"line":223,"column":4}},"223":{"start":{"line":224,"column":0},"end":{"line":224,"column":3}},"224":{"start":{"line":225,"column":0},"end":{"line":225,"column":2}},"226":{"start":{"line":227,"column":0},"end":{"line":227,"column":18}},"227":{"start":{"line":228,"column":0},"end":{"line":228,"column":29}},"228":{"start":{"line":229,"column":0},"end":{"line":229,"column":20}},"229":{"start":{"line":230,"column":0},"end":{"line":230,"column":93}},"232":{"start":{"line":233,"column":0},"end":{"line":233,"column":129}},"239":{"start":{"line":240,"column":0},"end":{"line":240,"column":97}},"242":{"start":{"line":243,"column":0},"end":{"line":243,"column":78}},"243":{"start":{"line":244,"column":0},"end":{"line":244,"column":38}},"244":{"start":{"line":245,"column":0},"end":{"line":245,"column":26}},"245":{"start":{"line":246,"column":0},"end":{"line":246,"column":131}},"246":{"start":{"line":247,"column":0},"end":{"line":247,"column":2}},"247":{"start":{"line":248,"column":0},"end":{"line":248,"column":7}},"248":{"start":{"line":249,"column":0},"end":{"line":249,"column":51}},"249":{"start":{"line":250,"column":0},"end":{"line":250,"column":24}},"250":{"start":{"line":251,"column":0},"end":{"line":251,"column":38}},"251":{"start":{"line":252,"column":0},"end":{"line":252,"column":31}},"252":{"start":{"line":253,"column":0},"end":{"line":253,"column":85}},"253":{"start":{"line":254,"column":0},"end":{"line":254,"column":5}},"254":{"start":{"line":255,"column":0},"end":{"line":255,"column":10}},"255":{"start":{"line":256,"column":0},"end":{"line":256,"column":40}},"256":{"start":{"line":257,"column":0},"end":{"line":257,"column":5}},"257":{"start":{"line":258,"column":0},"end":{"line":258,"column":4}},"258":{"start":{"line":259,"column":0},"end":{"line":259,"column":25}},"259":{"start":{"line":260,"column":0},"end":{"line":260,"column":3}},"260":{"start":{"line":261,"column":0},"end":{"line":261,"column":2}},"261":{"start":{"line":262,"column":0},"end":{"line":262,"column":54}},"262":{"start":{"line":263,"column":0},"end":{"line":263,"column":19}},"263":{"start":{"line":264,"column":0},"end":{"line":264,"column":5}},"265":{"start":{"line":266,"column":0},"end":{"line":266,"column":45}},"266":{"start":{"line":267,"column":0},"end":{"line":267,"column":12}},"267":{"start":{"line":268,"column":0},"end":{"line":268,"column":23}},"268":{"start":{"line":269,"column":0},"end":{"line":269,"column":24}},"269":{"start":{"line":270,"column":0},"end":{"line":270,"column":26}},"270":{"start":{"line":271,"column":0},"end":{"line":271,"column":32}},"271":{"start":{"line":272,"column":0},"end":{"line":272,"column":34}},"272":{"start":{"line":273,"column":0},"end":{"line":273,"column":29}},"273":{"start":{"line":274,"column":0},"end":{"line":274,"column":25}},"274":{"start":{"line":275,"column":0},"end":{"line":275,"column":21}},"275":{"start":{"line":276,"column":0},"end":{"line":276,"column":80}},"276":{"start":{"line":277,"column":0},"end":{"line":277,"column":85}},"278":{"start":{"line":279,"column":0},"end":{"line":279,"column":6}},"279":{"start":{"line":280,"column":0},"end":{"line":280,"column":14}},"280":{"start":{"line":281,"column":0},"end":{"line":281,"column":85}},"282":{"start":{"line":283,"column":0},"end":{"line":283,"column":80}},"284":{"start":{"line":285,"column":0},"end":{"line":285,"column":45}},"286":{"start":{"line":287,"column":0},"end":{"line":287,"column":62}},"288":{"start":{"line":289,"column":0},"end":{"line":289,"column":14}},"289":{"start":{"line":290,"column":0},"end":{"line":290,"column":62}},"290":{"start":{"line":291,"column":0},"end":{"line":291,"column":49}},"292":{"start":{"line":293,"column":0},"end":{"line":293,"column":53}},"294":{"start":{"line":295,"column":0},"end":{"line":295,"column":25}},"295":{"start":{"line":296,"column":0},"end":{"line":296,"column":93}},"297":{"start":{"line":298,"column":0},"end":{"line":298,"column":115}},"298":{"start":{"line":299,"column":0},"end":{"line":299,"column":17}},"299":{"start":{"line":300,"column":0},"end":{"line":300,"column":16}},"300":{"start":{"line":301,"column":0},"end":{"line":301,"column":114}},"301":{"start":{"line":302,"column":0},"end":{"line":302,"column":5}},"302":{"start":{"line":303,"column":0},"end":{"line":303,"column":4}},"303":{"start":{"line":304,"column":0},"end":{"line":304,"column":14}},"304":{"start":{"line":305,"column":0},"end":{"line":305,"column":3}},"305":{"start":{"line":306,"column":0},"end":{"line":306,"column":8}},"306":{"start":{"line":307,"column":0},"end":{"line":307,"column":17}},"307":{"start":{"line":308,"column":0},"end":{"line":308,"column":17}},"308":{"start":{"line":309,"column":0},"end":{"line":309,"column":109}},"309":{"start":{"line":310,"column":0},"end":{"line":310,"column":5}},"310":{"start":{"line":311,"column":0},"end":{"line":311,"column":4}},"311":{"start":{"line":312,"column":0},"end":{"line":312,"column":15}},"312":{"start":{"line":313,"column":0},"end":{"line":313,"column":3}},"313":{"start":{"line":314,"column":0},"end":{"line":314,"column":2}},"314":{"start":{"line":315,"column":0},"end":{"line":315,"column":16}},"315":{"start":{"line":316,"column":0},"end":{"line":316,"column":16}},"316":{"start":{"line":317,"column":0},"end":{"line":317,"column":17}},"317":{"start":{"line":318,"column":0},"end":{"line":318,"column":98}},"318":{"start":{"line":319,"column":0},"end":{"line":319,"column":10}},"319":{"start":{"line":320,"column":0},"end":{"line":320,"column":4}},"320":{"start":{"line":321,"column":0},"end":{"line":321,"column":3}},"321":{"start":{"line":322,"column":0},"end":{"line":322,"column":14}},"322":{"start":{"line":323,"column":0},"end":{"line":323,"column":2}},"323":{"start":{"line":324,"column":0},"end":{"line":324,"column":5}},"325":{"start":{"line":326,"column":0},"end":{"line":326,"column":31}},"326":{"start":{"line":327,"column":0},"end":{"line":327,"column":48}},"327":{"start":{"line":328,"column":0},"end":{"line":328,"column":25}},"328":{"start":{"line":329,"column":0},"end":{"line":329,"column":21}},"329":{"start":{"line":330,"column":0},"end":{"line":330,"column":13}},"330":{"start":{"line":331,"column":0},"end":{"line":331,"column":76}},"332":{"start":{"line":333,"column":0},"end":{"line":333,"column":122}},"334":{"start":{"line":335,"column":0},"end":{"line":335,"column":13}},"335":{"start":{"line":336,"column":0},"end":{"line":336,"column":77}},"336":{"start":{"line":337,"column":0},"end":{"line":337,"column":6}},"337":{"start":{"line":338,"column":0},"end":{"line":338,"column":31}},"338":{"start":{"line":339,"column":0},"end":{"line":339,"column":26}},"339":{"st
[...]
olumn":0},"end":{"line":77,"column":27}},"77":{"start":{"line":78,"column":0},"end":{"line":78,"column":8}},"78":{"start":{"line":79,"column":0},"end":{"line":79,"column":68}},"80":{"start":{"line":81,"column":0},"end":{"line":81,"column":67}},"82":{"start":{"line":83,"column":0},"end":{"line":83,"column":101}},"84":{"start":{"line":85,"column":0},"end":{"line":85,"column":31}},"85":{"start":{"line":86,"column":0},"end":{"line":86,"column":55}},"86":{"start":{"line":87,"column":0},"end":{"line":87,"column":54}},"87":{"start":{"line":88,"column":0},"end":{"line":88,"column":97}},"88":{"start":{"line":89,"column":0},"end":{"line":89,"column":84}},"89":{"start":{"line":90,"column":0},"end":{"line":90,"column":124}},"91":{"start":{"line":92,"column":0},"end":{"line":92,"column":49}},"92":{"start":{"line":93,"column":0},"end":{"line":93,"column":34}},"93":{"start":{"line":94,"column":0},"end":{"line":94,"column":7}},"94":{"start":{"line":95,"column":0},"end":{"line":95,"column":6}},"95":{"start":{"line":96,"column":0},"end":{"line":96,"column":5}},"96":{"start":{"line":97,"column":0},"end":{"line":97,"column":4}},"97":{"start":{"line":98,"column":0},"end":{"line":98,"column":18}},"98":{"start":{"line":99,"column":0},"end":{"line":99,"column":127}},"99":{"start":{"line":100,"column":0},"end":{"line":100,"column":4}},"100":{"start":{"line":101,"column":0},"end":{"line":101,"column":3}},"102":{"start":{"line":103,"column":0},"end":{"line":103,"column":23}},"103":{"start":{"line":104,"column":0},"end":{"line":104,"column":38}},"104":{"start":{"line":105,"column":0},"end":{"line":105,"column":37}},"106":{"start":{"line":107,"column":0},"end":{"line":107,"column":74}},"107":{"start":{"line":108,"column":0},"end":{"line":108,"column":103}},"109":{"start":{"line":110,"column":0},"end":{"line":110,"column":39}},"110":{"start":{"line":111,"column":0},"end":{"line":111,"column":51}},"111":{"start":{"line":112,"column":0},"end":{"line":112,"column":47}},"112":{"start":{"line":113,"column":0},"end":{"line":113,"column":6}},"113":{"start":{"line":114,"column":0},"end":{"line":114,"column":11}},"114":{"start":{"line":115,"column":0},"end":{"line":115,"column":61}},"115":{"start":{"line":116,"column":0},"end":{"line":116,"column":52}},"116":{"start":{"line":117,"column":0},"end":{"line":117,"column":6}},"117":{"start":{"line":118,"column":0},"end":{"line":118,"column":5}},"118":{"start":{"line":119,"column":0},"end":{"line":119,"column":81}},"119":{"start":{"line":120,"column":0},"end":{"line":120,"column":102}},"121":{"start":{"line":122,"column":0},"end":{"line":122,"column":54}},"122":{"start":{"line":123,"column":0},"end":{"line":123,"column":70}},"123":{"start":{"line":124,"column":0},"end":{"line":124,"column":45}},"125":{"start":{"line":126,"column":0},"end":{"line":126,"column":34}},"127":{"start":{"line":128,"column":0},"end":{"line":128,"column":78}},"128":{"start":{"line":129,"column":0},"end":{"line":129,"column":95}},"130":{"start":{"line":131,"column":0},"end":{"line":131,"column":142}},"131":{"start":{"line":132,"column":0},"end":{"line":132,"column":6}},"132":{"start":{"line":133,"column":0},"end":{"line":133,"column":88}},"133":{"start":{"line":134,"column":0},"end":{"line":134,"column":100}},"135":{"start":{"line":136,"column":0},"end":{"line":136,"column":147}},"136":{"start":{"line":137,"column":0},"end":{"line":137,"column":6}},"137":{"start":{"line":138,"column":0},"end":{"line":138,"column":11}},"138":{"start":{"line":139,"column":0},"end":{"line":139,"column":88}},"139":{"start":{"line":140,"column":0},"end":{"line":140,"column":6}},"140":{"start":{"line":141,"column":0},"end":{"line":141,"column":55}},"141":{"start":{"line":142,"column":0},"end":{"line":142,"column":66}},"142":{"start":{"line":143,"column":0},"end":{"line":143,"column":6}},"143":{"start":{"line":144,"column":0},"end":{"line":144,"column":11}},"144":{"start":{"line":145,"column":0},"end":{"line":145,"column":54}},"145":{"start":{"line":146,"column":0},"end":{"line":146,"column":6}},"146":{"start":{"line":147,"column":0},"end":{"line":147,"column":5}},"147":{"start":{"line":148,"column":0},"end":{"line":148,"column":83}},"148":{"start":{"line":149,"column":0},"end":{"line":149,"column":100}},"150":{"start":{"line":151,"column":0},"end":{"line":151,"column":54}},"151":{"start":{"line":152,"column":0},"end":{"line":152,"column":41}},"152":{"start":{"line":153,"column":0},"end":{"line":153,"column":5}},"153":{"start":{"line":154,"column":0},"end":{"line":154,"column":4}},"154":{"start":{"line":155,"column":0},"end":{"line":155,"column":3}},"156":{"start":{"line":157,"column":0},"end":{"line":157,"column":72}},"157":{"start":{"line":158,"column":0},"end":{"line":158,"column":52}},"158":{"start":{"line":159,"column":0},"end":{"line":159,"column":3}},"159":{"start":{"line":160,"column":0},"end":{"line":160,"column":8}},"160":{"start":{"line":161,"column":0},"end":{"line":161,"column":38}},"161":{"start":{"line":162,"column":0},"end":{"line":162,"column":3}},"164":{"start":{"line":165,"column":0},"end":{"line":165,"column":50}},"167":{"start":{"line":168,"column":0},"end":{"line":168,"column":24}},"169":{"start":{"line":170,"column":0},"end":{"line":170,"column":17}},"170":{"start":{"line":171,"column":0},"end":{"line":171,"column":2}},"172":{"start":{"line":173,"column":0},"end":{"line":173,"column":101}},"173":{"start":{"line":174,"column":0},"end":{"line":174,"column":7}},"174":{"start":{"line":175,"column":0},"end":{"line":175,"column":70}},"176":{"start":{"line":177,"column":0},"end":{"line":177,"column":78}},"177":{"start":{"line":178,"column":0},"end":{"line":178,"column":3}},"178":{"start":{"line":179,"column":0},"end":{"line":179,"column":17}},"179":{"start":{"line":180,"column":0},"end":{"line":180,"column":128}},"180":{"start":{"line":181,"column":0},"end":{"line":181,"column":14}},"181":{"start":{"line":182,"column":0},"end":{"line":182,"column":3}},"182":{"start":{"line":183,"column":0},"end":{"line":183,"column":2}},"184":{"start":{"line":185,"column":0},"end":{"line":185,"column":1}}},"s":{"3":1,"4":1,"11":1,"14":1,"38":1,"40":1,"41":13,"42":13,"43":13,"44":13,"45":13,"47":1,"48":11,"49":11,"50":10,"52":10,"53":10,"54":2,"55":2,"56":2,"57":2,"58":11,"60":1,"61":11,"62":11,"63":11,"64":11,"65":11,"66":11,"67":11,"69":11,"70":2,"71":2,"72":2,"74":11,"76":11,"77":2,"78":2,"80":2,"82":1,"84":2,"85":3,"86":2,"87":2,"88":2,"89":2,"91":2,"92":2,"93":2,"94":2,"95":3,"96":1,"97":1,"98":1,"99":1,"100":2,"102":11,"103":3,"104":6,"106":6,"107":2,"109":2,"110":1,"111":1,"112":1,"113":1,"114":1,"115":1,"116":1,"117":2,"118":4,"119":2,"121":2,"122":2,"123":2,"125":2,"127":2,"128":0,"130":0,"131":0,"132":2,"133":0,"135":0,"136":0,"137":2,"138":2,"139":2,"140":2,"141":0,"142":0,"143":2,"144":2,"145":2,"146":2,"147":2,"148":2,"150":2,"151":2,"152":2,"153":6,"154":3,"156":11,"157":2,"158":2,"159":7,"160":7,"161":7,"164":9,"167":9,"169":9,"170":11,"172":1,"173":2,"174":2,"176":2,"177":1,"178":1,"179":1,"180":1,"181":1,"182":2,"184":1},"branchMap":{"0":{"type":"branch","line":41,"loc":{"start":{"line":41,"column":1},"end":{"line":46,"column":5}},"locations":[{"start":{"line":41,"column":1},"end":{"line":46,"column":5}}]},"1":{"type":"branch","line":48,"loc":{"start":{"line":48,"column":1},"end":{"line":59,"column":2}},"locations":[{"start":{"line":48,"column":1},"end":{"line":59,"column":2}}]},"2":{"type":"branch","line":50,"loc":{"start":{"line":50,"column":72},"end":{"line":54,"column":3}},"locations":[{"start":{"line":50,"column":72},"end":{"line":54,"column":3}}]},"3":{"type":"branch","line":54,"loc":{"start":{"line":54,"column":2},"end":{"line":58,"column":3}},"locations":[{"start":{"line":54,"column":2},"end":{"line":58,"column":3}}]},"4":{"type":"branch","line":61,"loc":{"start":{"line":61,"column":1},"end":{"line":171,"column":2}},"locations":[{"start":{"line":61,"column":1},"end":{"line":171,"column":2}}]},"5":{"type":"branch","line":70,"loc":{"start":{"line":70,"column":17},"end":{"line":73,"column":3}},"locations":[{"start":{"line":70,"column":17},"end":{"line":73,"column":3}}]},"6":{"type":"branch","line":73,"loc":{"start":{"line":73,"column":2},"end":{"line":75,"column":57}},"locations":[{"start":{"line":73,"column":2},"end":{"line":75,"column":57}}]},"7":{"type":"branch","line":75,"loc":{"start":{"line":75,"column":38},"end":{"line":75,"column":59}},"locations":[{"start":{"line":75,"column":38},"end":{"line":75,"column":59}}]},"8":{"type":"branch","line":77,"loc":{"start":{"line":77,"column":26},"end":{"line":101,"column":3}},"locations":[{"start":{"line":77,"column":26},"end":{"line":101,"column":3}}]},"9":{"type":"branch","line":81,"loc":{"start":{"line":81,"column":66},"end":{"line":85,"column":30}},"locations":[{"start":{"line":81,"column":66},"end":{"line":85,"column":30}}]},"10":{"type":"branch","line":85,"loc":{"start":{"line":85,"column":30},"end":{"line":96,"column":5}},"locations":[{"start":{"line":85,"column":30},"end":{"line":96,"column":5}}]},"11":{"type":"branch","line":86,"loc":{"start":{"line":86,"column":54},"end":{"line":95,"column":6}},"locations":[{"start":{"line":86,"column":54},"end":{"line":95,"column":6}}]},"12":{"type":"branch","line":96,"loc":{"start":{"line":96,"column":4},"end":{"line":100,"column":4}},"locations":[{"start":{"line":96,"column":4},"end":{"line":100,"column":4}}]},"13":{"type":"branch","line":101,"loc":{"start":{"line":101,"column":2},"end":{"line":103,"column":22}},"locations":[{"start":{"line":101,"column":2},"end":{"line":103,"column":22}}]},"14":{"type":"branch","line":103,"loc":{"start":{"line":103,"column":22},"end":{"line":155,"column":3}},"locations":[{"start":{"line":103,"column":22},"end":{"line":155,"column":3}}]},"15":{"type":"branch","line":104,"loc":{"start":{"line":104,"column":37},"end":{"line":154,"column":4}},"locations":[{"start":{"line":104,"column":37},"end":{"line":154,"column":4}}]},"16":{"type":"branch","line":107,"loc":{"start":{"line":107,"column":73},"end":{"line":118,"column":5}},"locations":[{"start":{"line":107,"column":73},"end":{"line":118,"column":5}}]},"17":{"type":"branch","line":110,"loc":{"start":{"line":110,"column":38},"end":{"line":117,"column":6}},"locations":[{"start":{"line":110,"column":38},"end":{"line":117,"column":6}}]},"18":{"type":"branch","line":118,"loc":{"start":{"line":118,"column":4},"end":{"line":153,"column":5}},"locations":[{"start":{"line":118,"column":4},"end":{"line":153,"column":5}}]},"19":{"type":"branch","line":119,"loc":{"start":{"line":119,"column":80},"end":{"line":153,"column":5}},"locations":[{"start":{"line":119,"column":80},"end":{"line":153,"column":5}}]},"20":{"type":"branch","line":122,"loc":{"start":{"line":122,"column":37},"end":{"line":122,"column":54}},"locations":[{"start":{"line":122,"column":37},"end":{"line":122,"column":54}}]},"21":{"type":"branch","line":123,"loc":{"start":{"line":123,"column":45},"end":{"line":123,"column":70}},"locations":[{"start":{"line":123,"column":45},"end":{"line":123,"column":70}}]},"22":{"type":"branch","line":128,"loc":{"start":{"line":128,"column":77},"end":{"line":132,"column":6}},"locations":[{"start":{"line":128,"column":77},"end":{"line":132,"column":6}}]},"23":{"type":"branch","line":133,"loc":{"start":{"line":133,"column":87},"end":{"line":137,"column":6}},"locations":[{"start":{"line":133,"column":87},"end":{"line":137,"column":6}}]},"24":{"type":"branch","line":141,"loc":{"start":{"line":141,"column":54},"end":{"line":143,"column":6}},"locations":[{"start":{"line":141,"column":54},"end":{"line":143,"column":6}}]},"25":{"type":"branch","line":151,"loc":{"start":{"line":151,"column":37},"end":{"line":151,"column":54}},"locations":[{"start":{"line":151,"column":37},"end":{"line":151,"column":54}}]},"26":{"type":"branch","line":155,"loc":{"start":{"line":155,"column":2},"end":{"line":157,"column":71}},"locations":[{"start":{"line":155,"column":2},"end":{"line":157,"column":71}}]},"27":{"type":"branch","line":157,"loc":{"start":{"line":157,"column":71},"end":{"line":159,"column":3}},"locations":[{"start":{"line":157,"column":71},"end":{"line":159,"column":3}}]},"28":{"type":"branch","line":159,"loc":{"start":{"line":159,"column":2},"end":{"line":162,"column":3}},"locations":[{"start":{"line":159,"column":2},"end":{"line":162,"column":3}}]},"29":{"type":"branch","line":162,"loc":{"start":{"line":162,"column":2},"end":{"line":170,"column":17}},"locations":[{"start":{"line":162,"column":2},"end":{"line":170,"column":17}}]},"30":{"type":"branch","line":173,"loc":{"start":{"line":173,"column":1},"end":{"line":183,"column":2}},"locations":[{"start":{"line":173,"column":1},"end":{"line":183,"column":2}}]},"31":{"type":"branch","line":177,"loc":{"start":{"line":177,"column":77},"end":{"line":182,"column":3}},"locations":[{"start":{"line":177,"column":77},"end":{"line":182,"column":3}}]}},"b":{"0":[13],"1":[11],"2":[10],"3":[2],"4":[11],"5":[2],"6":[9],"7":[0],"8":[2],"9":[1],"10":[3],"11":[2],"12":[1],"13":[9],"14":[3],"15":[6],"16":[2],"17":[1],"18":[4],"19":[2],"20":[1],"21":[1],"22":[0],"23":[0],"24":[0],"25":[1],"26":[9],"27":[2],"28":[7],"29":[9],"30":[2],"31":[1]},"fnMap":{"0":{"name":"IconThemeGeneratorService","decl":{"start":{"line":41,"column":1},"end":{"line":46,"column":5}},"loc":{"start":{"line":41,"column":1},"end":{"line":46,"column":5}},"line":41},"1":{"name":"readJsonFile","decl":{"start":{"line":48,"column":1},"end":{"line":59,"column":2}},"loc":{"start":{"line":48,"column":1},"end":{"line":59,"column":2}},"line":48},"2":{"name":"generateIconThemeManifest","decl":{"start":{"line":61,"column":1},"end":{"line":171,"column":2}},"loc":{"start":{"line":61,"column":1},"end":{"line":171,"column":2}},"line":61},"3":{"name":"writeIconThemeFile","decl":{"start":{"line":173,"column":1},"end":{"line":183,"column":2}},"loc":{"start":{"line":173,"column":1},"end":{"line":183,"column":2}},"line":173}},"f":{"0":13,"1":11,"2":11,"3":2}}
,"D:\\_dev\\!Projects\\_fux\\_FocusedUX\\packages\\dynamicons\\core\\src\\services\\TreeFormatter.service.ts": {"path":"D:\\_dev\\!Projects\\_fux\\_FocusedUX\\packages\\dynamicons\\core\\src\\services\\TreeFormatter.service.ts","all":false,"statementMap":{"11":{"start":{"line":12,"column":0},"end":{"line":12,"column":68}},"13":{"start":{"line":14,"column":0},"end":{"line":14,"column":79}},"14":{"start":{"line":15,"column":0},"end":{"line":15,"column":17}},"15":{"start":{"line":16,"column":0},"end":{"line":16,"column":50}},"17":{"start":{"line":18,"column":0},"end":{"line":18,"column":43}},"18":{"start":{"line":19,"column":0},"end":{"line":19,"column":34}},"19":{"start":{"line":20,"column":0},"end":{"line":20,"column":46}},"20":{"start":{"line":21,"column":0},"end":{"line":21,"column":46}},"21":{"start":{"line":22,"column":0},"end":{"line":22,"column":25}},"23":{"start":{"line":24,"column":0},"end":{"line":24,"column":64}},"25":{"start":{"line":26,"column":0},"end":{"line":26,"column":27}},"26":{"start":{"line":27,"column":0},"end":{"line":27,"column":15}},"27":{"start":{"line":28,"column":0},"end":{"line":28,"column":4}},"28":{"start":{"line":29,"column":0},"end":{"line":29,"column":23}},"29":{"start":{"line":30,"column":0},"end":{"line":30,"column":31}},"30":{"start":{"line":31,"column":0},"end":{"line":31,"column":4}},"31":{"start":{"line":32,"column":0},"end":{"line":32,"column":24}},"33":{"start":{"line":34,"column":0},"end":{"line":34,"column":53}},"34":{"start":{"line":35,"column":0},"end":{"line":35,"column":62}},"36":{"start":{"line":37,"column":0},"end":{"line":37,"column":58}},"37":{"start":{"line":38,"column":0},"end":{"line":38,"column":4}},"38":{"start":{"line":39,"column":0},"end":{"line":39,"column":3}},"39":{"start":{"line":40,"column":0},"end":{"line":40,"column":15}},"40":{"start":{"line":41,"column":0},"end":{"line":41,"column":2}},"42":{"start":{"line":43,"column":0},"end":{"line":43,"column":57}},"43":{"start":{"line":44,"column":0},"end":{"line":44,"column":34}},"45":{"start":{"line":46,"column":0},"end":{"line":46,"column":29}},"46":{"start":{"line":47,"column":0},"end":{"line":47,"column":16}},"47":{"start":{"line":48,"column":0},"end":{"line":48,"column":3}},"48":{"start":{"line":49,"column":0},"end":{"line":49,"column":25}},"49":{"start":{"line":50,"column":0},"end":{"line":50,"column":35}},"50":{"start":{"line":51,"column":0},"end":{"line":51,"column":3}},"51":{"start":{"line":52,"column":0},"end":{"line":52,"column":16}},"53":{"start":{"line":54,"column":0},"end":{"line":54,"column":50}},"54":{"start":{"line":55,"column":0},"end":{"line":55,"column":25}},"55":{"start":{"line":56,"column":0},"end":{"line":56,"column":2}},"57":{"start":{"line":58,"column":0},"end":{"line":58,"column":1}}},"s":{"11":1,"13":1,"14":14,"15":14,"17":14,"18":19,"19":19,"20":19,"21":19,"23":19,"25":19,"26":8,"27":8,"28":19,"29":2,"30":2,"31":19,"33":19,"34":5,"36":5,"37":5,"38":19,"39":14,"40":14,"42":1,"43":9,"45":9,"46":9,"47":9,"48":9,"49":1,"50":1,"51":9,"53":9,"54":9,"55":9,"57":1},"branchMap":{"0":{"type":"branch","line":14,"loc":{"start":{"line":14,"column":9},"end":{"line":41,"column":2}},"locations":[{"start":{"line":14,"column":9},"end":{"line":41,"column":2}}]},"1":{"type":"branch","line":16,"loc":{"start":{"line":16,"column":29},"end":{"line":16,"column":49}},"locations":[{"start":{"line":16,"column":29},"end":{"line":16,"column":49}}]},"2":{"type":"branch","line":16,"loc":{"start":{"line":16,"column":39},"end":{"line":16,"column":50}},"locations":[{"start":{"line":16,"column":39},"end":{"line":16,"column":50}}]},"3":{"type":"branch","line":18,"loc":{"start":{"line":18,"column":42},"end":{"line":39,"column":3}},"locations":[{"start":{"line":18,"column":42},"end":{"line":39,"column":3}}]},"4":{"type":"branch","line":21,"loc":{"start":{"line":21,"column":21},"end":{"line":21,"column":42}},"locations":[{"start":{"line":21,"column":21},"end":{"line":21,"column":42}}]},"5":{"type":"branch","line":21,"loc":{"start":{"line":21,"column":35},"end":{"line":21,"column":46}},"locations":[{"start":{"line":21,"column":35},"end":{"line":21,"column":46}}]},"6":{"type":"branch","line":26,"loc":{"start":{"line":26,"column":26},"end":{"line":28,"column":4}},"locations":[{"start":{"line":26,"column":26},"end":{"line":28,"column":4}}]},"7":{"type":"branch","line":29,"loc":{"start":{"line":29,"column":22},"end":{"line":31,"column":4}},"locations":[{"start":{"line":29,"column":22},"end":{"line":31,"column":4}}]},"8":{"type":"branch","line":34,"loc":{"start":{"line":34,"column":13},"end":{"line":34,"column":52}},"locations":[{"start":{"line":34,"column":13},"end":{"line":34,"column":52}}]},"9":{"type":"branch","line":34,"loc":{"start":{"line":34,"column":52},"end":{"line":38,"column":4}},"locations":[{"start":{"line":34,"column":52},"end":{"line":38,"column":4}}]},"10":{"type":"branch","line":35,"loc":{"start":{"line":35,"column":34},"end":{"line":35,"column":56}},"locations":[{"start":{"line":35,"column":34},"end":{"line":35,"column":56}}]},"11":{"type":"branch","line":35,"loc":{"start":{"line":35,"column":48},"end":{"line":35,"column":62}},"locations":[{"start":{"line":35,"column":48},"end":{"line":35,"column":62}}]},"12":{"type":"branch","line":43,"loc":{"start":{"line":43,"column":8},"end":{"line":56,"column":2}},"locations":[{"start":{"line":43,"column":8},"end":{"line":56,"column":2}}]},"13":{"type":"branch","line":49,"loc":{"start":{"line":49,"column":24},"end":{"line":51,"column":3}},"locations":[{"start":{"line":49,"column":24},"end":{"line":51,"column":3}}]}},"b":{"0":[14],"1":[11],"2":[3],"3":[19],"4":[10],"5":[9],"6":[8],"7":[2],"8":[5],"9":[5],"10":[2],"11":[3],"12":[9],"13":[1]},"fnMap":{"0":{"name":"_generateTreeString","decl":{"start":{"line":14,"column":9},"end":{"line":41,"column":2}},"loc":{"start":{"line":14,"column":9},"end":{"line":41,"column":2}},"line":14},"1":{"name":"formatTree","decl":{"start":{"line":43,"column":8},"end":{"line":56,"column":2}},"loc":{"start":{"line":43,"column":8},"end":{"line":56,"column":2}},"line":43}},"f":{"0":14,"1":9}}
}
