{"D:\\_dev\\!Projects\\_fux\\_FocusedUX\\packages\\dynamicons\\core\\vitest.coverage.config.ts": {"path":"D:\\_dev\\!Projects\\_fux\\_FocusedUX\\packages\\dynamicons\\core\\vitest.coverage.config.ts","all":true,"statementMap":{"0":{"start":{"line":1,"column":0},"end":{"line":1,"column":57}},"1":{"start":{"line":2,"column":0},"end":{"line":2,"column":46}},"2":{"start":{"line":3,"column":0},"end":{"line":3,"column":62}},"4":{"start":{"line":5,"column":0},"end":{"line":5,"column":27}},"5":{"start":{"line":6,"column":0},"end":{"line":6,"column":51}},"6":{"start":{"line":7,"column":0},"end":{"line":7,"column":15}},"8":{"start":{"line":9,"column":0},"end":{"line":9,"column":4}},"9":{"start":{"line":10,"column":0},"end":{"line":10,"column":1}}},"s":{"0":0,"1":0,"2":0,"4":0,"5":0,"6":0,"8":0,"9":0},"branchMap":{"0":{"type":"branch","line":1,"loc":{"start":{"line":1,"column":341},"end":{"line":10,"column":1}},"locations":[{"start":{"line":1,"column":341},"end":{"line":10,"column":1}}]}},"b":{"0":[0]},"fnMap":{"0":{"name":"(empty-report)","decl":{"start":{"line":1,"column":341},"end":{"line":10,"column":1}},"loc":{"start":{"line":1,"column":341},"end":{"line":10,"column":1}},"line":1}},"f":{"0":0}}
,"D:\\_dev\\!Projects\\_fux\\_FocusedUX\\packages\\dynamicons\\core\\scripts\\asset-logger.ts": {"path":"D:\\_dev\\!Projects\\_fux\\_FocusedUX\\packages\\dynamicons\\core\\scripts\\asset-logger.ts","all":true,"statementMap":{"0":{"start":{"line":1,"column":0},"end":{"line":1,"column":57}},"1":{"start":{"line":2,"column":0},"end":{"line":2,"column":30}},"24":{"start":{"line":25,"column":0},"end":{"line":25,"column":26}},"26":{"start":{"line":27,"column":0},"end":{"line":27,"column":57}},"27":{"start":{"line":28,"column":0},"end":{"line":28,"column":65}},"28":{"start":{"line":29,"column":0},"end":{"line":29,"column":63}},"29":{"start":{"line":30,"column":0},"end":{"line":30,"column":68}},"30":{"start":{"line":31,"column":0},"end":{"line":31,"column":69}},"31":{"start":{"line":32,"column":0},"end":{"line":32,"column":63}},"32":{"start":{"line":33,"column":0},"end":{"line":33,"column":71}},"33":{"start":{"line":34,"column":0},"end":{"line":34,"column":2}},"35":{"start":{"line":36,"column":0},"end":{"line":36,"column":40}},"36":{"start":{"line":37,"column":0},"end":{"line":37,"column":34}},"37":{"start":{"line":38,"column":0},"end":{"line":38,"column":45}},"38":{"start":{"line":39,"column":0},"end":{"line":39,"column":38}},"39":{"start":{"line":40,"column":0},"end":{"line":40,"column":36}},"40":{"start":{"line":41,"column":0},"end":{"line":41,"column":35}},"42":{"start":{"line":43,"column":0},"end":{"line":43,"column":23}},"47":{"start":{"line":48,"column":0},"end":{"line":48,"column":10}},"48":{"start":{"line":49,"column":0},"end":{"line":49,"column":41}},"49":{"start":{"line":50,"column":0},"end":{"line":50,"column":39}},"51":{"start":{"line":52,"column":0},"end":{"line":52,"column":49}},"52":{"start":{"line":53,"column":0},"end":{"line":53,"column":41}},"53":{"start":{"line":54,"column":0},"end":{"line":54,"column":28}},"54":{"start":{"line":55,"column":0},"end":{"line":55,"column":3}},"55":{"start":{"line":56,"column":0},"end":{"line":56,"column":2}},"60":{"start":{"line":61,"column":0},"end":{"line":61,"column":82}},"61":{"start":{"line":62,"column":0},"end":{"line":62,"column":48}},"62":{"start":{"line":63,"column":0},"end":{"line":63,"column":2}},"67":{"start":{"line":68,"column":0},"end":{"line":68,"column":81}},"68":{"start":{"line":69,"column":0},"end":{"line":69,"column":47}},"69":{"start":{"line":70,"column":0},"end":{"line":70,"column":2}},"74":{"start":{"line":75,"column":0},"end":{"line":75,"column":84}},"75":{"start":{"line":76,"column":0},"end":{"line":76,"column":50}},"76":{"start":{"line":77,"column":0},"end":{"line":77,"column":2}},"81":{"start":{"line":82,"column":0},"end":{"line":82,"column":84}},"82":{"start":{"line":83,"column":0},"end":{"line":83,"column":50}},"83":{"start":{"line":84,"column":0},"end":{"line":84,"column":2}},"88":{"start":{"line":89,"column":0},"end":{"line":89,"column":82}},"89":{"start":{"line":90,"column":0},"end":{"line":90,"column":48}},"90":{"start":{"line":91,"column":0},"end":{"line":91,"column":2}},"95":{"start":{"line":96,"column":0},"end":{"line":96,"column":85}},"96":{"start":{"line":97,"column":0},"end":{"line":97,"column":51}},"97":{"start":{"line":98,"column":0},"end":{"line":98,"column":2}},"102":{"start":{"line":103,"column":0},"end":{"line":103,"column":13}},"103":{"start":{"line":104,"column":0},"end":{"line":104,"column":37}},"104":{"start":{"line":105,"column":0},"end":{"line":105,"column":18}},"105":{"start":{"line":106,"column":0},"end":{"line":106,"column":32}},"106":{"start":{"line":107,"column":0},"end":{"line":107,"column":21}},"107":{"start":{"line":108,"column":0},"end":{"line":108,"column":10}},"108":{"start":{"line":109,"column":0},"end":{"line":109,"column":40}},"111":{"start":{"line":112,"column":0},"end":{"line":112,"column":43}},"112":{"start":{"line":113,"column":0},"end":{"line":113,"column":9}},"113":{"start":{"line":114,"column":0},"end":{"line":114,"column":3}},"116":{"start":{"line":117,"column":0},"end":{"line":117,"column":20}},"117":{"start":{"line":118,"column":0},"end":{"line":118,"column":9}},"118":{"start":{"line":119,"column":0},"end":{"line":119,"column":3}},"120":{"start":{"line":121,"column":0},"end":{"line":121,"column":44}},"121":{"start":{"line":122,"column":0},"end":{"line":122,"column":30}},"122":{"start":{"line":123,"column":0},"end":{"line":123,"column":13}},"123":{"start":{"line":124,"column":0},"end":{"line":124,"column":24}},"124":{"start":{"line":125,"column":0},"end":{"line":125,"column":11}},"125":{"start":{"line":126,"column":0},"end":{"line":126,"column":11}},"126":{"start":{"line":127,"column":0},"end":{"line":127,"column":13}},"127":{"start":{"line":128,"column":0},"end":{"line":128,"column":3}},"130":{"start":{"line":131,"column":0},"end":{"line":131,"column":32}},"133":{"start":{"line":134,"column":0},"end":{"line":134,"column":82}},"135":{"start":{"line":136,"column":0},"end":{"line":136,"column":31}},"138":{"start":{"line":139,"column":0},"end":{"line":139,"column":67}},"139":{"start":{"line":140,"column":0},"end":{"line":140,"column":53}},"141":{"start":{"line":142,"column":0},"end":{"line":142,"column":30}},"142":{"start":{"line":143,"column":0},"end":{"line":143,"column":3}},"145":{"start":{"line":146,"column":0},"end":{"line":146,"column":25}},"146":{"start":{"line":147,"column":0},"end":{"line":147,"column":32}},"147":{"start":{"line":148,"column":0},"end":{"line":148,"column":3}},"148":{"start":{"line":149,"column":0},"end":{"line":149,"column":2}},"153":{"start":{"line":154,"column":0},"end":{"line":154,"column":93}},"154":{"start":{"line":155,"column":0},"end":{"line":155,"column":67}},"157":{"start":{"line":158,"column":0},"end":{"line":158,"column":21}},"158":{"start":{"line":159,"column":0},"end":{"line":159,"column":52}},"159":{"start":{"line":160,"column":0},"end":{"line":160,"column":36}},"161":{"start":{"line":162,"column":0},"end":{"line":162,"column":19}},"162":{"start":{"line":163,"column":0},"end":{"line":163,"column":64}},"163":{"start":{"line":164,"column":0},"end":{"line":164,"column":4}},"165":{"start":{"line":166,"column":0},"end":{"line":166,"column":48}},"166":{"start":{"line":167,"column":0},"end":{"line":167,"column":10}},"168":{"start":{"line":169,"column":0},"end":{"line":169,"column":19}},"169":{"start":{"line":170,"column":0},"end":{"line":170,"column":38}},"170":{"start":{"line":171,"column":0},"end":{"line":171,"column":4}},"172":{"start":{"line":173,"column":0},"end":{"line":173,"column":22}},"173":{"start":{"line":174,"column":0},"end":{"line":174,"column":3}},"174":{"start":{"line":175,"column":0},"end":{"line":175,"column":2}},"179":{"start":{"line":180,"column":0},"end":{"line":180,"column":62}},"180":{"start":{"line":181,"column":0},"end":{"line":181,"column":70}},"181":{"start":{"line":182,"column":0},"end":{"line":182,"column":51}},"182":{"start":{"line":183,"column":0},"end":{"line":183,"column":36}},"183":{"start":{"line":184,"column":0},"end":{"line":184,"column":19}},"185":{"start":{"line":186,"column":0},"end":{"line":186,"column":41}},"186":{"start":{"line":187,"column":0},"end":{"line":187,"column":4}},"188":{"start":{"line":189,"column":0},"end":{"line":189,"column":32}},"189":{"start":{"line":190,"column":0},"end":{"line":190,"column":2}},"194":{"start":{"line":195,"column":0},"end":{"line":195,"column":48}},"195":{"start":{"line":196,"column":0},"end":{"line":196,"column":7}},"196":{"start":{"line":197,"column":0},"end":{"line":197,"column":47}},"198":{"start":{"line":199,"column":0},"end":{"line":199,"column":59}},"199":{"start":{"line":200,"column":0},"end":{"line":200,"column":19}},"201":{"start":{"line":202,"column":0},"end":{"line":202,"column":55}},"202":{"start":{"line":203,"column":0},"end":{"line":203,"column":3}},"203":{"start":{"line":204,"column":0},"end":{"line":204,"column":2}},"208":{"start":{"line":209,"column":0},"end":{"line":209,"column":37}},"209":{"start":{"line":210,"column":0},"end":{"line":210,"column":25}},"210":{"start":{"line":211,"column":0},"end":{"line":211,"column":43}},"212":{"start":{"line":213,"column":0},"end":{"line":213,"column":29}},"213":{"start":{"line":214,"column":0},"end":{"line":214,"column":42}},"214":{"start":{"line":215,"column":0},"end":{"line":215,"column":4}},"215":{"start":{"line":216,"column":0},"end":{"line":216,"column":3}},"216":{"start":{"line":217,"column":0},"end":{"line":217,"column":2}},"221":{"start":{"line":222,"column":0},"end":{"line":222,"column":30}},"222":{"start":{"line":223,"column":0},"end":{"line":223,"column":29}},"223":{"start":{"line":224,"column":0},"end":{"line":224,"column":2}},"228":{"start":{"line":229,"column":0},"end":{"line":229,"column":50}},"229":{"start":{"line":230,"column":0},"end":{"line":230,"column":40}},"230":{"start":{"line":231,"column":0},"end":{"line":231,"column":25}},"231":{"start":{"line":232,"column":0},"end":{"line":232,"column":2}},"236":{"start":{"line":237,"column":0},"end":{"line":237,"column":55}},"237":{"start":{"line":238,"column":0},"end":{"line":238,"column":40}},"238":{"start":{"line":239,"column":0},"end":{"line":239,"column":33}},"239":{"start":{"line":240,"column":0},"end":{"line":240,"column":2}},"244":{"start":{"line":245,"column":0},"end":{"line":245,"column":42}},"245":{"start":{"line":246,"column":0},"end":{"line":246,"column":44}},"247":{"start":{"line":248,"column":0},"end":{"line":248,"column":54}},"248":{"start":{"line":249,"column":0},"end":{"line":249,"column":26}},"249":{"start":{"line":250,"column":0},"end":{"line":250,"column":3}},"251":{"start":{"line":252,"column":0},"end":{"line":252,"column":40}},"252":{"start":{"line":253,"column":0},"end":{"line":253,"column":25}},"253":{"start":{"line":254,"column":0},"end":{"line":254,"column":3}},"255":{"start":{"line":256,"column":0},"end":{"line":256,"column":16}},"256":{"start":{"line":257,"column":0},"end":{"line":257,"column":2}},"261":{"start":{"line":262,"column":0},"end":{"line":262,"column":20}},"262":{"start":{"line":263,"column":0},"end":{"line":263,"column":28}},"263":{"start":{"line":264,"column":0},"end":{"line":264,"column":2}},"268":{"start":{"line":269,"column":0},"end":{"line":269,"column":37}},"269":{"start":{"line":270,"column":0},"end":{"line":270,"column":7}},"270":{"start":{"line":271,"column":0},"end":{"line":271,"column":23}},"271":{"start":{"line":272,"column":0},"end":{"line":272,"column":41}},"272":{"start":{"line":273,"column":0},"end":{"line":273,"column":34}},"273":{"start":{"line":274,"column":0},"end":{"line":274,"column":29}},"274":{"start":{"line":275,"column":0},"end":{"line":275,"column":4}},"276":{"start":{"line":277,"column":0},"end":{"line":277,"column":63}},"277":{"start":{"line":278,"column":0},"end":{"line":278,"column":19}},"278":{"start":{"line":279,"column":0},"end":{"line":279,"column":49}},"279":{"start":{"line":280,"column":0},"end":{"line":280,"column":3}},"280":{"start":{"line":281,"column":0},"end":{"line":281,"column":2}},"282":{"start":{"line":283,"column":0},"end":{"line":283,"column":1}},"284":{"start":{"line":285,"column":0},"end":{"line":285,"column":30}},"286":{"start":{"line":287,"column":0},"end":{"line":287,"column":37}},"287":{"start":{"line":288,"column":0},"end":{"line":288,"column":35}},"288":{"start":{"line":289,"column":0},"end":{"line":289,"column":22}},"289":{"start":{"line":290,"column":0},"end":{"line":290,"column":26}},"290":{"start":{"line":291,"column":0},"end":{"line":291,"column":24}},"291":{"start":{"line":292,"column":0},"end":{"line":292,"column":26}},"292":{"start":{"line":293,"column":0},"end":{"line":293,"column":31}},"293":{"start":{"line":294,"column":0},"end":{"line":294,"column":31}},"295":{"start":{"line":296,"column":0},"end":{"line":296,"column":13}},"296":{"start":{"line":297,"column":0},"end":{"line":297,"column":22}},"297":{"start":{"line":298,"column":0},"end":{"line":298,"column":20}},"298":{"start":{"line":299,"column":0},"end":{"line":299,"column":16}},"299":{"start":{"line":300,"column":0},"end":{"line":300,"column":32}},"300":{"start":{"line":301,"column":0},"end":{"line":301,"column":4}},"301":{"start":{"line":302,"column":0},"end":{"line":302,"column":22}},"302":{"start":{"line":303,"column":0},"end":{"line":303,"column":28}},"303":{"start":{"line":304,"column":0},"end":{"line":304,"column":20}},"304":{"start":{"line":305,"column":0},"end":{"line":305,"column":20}},"305":{"start":{"line":306,"column":0},"end":{"line":306,"column":19}},"306":{"start":{"line":307,"column":0},"end":{"line":307,"column":29}},"307":{"start":{"line":308,"column":0},"end":{"line":308,"column":25}},"308":{"start":{"line":309,"column":0},"end":{"line":309,"column":38}},"309":{"start":{"line":310,"column":0},"end":{"line":310,"column":2}},"314":{"start":{"line":315,"column":0},"end":{"line":315,"column":56}},"315":{"start":{"line":316,"column":0},"end":{"line":316,"column":28}},"316":{"start":{"line":317,"column":0},"end":{"line":317,"column":24}},"318":{"start":{"line":319,"column":0},"end":{"line":319,"column":24}},"320":{"start":{"line":321,"column":0},"end":{"line":321,"column":57}},"321":{"start":{"line":322,"column":0},"end":{"line":322,"column":21}},"322":{"start":{"line":323,"column":0},"end":{"line":323,"column":28}},"323":{"start":{"line":324,"column":0},"end":{"line":324,"column":3}},"324":{"start":{"line":325,"column":0},"end":{"line":325,"column":2}},"329":{"start":{"line":330,"column":0},"end":{"line":330,"column":40}},"330":{"start":{"line":331,"column":0},"end":{"line":331,"column":42}},"331":{"start":{"line":332,"column":0},"end":{"line":332,"column":2}},"336":{"start":{"line":337,"column":0},"end":{"line":337,"column":19}},"337":{"start":{"line":338,"column":0},"end":{"line":338,"column":29}},"338":{"start":{"line":339,"column":0},"end":{"line":339,"column":20}},"339":{"start":{"line":340,"column":0},"end":{"line":340,"column":65}},"340":{"start":{"line":341,"column":0},"end":{"line":341,"column":2}},"345":{"start":{"line":346,"column":0},"end":{"line":346,"column":30}},"346":{"start":{"line":347,"column":0},"end":{"line":347,"column":68}},"347":{"start":{"line":348,"column":0},"end":{"line":348,"column":45}},"348":{"start":{"line":349,"column":0},"end":{"line":349,"column":85}},"349":{"start":{"line":350,"column":0},"end":{"line":350,"column":57}},"351":{"start":{"line":352,"column":0},"end":{"line":352,"column":93}},"353":{"start":{"line":354,"column":0},"end":{"line":354,"column":21}},"354":{"start":{"line":355,"column":0},"end":{"line":355,"column":51}},"355":{"start":{"line":356,"column":0},"end":{"line":356,"column":3}},"357":{"start":{"line":358,"column":0},"end":{"line":358,"column":22}},"358":{"start":{"line":359,"column":0},"end":{"line":359,"column":56}},"360":{"start":{"line":361,"column":0},"end":{"line":361,"column":52}},"361":{"start":{"line":362,"column":0},"end":{"line":362,"column":3}},"363":{"start":{"line":364,"column":0},"end":{"line":364,"column":35}},"364":{"start":{"line":365,"column":0},"end":{"line":365,"column":2}},"369":{"start":{"line":370,"column":0},"end":{"line":370,"column":14}},"375":{"start":{"line":376,"column":0},"end":{"line":376,"column":4}},"376":{"start":{"line":377,"column":0},"end":{"line":377,"column":77}},"377":{"start":{"line":378,"column":0},"end":{"line":378,"column":45}},"378":{"start":{"line":379,"column":0},"end":{"line":379,"column":99}},"380":{"start":{"line":381,"column":0},"end":{"line":381,"column":10}},"381":{"start":{"line":382,"column":0},"end":{"line":382,"column":29}},"382":{"start":{"line":383,"column":0},"end":{"line":383,"column":21}},"383":{"start":{"line":384,"column":0},"end":{"line":384,"column":38}},"384":{"start":{"line":385,"column":0},"end":{"line":385,"column":11}},"385":{"start":{"line":386,"column":0},"end":{"line":386,"column":55}},"386":{"start":{"line":387,"column":0},"end":{"line":387,"column":3}},"387":{"start":{"line":388,"column":0},"end":{"line":388,"column":2}},"389":{"start":{"line":390,"column":0},"end":{"line":390,"column":1}},"391":{"start":{"line":392,"column":0},"end":{"line":392,"column":51}},"393":{"start":{"line":394,"column":0},"end":{"line":394,"column":35}},"394":{"start":{"line":395,"column":0},"end":{"line":395,"column":26}},"395":{"start":{"line":396,"column":0},"end":{"line":396,"column":38}},"396":{"start":{"line":397,"column":0},"end":{"line":397,"column":32}},"398":{"start":{"line":399,"column":0},"end":{"line":399,"column":13}},"399":{"start":{"line":400,"column":0},"end":{"line":400,"column":20}},"400":{"start":{"line":401,"column":0},"end":{"line":401,"column":12}},"405":{"start":{"line":406,"column":0},"end":{"line":406,"column":9}},"406":{"start":{"line":407,"column":0},"end":{"line":407,"column":4}},"407":{"start":{"line":408,"column":0},"end":{"line":408,"column":16}},"408":{"start":{"line":409,"column":0},"end":{"line":409,"column":28}},"409":{"start":{"line":410,"column":0},"end":{"line":410,"column":29}},"410":{"start":{"line":411,"column":0},"end":{"line":411,"column":2}},"415":{"start":{"line":416,"column":0},"end":{"line":416,"column":44}},"416":{"start":{"line":417,"column":0},"end":{"line":417,"column":21}},"417":{"start":{"line":418,"column":0},"end":{"line":418,"column":58}},"418":{"start":{"line":419,"column":0},"end":{"line":419,"column":3}},"419":{"start":{"line":420,"column":0},"end":{"line":420,"column":29}},"420":{"start":{"line":421,"column":0},"end":{"line":421,"column":2}},"425":{"start":{"line":426,"column":0},"end":{"line":426,"column":30}},"426":{"start":{"line":427,"column":0},"end":{"line":427,"column":23}},"427":{"start":{"line":428,"column":0},"end":{"line":428,"column":2}},"432":{"start":{"line":433,"column":0},"end":{"line":433,"column":37}},"433":{"start":{"line":434,"column":0},"end":{"line":434,"column":38}},"434":{"start":{"line":435,"column":0},"end":{"line":435,"column":31}},"435":{"start":{"line":436,"column":0},"end":{"line":436,"column":84}},"436":{"start":{"line":437,"column":0},"end":{"line":437,"column":3}},"437":{"start":{"line":438,"column":0},"end":{"line":438,"column":2}},"442":{"start":{"line":443,"column":0},"end":{"line":443,"column":23}},"443":{"start":{"line":444,"column":0},"end":{"line":444,"column":45}},"444":{"start":{"line":445,"column":0},"end":{"line":445,"column":111}},"445":{"start":{"line":446,"column":0},"end":{"line":446,"column":3}},"446":{"start":{"line":447,"column":0},"end":{"line":447,"column":2}},"451":{"start":{"line":452,"column":0},"end":{"line":452,"column":48}},"452":{"start":{"line":453,"column":0},"end":{"line":453,"column":45}},"453":{"start":{"line":454,"column":0},"end":{"line":454,"column":52}},"455":{"start":{"line":456,"column":0},"end":{"line":456,"column":29}},"456":{"start":{"line":457,"column":0},"end":{"line":457,"column":50}},"457":{"start":{"line":458,"column":0},"end":{"line":458,"column":47}},"459":{"start":{"line":460,"column":0},"end":{"line":460,"column":49}},"460":{"start":{"line":461,"column":0},"end":{"line":461,"column":2}},"465":{"start":{"line":466,"column":0},"end":{"line":466,"column":69}},"466":{"start":{"line":467,"column":0},"end":{"line":467,"column":45}},"467":{"start":{"line":468,"column":0},"end":{"line":468,"column":52}},"469":{"start":{"line":470,"column":0},"end":{"line":470,"column":92}},"470":{"start":{"line":471,"column":0},"end":{"line":471,"column":2}},"475":{"start":{"line":476,"column":0},"end":{"line":476,"column":81}},"476":{"start":{"line":477,"column":0},"end":{"line":477,"column":110}},"478":{"start":{"line":479,"column":0},"end":{"line":479,"column":74}},"479":{"start":{"line":480,"column":0},"end":{"line":480,"column":2}},"484":{"start":{"line":485,"column":0},"end":{"line":485,"column":79}},"485":{"start":{"line":486,"column":0},"end":{"line":486,"column":42}},"487":{"start":{"line":488,"column":0},"end":{"line":488,"column":46}},"488":{"start":{"line":489,"column":0},"end":{"line":489,"column":2}},"493":{"start":{"line":494,"column":0},"end":{"line":494,"column":86}},"494":{"start":{"line":495,"column":0},"end":{"line":495,"column":42}},"496":{"start":{"line":497,"column":0},"end":{"line":497,"column":49}},"497":{"start":{"line":498,"column":0},"end":{"line":498,"column":2}},"502":{"start":{"line":503,"column":0},"end":{"line":503,"column":86}},"503":{"start":{"line":504,"column":0},"end":{"line":504,"column":42}},"505":{"start":{"line":506,"column":0},"end":{"line":506,"column":49}},"506":{"start":{"line":507,"column":0},"end":{"line":507,"column":2}},"511":{"start":{"line":512,"column":0},"end":{"line":512,"column":84}},"512":{"start":{"line":513,"column":0},"end":{"line":513,"column":42}},"514":{"start":{"line":515,"column":0},"end":{"line":515,"column":47}},"515":{"start":{"line":516,"column":0},"end":{"line":516,"column":2}},"517":{"start":{"line":518,"column":0},"end":{"line":518,"column":1}},"520":{"start":{"line":521,"column":0},"end":{"line":521,"column":69}},"521":{"start":{"line":522,"column":0},"end":{"line":522,"column":57}},"523":{"start":{"line":524,"column":0},"end":{"line":524,"column":55}},"524":{"start":{"line":525,"column":0},"end":{"line":525,"column":40}},"525":{"start":{"line":526,"column":0},"end":{"line":526,"column":33}},"526":{"start":{"line":527,"column":0},"end":{"line":527,"column":34}},"528":{"start":{"line":529,"column":0},"end":{"line":529,"column":20}},"529":{"start":{"line":530,"column":0},"end":{"line":530,"column":36}},"530":{"start":{"line":531,"column":0},"end":{"line":531,"column":42}},"531":{"start":{"line":532,"column":0},"end":{"line":532,"column":42}},"532":{"start":{"line":533,"column":0},"end":{"line":533,"column":38}},"533":{"start":{"line":534,"column":0},"end":{"line":534,"column":22}},"535":{"start":{"line":536,"column":0},"end":{"line":536,"column":20}},"537":{"start":{"line":538,"column":0},"end":{"line":538,"column":50}},"539":{"start":{"line":540,"column":0},"end":{"line":540,"column":31}},"540":{"start":{"line":541,"column":0},"end":{"line":541,"column":37}},"542":{"start":{"line":543,"column":0},"end":{"line":543,"column":30}},"543":{"start":{"line":544,"column":0},"end":{"line":544,"column":28}},"544":{"start":{"line":545,"column":0},"end":{"line":545,"column":2}},"545":{"start":{"line":546,"column":0},"end":{"line":546,"column":20}},"546":{"start":{"line":547,"column":0},"end":{"line":547,"column":22}},"548":{"start":{"line":549,"column":0},"end":{"line":549,"column":20}},"549":{"start":{"line":550,"column":0},"end":{"line":550,"column":36}},"550":{"start":{"line":551,"column":0},"end":{"line":551,"column":22}},"552":{"start":{"line":553,"column":0},"end":{"line":553,"column":45}},"554":{"start":{"line":555,"column":0},"end":{"line":555,"column":30}},"555":{"start":{"line":556,"column":0},"end":{"line":556,"column":36}},"556":{"start":{"line":557,"column":0},"end":{"line":557,"column":1}}},"s":{"0":0,"1":0,"24":0,"26":0,"27":0,"28":0,"29":0,"30":0,"31":0,"32":0,"33":0,"35":0,"36":0,"37":0,"38":0,"39":0,"40":0,"42":0,"47":0,"48":0,"49":0,"51":0,"52":0,"53":0,"54":0,"55":0,"60":0,"61":0,"62":0,"67":0,"68":0,"69":0,"74":0,"75":0,"76":0,"81":0,"82":0,"83":0,"88":0,"89":0,"90":0,"95":0,"96":0,"97":0,"102":0,"103":0,"104":0,"105":0,"106":0,"107":0,"108":0,"111":0,"112":0,"113":0,"116":0,"117":0,"118":0,"120":0,"121":0,"122":0,"123":0,"124":0,"125":0,"126":0,"127":0,"130":0,"133":0,"135":0,"138":0,"139":0,"141":0,"142":0,"145":0,"146":0,"147":0,"148":0,"153":0,"154":0,"157":0,"158":0,"159":0,"161":0,"162":0,"163":0,"165":0,"166":0,"168":0,"169":0,"170":0,"172":0,"173":0,"174":0,"179":0,"180":0,"181":0,"182":0,"183":0,"185":0,"186":0,"188":0,"189":0,"194":0,"195":0,"196":0,"198":0,"199":0,"201":0,"202":0,"203":0,"208":0,"209":0,"210":0,"212":0,"213":0,"214":0,"215":0,"216":0,"221":0,"222":0,"223":0,"228":0,"229":0,"230":0,"231":0,"236":0,"237":0,"238":0,"239":0,"244":0,"245":0,"247":0,"248":0,"249":0,"251":0,"252":0,"253":0,"255":0,"256":0,"261":0,"262":0,"263":0,"268":0,"269":0,"270":0,"271":0,"272":0,"273":0,"274":0,"276":0,"277":0,"278":0,"279":0,"280":0,"282":0,"284":0,"286":0,"287":0,"288":0,"289":0,"290":0,"291":0,"292":0,"293":0,"295":0,"296":0,"297":0,"298":0,"299":0,"300":0,"301":0,"302":0,"303":0,"304":0,"305":0,"306":0,"307":0,"308":0,"309":0,"314":0,"315":0,"316":0,"318":0,"320":0,"321":0,"322":0,"323":0,"324":0,"329":0,"330":0,"331":0,"336":0,"337":0,"338":0,"339":0,"340":0,"345":0,"346":0,"347":0,"348":0,"349":0,"351":0,"353":0,"354":0,"355":0,"357":0,"358":0,"360":0,"361":0,"363":0,"364":0,"369":0,"375":0,"376":0,"377":0,"378":0,"380":0,"381":0,"382":0,"383":0,"384":0,"385":0,"386":0,"387":0,"389":0,"391":0,"393":0,"394":0,"395":0,"396":0,"398":0,"399":0,"400":0,"405":0,"406":0,"407":0,"408":0,"409":0,"410":0,"415":0,"416":0,"417":0,"418":0,"419":0,"420":0,"425":0,"426":0,"427":0,"432":0,"433":0,"434":0,"435":0,"436":0,"437":0,"442":0,"443":0,"444":0,"445":0,"446":0,"451":0,"452":0,"453":0,"455":0,"456":0,"457":0,"459":0,"460":0,"465":0,"466":0,"467":0,"469":0,"470":0,"475":0,"476":0,"478":0,"479":0,"484":0,"485":0,"487":0,"488":0,"493":0,"494":0,"496":0,"497":0,"502":0,"503":0,"505":0,"506":0,"511":0,"512":0,"514":0,"515":0,"517":0,"520":0,"521":0,"523":0,"524":0,"525":0,"526":0,"528":0,"529":0,"530":0,"531":0,"532":0,"533":0,"535":0,"537":0,"539":0,"540":0,"542":0,"543":0,"544":0,"545":0,"546":0,"548":0,"549":0,"550":0,"552":0,"554":0,"555":0,"556":0},"branchMap":{"0":{"type":"branch","line":1,"loc":{"start":{"line":1,"column":13512},"end":{"line":557,"column":1}},"locations":[{"start":{"line":1,"column":13512},"end":{"line":557,"column":1}}]}},"b":{"0":[0]},"fnMap":{"0":{"name":"(empty-report)","decl":{"start":{"line":1,"column":13512},"end":{"line":557,"column":1}},"loc":{"start":{"line":1,"column":13512},"end":{"line":557,"column":1}},"line":1}},"f":{"0":0}}
,"D:\\_dev\\!Projects\\_fux\\_FocusedUX\\packages\\dynamicons\\core\\scripts\\asset-manifest.ts": {"path":"D:\\_dev\\!Projects\\_fux\\_FocusedUX\\packages\\dynamicons\\core\\scripts\\asset-manifest.ts","all":true,"statementMap":{"0":{"start":{"line":1,"column":0},"end":{"line":1,"column":35}},"1":{"start":{"line":2,"column":0},"end":{"line":2,"column":56}},"2":{"start":{"line":3,"column":0},"end":{"line":3,"column":36}},"26":{"start":{"line":27,"column":0},"end":{"line":27,"column":37}},"28":{"start":{"line":29,"column":0},"end":{"line":29,"column":35}},"29":{"start":{"line":30,"column":0},"end":{"line":30,"column":37}},"31":{"start":{"line":32,"column":0},"end":{"line":32,"column":90}},"32":{"start":{"line":33,"column":0},"end":{"line":33,"column":28}},"33":{"start":{"line":34,"column":0},"end":{"line":34,"column":34}},"34":{"start":{"line":35,"column":0},"end":{"line":35,"column":2}},"39":{"start":{"line":40,"column":0},"end":{"line":40,"column":51}},"40":{"start":{"line":41,"column":0},"end":{"line":41,"column":44}},"41":{"start":{"line":42,"column":0},"end":{"line":42,"column":50}},"42":{"start":{"line":43,"column":0},"end":{"line":43,"column":55}},"44":{"start":{"line":45,"column":0},"end":{"line":45,"column":35}},"45":{"start":{"line":46,"column":0},"end":{"line":46,"column":20}},"46":{"start":{"line":47,"column":0},"end":{"line":47,"column":27}},"47":{"start":{"line":48,"column":0},"end":{"line":48,"column":10}},"48":{"start":{"line":49,"column":0},"end":{"line":49,"column":14}},"49":{"start":{"line":50,"column":0},"end":{"line":50,"column":16}},"50":{"start":{"line":51,"column":0},"end":{"line":51,"column":3}},"52":{"start":{"line":53,"column":0},"end":{"line":53,"column":17}},"53":{"start":{"line":54,"column":0},"end":{"line":54,"column":2}},"58":{"start":{"line":59,"column":0},"end":{"line":59,"column":58}},"59":{"start":{"line":60,"column":0},"end":{"line":60,"column":36}},"61":{"start":{"line":62,"column":0},"end":{"line":62,"column":82}},"62":{"start":{"line":63,"column":0},"end":{"line":63,"column":62}},"64":{"start":{"line":65,"column":0},"end":{"line":65,"column":30}},"65":{"start":{"line":66,"column":0},"end":{"line":66,"column":45}},"66":{"start":{"line":67,"column":0},"end":{"line":67,"column":59}},"68":{"start":{"line":69,"column":0},"end":{"line":69,"column":29}},"69":{"start":{"line":70,"column":0},"end":{"line":70,"column":50}},"70":{"start":{"line":71,"column":0},"end":{"line":71,"column":31}},"71":{"start":{"line":72,"column":0},"end":{"line":72,"column":72}},"73":{"start":{"line":74,"column":0},"end":{"line":74,"column":17}},"74":{"start":{"line":75,"column":0},"end":{"line":75,"column":24}},"75":{"start":{"line":76,"column":0},"end":{"line":76,"column":6}},"76":{"start":{"line":77,"column":0},"end":{"line":77,"column":5}},"77":{"start":{"line":78,"column":0},"end":{"line":78,"column":4}},"78":{"start":{"line":79,"column":0},"end":{"line":79,"column":3}},"80":{"start":{"line":81,"column":0},"end":{"line":81,"column":34}},"81":{"start":{"line":82,"column":0},"end":{"line":82,"column":15}},"82":{"start":{"line":83,"column":0},"end":{"line":83,"column":2}},"87":{"start":{"line":88,"column":0},"end":{"line":88,"column":92}},"88":{"start":{"line":89,"column":0},"end":{"line":89,"column":7}},"89":{"start":{"line":90,"column":0},"end":{"line":90,"column":35}},"90":{"start":{"line":91,"column":0},"end":{"line":91,"column":41}},"91":{"start":{"line":92,"column":0},"end":{"line":92,"column":66}},"92":{"start":{"line":93,"column":0},"end":{"line":93,"column":50}},"94":{"start":{"line":95,"column":0},"end":{"line":95,"column":58}},"95":{"start":{"line":96,"column":0},"end":{"line":96,"column":56}},"97":{"start":{"line":98,"column":0},"end":{"line":98,"column":11}},"98":{"start":{"line":99,"column":0},"end":{"line":99,"column":23}},"99":{"start":{"line":100,"column":0},"end":{"line":100,"column":21}},"100":{"start":{"line":101,"column":0},"end":{"line":101,"column":40}},"101":{"start":{"line":102,"column":0},"end":{"line":102,"column":9}},"102":{"start":{"line":103,"column":0},"end":{"line":103,"column":9}},"103":{"start":{"line":104,"column":0},"end":{"line":104,"column":21}},"104":{"start":{"line":105,"column":0},"end":{"line":105,"column":13}},"105":{"start":{"line":106,"column":0},"end":{"line":106,"column":4}},"106":{"start":{"line":107,"column":0},"end":{"line":107,"column":19}},"107":{"start":{"line":108,"column":0},"end":{"line":108,"column":66}},"108":{"start":{"line":109,"column":0},"end":{"line":109,"column":14}},"109":{"start":{"line":110,"column":0},"end":{"line":110,"column":3}},"110":{"start":{"line":111,"column":0},"end":{"line":111,"column":2}},"115":{"start":{"line":116,"column":0},"end":{"line":116,"column":87}},"116":{"start":{"line":117,"column":0},"end":{"line":117,"column":79}},"117":{"start":{"line":118,"column":0},"end":{"line":118,"column":16}},"118":{"start":{"line":119,"column":0},"end":{"line":119,"column":3}},"119":{"start":{"line":120,"column":0},"end":{"line":120,"column":81}},"120":{"start":{"line":121,"column":0},"end":{"line":121,"column":17}},"121":{"start":{"line":122,"column":0},"end":{"line":122,"column":3}},"122":{"start":{"line":123,"column":0},"end":{"line":123,"column":81}},"123":{"start":{"line":124,"column":0},"end":{"line":124,"column":17}},"124":{"start":{"line":125,"column":0},"end":{"line":125,"column":3}},"125":{"start":{"line":126,"column":0},"end":{"line":126,"column":64}},"126":{"start":{"line":127,"column":0},"end":{"line":127,"column":17}},"127":{"start":{"line":128,"column":0},"end":{"line":128,"column":3}},"128":{"start":{"line":129,"column":0},"end":{"line":129,"column":47}},"129":{"start":{"line":130,"column":0},"end":{"line":130,"column":17}},"130":{"start":{"line":131,"column":0},"end":{"line":131,"column":3}},"131":{"start":{"line":132,"column":0},"end":{"line":132,"column":16}},"132":{"start":{"line":133,"column":0},"end":{"line":133,"column":2}},"137":{"start":{"line":138,"column":0},"end":{"line":138,"column":70}},"138":{"start":{"line":139,"column":0},"end":{"line":139,"column":44}},"139":{"start":{"line":140,"column":0},"end":{"line":140,"column":22}},"140":{"start":{"line":141,"column":0},"end":{"line":141,"column":46}},"141":{"start":{"line":142,"column":0},"end":{"line":142,"column":24}},"142":{"start":{"line":143,"column":0},"end":{"line":143,"column":40}},"143":{"start":{"line":144,"column":0},"end":{"line":144,"column":18}},"144":{"start":{"line":145,"column":0},"end":{"line":145,"column":40}},"145":{"start":{"line":146,"column":0},"end":{"line":146,"column":26}},"146":{"start":{"line":147,"column":0},"end":{"line":147,"column":37}},"147":{"start":{"line":148,"column":0},"end":{"line":148,"column":20}},"148":{"start":{"line":149,"column":0},"end":{"line":149,"column":18}},"149":{"start":{"line":150,"column":0},"end":{"line":150,"column":2}},"154":{"start":{"line":155,"column":0},"end":{"line":155,"column":81}},"155":{"start":{"line":156,"column":0},"end":{"line":156,"column":52}},"157":{"start":{"line":158,"column":0},"end":{"line":158,"column":31}},"158":{"start":{"line":159,"column":0},"end":{"line":159,"column":24}},"159":{"start":{"line":160,"column":0},"end":{"line":160,"column":38}},"160":{"start":{"line":161,"column":0},"end":{"line":161,"column":36}},"161":{"start":{"line":162,"column":0},"end":{"line":162,"column":5}},"162":{"start":{"line":163,"column":0},"end":{"line":163,"column":47}},"163":{"start":{"line":164,"column":0},"end":{"line":164,"column":4}},"164":{"start":{"line":165,"column":0},"end":{"line":165,"column":3}},"166":{"start":{"line":167,"column":0},"end":{"line":167,"column":19}},"167":{"start":{"line":168,"column":0},"end":{"line":168,"column":2}},"172":{"start":{"line":173,"column":0},"end":{"line":173,"column":86}},"173":{"start":{"line":174,"column":0},"end":{"line":174,"column":56}},"176":{"start":{"line":177,"column":0},"end":{"line":177,"column":40}},"177":{"start":{"line":178,"column":0},"end":{"line":178,"column":22}},"178":{"start":{"line":179,"column":0},"end":{"line":179,"column":39}},"179":{"start":{"line":180,"column":0},"end":{"line":180,"column":21}},"181":{"start":{"line":182,"column":0},"end":{"line":182,"column":36}},"182":{"start":{"line":183,"column":0},"end":{"line":183,"column":33}},"185":{"start":{"line":186,"column":0},"end":{"line":186,"column":8}},"186":{"start":{"line":187,"column":0},"end":{"line":187,"column":54}},"187":{"start":{"line":188,"column":0},"end":{"line":188,"column":57}},"190":{"start":{"line":191,"column":0},"end":{"line":191,"column":36}},"191":{"start":{"line":192,"column":0},"end":{"line":192,"column":81}},"193":{"start":{"line":194,"column":0},"end":{"line":194,"column":55}},"194":{"start":{"line":195,"column":0},"end":{"line":195,"column":31}},"195":{"start":{"line":196,"column":0},"end":{"line":196,"column":6}},"196":{"start":{"line":197,"column":0},"end":{"line":197,"column":5}},"197":{"start":{"line":198,"column":0},"end":{"line":198,"column":20}},"198":{"start":{"line":199,"column":0},"end":{"line":199,"column":82}},"199":{"start":{"line":200,"column":0},"end":{"line":200,"column":4}},"201":{"start":{"line":202,"column":0},"end":{"line":202,"column":39}},"202":{"start":{"line":203,"column":0},"end":{"line":203,"column":3}},"205":{"start":{"line":206,"column":0},"end":{"line":206,"column":31}},"206":{"start":{"line":207,"column":0},"end":{"line":207,"column":35}},"207":{"start":{"line":208,"column":0},"end":{"line":208,"column":33}},"208":{"start":{"line":209,"column":0},"end":{"line":209,"column":4}},"209":{"start":{"line":210,"column":0},"end":{"line":210,"column":3}},"211":{"start":{"line":212,"column":0},"end":{"line":212,"column":21}},"212":{"start":{"line":213,"column":0},"end":{"line":213,"column":2}},"217":{"start":{"line":218,"column":0},"end":{"line":218,"column":61}},"218":{"start":{"line":219,"column":0},"end":{"line":219,"column":40}},"220":{"start":{"line":221,"column":0},"end":{"line":221,"column":74}},"221":{"start":{"line":222,"column":0},"end":{"line":222,"column":2}},"226":{"start":{"line":227,"column":0},"end":{"line":227,"column":54}},"227":{"start":{"line":228,"column":0},"end":{"line":228,"column":7}},"228":{"start":{"line":229,"column":0},"end":{"line":229,"column":41}},"229":{"start":{"line":230,"column":0},"end":{"line":230,"column":64}},"231":{"start":{"line":232,"column":0},"end":{"line":232,"column":46}},"232":{"start":{"line":233,"column":0},"end":{"line":233,"column":19}},"233":{"start":{"line":234,"column":0},"end":{"line":234,"column":14}},"234":{"start":{"line":235,"column":0},"end":{"line":235,"column":3}},"235":{"start":{"line":236,"column":0},"end":{"line":236,"column":2}},"237":{"start":{"line":238,"column":0},"end":{"line":238,"column":1}},"240":{"start":{"line":241,"column":0},"end":{"line":241,"column":71}},"241":{"start":{"line":242,"column":0},"end":{"line":242,"column":47}},"243":{"start":{"line":244,"column":0},"end":{"line":244,"column":29}},"244":{"start":{"line":245,"column":0},"end":{"line":245,"column":29}},"245":{"start":{"line":246,"column":0},"end":{"line":246,"column":41}},"246":{"start":{"line":247,"column":0},"end":{"line":247,"column":80}},"247":{"start":{"line":248,"column":0},"end":{"line":248,"column":76}},"248":{"start":{"line":249,"column":0},"end":{"line":249,"column":62}},"249":{"start":{"line":250,"column":0},"end":{"line":250,"column":4}},"250":{"start":{"line":251,"column":0},"end":{"line":251,"column":21}},"251":{"start":{"line":252,"column":0},"end":{"line":252,"column":60}},"252":{"start":{"line":253,"column":0},"end":{"line":253,"column":18}},"253":{"start":{"line":254,"column":0},"end":{"line":254,"column":4}},"254":{"start":{"line":255,"column":0},"end":{"line":255,"column":1}}},"s":{"0":0,"1":0,"2":0,"26":0,"28":0,"29":0,"31":0,"32":0,"33":0,"34":0,"39":0,"40":0,"41":0,"42":0,"44":0,"45":0,"46":0,"47":0,"48":0,"49":0,"50":0,"52":0,"53":0,"58":0,"59":0,"61":0,"62":0,"64":0,"65":0,"66":0,"68":0,"69":0,"70":0,"71":0,"73":0,"74":0,"75":0,"76":0,"77":0,"78":0,"80":0,"81":0,"82":0,"87":0,"88":0,"89":0,"90":0,"91":0,"92":0,"94":0,"95":0,"97":0,"98":0,"99":0,"100":0,"101":0,"102":0,"103":0,"104":0,"105":0,"106":0,"107":0,"108":0,"109":0,"110":0,"115":0,"116":0,"117":0,"118":0,"119":0,"120":0,"121":0,"122":0,"123":0,"124":0,"125":0,"126":0,"127":0,"128":0,"129":0,"130":0,"131":0,"132":0,"137":0,"138":0,"139":0,"140":0,"141":0,"142":0,"143":0,"144":0,"145":0,"146":0,"147":0,"148":0,"149":0,"154":0,"155":0,"157":0,"158":0,"159":0,"160":0,"161":0,"162":0,"163":0,"164":0,"166":0,"167":0,"172":0,"173":0,"176":0,"177":0,"178":0,"179":0,"181":0,"182":0,"185":0,"186":0,"187":0,"190":0,"191":0,"193":0,"194":0,"195":0,"196":0,"197":0,"198":0,"199":0,"201":0,"202":0,"205":0,"206":0,"207":0,"208":0,"209":0,"211":0,"212":0,"217":0,"218":0,"220":0,"221":0,"226":0,"227":0,"228":0,"229":0,"231":0,"232":0,"233":0,"234":0,"235":0,"237":0,"240":0,"241":0,"243":0,"244":0,"245":0,"246":0,"247":0,"248":0,"249":0,"250":0,"251":0,"252":0,"253":0,"254":0},"branchMap":{"0":{"type":"branch","line":1,"loc":{"start":{"line":1,"column":6847},"end":{"line":255,"column":1}},"locations":[{"start":{"line":1,"column":6847},"end":{"line":255,"column":1}}]}},"b":{"0":[0]},"fnMap":{"0":{"name":"(empty-report)","decl":{"start":{"line":1,"column":6847},"end":{"line":255,"column":1}},"loc":{"start":{"line":1,"column":6847},"end":{"line":255,"column":1}},"line":1}},"f":{"0":0}}
,"D:\\_dev\\!Projects\\_fux\\_FocusedUX\\packages\\dynamicons\\core\\scripts\\asset-orchestrator.ts": {"path":"D:\\_dev\\!Projects\\_fux\\_FocusedUX\\packages\\dynamicons\\core\\scripts\\asset-orchestrator.ts","all":true,"statementMap":{"2":{"start":{"line":3,"column":0},"end":{"line":3,"column":57}},"3":{"start":{"line":4,"column":0},"end":{"line":4,"column":55}},"4":{"start":{"line":5,"column":0},"end":{"line":5,"column":50}},"6":{"start":{"line":7,"column":0},"end":{"line":7,"column":50}},"7":{"start":{"line":8,"column":0},"end":{"line":8,"column":49}},"8":{"start":{"line":9,"column":0},"end":{"line":9,"column":36}},"23":{"start":{"line":24,"column":0},"end":{"line":24,"column":35}},"25":{"start":{"line":26,"column":0},"end":{"line":26,"column":38}},"26":{"start":{"line":27,"column":0},"end":{"line":27,"column":50}},"27":{"start":{"line":28,"column":0},"end":{"line":28,"column":44}},"28":{"start":{"line":29,"column":0},"end":{"line":29,"column":34}},"29":{"start":{"line":30,"column":0},"end":{"line":30,"column":33}},"31":{"start":{"line":32,"column":0},"end":{"line":32,"column":45}},"32":{"start":{"line":33,"column":0},"end":{"line":33,"column":22}},"33":{"start":{"line":34,"column":0},"end":{"line":34,"column":92}},"34":{"start":{"line":35,"column":0},"end":{"line":35,"column":86}},"37":{"start":{"line":38,"column":0},"end":{"line":38,"column":71}},"38":{"start":{"line":39,"column":0},"end":{"line":39,"column":27}},"39":{"start":{"line":40,"column":0},"end":{"line":40,"column":25}},"40":{"start":{"line":41,"column":0},"end":{"line":41,"column":31}},"41":{"start":{"line":42,"column":0},"end":{"line":42,"column":35}},"42":{"start":{"line":43,"column":0},"end":{"line":43,"column":4}},"44":{"start":{"line":45,"column":0},"end":{"line":45,"column":48}},"45":{"start":{"line":46,"column":0},"end":{"line":46,"column":31}},"46":{"start":{"line":47,"column":0},"end":{"line":47,"column":31}},"47":{"start":{"line":48,"column":0},"end":{"line":48,"column":39}},"48":{"start":{"line":49,"column":0},"end":{"line":49,"column":51}},"49":{"start":{"line":50,"column":0},"end":{"line":50,"column":41}},"50":{"start":{"line":51,"column":0},"end":{"line":51,"column":27}},"51":{"start":{"line":52,"column":0},"end":{"line":52,"column":25}},"52":{"start":{"line":53,"column":0},"end":{"line":53,"column":31}},"53":{"start":{"line":54,"column":0},"end":{"line":54,"column":35}},"54":{"start":{"line":55,"column":0},"end":{"line":55,"column":3}},"56":{"start":{"line":57,"column":0},"end":{"line":57,"column":56}},"57":{"start":{"line":58,"column":0},"end":{"line":58,"column":2}},"62":{"start":{"line":63,"column":0},"end":{"line":63,"column":42}},"63":{"start":{"line":64,"column":0},"end":{"line":64,"column":7}},"64":{"start":{"line":65,"column":0},"end":{"line":65,"column":58}},"65":{"start":{"line":66,"column":0},"end":{"line":66,"column":43}},"66":{"start":{"line":67,"column":0},"end":{"line":67,"column":39}},"67":{"start":{"line":68,"column":0},"end":{"line":68,"column":40}},"69":{"start":{"line":70,"column":0},"end":{"line":70,"column":27}},"71":{"start":{"line":72,"column":0},"end":{"line":72,"column":67}},"73":{"start":{"line":74,"column":0},"end":{"line":74,"column":29}},"75":{"start":{"line":76,"column":0},"end":{"line":76,"column":27}},"76":{"start":{"line":77,"column":0},"end":{"line":77,"column":54}},"77":{"start":{"line":78,"column":0},"end":{"line":78,"column":29}},"79":{"start":{"line":80,"column":0},"end":{"line":80,"column":27}},"80":{"start":{"line":81,"column":0},"end":{"line":81,"column":82}},"81":{"start":{"line":82,"column":0},"end":{"line":82,"column":92}},"82":{"start":{"line":83,"column":0},"end":{"line":83,"column":84}},"83":{"start":{"line":84,"column":0},"end":{"line":84,"column":29}},"85":{"start":{"line":86,"column":0},"end":{"line":86,"column":78}},"86":{"start":{"line":87,"column":0},"end":{"line":87,"column":19}},"87":{"start":{"line":88,"column":0},"end":{"line":88,"column":84}},"88":{"start":{"line":89,"column":0},"end":{"line":89,"column":14}},"89":{"start":{"line":90,"column":0},"end":{"line":90,"column":3}},"90":{"start":{"line":91,"column":0},"end":{"line":91,"column":2}},"95":{"start":{"line":96,"column":0},"end":{"line":96,"column":39}},"96":{"start":{"line":97,"column":0},"end":{"line":97,"column":7}},"97":{"start":{"line":98,"column":0},"end":{"line":98,"column":55}},"98":{"start":{"line":99,"column":0},"end":{"line":99,"column":41}},"99":{"start":{"line":100,"column":0},"end":{"line":100,"column":40}},"101":{"start":{"line":102,"column":0},"end":{"line":102,"column":27}},"103":{"start":{"line":104,"column":0},"end":{"line":104,"column":68}},"105":{"start":{"line":106,"column":0},"end":{"line":106,"column":29}},"107":{"start":{"line":108,"column":0},"end":{"line":108,"column":27}},"108":{"start":{"line":109,"column":0},"end":{"line":109,"column":40}},"109":{"start":{"line":110,"column":0},"end":{"line":110,"column":29}},"111":{"start":{"line":112,"column":0},"end":{"line":112,"column":75}},"112":{"start":{"line":113,"column":0},"end":{"line":113,"column":19}},"113":{"start":{"line":114,"column":0},"end":{"line":114,"column":81}},"114":{"start":{"line":115,"column":0},"end":{"line":115,"column":14}},"115":{"start":{"line":116,"column":0},"end":{"line":116,"column":3}},"116":{"start":{"line":117,"column":0},"end":{"line":117,"column":2}},"121":{"start":{"line":122,"column":0},"end":{"line":122,"column":39}},"122":{"start":{"line":123,"column":0},"end":{"line":123,"column":30}},"124":{"start":{"line":125,"column":0},"end":{"line":125,"column":7}},"126":{"start":{"line":127,"column":0},"end":{"line":127,"column":68}},"129":{"start":{"line":130,"column":0},"end":{"line":130,"column":59}},"131":{"start":{"line":132,"column":0},"end":{"line":132,"column":73}},"134":{"start":{"line":135,"column":0},"end":{"line":135,"column":55}},"136":{"start":{"line":137,"column":0},"end":{"line":137,"column":68}},"138":{"start":{"line":139,"column":0},"end":{"line":139,"column":44}},"139":{"start":{"line":140,"column":0},"end":{"line":140,"column":47}},"140":{"start":{"line":141,"column":0},"end":{"line":141,"column":10}},"141":{"start":{"line":142,"column":0},"end":{"line":142,"column":4}},"144":{"start":{"line":145,"column":0},"end":{"line":145,"column":86}},"146":{"start":{"line":147,"column":0},"end":{"line":147,"column":72}},"148":{"start":{"line":149,"column":0},"end":{"line":149,"column":86}},"151":{"start":{"line":152,"column":0},"end":{"line":152,"column":48}},"152":{"start":{"line":153,"column":0},"end":{"line":153,"column":52}},"155":{"start":{"line":156,"column":0},"end":{"line":156,"column":43}},"157":{"start":{"line":158,"column":0},"end":{"line":158,"column":62}},"158":{"start":{"line":159,"column":0},"end":{"line":159,"column":45}},"160":{"start":{"line":161,"column":0},"end":{"line":161,"column":93}},"162":{"start":{"line":163,"column":0},"end":{"line":163,"column":61}},"163":{"start":{"line":164,"column":0},"end":{"line":164,"column":64}},"164":{"start":{"line":165,"column":0},"end":{"line":165,"column":38}},"165":{"start":{"line":166,"column":0},"end":{"line":166,"column":48}},"166":{"start":{"line":167,"column":0},"end":{"line":167,"column":45}},"169":{"start":{"line":170,"column":0},"end":{"line":170,"column":54}},"172":{"start":{"line":173,"column":0},"end":{"line":173,"column":52}},"173":{"start":{"line":174,"column":0},"end":{"line":174,"column":80}},"174":{"start":{"line":175,"column":0},"end":{"line":175,"column":73}},"175":{"start":{"line":176,"column":0},"end":{"line":176,"column":53}},"177":{"start":{"line":178,"column":0},"end":{"line":178,"column":57}},"178":{"start":{"line":179,"column":0},"end":{"line":179,"column":10}},"179":{"start":{"line":180,"column":0},"end":{"line":180,"column":8}},"181":{"start":{"line":182,"column":0},"end":{"line":182,"column":54}},"182":{"start":{"line":183,"column":0},"end":{"line":183,"column":86}},"183":{"start":{"line":184,"column":0},"end":{"line":184,"column":79}},"184":{"start":{"line":185,"column":0},"end":{"line":185,"column":57}},"186":{"start":{"line":187,"column":0},"end":{"line":187,"column":61}},"187":{"start":{"line":188,"column":0},"end":{"line":188,"column":10}},"188":{"start":{"line":189,"column":0},"end":{"line":189,"column":8}},"189":{"start":{"line":190,"column":0},"end":{"line":190,"column":8}},"190":{"start":{"line":191,"column":0},"end":{"line":191,"column":7}},"191":{"start":{"line":192,"column":0},"end":{"line":192,"column":5}},"194":{"start":{"line":195,"column":0},"end":{"line":195,"column":64}},"196":{"start":{"line":197,"column":0},"end":{"line":197,"column":85}},"197":{"start":{"line":198,"column":0},"end":{"line":198,"column":38}},"198":{"start":{"line":199,"column":0},"end":{"line":199,"column":6}},"199":{"start":{"line":200,"column":0},"end":{"line":200,"column":87}},"200":{"start":{"line":201,"column":0},"end":{"line":201,"column":40}},"201":{"start":{"line":202,"column":0},"end":{"line":202,"column":6}},"202":{"start":{"line":203,"column":0},"end":{"line":203,"column":82}},"203":{"start":{"line":204,"column":0},"end":{"line":204,"column":87}},"204":{"start":{"line":205,"column":0},"end":{"line":205,"column":6}},"207":{"start":{"line":208,"column":0},"end":{"line":208,"column":40}},"208":{"start":{"line":209,"column":0},"end":{"line":209,"column":123}},"209":{"start":{"line":210,"column":0},"end":{"line":210,"column":53}},"210":{"start":{"line":211,"column":0},"end":{"line":211,"column":60}},"211":{"start":{"line":212,"column":0},"end":{"line":212,"column":47}},"213":{"start":{"line":214,"column":0},"end":{"line":214,"column":54}},"214":{"start":{"line":215,"column":0},"end":{"line":215,"column":8}},"215":{"start":{"line":216,"column":0},"end":{"line":216,"column":6}},"218":{"start":{"line":219,"column":0},"end":{"line":219,"column":42}},"219":{"start":{"line":220,"column":0},"end":{"line":220,"column":127}},"220":{"start":{"line":221,"column":0},"end":{"line":221,"column":55}},"221":{"start":{"line":222,"column":0},"end":{"line":222,"column":62}},"222":{"start":{"line":223,"column":0},"end":{"line":223,"column":47}},"224":{"start":{"line":225,"column":0},"end":{"line":225,"column":54}},"225":{"start":{"line":226,"column":0},"end":{"line":226,"column":8}},"226":{"start":{"line":227,"column":0},"end":{"line":227,"column":6}},"229":{"start":{"line":230,"column":0},"end":{"line":230,"column":37}},"230":{"start":{"line":231,"column":0},"end":{"line":231,"column":82}},"231":{"start":{"line":232,"column":0},"end":{"line":232,"column":50}},"232":{"start":{"line":233,"column":0},"end":{"line":233,"column":57}},"233":{"start":{"line":234,"column":0},"end":{"line":234,"column":47}},"235":{"start":{"line":236,"column":0},"end":{"line":236,"column":67}},"236":{"start":{"line":237,"column":0},"end":{"line":237,"column":8}},"237":{"start":{"line":238,"column":0},"end":{"line":238,"column":6}},"238":{"start":{"line":239,"column":0},"end":{"line":239,"column":5}},"239":{"start":{"line":240,"column":0},"end":{"line":240,"column":4}},"241":{"start":{"line":242,"column":0},"end":{"line":242,"column":43}},"243":{"start":{"line":244,"column":0},"end":{"line":244,"column":85}},"244":{"start":{"line":245,"column":0},"end":{"line":245,"column":19}},"245":{"start":{"line":246,"column":0},"end":{"line":246,"column":72}},"246":{"start":{"line":247,"column":0},"end":{"line":247,"column":14}},"247":{"start":{"line":248,"column":0},"end":{"line":248,"column":3}},"248":{"start":{"line":249,"column":0},"end":{"line":249,"column":2}},"253":{"start":{"line":254,"column":0},"end":{"line":254,"column":39}},"254":{"start":{"line":255,"column":0},"end":{"line":255,"column":7}},"255":{"start":{"line":256,"column":0},"end":{"line":256,"column":49}},"256":{"start":{"line":257,"column":0},"end":{"line":257,"column":43}},"257":{"start":{"line":258,"column":0},"end":{"line":258,"column":40}},"258":{"start":{"line":259,"column":0},"end":{"line":259,"column":40}},"261":{"start":{"line":262,"column":0},"end":{"line":262,"column":27}},"263":{"start":{"line":264,"column":0},"end":{"line":264,"column":67}},"265":{"start":{"line":266,"column":0},"end":{"line":266,"column":29}},"268":{"start":{"line":269,"column":0},"end":{"line":269,"column":27}},"270":{"start":{"line":271,"column":0},"end":{"line":271,"column":40}},"271":{"start":{"line":272,"column":0},"end":{"line":272,"column":26}},"272":{"start":{"line":273,"column":0},"end":{"line":273,"column":17}},"273":{"start":{"line":274,"column":0},"end":{"line":274,"column":20}},"274":{"start":{"line":275,"column":0},"end":{"line":275,"column":13}},"275":{"start":{"line":276,"column":0},"end":{"line":276,"column":4}},"276":{"start":{"line":277,"column":0},"end":{"line":277,"column":79}},"278":{"start":{"line":279,"column":0},"end":{"line":279,"column":29}},"281":{"start":{"line":282,"column":0},"end":{"line":282,"column":27}},"282":{"start":{"line":283,"column":0},"end":{"line":283,"column":45}},"283":{"start":{"line":284,"column":0},"end":{"line":284,"column":29}},"285":{"start":{"line":286,"column":0},"end":{"line":286,"column":32}},"286":{"start":{"line":287,"column":0},"end":{"line":287,"column":76}},"287":{"start":{"line":288,"column":0},"end":{"line":288,"column":11}},"288":{"start":{"line":289,"column":0},"end":{"line":289,"column":32}},"289":{"start":{"line":290,"column":0},"end":{"line":290,"column":76}},"290":{"start":{"line":291,"column":0},"end":{"line":291,"column":26}},"291":{"start":{"line":292,"column":0},"end":{"line":292,"column":5}},"292":{"start":{"line":293,"column":0},"end":{"line":293,"column":4}},"293":{"start":{"line":294,"column":0},"end":{"line":294,"column":19}},"294":{"start":{"line":295,"column":0},"end":{"line":295,"column":75}},"295":{"start":{"line":296,"column":0},"end":{"line":296,"column":14}},"296":{"start":{"line":297,"column":0},"end":{"line":297,"column":3}},"297":{"start":{"line":298,"column":0},"end":{"line":298,"column":2}},"302":{"start":{"line":303,"column":0},"end":{"line":303,"column":54}},"303":{"start":{"line":304,"column":0},"end":{"line":304,"column":47}},"304":{"start":{"line":305,"column":0},"end":{"line":305,"column":39}},"305":{"start":{"line":306,"column":0},"end":{"line":306,"column":39}},"306":{"start":{"line":307,"column":0},"end":{"line":307,"column":45}},"307":{"start":{"line":308,"column":0},"end":{"line":308,"column":43}},"308":{"start":{"line":309,"column":0},"end":{"line":309,"column":47}},"309":{"start":{"line":310,"column":0},"end":{"line":310,"column":57}},"310":{"start":{"line":311,"column":0},"end":{"line":311,"column":4}},"312":{"start":{"line":313,"column":0},"end":{"line":313,"column":49}},"313":{"start":{"line":314,"column":0},"end":{"line":314,"column":87}},"314":{"start":{"line":315,"column":0},"end":{"line":315,"column":76}},"315":{"start":{"line":316,"column":0},"end":{"line":316,"column":69}},"317":{"start":{"line":318,"column":0},"end":{"line":318,"column":49}},"318":{"start":{"line":319,"column":0},"end":{"line":319,"column":5}},"319":{"start":{"line":320,"column":0},"end":{"line":320,"column":3}},"320":{"start":{"line":321,"column":0},"end":{"line":321,"column":2}},"325":{"start":{"line":326,"column":0},"end":{"line":326,"column":59}},"326":{"start":{"line":327,"column":0},"end":{"line":327,"column":42}},"327":{"start":{"line":328,"column":0},"end":{"line":328,"column":48}},"328":{"start":{"line":329,"column":0},"end":{"line":329,"column":44}},"329":{"start":{"line":330,"column":0},"end":{"line":330,"column":42}},"330":{"start":{"line":331,"column":0},"end":{"line":331,"column":43}},"331":{"start":{"line":332,"column":0},"end":{"line":332,"column":4}},"333":{"start":{"line":334,"column":0},"end":{"line":334,"column":46}},"334":{"start":{"line":335,"column":0},"end":{"line":335,"column":88}},"335":{"start":{"line":336,"column":0},"end":{"line":336,"column":73}},"336":{"start":{"line":337,"column":0},"end":{"line":337,"column":66}},"338":{"start":{"line":339,"column":0},"end":{"line":339,"column":56}},"339":{"start":{"line":340,"column":0},"end":{"line":340,"column":5}},"340":{"start":{"line":341,"column":0},"end":{"line":341,"column":3}},"342":{"start":{"line":343,"column":0},"end":{"line":343,"column":44}},"343":{"start":{"line":344,"column":0},"end":{"line":344,"column":81}},"344":{"start":{"line":345,"column":0},"end":{"line":345,"column":71}},"345":{"start":{"line":346,"column":0},"end":{"line":346,"column":64}},"347":{"start":{"line":348,"column":0},"end":{"line":348,"column":49}},"348":{"start":{"line":349,"column":0},"end":{"line":349,"column":5}},"349":{"start":{"line":350,"column":0},"end":{"line":350,"column":3}},"351":{"start":{"line":352,"column":0},"end":{"line":352,"column":43}},"352":{"start":{"line":353,"column":0},"end":{"line":353,"column":84}},"353":{"start":{"line":354,"column":0},"end":{"line":354,"column":70}},"354":{"start":{"line":355,"column":0},"end":{"line":355,"column":63}},"356":{"start":{"line":357,"column":0},"end":{"line":357,"column":54}},"357":{"start":{"line":358,"column":0},"end":{"line":358,"column":5}},"358":{"start":{"line":359,"column":0},"end":{"line":359,"column":3}},"359":{"start":{"line":360,"column":0},"end":{"line":360,"column":2}},"364":{"start":{"line":365,"column":0},"end":{"line":365,"column":59}},"365":{"start":{"line":366,"column":0},"end":{"line":366,"column":31}},"366":{"start":{"line":367,"column":0},"end":{"line":367,"column":65}},"367":{"start":{"line":368,"column":0},"end":{"line":368,"column":10}},"368":{"start":{"line":369,"column":0},"end":{"line":369,"column":64}},"369":{"start":{"line":370,"column":0},"end":{"line":370,"column":3}},"372":{"start":{"line":373,"column":0},"end":{"line":373,"column":42}},"373":{"start":{"line":374,"column":0},"end":{"line":374,"column":53}},"374":{"start":{"line":375,"column":0},"end":{"line":375,"column":53}},"375":{"start":{"line":376,"column":0},"end":{"line":376,"column":57}},"376":{"start":{"line":377,"column":0},"end":{"line":377,"column":59}},"377":{"start":{"line":378,"column":0},"end":{"line":378,"column":59}},"378":{"start":{"line":379,"column":0},"end":{"line":379,"column":65}},"379":{"start":{"line":380,"column":0},"end":{"line":380,"column":4}},"382":{"start":{"line":383,"column":0},"end":{"line":383,"column":28}},"383":{"start":{"line":384,"column":0},"end":{"line":384,"column":53}},"384":{"start":{"line":385,"column":0},"end":{"line":385,"column":10}},"385":{"start":{"line":386,"column":0},"end":{"line":386,"column":52}},"386":{"start":{"line":387,"column":0},"end":{"line":387,"column":3}},"387":{"start":{"line":388,"column":0},"end":{"line":388,"column":2}},"392":{"start":{"line":393,"column":0},"end":{"line":393,"column":66}},"394":{"start":{"line":395,"column":0},"end":{"line":395,"column":43}},"395":{"start":{"line":396,"column":0},"end":{"line":396,"column":84}},"398":{"start":{"line":399,"column":0},"end":{"line":399,"column":74}},"400":{"start":{"line":401,"column":0},"end":{"line":401,"column":59}},"401":{"start":{"line":402,"column":0},"end":{"line":402,"column":59}},"402":{"start":{"line":403,"column":0},"end":{"line":403,"column":48}},"403":{"start":{"line":404,"column":0},"end":{"line":404,"column":60}},"404":{"start":{"line":405,"column":0},"end":{"line":405,"column":90}},"406":{"start":{"line":407,"column":0},"end":{"line":407,"column":44}},"407":{"start":{"line":408,"column":0},"end":{"line":408,"column":6}},"408":{"start":{"line":409,"column":0},"end":{"line":409,"column":5}},"409":{"start":{"line":410,"column":0},"end":{"line":410,"column":3}},"412":{"start":{"line":413,"column":0},"end":{"line":413,"column":45}},"413":{"start":{"line":414,"column":0},"end":{"line":414,"column":90}},"416":{"start":{"line":417,"column":0},"end":{"line":417,"column":78}},"418":{"start":{"line":419,"column":0},"end":{"line":419,"column":61}},"419":{"start":{"line":420,"column":0},"end":{"line":420,"column":59}},"420":{"start":{"line":421,"column":0},"end":{"line":421,"column":48}},"421":{"start":{"line":422,"column":0},"end":{"line":422,"column":60}},"422":{"start":{"line":423,"column":0},"end":{"line":423,"column":90}},"424":{"start":{"line":425,"column":0},"end":{"line":425,"column":44}},"425":{"start":{"line":426,"column":0},"end":{"line":426,"column":6}},"426":{"start":{"line":427,"column":0},"end":{"line":427,"column":5}},"427":{"start":{"line":428,"column":0},"end":{"line":428,"column":3}},"428":{"start":{"line":429,"column":0},"end":{"line":429,"column":2}},"433":{"start":{"line":434,"column":0},"end":{"line":434,"column":67}},"435":{"start":{"line":436,"column":0},"end":{"line":436,"column":43}},"436":{"start":{"line":437,"column":0},"end":{"line":437,"column":81}},"437":{"start":{"line":438,"column":0},"end":{"line":438,"column":67}},"438":{"start":{"line":439,"column":0},"end":{"line":439,"column":63}},"440":{"start":{"line":441,"column":0},"end":{"line":441,"column":82}},"441":{"start":{"line":442,"column":0},"end":{"line":442,"column":26}},"442":{"start":{"line":443,"column":0},"end":{"line":443,"column":72}},"443":{"start":{"line":444,"column":0},"end":{"line":444,"column":5}},"444":{"start":{"line":445,"column":0},"end":{"line":445,"column":5}},"445":{"start":{"line":446,"column":0},"end":{"line":446,"column":3}},"448":{"start":{"line":449,"column":0},"end":{"line":449,"column":45}},"449":{"start":{"line":450,"column":0},"end":{"line":450,"column":87}},"450":{"start":{"line":451,"column":0},"end":{"line":451,"column":71}},"451":{"start":{"line":452,"column":0},"end":{"line":452,"column":65}},"453":{"start":{"line":454,"column":0},"end":{"line":454,"column":88}},"454":{"start":{"line":455,"column":0},"end":{"line":455,"column":28}},"455":{"start":{"line":456,"column":0},"end":{"line":456,"column":74}},"456":{"start":{"line":457,"column":0},"end":{"line":457,"column":5}},"457":{"start":{"line":458,"column":0},"end":{"line":458,"column":5}},"458":{"start":{"line":459,"column":0},"end":{"line":459,"column":3}},"459":{"start":{"line":460,"column":0},"end":{"line":460,"column":2}},"464":{"start":{"line":465,"column":0},"end":{"line":465,"column":93}},"465":{"start":{"line":466,"column":0},"end":{"line":466,"column":42}},"466":{"start":{"line":467,"column":0},"end":{"line":467,"column":66}},"468":{"start":{"line":469,"column":0},"end":{"line":469,"column":47}},"469":{"start":{"line":470,"column":0},"end":{"line":470,"column":50}},"470":{"start":{"line":471,"column":0},"end":{"line":471,"column":39}},"471":{"start":{"line":472,"column":0},"end":{"line":472,"column":54}},"472":{"start":{"line":473,"column":0},"end":{"line":473,"column":50}},"473":{"start":{"line":474,"column":0},"end":{"line":474,"column":46}},"474":{"start":{"line":475,"column":0},"end":{"line":475,"column":102}},"475":{"start":{"line":476,"column":0},"end":{"line":476,"column":4}},"478":{"start":{"line":479,"column":0},"end":{"line":479,"column":57}},"479":{"start":{"line":480,"column":0},"end":{"line":480,"column":102}},"481":{"start":{"line":482,"column":0},"end":{"line":482,"column":40}},"482":{"start":{"line":483,"column":0},"end":{"line":483,"column":61}},"483":{"start":{"line":484,"column":0},"end":{"line":484,"column":3}},"484":{"start":{"line":485,"column":0},"end":{"line":485,"column":2}},"489":{"start":{"line":490,"column":0},"end":{"line":490,"column":53}},"490":{"start":{"line":491,"column":0},"end":{"line":491,"column":28}},"491":{"start":{"line":492,"column":0},"end":{"line":492,"column":32}},"492":{"start":{"line":493,"column":0},"end":{"line":493,"column":3}},"493":{"start":{"line":494,"column":0},"end":{"line":494,"column":2}},"498":{"start":{"line":499,"column":0},"end":{"line":499,"column":70}},"499":{"start":{"line":500,"column":0},"end":{"line":500,"column":42}},"501":{"start":{"line":502,"column":0},"end":{"line":502,"column":29}},"502":{"start":{"line":503,"column":0},"end":{"line":503,"column":39}},"504":{"start":{"line":505,"column":0},"end":{"line":505,"column":23}},"505":{"start":{"line":506,"column":0},"end":{"line":506,"column":21}},"506":{"start":{"line":507,"column":0},"end":{"line":507,"column":4}},"507":{"start":{"line":508,"column":0},"end":{"line":508,"column":27}},"508":{"start":{"line":509,"column":0},"end":{"line":509,"column":4}},"510":{"start":{"line":511,"column":0},"end":{"line":511,"column":15}},"511":{"start":{"line":512,"column":0},"end":{"line":512,"column":2}},"513":{"start":{"line":514,"column":0},"end":{"line":514,"column":1}},"516":{"start":{"line":517,"column":0},"end":{"line":517,"column":38}},"517":{"start":{"line":518,"column":0},"end":{"line":518,"column":35}},"518":{"start":{"line":519,"column":0},"end":{"line":519,"column":24}},"521":{"start":{"line":522,"column":0},"end":{"line":522,"column":40}},"522":{"start":{"line":523,"column":0},"end":{"line":523,"column":22}},"523":{"start":{"line":524,"column":0},"end":{"line":524,"column":27}},"524":{"start":{"line":525,"column":0},"end":{"line":525,"column":38}},"525":{"start":{"line":526,"column":0},"end":{"line":526,"column":22}},"526":{"start":{"line":527,"column":0},"end":{"line":527,"column":28}},"527":{"start":{"line":528,"column":0},"end":{"line":528,"column":23}},"528":{"start":{"line":529,"column":0},"end":{"line":529,"column":17}},"529":{"start":{"line":530,"column":0},"end":{"line":530,"column":16}},"530":{"start":{"line":531,"column":0},"end":{"line":531,"column":19}},"531":{"start":{"line":532,"column":0},"end":{"line":532,"column":2}},"534":{"start":{"line":535,"column":0},"end":{"line":535,"column":40}},"535":{"start":{"line":536,"column":0},"end":{"line":536,"column":21}},"537":{"start":{"line":538,"column":0},"end":{"line":538,"column":16}},"538":{"start":{"line":539,"column":0},"end":{"line":539,"column":23}},"539":{"start":{"line":540,"column":0},"end":{"line":540,"column":44}},"540":{"start":{"line":541,"column":0},"end":{"line":541,"column":9}},"541":{"start":{"line":542,"column":0},"end":{"line":542,"column":23}},"542":{"start":{"line":543,"column":0},"end":{"line":543,"column":49}},"543":{"start":{"line":544,"column":0},"end":{"line":544,"column":9}},"544":{"start":{"line":545,"column":0},"end":{"line":545,"column":26}},"545":{"start":{"line":546,"column":0},"end":{"line":546,"column":60}},"546":{"start":{"line":547,"column":0},"end":{"line":547,"column":9}},"547":{"start":{"line":548,"column":0},"end":{"line":548,"column":20}},"548":{"start":{"line":549,"column":0},"end":{"line":549,"column":32}},"549":{"start":{"line":550,"column":0},"end":{"line":550,"column":9}},"550":{"start":{"line":551,"column":0},"end":{"line":551,"column":28}},"551":{"start":{"line":552,"column":0},"end":{"line":552,"column":38}},"552":{"start":{"line":553,"column":0},"end":{"line":553,"column":9}},"553":{"start":{"line":554,"column":0},"end":{"line":554,"column":24}},"554":{"start":{"line":555,"column":0},"end":{"line":555,"column":33}},"555":{"start":{"line":556,"column":0},"end":{"line":556,"column":9}},"556":{"start":{"line":557,"column":0},"end":{"line":557,"column":20}},"557":{"start":{"line":558,"column":0},"end":{"line":558,"column":13}},"558":{"start":{"line":559,"column":0},"end":{"line":559,"column":25}},"559":{"start":{"line":560,"column":0},"end":{"line":560,"column":9}},"560":{"start":{"line":561,"column":0},"end":{"line":561,"column":19}},"561":{"start":{"line":562,"column":0},"end":{"line":562,"column":13}},"562":{"start":{"line":563,"column":0},"end":{"line":563,"column":24}},"563":{"start":{"line":564,"column":0},"end":{"line":564,"column":9}},"564":{"start":{"line":565,"column":0},"end":{"line":565,"column":24}},"565":{"start":{"line":566,"column":0},"end":{"line":566,"column":27}},"566":{"start":{"line":567,"column":0},"end":{"line":567,"column":76}},"567":{"start":{"line":568,"column":0},"end":{"line":568,"column":9}},"568":{"start":{"line":569,"column":0},"end":{"line":569,"column":17}},"569":{"start":{"line":570,"column":0},"end":{"line":570,"column":13}},"570":{"start":{"line":571,"column":0},"end":{"line":571,"column":14}},"571":{"start":{"line":572,"column":0},"end":{"line":572,"column":10}},"572":{"start":{"line":573,"column":0},"end":{"line":573,"column":11}},"573":{"start":{"line":574,"column":0},"end":{"line":574,"column":44}},"574":{"start":{"line":575,"column":0},"end":{"line":575,"column":9}},"575":{"start":{"line":576,"column":0},"end":{"line":576,"column":3}},"576":{"start":{"line":577,"column":0},"end":{"line":577,"column":2}},"578":{"start":{"line":579,"column":0},"end":{"line":579,"column":61}},"580":{"start":{"line":581,"column":0},"end":{"line":581,"column":6}},"581":{"start":{"line":582,"column":0},"end":{"line":582,"column":20}},"582":{"start":{"line":583,"column":0},"end":{"line":583,"column":19}},"583":{"start":{"line":584,"column":0},"end":{"line":584,"column":41}},"584":{"start":{"line":585,"column":0},"end":{"line":585,"column":9}},"585":{"start":{"line":586,"column":0},"end":{"line":586,"column":17}},"586":{"start":{"line":587,"column":0},"end":{"line":587,"column":38}},"587":{"start":{"line":588,"column":0},"end":{"line":588,"column":9}},"588":{"start":{"line":589,"column":0},"end":{"line":589,"column":18}},"589":{"start":{"line":590,"column":0},"end":{"line":590,"column":38}},"590":{"start":{"line":591,"column":0},"end":{"line":591,"column":9}},"591":{"start":{"line":592,"column":0},"end":{"line":592,"column":19}},"592":{"start":{"line":593,"column":0},"end":{"line":593,"column":38}},"593":{"start":{"line":594,"column":0},"end":{"line":594,"column":9}},"594":{"start":{"line":595,"column":0},"end":{"line":595,"column":11}},"595":{"start":{"line":596,"column":0},"end":{"line":596,"column":48}},"596":{"start":{"line":597,"column":0},"end":{"line":597,"column":14}},"597":{"start":{"line":598,"column":0},"end":{"line":598,"column":19}},"598":{"start":{"line":599,"column":0},"end":{"line":599,"column":3}},"599":{"start":{"line":600,"column":0},"end":{"line":600,"column":18}},"600":{"start":{"line":601,"column":0},"end":{"line":601,"column":43}},"601":{"start":{"line":602,"column":0},"end":{"line":602,"column":17}},"602":{"start":{"line":603,"column":0},"end":{"line":603,"column":2}},"603":{"start":{"line":604,"column":0},"end":{"line":604,"column":1}},"605":{"start":{"line":606,"column":0},"end":{"line":606,"column":27}},"606":{"start":{"line":607,"column":0},"end":{"line":607,"column":14}},"633":{"start":{"line":634,"column":0},"end":{"line":634,"column":2}},"634":{"start":{"line":635,"column":0},"end":{"line":635,"column":1}},"637":{"start":{"line":638,"column":0},"end":{"line":638,"column":75}},"638":{"start":{"line":639,"column":0},"end":{"line":639,"column":26}},"639":{"start":{"line":640,"column":0},"end":{"line":640,"column":38}},"640":{"start":{"line":641,"column":0},"end":{"line":641,"column":17}},"641":{"start":{"line":642,"column":0},"end":{"line":642,"column":3}},"642":{"start":{"line":643,"column":0},"end":{"line":643,"column":1}}},"s":{"2":0,"3":0,"4":0,"6":0,"7":0,"8":0,"23":0,"25":0,"26":0,"27":0,"28":0,"29":0,"31":0,"32":0,"33":0,"34":0,"37":0,"38":0,"39":0,"40":0,"41":0,"42":0,"44":0,"45":0,"46":0,"47":0,"48":0,"49":0,"50":0,"51":0,"52":0,"53":0,"54":0,"56":0,"57":0,"62":0,"63":0,"64":0,"65":0,"66":0,"67":0,"69":0,"71":0,"73":0,"75":0,"76":0,"77":0,"79":0,"80":0,"81":0,"82":0,"83":0,"85":0,"86":0,"87":0,"88":0,"89":0,"90":0,"95":0,"96":0,"97":0,"98":0,"99":0,"101":0,"103":0,"105":0,"107":0,"108":0,"109":0,"111":0,"112":0,"113":0,"114":0,"115":0,"116":0,"121":0,"122":0,"124":0,"126":0,"129":0,"131":0,"134":0,"136":0,"138":0,"139":0,"140":0,"141":0,"144":0,"146":0,"148":0,"151":0,"152":0,"155":0,"157":0,"158":0,"160":0,"162":0,"163":0,"164":0,"165":0,"166":0,"169":0,"172":0,"173":0,"174":0,"175":0,"177":0,"178":0,"179":0,"181":0,"182":0,"183":0,"184":0,"186":0,"187":0,"188":0,"189":0,"190":0,"191":0,"194":0,"196":0,"197":0,"198":0,"199":0,"200":0,"201":0,"202":0,"203":0,"204":0,"207":0,"208":0,"209":0,"210":0,"211":0,"213":0,"214":0,"215":0,"218":0,"219":0,"220":0,"221":0,"222":0,"224":0,"225":0,"226":0,"229":0,"230":0,"231":0,"232":0,"233":0,"235":0,"236":0,"237":0,"238":0,"239":0,"241":0,"243":0,"244":0,"245":0,"246":0,"247":0,"248":0,"253":0,"254":0,"255":0,"256":0,"257":0,"258":0,"261":0,"263":0,"265":0,"268":0,"270":0,"271":0,"272":0,"273":0,"274":0,"275":0,"276":0,"278":0,"281":0,"282":0,"283":0,"285":0,"286":0,"287":0,"288":0,"289":0,"290":0,"291":0,"292":0,"293":0,"294":0,"295":0,"296":0,"297":0,"302":0,"303":0,"304":0,"305":0,"306":0,"307":0,"308":0,"309":0,"310":0,"312":0,"313":0,"314":0,"315":0,"317":0,"318":0,"319":0,"320":0,"325":0,"326":0,"327":0,"328":0,"329":0,"330":0,"331":0,"333":0,"334":0,"335":0,"336":0,"338":0,"339":0,"340":0,"342":0,"343":0,"344":0,"345":0,"347":0,"348":0,"349":0,"351":0,"352":0,"353":0,"354":0,"356":0,"357":0,"358":0,"359":0,"364":0,"365":0,"366":0,"367":0,"368":0,"369":0,"372":0,"373":0,"374":0,"375":0,"376":0,"377":0,"378":0,"379":0,"382":0,"383":0,"384":0,"385":0,"386":0,"387":0,"392":0,"394":0,"395":0,"398":0,"400":0,"401":0,"402":0,"403":0,"404":0,"406":0,"407":0,"408":0,"409":0,"412":0,"413":0,"416":0,"418":0,"419":0,"420":0,"421":0,"422":0,"424":0,"425":0,"426":0,"427":0,"428":0,"433":0,"435":0,"436":0,"437":0,"438":0,"440":0,"441":0,"442":0,"443":0,"444":0,"445":0,"448":0,"449":0,"450":0,"451":0,"453":0,"454":0,"455":0,"456":0,"457":0,"458":0,"459":0,"464":0,"465":0,"466":0,"468":0,"469":0,"470":0,"471":0,"472":0,"473":0,"474":0,"475":0,"478":0,"479":0,"481":0,"482":0,"483":0,"484":0,"489":0,"490":0,"491":0,"492":0,"493":0,"498":0,"499":0,"501":0,"502":0,"504":0,"505":0,"506":0,"507":0,"508":0,"510":0,"511":0,"513":0,"516":0,"517":0,"518":0,"521":0,"522":0,"523":0,"524":0,"525":0,"526":0,"527":0,"528":0,"529":0,"530":0,"531":0,"534":0,"535":0,"537":0,"538":0,"539":0,"540":0,"541":0,"542":0,"543":0,"544":0,"545":0,"546":0,"547":0,"548":0,"549":0,"550":0,"551":0,"552":0,"553":0,"554":0,"555":0,"556":0,"557":0,"558":0,"559":0,"560":0,"561":0,"562":0,"563":0,"564":0,"565":0,"566":0,"567":0,"568":0,"569":0,"570":0,"571":0,"572":0,"573":0,"574":0,"575":0,"576":0,"578":0,"580":0,"581":0,"582":0,"583":0,"584":0,"585":0,"586":0,"587":0,"588":0,"589":0,"590":0,"591":0,"592":0,"593":0,"594":0,"595":0,"596":0,"597":0,"598":0,"599":0,"600":0,"601":0,"602":0,"603":0,"605":0,"606":0,"633":0,"634":0,"637":0,"638":0,"639":0,"640":0,"641":0,"642":0},"branchMap":{"0":{"type":"branch","line":1,"loc":{"start":{"line":1,"column":19832},"end":{"line":643,"column":1}},"locations":[{"start":{"line":1,"column":19832},"end":{"line":643,"column":1}}]}},"b":{"0":[1]},"fnMap":{"0":{"name":"(empty-report)","decl":{"start":{"line":1,"column":19832},"end":{"line":643,"column":1}},"loc":{"start":{"line":1,"column":19832},"end":{"line":643,"column":1}},"line":1}},"f":{"0":1}}
,"D:\\_dev\\!Projects\\_fux\\_FocusedUX\\packages\\dynamicons\\core\\scripts\\asset-processor.ts": {"path":"D:\\_dev\\!Projects\\_fux\\_FocusedUX\\packages\\dynamicons\\core\\scripts\\asset-processor.ts","all":true,"statementMap":{"3":{"start":{"line":4,"column":0},"end":{"line":4,"column":57}},"4":{"start":{"line":5,"column":0},"end":{"line":5,"column":50}},"5":{"start":{"line":6,"column":0},"end":{"line":6,"column":49}},"6":{"start":{"line":7,"column":0},"end":{"line":7,"column":51}},"7":{"start":{"line":8,"column":0},"end":{"line":8,"column":36}},"8":{"start":{"line":9,"column":0},"end":{"line":9,"column":31}},"36":{"start":{"line":37,"column":0},"end":{"line":37,"column":29}},"38":{"start":{"line":39,"column":0},"end":{"line":39,"column":44}},"39":{"start":{"line":40,"column":0},"end":{"line":40,"column":59}},"40":{"start":{"line":41,"column":0},"end":{"line":41,"column":34}},"41":{"start":{"line":42,"column":0},"end":{"line":42,"column":42}},"43":{"start":{"line":44,"column":0},"end":{"line":44,"column":42}},"44":{"start":{"line":45,"column":0},"end":{"line":45,"column":24}},"45":{"start":{"line":46,"column":0},"end":{"line":46,"column":72}},"48":{"start":{"line":49,"column":0},"end":{"line":49,"column":58}},"49":{"start":{"line":50,"column":0},"end":{"line":50,"column":28}},"50":{"start":{"line":51,"column":0},"end":{"line":51,"column":26}},"51":{"start":{"line":52,"column":0},"end":{"line":52,"column":32}},"52":{"start":{"line":53,"column":0},"end":{"line":53,"column":36}},"53":{"start":{"line":54,"column":0},"end":{"line":54,"column":4}},"56":{"start":{"line":57,"column":0},"end":{"line":57,"column":166}},"57":{"start":{"line":58,"column":0},"end":{"line":58,"column":2}},"62":{"start":{"line":63,"column":0},"end":{"line":63,"column":73}},"63":{"start":{"line":64,"column":0},"end":{"line":64,"column":30}},"64":{"start":{"line":65,"column":0},"end":{"line":65,"column":32}},"65":{"start":{"line":66,"column":0},"end":{"line":66,"column":30}},"66":{"start":{"line":67,"column":0},"end":{"line":67,"column":29}},"68":{"start":{"line":69,"column":0},"end":{"line":69,"column":7}},"69":{"start":{"line":70,"column":0},"end":{"line":70,"column":30}},"70":{"start":{"line":71,"column":0},"end":{"line":71,"column":50}},"71":{"start":{"line":72,"column":0},"end":{"line":72,"column":60}},"72":{"start":{"line":73,"column":0},"end":{"line":73,"column":49}},"73":{"start":{"line":74,"column":0},"end":{"line":74,"column":47}},"74":{"start":{"line":75,"column":0},"end":{"line":75,"column":42}},"75":{"start":{"line":76,"column":0},"end":{"line":76,"column":53}},"76":{"start":{"line":77,"column":0},"end":{"line":77,"column":4}},"79":{"start":{"line":80,"column":0},"end":{"line":80,"column":30}},"80":{"start":{"line":81,"column":0},"end":{"line":81,"column":28}},"81":{"start":{"line":82,"column":0},"end":{"line":82,"column":4}},"82":{"start":{"line":83,"column":0},"end":{"line":83,"column":37}},"83":{"start":{"line":84,"column":0},"end":{"line":84,"column":30}},"84":{"start":{"line":85,"column":0},"end":{"line":85,"column":30}},"85":{"start":{"line":86,"column":0},"end":{"line":86,"column":4}},"88":{"start":{"line":89,"column":0},"end":{"line":89,"column":30}},"89":{"start":{"line":90,"column":0},"end":{"line":90,"column":28}},"90":{"start":{"line":91,"column":0},"end":{"line":91,"column":4}},"93":{"start":{"line":94,"column":0},"end":{"line":94,"column":31}},"94":{"start":{"line":95,"column":0},"end":{"line":95,"column":57}},"95":{"start":{"line":96,"column":0},"end":{"line":96,"column":4}},"97":{"start":{"line":98,"column":0},"end":{"line":98,"column":37}},"99":{"start":{"line":100,"column":0},"end":{"line":100,"column":30}},"100":{"start":{"line":101,"column":0},"end":{"line":101,"column":74}},"101":{"start":{"line":102,"column":0},"end":{"line":102,"column":4}},"103":{"start":{"line":104,"column":0},"end":{"line":104,"column":45}},"104":{"start":{"line":105,"column":0},"end":{"line":105,"column":29}},"106":{"start":{"line":107,"column":0},"end":{"line":107,"column":9}},"107":{"start":{"line":108,"column":0},"end":{"line":108,"column":69}},"108":{"start":{"line":109,"column":0},"end":{"line":109,"column":36}},"109":{"start":{"line":110,"column":0},"end":{"line":110,"column":31}},"110":{"start":{"line":111,"column":0},"end":{"line":111,"column":67}},"111":{"start":{"line":112,"column":0},"end":{"line":112,"column":7}},"112":{"start":{"line":113,"column":0},"end":{"line":113,"column":14}},"113":{"start":{"line":114,"column":0},"end":{"line":114,"column":6}},"115":{"start":{"line":116,"column":0},"end":{"line":116,"column":37}},"117":{"start":{"line":118,"column":0},"end":{"line":118,"column":53}},"118":{"start":{"line":119,"column":0},"end":{"line":119,"column":31}},"119":{"start":{"line":120,"column":0},"end":{"line":120,"column":67}},"120":{"start":{"line":121,"column":0},"end":{"line":121,"column":7}},"121":{"start":{"line":122,"column":0},"end":{"line":122,"column":14}},"122":{"start":{"line":123,"column":0},"end":{"line":123,"column":6}},"125":{"start":{"line":
[...]
olumn":0},"end":{"line":77,"column":27}},"77":{"start":{"line":78,"column":0},"end":{"line":78,"column":8}},"78":{"start":{"line":79,"column":0},"end":{"line":79,"column":68}},"80":{"start":{"line":81,"column":0},"end":{"line":81,"column":67}},"82":{"start":{"line":83,"column":0},"end":{"line":83,"column":101}},"84":{"start":{"line":85,"column":0},"end":{"line":85,"column":31}},"85":{"start":{"line":86,"column":0},"end":{"line":86,"column":55}},"86":{"start":{"line":87,"column":0},"end":{"line":87,"column":54}},"87":{"start":{"line":88,"column":0},"end":{"line":88,"column":97}},"88":{"start":{"line":89,"column":0},"end":{"line":89,"column":84}},"89":{"start":{"line":90,"column":0},"end":{"line":90,"column":124}},"91":{"start":{"line":92,"column":0},"end":{"line":92,"column":49}},"92":{"start":{"line":93,"column":0},"end":{"line":93,"column":34}},"93":{"start":{"line":94,"column":0},"end":{"line":94,"column":7}},"94":{"start":{"line":95,"column":0},"end":{"line":95,"column":6}},"95":{"start":{"line":96,"column":0},"end":{"line":96,"column":5}},"96":{"start":{"line":97,"column":0},"end":{"line":97,"column":4}},"97":{"start":{"line":98,"column":0},"end":{"line":98,"column":18}},"98":{"start":{"line":99,"column":0},"end":{"line":99,"column":127}},"99":{"start":{"line":100,"column":0},"end":{"line":100,"column":4}},"100":{"start":{"line":101,"column":0},"end":{"line":101,"column":3}},"102":{"start":{"line":103,"column":0},"end":{"line":103,"column":23}},"103":{"start":{"line":104,"column":0},"end":{"line":104,"column":38}},"104":{"start":{"line":105,"column":0},"end":{"line":105,"column":37}},"106":{"start":{"line":107,"column":0},"end":{"line":107,"column":74}},"107":{"start":{"line":108,"column":0},"end":{"line":108,"column":103}},"109":{"start":{"line":110,"column":0},"end":{"line":110,"column":39}},"110":{"start":{"line":111,"column":0},"end":{"line":111,"column":51}},"111":{"start":{"line":112,"column":0},"end":{"line":112,"column":47}},"112":{"start":{"line":113,"column":0},"end":{"line":113,"column":6}},"113":{"start":{"line":114,"column":0},"end":{"line":114,"column":11}},"114":{"start":{"line":115,"column":0},"end":{"line":115,"column":61}},"115":{"start":{"line":116,"column":0},"end":{"line":116,"column":52}},"116":{"start":{"line":117,"column":0},"end":{"line":117,"column":6}},"117":{"start":{"line":118,"column":0},"end":{"line":118,"column":5}},"118":{"start":{"line":119,"column":0},"end":{"line":119,"column":81}},"119":{"start":{"line":120,"column":0},"end":{"line":120,"column":102}},"121":{"start":{"line":122,"column":0},"end":{"line":122,"column":54}},"122":{"start":{"line":123,"column":0},"end":{"line":123,"column":70}},"123":{"start":{"line":124,"column":0},"end":{"line":124,"column":45}},"125":{"start":{"line":126,"column":0},"end":{"line":126,"column":34}},"127":{"start":{"line":128,"column":0},"end":{"line":128,"column":78}},"128":{"start":{"line":129,"column":0},"end":{"line":129,"column":95}},"130":{"start":{"line":131,"column":0},"end":{"line":131,"column":142}},"131":{"start":{"line":132,"column":0},"end":{"line":132,"column":6}},"132":{"start":{"line":133,"column":0},"end":{"line":133,"column":88}},"133":{"start":{"line":134,"column":0},"end":{"line":134,"column":100}},"135":{"start":{"line":136,"column":0},"end":{"line":136,"column":147}},"136":{"start":{"line":137,"column":0},"end":{"line":137,"column":6}},"137":{"start":{"line":138,"column":0},"end":{"line":138,"column":11}},"138":{"start":{"line":139,"column":0},"end":{"line":139,"column":88}},"139":{"start":{"line":140,"column":0},"end":{"line":140,"column":6}},"140":{"start":{"line":141,"column":0},"end":{"line":141,"column":55}},"141":{"start":{"line":142,"column":0},"end":{"line":142,"column":66}},"142":{"start":{"line":143,"column":0},"end":{"line":143,"column":6}},"143":{"start":{"line":144,"column":0},"end":{"line":144,"column":11}},"144":{"start":{"line":145,"column":0},"end":{"line":145,"column":54}},"145":{"start":{"line":146,"column":0},"end":{"line":146,"column":6}},"146":{"start":{"line":147,"column":0},"end":{"line":147,"column":5}},"147":{"start":{"line":148,"column":0},"end":{"line":148,"column":83}},"148":{"start":{"line":149,"column":0},"end":{"line":149,"column":100}},"150":{"start":{"line":151,"column":0},"end":{"line":151,"column":54}},"151":{"start":{"line":152,"column":0},"end":{"line":152,"column":41}},"152":{"start":{"line":153,"column":0},"end":{"line":153,"column":5}},"153":{"start":{"line":154,"column":0},"end":{"line":154,"column":4}},"154":{"start":{"line":155,"column":0},"end":{"line":155,"column":3}},"156":{"start":{"line":157,"column":0},"end":{"line":157,"column":72}},"157":{"start":{"line":158,"column":0},"end":{"line":158,"column":52}},"158":{"start":{"line":159,"column":0},"end":{"line":159,"column":3}},"159":{"start":{"line":160,"column":0},"end":{"line":160,"column":8}},"160":{"start":{"line":161,"column":0},"end":{"line":161,"column":38}},"161":{"start":{"line":162,"column":0},"end":{"line":162,"column":3}},"164":{"start":{"line":165,"column":0},"end":{"line":165,"column":50}},"167":{"start":{"line":168,"column":0},"end":{"line":168,"column":24}},"169":{"start":{"line":170,"column":0},"end":{"line":170,"column":17}},"170":{"start":{"line":171,"column":0},"end":{"line":171,"column":2}},"172":{"start":{"line":173,"column":0},"end":{"line":173,"column":101}},"173":{"start":{"line":174,"column":0},"end":{"line":174,"column":7}},"174":{"start":{"line":175,"column":0},"end":{"line":175,"column":70}},"176":{"start":{"line":177,"column":0},"end":{"line":177,"column":78}},"177":{"start":{"line":178,"column":0},"end":{"line":178,"column":3}},"178":{"start":{"line":179,"column":0},"end":{"line":179,"column":17}},"179":{"start":{"line":180,"column":0},"end":{"line":180,"column":128}},"180":{"start":{"line":181,"column":0},"end":{"line":181,"column":14}},"181":{"start":{"line":182,"column":0},"end":{"line":182,"column":3}},"182":{"start":{"line":183,"column":0},"end":{"line":183,"column":2}},"184":{"start":{"line":185,"column":0},"end":{"line":185,"column":1}}},"s":{"3":1,"4":1,"11":1,"14":1,"38":1,"40":1,"41":13,"42":13,"43":13,"44":13,"45":13,"47":1,"48":11,"49":11,"50":10,"52":10,"53":10,"54":2,"55":2,"56":2,"57":2,"58":11,"60":1,"61":11,"62":11,"63":11,"64":11,"65":11,"66":11,"67":11,"69":11,"70":2,"71":2,"72":2,"74":11,"76":11,"77":2,"78":2,"80":2,"82":1,"84":2,"85":3,"86":2,"87":2,"88":2,"89":2,"91":2,"92":2,"93":2,"94":2,"95":3,"96":1,"97":1,"98":1,"99":1,"100":2,"102":11,"103":3,"104":6,"106":6,"107":2,"109":2,"110":1,"111":1,"112":1,"113":1,"114":1,"115":1,"116":1,"117":2,"118":4,"119":2,"121":2,"122":2,"123":2,"125":2,"127":2,"128":0,"130":0,"131":0,"132":2,"133":0,"135":0,"136":0,"137":2,"138":2,"139":2,"140":2,"141":0,"142":0,"143":2,"144":2,"145":2,"146":2,"147":2,"148":2,"150":2,"151":2,"152":2,"153":6,"154":3,"156":11,"157":2,"158":2,"159":7,"160":7,"161":7,"164":9,"167":9,"169":9,"170":11,"172":1,"173":2,"174":2,"176":2,"177":1,"178":1,"179":1,"180":1,"181":1,"182":2,"184":1},"branchMap":{"0":{"type":"branch","line":41,"loc":{"start":{"line":41,"column":1},"end":{"line":46,"column":5}},"locations":[{"start":{"line":41,"column":1},"end":{"line":46,"column":5}}]},"1":{"type":"branch","line":48,"loc":{"start":{"line":48,"column":1},"end":{"line":59,"column":2}},"locations":[{"start":{"line":48,"column":1},"end":{"line":59,"column":2}}]},"2":{"type":"branch","line":50,"loc":{"start":{"line":50,"column":72},"end":{"line":54,"column":3}},"locations":[{"start":{"line":50,"column":72},"end":{"line":54,"column":3}}]},"3":{"type":"branch","line":54,"loc":{"start":{"line":54,"column":2},"end":{"line":58,"column":3}},"locations":[{"start":{"line":54,"column":2},"end":{"line":58,"column":3}}]},"4":{"type":"branch","line":61,"loc":{"start":{"line":61,"column":1},"end":{"line":171,"column":2}},"locations":[{"start":{"line":61,"column":1},"end":{"line":171,"column":2}}]},"5":{"type":"branch","line":70,"loc":{"start":{"line":70,"column":17},"end":{"line":73,"column":3}},"locations":[{"start":{"line":70,"column":17},"end":{"line":73,"column":3}}]},"6":{"type":"branch","line":73,"loc":{"start":{"line":73,"column":2},"end":{"line":75,"column":57}},"locations":[{"start":{"line":73,"column":2},"end":{"line":75,"column":57}}]},"7":{"type":"branch","line":75,"loc":{"start":{"line":75,"column":38},"end":{"line":75,"column":59}},"locations":[{"start":{"line":75,"column":38},"end":{"line":75,"column":59}}]},"8":{"type":"branch","line":77,"loc":{"start":{"line":77,"column":26},"end":{"line":101,"column":3}},"locations":[{"start":{"line":77,"column":26},"end":{"line":101,"column":3}}]},"9":{"type":"branch","line":81,"loc":{"start":{"line":81,"column":66},"end":{"line":85,"column":30}},"locations":[{"start":{"line":81,"column":66},"end":{"line":85,"column":30}}]},"10":{"type":"branch","line":85,"loc":{"start":{"line":85,"column":30},"end":{"line":96,"column":5}},"locations":[{"start":{"line":85,"column":30},"end":{"line":96,"column":5}}]},"11":{"type":"branch","line":86,"loc":{"start":{"line":86,"column":54},"end":{"line":95,"column":6}},"locations":[{"start":{"line":86,"column":54},"end":{"line":95,"column":6}}]},"12":{"type":"branch","line":96,"loc":{"start":{"line":96,"column":4},"end":{"line":100,"column":4}},"locations":[{"start":{"line":96,"column":4},"end":{"line":100,"column":4}}]},"13":{"type":"branch","line":101,"loc":{"start":{"line":101,"column":2},"end":{"line":103,"column":22}},"locations":[{"start":{"line":101,"column":2},"end":{"line":103,"column":22}}]},"14":{"type":"branch","line":103,"loc":{"start":{"line":103,"column":22},"end":{"line":155,"column":3}},"locations":[{"start":{"line":103,"column":22},"end":{"line":155,"column":3}}]},"15":{"type":"branch","line":104,"loc":{"start":{"line":104,"column":37},"end":{"line":154,"column":4}},"locations":[{"start":{"line":104,"column":37},"end":{"line":154,"column":4}}]},"16":{"type":"branch","line":107,"loc":{"start":{"line":107,"column":73},"end":{"line":118,"column":5}},"locations":[{"start":{"line":107,"column":73},"end":{"line":118,"column":5}}]},"17":{"type":"branch","line":110,"loc":{"start":{"line":110,"column":38},"end":{"line":117,"column":6}},"locations":[{"start":{"line":110,"column":38},"end":{"line":117,"column":6}}]},"18":{"type":"branch","line":118,"loc":{"start":{"line":118,"column":4},"end":{"line":153,"column":5}},"locations":[{"start":{"line":118,"column":4},"end":{"line":153,"column":5}}]},"19":{"type":"branch","line":119,"loc":{"start":{"line":119,"column":80},"end":{"line":153,"column":5}},"locations":[{"start":{"line":119,"column":80},"end":{"line":153,"column":5}}]},"20":{"type":"branch","line":122,"loc":{"start":{"line":122,"column":37},"end":{"line":122,"column":54}},"locations":[{"start":{"line":122,"column":37},"end":{"line":122,"column":54}}]},"21":{"type":"branch","line":123,"loc":{"start":{"line":123,"column":45},"end":{"line":123,"column":70}},"locations":[{"start":{"line":123,"column":45},"end":{"line":123,"column":70}}]},"22":{"type":"branch","line":128,"loc":{"start":{"line":128,"column":77},"end":{"line":132,"column":6}},"locations":[{"start":{"line":128,"column":77},"end":{"line":132,"column":6}}]},"23":{"type":"branch","line":133,"loc":{"start":{"line":133,"column":87},"end":{"line":137,"column":6}},"locations":[{"start":{"line":133,"column":87},"end":{"line":137,"column":6}}]},"24":{"type":"branch","line":141,"loc":{"start":{"line":141,"column":54},"end":{"line":143,"column":6}},"locations":[{"start":{"line":141,"column":54},"end":{"line":143,"column":6}}]},"25":{"type":"branch","line":151,"loc":{"start":{"line":151,"column":37},"end":{"line":151,"column":54}},"locations":[{"start":{"line":151,"column":37},"end":{"line":151,"column":54}}]},"26":{"type":"branch","line":155,"loc":{"start":{"line":155,"column":2},"end":{"line":157,"column":71}},"locations":[{"start":{"line":155,"column":2},"end":{"line":157,"column":71}}]},"27":{"type":"branch","line":157,"loc":{"start":{"line":157,"column":71},"end":{"line":159,"column":3}},"locations":[{"start":{"line":157,"column":71},"end":{"line":159,"column":3}}]},"28":{"type":"branch","line":159,"loc":{"start":{"line":159,"column":2},"end":{"line":162,"column":3}},"locations":[{"start":{"line":159,"column":2},"end":{"line":162,"column":3}}]},"29":{"type":"branch","line":162,"loc":{"start":{"line":162,"column":2},"end":{"line":170,"column":17}},"locations":[{"start":{"line":162,"column":2},"end":{"line":170,"column":17}}]},"30":{"type":"branch","line":173,"loc":{"start":{"line":173,"column":1},"end":{"line":183,"column":2}},"locations":[{"start":{"line":173,"column":1},"end":{"line":183,"column":2}}]},"31":{"type":"branch","line":177,"loc":{"start":{"line":177,"column":77},"end":{"line":182,"column":3}},"locations":[{"start":{"line":177,"column":77},"end":{"line":182,"column":3}}]}},"b":{"0":[13],"1":[11],"2":[10],"3":[2],"4":[11],"5":[2],"6":[9],"7":[0],"8":[2],"9":[1],"10":[3],"11":[2],"12":[1],"13":[9],"14":[3],"15":[6],"16":[2],"17":[1],"18":[4],"19":[2],"20":[1],"21":[1],"22":[0],"23":[0],"24":[0],"25":[1],"26":[9],"27":[2],"28":[7],"29":[9],"30":[2],"31":[1]},"fnMap":{"0":{"name":"IconThemeGeneratorService","decl":{"start":{"line":41,"column":1},"end":{"line":46,"column":5}},"loc":{"start":{"line":41,"column":1},"end":{"line":46,"column":5}},"line":41},"1":{"name":"readJsonFile","decl":{"start":{"line":48,"column":1},"end":{"line":59,"column":2}},"loc":{"start":{"line":48,"column":1},"end":{"line":59,"column":2}},"line":48},"2":{"name":"generateIconThemeManifest","decl":{"start":{"line":61,"column":1},"end":{"line":171,"column":2}},"loc":{"start":{"line":61,"column":1},"end":{"line":171,"column":2}},"line":61},"3":{"name":"writeIconThemeFile","decl":{"start":{"line":173,"column":1},"end":{"line":183,"column":2}},"loc":{"start":{"line":173,"column":1},"end":{"line":183,"column":2}},"line":173}},"f":{"0":13,"1":11,"2":11,"3":2}}
,"D:\\_dev\\!Projects\\_fux\\_FocusedUX\\packages\\dynamicons\\core\\src\\services\\TreeFormatter.service.ts": {"path":"D:\\_dev\\!Projects\\_fux\\_FocusedUX\\packages\\dynamicons\\core\\src\\services\\TreeFormatter.service.ts","all":false,"statementMap":{"11":{"start":{"line":12,"column":0},"end":{"line":12,"column":68}},"13":{"start":{"line":14,"column":0},"end":{"line":14,"column":79}},"14":{"start":{"line":15,"column":0},"end":{"line":15,"column":17}},"15":{"start":{"line":16,"column":0},"end":{"line":16,"column":50}},"17":{"start":{"line":18,"column":0},"end":{"line":18,"column":43}},"18":{"start":{"line":19,"column":0},"end":{"line":19,"column":34}},"19":{"start":{"line":20,"column":0},"end":{"line":20,"column":46}},"20":{"start":{"line":21,"column":0},"end":{"line":21,"column":46}},"21":{"start":{"line":22,"column":0},"end":{"line":22,"column":25}},"23":{"start":{"line":24,"column":0},"end":{"line":24,"column":64}},"25":{"start":{"line":26,"column":0},"end":{"line":26,"column":27}},"26":{"start":{"line":27,"column":0},"end":{"line":27,"column":15}},"27":{"start":{"line":28,"column":0},"end":{"line":28,"column":4}},"28":{"start":{"line":29,"column":0},"end":{"line":29,"column":23}},"29":{"start":{"line":30,"column":0},"end":{"line":30,"column":31}},"30":{"start":{"line":31,"column":0},"end":{"line":31,"column":4}},"31":{"start":{"line":32,"column":0},"end":{"line":32,"column":24}},"33":{"start":{"line":34,"column":0},"end":{"line":34,"column":53}},"34":{"start":{"line":35,"column":0},"end":{"line":35,"column":62}},"36":{"start":{"line":37,"column":0},"end":{"line":37,"column":58}},"37":{"start":{"line":38,"column":0},"end":{"line":38,"column":4}},"38":{"start":{"line":39,"column":0},"end":{"line":39,"column":3}},"39":{"start":{"line":40,"column":0},"end":{"line":40,"column":15}},"40":{"start":{"line":41,"column":0},"end":{"line":41,"column":2}},"42":{"start":{"line":43,"column":0},"end":{"line":43,"column":57}},"43":{"start":{"line":44,"column":0},"end":{"line":44,"column":34}},"45":{"start":{"line":46,"column":0},"end":{"line":46,"column":29}},"46":{"start":{"line":47,"column":0},"end":{"line":47,"column":16}},"47":{"start":{"line":48,"column":0},"end":{"line":48,"column":3}},"48":{"start":{"line":49,"column":0},"end":{"line":49,"column":25}},"49":{"start":{"line":50,"column":0},"end":{"line":50,"column":35}},"50":{"start":{"line":51,"column":0},"end":{"line":51,"column":3}},"51":{"start":{"line":52,"column":0},"end":{"line":52,"column":16}},"53":{"start":{"line":54,"column":0},"end":{"line":54,"column":50}},"54":{"start":{"line":55,"column":0},"end":{"line":55,"column":25}},"55":{"start":{"line":56,"column":0},"end":{"line":56,"column":2}},"57":{"start":{"line":58,"column":0},"end":{"line":58,"column":1}}},"s":{"11":1,"13":1,"14":14,"15":14,"17":14,"18":19,"19":19,"20":19,"21":19,"23":19,"25":19,"26":8,"27":8,"28":19,"29":2,"30":2,"31":19,"33":19,"34":5,"36":5,"37":5,"38":19,"39":14,"40":14,"42":1,"43":9,"45":9,"46":9,"47":9,"48":9,"49":1,"50":1,"51":9,"53":9,"54":9,"55":9,"57":1},"branchMap":{"0":{"type":"branch","line":14,"loc":{"start":{"line":14,"column":9},"end":{"line":41,"column":2}},"locations":[{"start":{"line":14,"column":9},"end":{"line":41,"column":2}}]},"1":{"type":"branch","line":16,"loc":{"start":{"line":16,"column":29},"end":{"line":16,"column":49}},"locations":[{"start":{"line":16,"column":29},"end":{"line":16,"column":49}}]},"2":{"type":"branch","line":16,"loc":{"start":{"line":16,"column":39},"end":{"line":16,"column":50}},"locations":[{"start":{"line":16,"column":39},"end":{"line":16,"column":50}}]},"3":{"type":"branch","line":18,"loc":{"start":{"line":18,"column":42},"end":{"line":39,"column":3}},"locations":[{"start":{"line":18,"column":42},"end":{"line":39,"column":3}}]},"4":{"type":"branch","line":21,"loc":{"start":{"line":21,"column":21},"end":{"line":21,"column":42}},"locations":[{"start":{"line":21,"column":21},"end":{"line":21,"column":42}}]},"5":{"type":"branch","line":21,"loc":{"start":{"line":21,"column":35},"end":{"line":21,"column":46}},"locations":[{"start":{"line":21,"column":35},"end":{"line":21,"column":46}}]},"6":{"type":"branch","line":26,"loc":{"start":{"line":26,"column":26},"end":{"line":28,"column":4}},"locations":[{"start":{"line":26,"column":26},"end":{"line":28,"column":4}}]},"7":{"type":"branch","line":29,"loc":{"start":{"line":29,"column":22},"end":{"line":31,"column":4}},"locations":[{"start":{"line":29,"column":22},"end":{"line":31,"column":4}}]},"8":{"type":"branch","line":34,"loc":{"start":{"line":34,"column":13},"end":{"line":34,"column":52}},"locations":[{"start":{"line":34,"column":13},"end":{"line":34,"column":52}}]},"9":{"type":"branch","line":34,"loc":{"start":{"line":34,"column":52},"end":{"line":38,"column":4}},"locations":[{"start":{"line":34,"column":52},"end":{"line":38,"column":4}}]},"10":{"type":"branch","line":35,"loc":{"start":{"line":35,"column":34},"end":{"line":35,"column":56}},"locations":[{"start":{"line":35,"column":34},"end":{"line":35,"column":56}}]},"11":{"type":"branch","line":35,"loc":{"start":{"line":35,"column":48},"end":{"line":35,"column":62}},"locations":[{"start":{"line":35,"column":48},"end":{"line":35,"column":62}}]},"12":{"type":"branch","line":43,"loc":{"start":{"line":43,"column":8},"end":{"line":56,"column":2}},"locations":[{"start":{"line":43,"column":8},"end":{"line":56,"column":2}}]},"13":{"type":"branch","line":49,"loc":{"start":{"line":49,"column":24},"end":{"line":51,"column":3}},"locations":[{"start":{"line":49,"column":24},"end":{"line":51,"column":3}}]}},"b":{"0":[14],"1":[11],"2":[3],"3":[19],"4":[10],"5":[9],"6":[8],"7":[2],"8":[5],"9":[5],"10":[2],"11":[3],"12":[9],"13":[1]},"fnMap":{"0":{"name":"_generateTreeString","decl":{"start":{"line":14,"column":9},"end":{"line":41,"column":2}},"loc":{"start":{"line":14,"column":9},"end":{"line":41,"column":2}},"line":14},"1":{"name":"formatTree","decl":{"start":{"line":43,"column":8},"end":{"line":56,"column":2}},"loc":{"start":{"line":43,"column":8},"end":{"line":56,"column":2}},"line":43}},"f":{"0":14,"1":9}}
}
